#
# There is insufficient memory for the Java Runtime Environment to continue.
# Native memory allocation (mmap) failed to map 106954752 bytes for G1 virtual space
# Possible reasons:
#   The system is out of physical RAM or swap space
#   The process is running with CompressedOops enabled, and the Java Heap may be blocking the growth of the native heap
# Possible solutions:
#   Reduce memory load on the system
#   Increase physical memory or swap space
#   Check if swap backing store is full
#   Decrease Java heap size (-Xmx/-Xms)
#   Decrease number of Java threads
#   Decrease Java thread stack sizes (-Xss)
#   Set larger code cache with -XX:ReservedCodeCacheSize=
#   JVM is running with Unscaled Compressed Oops mode in which the Java heap is
#     placed in the first 4GB address space. The Java Heap base address is the
#     maximum limit for the native heap growth. Please use -XX:HeapBaseMinAddress
#     to set the Java Heap base and to place the Java Heap above 4GB virtual address.
# This output file may be truncated or incomplete.
#
#  Out of Memory Error (os_windows.cpp:3769), pid=11488, tid=13824
#
# JRE version: OpenJDK Runtime Environment (17.0.6) (build 17.0.6+0-b2043.56-10027231)
# Java VM: OpenJDK 64-Bit Server VM (17.0.6+0-b2043.56-10027231, mixed mode, tiered, compressed oops, compressed class ptrs, g1 gc, windows-amd64)
# No core dump will be written. Minidumps are not enabled by default on client versions of Windows
#

---------------  S U M M A R Y ------------

Command Line: --add-opens=java.base/java.util=ALL-UNNAMED --add-opens=java.base/java.lang=ALL-UNNAMED --add-opens=java.base/java.lang.invoke=ALL-UNNAMED --add-opens=java.prefs/java.util.prefs=ALL-UNNAMED --add-opens=java.base/java.nio.charset=ALL-UNNAMED --add-opens=java.base/java.net=ALL-UNNAMED --add-opens=java.base/java.util.concurrent.atomic=ALL-UNNAMED -Xmx2048m -Dfile.encoding=UTF-8 -Duser.country=FR -Duser.language=fr -Duser.variant org.gradle.launcher.daemon.bootstrap.GradleDaemon 8.0

Host: Intel(R) Core(TM) i7-8565U CPU @ 1.80GHz, 8 cores, 15G,  Windows 11 , 64 bit Build 22621 (10.0.22621.2428)
Time: Wed Nov 15 19:48:16 2023 Maroc (heure d64 bit Build 22621 (10.0.22621.2428) elapsed time: 7.344396 seconds (0d 0h 0m 7s)

---------------  T H R E A D  ---------------

Current thread (0x0000014ef8bde590):  VMThread "VM Thread" [stack: 0x0000003b1bf00000,0x0000003b1c000000] [id=13824]

Stack: [0x0000003b1bf00000,0x0000003b1c000000]
Native frames: (J=compiled Java code, j=interpreted, Vv=VM code, C=native code)
V  [jvm.dll+0x683c9a]
V  [jvm.dll+0x8427a4]
V  [jvm.dll+0x843f9e]
V  [jvm.dll+0x844603]
V  [jvm.dll+0x249b75]
V  [jvm.dll+0x680b69]
V  [jvm.dll+0x67505a]
V  [jvm.dll+0x309acb]
V  [jvm.dll+0x310f86]
V  [jvm.dll+0x3608ee]
V  [jvm.dll+0x360b1f]
V  [jvm.dll+0x2dfbf8]
V  [jvm.dll+0x2ddec4]
V  [jvm.dll+0x2dd4cc]
V  [jvm.dll+0x321f3b]
V  [jvm.dll+0x848ccb]
V  [jvm.dll+0x849a04]
V  [jvm.dll+0x849f1d]
V  [jvm.dll+0x84a2f4]
V  [jvm.dll+0x84a3c0]
V  [jvm.dll+0x7f274a]
V  [jvm.dll+0x682ad5]
C  [ucrtbase.dll+0x29363]
C  [KERNEL32.DLL+0x1257d]
C  [ntdll.dll+0x5aa78]

VM_Operation (0x0000003b1d9f67b0): G1CollectForAllocation, mode: safepoint, requested by thread 0x0000014efa876e50


---------------  P R O C E S S  ---------------

Threads class SMR info:
_java_thread_list=0x0000014eff568e70, length=128, elements={
0x0000014eded6c790, 0x0000014ef9439160, 0x0000014ef9439fd0, 0x0000014ef9473950,
0x0000014ef9484d50, 0x0000014ef9487c10, 0x0000014ef94885c0, 0x0000014ef9489350,
0x0000014ef9489df0, 0x0000014ef948d530, 0x0000014ef9641fa0, 0x0000014ef9642470,
0x0000014ef97fe910, 0x0000014efbcb4310, 0x0000014efa501c20, 0x0000014efbf5e7a0,
0x0000014efa9ac5d0, 0x0000014efc4a1020, 0x0000014efbd3d030, 0x0000014efa876e50,
0x0000014efa742c40, 0x0000014efa743f80, 0x0000014efa743110, 0x0000014efa7435e0,
0x0000014efa744450, 0x0000014efa743ab0, 0x0000014eff659570, 0x0000014eff65ff50,
0x0000014eff659a40, 0x0000014eff65bbf0, 0x0000014eff65f5b0, 0x0000014eff65c0c0,
0x0000014eff65a8b0, 0x0000014eff660420, 0x0000014eff65b720, 0x0000014eff65e740,
0x0000014eff65fa80, 0x0000014eff65ca60, 0x0000014eff659f10, 0x0000014eff658bd0,
0x0000014eff65e270, 0x0000014eff65c590, 0x0000014eff6590a0, 0x0000014eff65cf30,
0x0000014eff65d400, 0x0000014eff65ec10, 0x0000014e82fddcf0, 0x0000014e82fd7cb0,
0x0000014e82fdbb40, 0x0000014e82fd8ff0, 0x0000014e82fd9e60, 0x0000014e82fd77e0,
0x0000014e82fd8180, 0x0000014e82fd9990, 0x0000014e82fdd820, 0x0000014e82fdacd0,
0x0000014e82fd94c0, 0x0000014e82fdc010, 0x0000014e82fd7310, 0x0000014e82fd8650,
0x0000014e82fd8b20, 0x0000014e82fde1c0, 0x0000014e82fd6970, 0x0000014e82fda330,
0x0000014e82fda800, 0x0000014e82fdb1a0, 0x0000014e82fdd350, 0x0000014e82fdb670,
0x0000014e82fdc4e0, 0x0000014e82fdc9b0, 0x0000014e82fdce80, 0x0000014e82fd6e40,
0x0000014e809bf940, 0x0000014e809bd2c0, 0x0000014e809c2490, 0x0000014e809c02e0,
0x0000014e809bcdf0, 0x0000014e809c1620, 0x0000014e809c3300, 0x0000014e809bfe10,
0x0000014e809befa0, 0x0000014e809bd790, 0x0000014e809bead0, 0x0000014e809c37d0,
0x0000014e809c07b0, 0x0000014e809c0c80, 0x0000014e809be600, 0x0000014e809bf470,
0x0000014e809c4170, 0x0000014e809c1150, 0x0000014e809bdc60, 0x0000014e809c2e30,
0x0000014e809be130, 0x0000014e809c1af0, 0x0000014e809c1fc0, 0x0000014e809c2960,
0x0000014e809c3ca0, 0x0000014e809bc920, 0x0000014e80b09650, 0x0000014e80b08cb0,
0x0000014e80b08310, 0x0000014e80b0a4c0, 0x0000014e80b09b20, 0x0000014e80b04e20,
0x0000014e80b0bcd0, 0x0000014e80b06b00, 0x0000014e80b04480, 0x0000014e80b06630,
0x0000014e80b0b800, 0x0000014e80b09ff0, 0x0000014e80b0a990, 0x0000014e80b0ae60,
0x0000014e80b09180, 0x0000014e80b04950, 0x0000014e80b0b330, 0x0000014e80b06160,
0x0000014e80b06fd0, 0x0000014e80b052f0, 0x0000014e80b05c90, 0x0000014e80b057c0,
0x0000014e80b074a0, 0x0000014e80b07970, 0x0000014e80b07e40, 0x0000014e80b087e0,
0x0000014e80f1a240, 0x0000014e80f163b0, 0x0000014e80f18560, 0x0000014efb0c4700
}

Java Threads: ( => current thread )
  0x0000014eded6c790 JavaThread "main" [_thread_blocked, id=20224, stack(0x0000003b1b900000,0x0000003b1ba00000)]
  0x0000014ef9439160 JavaThread "Reference Handler" daemon [_thread_blocked, id=13344, stack(0x0000003b1c000000,0x0000003b1c100000)]
  0x0000014ef9439fd0 JavaThread "Finalizer" daemon [_thread_blocked, id=19316, stack(0x0000003b1c100000,0x0000003b1c200000)]
  0x0000014ef9473950 JavaThread "Signal Dispatcher" daemon [_thread_blocked, id=20076, stack(0x0000003b1c200000,0x0000003b1c300000)]
  0x0000014ef9484d50 JavaThread "Attach Listener" daemon [_thread_blocked, id=10672, stack(0x0000003b1c300000,0x0000003b1c400000)]
  0x0000014ef9487c10 JavaThread "Service Thread" daemon [_thread_blocked, id=19692, stack(0x0000003b1c400000,0x0000003b1c500000)]
  0x0000014ef94885c0 JavaThread "Monitor Deflation Thread" daemon [_thread_blocked, id=23696, stack(0x0000003b1c500000,0x0000003b1c600000)]
  0x0000014ef9489350 JavaThread "C2 CompilerThread0" daemon [_thread_in_native, id=11584, stack(0x0000003b1c600000,0x0000003b1c700000)]
  0x0000014ef9489df0 JavaThread "C1 CompilerThread0" daemon [_thread_blocked, id=18640, stack(0x0000003b1c700000,0x0000003b1c800000)]
  0x0000014ef948d530 JavaThread "Sweeper thread" daemon [_thread_blocked, id=19276, stack(0x0000003b1c800000,0x0000003b1c900000)]
  0x0000014ef9641fa0 JavaThread "Common-Cleaner" daemon [_thread_blocked, id=18692, stack(0x0000003b1c900000,0x0000003b1ca00000)]
  0x0000014ef9642470 JavaThread "Notification Thread" daemon [_thread_blocked, id=21344, stack(0x0000003b1ca00000,0x0000003b1cb00000)]
  0x0000014ef97fe910 JavaThread "C2 CompilerThread1" daemon [_thread_blocked, id=14088, stack(0x0000003b1cc00000,0x0000003b1cd00000)]
  0x0000014efbcb4310 JavaThread "Daemon health stats" [_thread_blocked, id=20372, stack(0x0000003b1d300000,0x0000003b1d400000)]
  0x0000014efa501c20 JavaThread "Incoming local TCP Connector on port 64695" [_thread_in_native, id=4152, stack(0x0000003b1d400000,0x0000003b1d500000)]
  0x0000014efbf5e7a0 JavaThread "Daemon periodic checks" [_thread_blocked, id=17672, stack(0x0000003b1d500000,0x0000003b1d600000)]
  0x0000014efa9ac5d0 JavaThread "Daemon" [_thread_blocked, id=18796, stack(0x0000003b1d600000,0x0000003b1d700000)]
  0x0000014efc4a1020 JavaThread "Handler for socket connection from /127.0.0.1:64695 to /127.0.0.1:64696" [_thread_in_native, id=18712, stack(0x0000003b1d700000,0x0000003b1d800000)]
  0x0000014efbd3d030 JavaThread "Cancel handler" [_thread_blocked, id=19428, stack(0x0000003b1d800000,0x0000003b1d900000)]
  0x0000014efa876e50 JavaThread "Daemon worker" [_thread_blocked, id=22344, stack(0x0000003b1d900000,0x0000003b1da00000)]
  0x0000014efa742c40 JavaThread "Asynchronous log dispatcher for DefaultDaemonConnection: socket connection from /127.0.0.1:64695 to /127.0.0.1:64696" [_thread_blocked, id=22496, stack(0x0000003b1da00000,0x0000003b1db00000)]
  0x0000014efa743f80 JavaThread "Stdin handler" [_thread_blocked, id=20348, stack(0x0000003b1db00000,0x0000003b1dc00000)]
  0x0000014efa743110 JavaThread "Daemon client event forwarder" [_thread_blocked, id=21540, stack(0x0000003b1dc00000,0x0000003b1dd00000)]
  0x0000014efa7435e0 JavaThread "Cache worker for journal cache (C:\Users\hachem safae\.gradle\caches\journal-1)" [_thread_blocked, id=5040, stack(0x0000003b1df00000,0x0000003b1e000000)]
  0x0000014efa744450 JavaThread "File lock request listener" [_thread_in_native, id=13112, stack(0x0000003b1e000000,0x0000003b1e100000)]
  0x0000014efa743ab0 JavaThread "Cache worker for file hash cache (C:\Users\hachem safae\.gradle\caches\8.0\fileHashes)" [_thread_blocked, id=7192, stack(0x0000003b1e100000,0x0000003b1e200000)]
  0x0000014eff659570 JavaThread "File watcher server" daemon [_thread_in_native, id=22544, stack(0x0000003b1e300000,0x0000003b1e400000)]
  0x0000014eff65ff50 JavaThread "File watcher consumer" daemon [_thread_blocked, id=20304, stack(0x0000003b1e400000,0x0000003b1e500000)]
  0x0000014eff659a40 JavaThread "Cache worker for checksums cache (D:\App_Android studio\ControleFront\.gradle\8.0\checksums)" [_thread_blocked, id=14388, stack(0x0000003b1e500000,0x0000003b1e600000)]
  0x0000014eff65bbf0 JavaThread "Cache worker for cache directory md-rule (C:\Users\hachem safae\.gradle\caches\8.0\md-rule)" [_thread_blocked, id=10344, stack(0x0000003b1e600000,0x0000003b1e700000)]
  0x0000014eff65f5b0 JavaThread "Cache worker for file content cache (C:\Users\hachem safae\.gradle\caches\8.0\fileContent)" [_thread_blocked, id=18168, stack(0x0000003b1e700000,0x0000003b1e800000)]
  0x0000014eff65c0c0 JavaThread "Cache worker for file hash cache (D:\App_Android studio\ControleFront\.gradle\8.0\fileHashes)" [_thread_blocked, id=22684, stack(0x0000003b1e800000,0x0000003b1e900000)]
  0x0000014eff65a8b0 JavaThread "Cache worker for cache directory md-supplier (C:\Users\hachem safae\.gradle\caches\8.0\md-supplier)" [_thread_blocked, id=19700, stack(0x0000003b1e900000,0x0000003b1ea00000)]
  0x0000014eff660420 JavaThread "Cache worker for execution history cache (C:\Users\hachem safae\.gradle\caches\8.0\executionHistory)" [_thread_blocked, id=15904, stack(0x0000003b1ea00000,0x0000003b1eb00000)]
  0x0000014eff65b720 JavaThread "jar transforms" [_thread_blocked, id=22256, stack(0x0000003b1eb00000,0x0000003b1ec00000)]
  0x0000014eff65e740 JavaThread "jar transforms Thread 2" [_thread_blocked, id=23916, stack(0x0000003b1ec00000,0x0000003b1ed00000)]
  0x0000014eff65fa80 JavaThread "Cache worker for kotlin-dsl (C:\Users\hachem safae\.gradle\caches\8.0\kotlin-dsl)" [_thread_blocked, id=10068, stack(0x0000003b1ee00000,0x0000003b1ef00000)]
  0x0000014eff65ca60 JavaThread "jar transforms Thread 3" [_thread_blocked, id=22244, stack(0x0000003b1ef00000,0x0000003b1f000000)]
  0x0000014eff659f10 JavaThread "jar transforms Thread 4" [_thread_blocked, id=14720, stack(0x0000003b1f000000,0x0000003b1f100000)]
  0x0000014eff658bd0 JavaThread "Cache worker for dependencies-accessors (D:\App_Android studio\ControleFront\.gradle\8.0\dependencies-accessors)" [_thread_blocked, id=18380, stack(0x0000003b1f100000,0x0000003b1f200000)]
  0x0000014eff65e270 JavaThread "Cache worker for Build Output Cleanup Cache (D:\App_Android studio\ControleFront\.gradle\buildOutputCleanup)" [_thread_blocked, id=2376, stack(0x0000003b1f200000,0x0000003b1f300000)]
  0x0000014eff65c590 JavaThread "jar transforms Thread 5" [_thread_blocked, id=24536, stack(0x0000003b1f300000,0x0000003b1f400000)]
  0x0000014eff6590a0 JavaThread "Unconstrained build operations" [_thread_blocked, id=19896, stack(0x0000003b1f400000,0x0000003b1f500000)]
  0x0000014eff65cf30 JavaThread "Unconstrained build operations Thread 2" [_thread_blocked, id=16336, stack(0x0000003b1f500000,0x0000003b1f600000)]
  0x0000014eff65d400 JavaThread "Unconstrained build operations Thread 3" [_thread_blocked, id=21276, stack(0x0000003b1f600000,0x0000003b1f700000)]
  0x0000014eff65ec10 JavaThread "Unconstrained build operations Thread 4" [_thread_blocked, id=9744, stack(0x0000003b1f700000,0x0000003b1f800000)]
  0x0000014e82fddcf0 JavaThread "Unconstrained build operations Thread 5" [_thread_blocked, id=24032, stack(0x0000003b1f800000,0x0000003b1f900000)]
  0x0000014e82fd7cb0 JavaThread "Unconstrained build operations Thread 6" [_thread_blocked, id=3396, stack(0x0000003b1f900000,0x0000003b1fa00000)]
  0x0000014e82fdbb40 JavaThread "Unconstrained build operations Thread 7" [_thread_blocked, id=17164, stack(0x0000003b1fa00000,0x0000003b1fb00000)]
  0x0000014e82fd8ff0 JavaThread "Unconstrained build operations Thread 8" [_thread_blocked, id=24232, stack(0x0000003b1fb00000,0x0000003b1fc00000)]
  0x0000014e82fd9e60 JavaThread "Unconstrained build operations Thread 9" [_thread_blocked, id=21492, stack(0x0000003b1fc00000,0x0000003b1fd00000)]
  0x0000014e82fd77e0 JavaThread "Unconstrained build operations Thread 10" [_thread_blocked, id=20204, stack(0x0000003b1fd00000,0x0000003b1fe00000)]
  0x0000014e82fd8180 JavaThread "Unconstrained build operations Thread 11" [_thread_blocked, id=10228, stack(0x0000003b1fe00000,0x0000003b1ff00000)]
  0x0000014e82fd9990 JavaThread "Unconstrained build operations Thread 12" [_thread_blocked, id=12112, stack(0x0000003b1ff00000,0x0000003b20000000)]
  0x0000014e82fdd820 JavaThread "Unconstrained build operations Thread 13" [_thread_blocked, id=3372, stack(0x0000003b20000000,0x0000003b20100000)]
  0x0000014e82fdacd0 JavaThread "Unconstrained build operations Thread 14" [_thread_blocked, id=17328, stack(0x0000003b20100000,0x0000003b20200000)]
  0x0000014e82fd94c0 JavaThread "Unconstrained build operations Thread 15" [_thread_blocked, id=18560, stack(0x0000003b20200000,0x0000003b20300000)]
  0x0000014e82fdc010 JavaThread "Unconstrained build operations Thread 16" [_thread_blocked, id=16768, stack(0x0000003b20300000,0x0000003b20400000)]
  0x0000014e82fd7310 JavaThread "Unconstrained build operations Thread 17" [_thread_blocked, id=15948, stack(0x0000003b20400000,0x0000003b20500000)]
  0x0000014e82fd8650 JavaThread "Unconstrained build operations Thread 18" [_thread_blocked, id=21468, stack(0x0000003b20500000,0x0000003b20600000)]
  0x0000014e82fd8b20 JavaThread "Unconstrained build operations Thread 19" [_thread_blocked, id=8996, stack(0x0000003b20600000,0x0000003b20700000)]
  0x0000014e82fde1c0 JavaThread "Unconstrained build operations Thread 20" [_thread_blocked, id=17952, stack(0x0000003b20700000,0x0000003b20800000)]
  0x0000014e82fd6970 JavaThread "Unconstrained build operations Thread 21" [_thread_blocked, id=21788, stack(0x0000003b20800000,0x0000003b20900000)]
  0x0000014e82fda330 JavaThread "Unconstrained build operations Thread 22" [_thread_blocked, id=2560, stack(0x0000003b20900000,0x0000003b20a00000)]
  0x0000014e82fda800 JavaThread "Unconstrained build operations Thread 23" [_thread_blocked, id=22088, stack(0x0000003b20a00000,0x0000003b20b00000)]
  0x0000014e82fdb1a0 JavaThread "Unconstrained build operations Thread 24" [_thread_blocked, id=23468, stack(0x0000003b20b00000,0x0000003b20c00000)]
  0x0000014e82fdd350 JavaThread "Unconstrained build operations Thread 25" [_thread_blocked, id=24260, stack(0x0000003b20c00000,0x0000003b20d00000)]
  0x0000014e82fdb670 JavaThread "Unconstrained build operations Thread 26" [_thread_blocked, id=19332, stack(0x0000003b20d00000,0x0000003b20e00000)]
  0x0000014e82fdc4e0 JavaThread "Unconstrained build operations Thread 27" [_thread_blocked, id=18364, stack(0x0000003b20e00000,0x0000003b20f00000)]
  0x0000014e82fdc9b0 JavaThread "Unconstrained build operations Thread 28" [_thread_blocked, id=22904, stack(0x0000003b20f00000,0x0000003b21000000)]
  0x0000014e82fdce80 JavaThread "Unconstrained build operations Thread 29" [_thread_blocked, id=22644, stack(0x0000003b21000000,0x0000003b21100000)]
  0x0000014e82fd6e40 JavaThread "Unconstrained build operations Thread 30" [_thread_blocked, id=4604, stack(0x0000003b21100000,0x0000003b21200000)]
  0x0000014e809bf940 JavaThread "Unconstrained build operations Thread 31" [_thread_blocked, id=18828, stack(0x0000003b21200000,0x0000003b21300000)]
  0x0000014e809bd2c0 JavaThread "Unconstrained build operations Thread 32" [_thread_blocked, id=17064, stack(0x0000003b21300000,0x0000003b21400000)]
  0x0000014e809c2490 JavaThread "Unconstrained build operations Thread 33" [_thread_blocked, id=16024, stack(0x0000003b21400000,0x0000003b21500000)]
  0x0000014e809c02e0 JavaThread "Unconstrained build operations Thread 34" [_thread_blocked, id=10408, stack(0x0000003b21500000,0x0000003b21600000)]
  0x0000014e809bcdf0 JavaThread "Unconstrained build operations Thread 35" [_thread_blocked, id=1844, stack(0x0000003b21600000,0x0000003b21700000)]
  0x0000014e809c1620 JavaThread "Unconstrained build operations Thread 36" [_thread_blocked, id=17696, stack(0x0000003b21700000,0x0000003b21800000)]
  0x0000014e809c3300 JavaThread "Unconstrained build operations Thread 37" [_thread_blocked, id=16764, stack(0x0000003b21800000,0x0000003b21900000)]
  0x0000014e809bfe10 JavaThread "Unconstrained build operations Thread 38" [_thread_blocked, id=22540, stack(0x0000003b21900000,0x0000003b21a00000)]
  0x0000014e809befa0 JavaThread "Unconstrained build operations Thread 39" [_thread_blocked, id=23704, stack(0x0000003b21a00000,0x0000003b21b00000)]
  0x0000014e809bd790 JavaThread "Unconstrained build operations Thread 40" [_thread_blocked, id=15084, stack(0x0000003b21b00000,0x0000003b21c00000)]
  0x0000014e809bead0 JavaThread "Unconstrained build operations Thread 41" [_thread_blocked, id=6972, stack(0x0000003b21c00000,0x0000003b21d00000)]
  0x0000014e809c37d0 JavaThread "Unconstrained build operations Thread 42" [_thread_blocked, id=6572, stack(0x0000003b21d00000,0x0000003b21e00000)]
  0x0000014e809c07b0 JavaThread "Unconstrained build operations Thread 43" [_thread_blocked, id=7936, stack(0x0000003b21e00000,0x0000003b21f00000)]
  0x0000014e809c0c80 JavaThread "Unconstrained build operations Thread 44" [_thread_blocked, id=23364, stack(0x0000003b21f00000,0x0000003b22000000)]
  0x0000014e809be600 JavaThread "Unconstrained build operations Thread 45" [_thread_blocked, id=4104, stack(0x0000003b22000000,0x0000003b22100000)]
  0x0000014e809bf470 JavaThread "Unconstrained build operations Thread 46" [_thread_blocked, id=20080, stack(0x0000003b22100000,0x0000003b22200000)]
  0x0000014e809c4170 JavaThread "Unconstrained build operations Thread 47" [_thread_blocked, id=17020, stack(0x0000003b22200000,0x0000003b22300000)]
  0x0000014e809c1150 JavaThread "Unconstrained build operations Thread 48" [_thread_blocked, id=22708, stack(0x0000003b22300000,0x0000003b22400000)]
  0x0000014e809bdc60 JavaThread "Unconstrained build operations Thread 49" [_thread_blocked, id=22876, stack(0x0000003b22400000,0x0000003b22500000)]
  0x0000014e809c2e30 JavaThread "Unconstrained build operations Thread 50" [_thread_blocked, id=10476, stack(0x0000003b22500000,0x0000003b22600000)]
  0x0000014e809be130 JavaThread "Unconstrained build operations Thread 51" [_thread_blocked, id=22332, stack(0x0000003b22600000,0x0000003b22700000)]
  0x0000014e809c1af0 JavaThread "Unconstrained build operations Thread 52" [_thread_blocked, id=17244, stack(0x0000003b22700000,0x0000003b22800000)]
  0x0000014e809c1fc0 JavaThread "Unconstrained build operations Thread 53" [_thread_blocked, id=11384, stack(0x0000003b22800000,0x0000003b22900000)]
  0x0000014e809c2960 JavaThread "Unconstrained build operations Thread 54" [_thread_blocked, id=17468, stack(0x0000003b22900000,0x0000003b22a00000)]
  0x0000014e809c3ca0 JavaThread "Unconstrained build operations Thread 55" [_thread_blocked, id=20572, stack(0x0000003b22a00000,0x0000003b22b00000)]
  0x0000014e809bc920 JavaThread "Unconstrained build operations Thread 56" [_thread_blocked, id=6536, stack(0x0000003b22b00000,0x0000003b22c00000)]
  0x0000014e80b09650 JavaThread "Unconstrained build operations Thread 57" [_thread_blocked, id=22792, stack(0x0000003b22c00000,0x0000003b22d00000)]
  0x0000014e80b08cb0 JavaThread "Unconstrained build operations Thread 58" [_thread_blocked, id=4412, stack(0x0000003b22d00000,0x0000003b22e00000)]
  0x0000014e80b08310 JavaThread "Unconstrained build operations Thread 59" [_thread_blocked, id=24224, stack(0x0000003b22e00000,0x0000003b22f00000)]
  0x0000014e80b0a4c0 JavaThread "Unconstrained build operations Thread 60" [_thread_blocked, id=21404, stack(0x0000003b22f00000,0x0000003b23000000)]
  0x0000014e80b09b20 JavaThread "Unconstrained build operations Thread 61" [_thread_blocked, id=22044, stack(0x0000003b23000000,0x0000003b23100000)]
  0x0000014e80b04e20 JavaThread "Unconstrained build operations Thread 62" [_thread_blocked, id=21672, stack(0x0000003b23100000,0x0000003b23200000)]
  0x0000014e80b0bcd0 JavaThread "Unconstrained build operations Thread 63" [_thread_blocked, id=5232, stack(0x0000003b23200000,0x0000003b23300000)]
  0x0000014e80b06b00 JavaThread "Unconstrained build operations Thread 64" [_thread_blocked, id=21684, stack(0x0000003b23300000,0x0000003b23400000)]
  0x0000014e80b04480 JavaThread "Unconstrained build operations Thread 65" [_thread_blocked, id=12440, stack(0x0000003b23400000,0x0000003b23500000)]
  0x0000014e80b06630 JavaThread "Unconstrained build operations Thread 66" [_thread_blocked, id=17416, stack(0x0000003b23500000,0x0000003b23600000)]
  0x0000014e80b0b800 JavaThread "Unconstrained build operations Thread 67" [_thread_blocked, id=3944, stack(0x0000003b23600000,0x0000003b23700000)]
  0x0000014e80b09ff0 JavaThread "Unconstrained build operations Thread 68" [_thread_blocked, id=8820, stack(0x0000003b23700000,0x0000003b23800000)]
  0x0000014e80b0a990 JavaThread "Unconstrained build operations Thread 69" [_thread_blocked, id=18956, stack(0x0000003b23800000,0x0000003b23900000)]
  0x0000014e80b0ae60 JavaThread "Unconstrained build operations Thread 70" [_thread_blocked, id=22520, stack(0x0000003b23900000,0x0000003b23a00000)]
  0x0000014e80b09180 JavaThread "Unconstrained build operations Thread 71" [_thread_blocked, id=13064, stack(0x0000003b23a00000,0x0000003b23b00000)]
  0x0000014e80b04950 JavaThread "Unconstrained build operations Thread 72" [_thread_blocked, id=24384, stack(0x0000003b23b00000,0x0000003b23c00000)]
  0x0000014e80b0b330 JavaThread "Unconstrained build operations Thread 73" [_thread_blocked, id=22848, stack(0x0000003b23c00000,0x0000003b23d00000)]
  0x0000014e80b06160 JavaThread "Unconstrained build operations Thread 74" [_thread_blocked, id=20984, stack(0x0000003b23d00000,0x0000003b23e00000)]
  0x0000014e80b06fd0 JavaThread "Unconstrained build operations Thread 75" [_thread_blocked, id=12388, stack(0x0000003b23e00000,0x0000003b23f00000)]
  0x0000014e80b052f0 JavaThread "Unconstrained build operations Thread 76" [_thread_blocked, id=18744, stack(0x0000003b23f00000,0x0000003b24000000)]
  0x0000014e80b05c90 JavaThread "Unconstrained build operations Thread 77" [_thread_blocked, id=16664, stack(0x0000003b24000000,0x0000003b24100000)]
  0x0000014e80b057c0 JavaThread "Unconstrained build operations Thread 78" [_thread_blocked, id=21432, stack(0x0000003b24100000,0x0000003b24200000)]
  0x0000014e80b074a0 JavaThread "Unconstrained build operations Thread 79" [_thread_blocked, id=2192, stack(0x0000003b24200000,0x0000003b24300000)]
  0x0000014e80b07970 JavaThread "Unconstrained build operations Thread 80" [_thread_blocked, id=3876, stack(0x0000003b24300000,0x0000003b24400000)]
  0x0000014e80b07e40 JavaThread "jar transforms Thread 6" [_thread_blocked, id=5000, stack(0x0000003b24400000,0x0000003b24500000)]
  0x0000014e80b087e0 JavaThread "jar transforms Thread 7" [_thread_blocked, id=19888, stack(0x0000003b24500000,0x0000003b24600000)]
  0x0000014e80f1a240 JavaThread "jar transforms Thread 8" [_thread_blocked, id=11320, stack(0x0000003b24600000,0x0000003b24700000)]
  0x0000014e80f163b0 JavaThread "build event listener" [_thread_blocked, id=10844, stack(0x0000003b24700000,0x0000003b24800000)]
  0x0000014e80f18560 JavaThread "Memory manager" [_thread_blocked, id=13164, stack(0x0000003b24800000,0x0000003b24900000)]
  0x0000014efb0c4700 JavaThread "C2 CompilerThread2" daemon [_thread_blocked, id=23852, stack(0x0000003b1e200000,0x0000003b1e300000)]

Other Threads:
=>0x0000014ef8bde590 VMThread "VM Thread" [stack: 0x0000003b1bf00000,0x0000003b1c000000] [id=13824]
  0x0000014ededeab80 WatcherThread [stack: 0x0000003b1cb00000,0x0000003b1cc00000] [id=13432]
  0x0000014ededc8850 GCTaskThread "GC Thread#0" [stack: 0x0000003b1ba00000,0x0000003b1bb00000] [id=20256]
  0x0000014efa7b0530 GCTaskThread "GC Thread#1" [stack: 0x0000003b1ce00000,0x0000003b1cf00000] [id=18048]
  0x0000014efa504780 GCTaskThread "GC Thread#2" [stack: 0x0000003b1cf00000,0x0000003b1d000000] [id=22816]
  0x0000014ef9cedd30 GCTaskThread "GC Thread#3" [stack: 0x0000003b1d000000,0x0000003b1d100000] [id=1616]
  0x0000014ef9cedfe0 GCTaskThread "GC Thread#4" [stack: 0x0000003b1d100000,0x0000003b1d200000] [id=22084]
  0x0000014ef9cee290 GCTaskThread "GC Thread#5" [stack: 0x0000003b1d200000,0x0000003b1d300000] [id=11228]
  0x0000014efbcad440 GCTaskThread "GC Thread#6" [stack: 0x0000003b1cd00000,0x0000003b1ce00000] [id=23448]
  0x0000014efbcad6f0 GCTaskThread "GC Thread#7" [stack: 0x0000003b1dd00000,0x0000003b1de00000] [id=6648]
  0x0000014ededd9790 ConcurrentGCThread "G1 Main Marker" [stack: 0x0000003b1bb00000,0x0000003b1bc00000] [id=14908]
  0x0000014ededda940 ConcurrentGCThread "G1 Conc#0" [stack: 0x0000003b1bc00000,0x0000003b1bd00000] [id=22980]
  0x0000014efbcabec0 ConcurrentGCThread "G1 Conc#1" [stack: 0x0000003b1de00000,0x0000003b1df00000] [id=23644]
  0x0000014edee2dca0 ConcurrentGCThread "G1 Refine#0" [stack: 0x0000003b1bd00000,0x0000003b1be00000] [id=21740]
  0x0000014efe5cdab0 ConcurrentGCThread "G1 Refine#1" [stack: 0x0000003b1ed00000,0x0000003b1ee00000] [id=13104]
  0x0000014edee2e6c0 ConcurrentGCThread "G1 Service" [stack: 0x0000003b1be00000,0x0000003b1bf00000] [id=5740]

Threads with active compile tasks:
C2 CompilerThread0     7365 7213 %     4       org.gradle.internal.instantiation.generator.AbstractClassGenerator::inspectType @ 107 (560 bytes)
C2 CompilerThread1     7365 7358       4       com.google.common.collect.ImmutableSet$RegularSetBuilderImpl::add (68 bytes)
C2 CompilerThread2     7365 7363   !   4       java.util.concurrent.ConcurrentHashMap::putVal (432 bytes)

VM state: at safepoint (normal execution)

VM Mutex/Monitor currently owned by a thread:  ([mutex/lock_event])
[0x0000014eded683e0] Threads_lock - owner thread: 0x0000014ef8bde590
[0x0000014eded68ce0] Heap_lock - owner thread: 0x0000014efa876e50

Heap address: 0x0000000080000000, size: 2048 MB, Compressed Oops mode: 32-bit

CDS archive(s) not mapped
Compressed class space mapped at: 0x0000000100000000-0x0000000140000000, reserved size: 1073741824
Narrow klass base: 0x0000000000000000, Narrow klass shift: 3, Narrow klass range: 0x140000000

GC Precious Log:
 CPUs: 8 total, 8 available
 Memory: 16194M
 Large Page Support: Disabled
 NUMA Support: Disabled
 Compressed Oops: Enabled (32-bit)
 Heap Region Size: 1M
 Heap Min Capacity: 8M
 Heap Initial Capacity: 254M
 Heap Max Capacity: 2G
 Pre-touch: Disabled
 Parallel Workers: 8
 Concurrent Workers: 2
 Concurrent Refinement Workers: 8
 Periodic GC: Disabled

Heap:
 garbage-first heap   total 104448K, used 58369K [0x0000000080000000, 0x0000000100000000)
  region size 1024K, 1 young (1024K), 1 survivors (1024K)
 Metaspace       used 76310K, committed 76864K, reserved 1122304K
  class space    used 10292K, committed 10560K, reserved 1048576K

Heap Regions: E=young(eden), S=young(survivor), O=old, HS=humongous(starts), HC=humongous(continues), CS=collection set, F=free, OA=open archive, CA=closed archive, TAMS=top-at-mark-start (previous, next)
|   0|0x0000000080000000, 0x0000000080100000, 0x0000000080100000|100%|HS|  |TAMS 0x0000000080100000, 0x0000000080000000| Complete 
|   1|0x0000000080100000, 0x0000000080200000, 0x0000000080200000|100%|HC|  |TAMS 0x0000000080200000, 0x0000000080100000| Complete 
|   2|0x0000000080200000, 0x0000000080300000, 0x0000000080300000|100%|HC|  |TAMS 0x0000000080300000, 0x0000000080200000| Complete 
|   3|0x0000000080300000, 0x0000000080400000, 0x0000000080400000|100%|HC|  |TAMS 0x0000000080400000, 0x0000000080300000| Complete 
|   4|0x0000000080400000, 0x0000000080500000, 0x0000000080500000|100%| O|  |TAMS 0x0000000080500000, 0x0000000080400000| Untracked 
|   5|0x0000000080500000, 0x0000000080600000, 0x0000000080600000|100%| O|  |TAMS 0x0000000080600000, 0x0000000080500000| Untracked 
|   6|0x0000000080600000, 0x0000000080700000, 0x0000000080700000|100%| O|  |TAMS 0x0000000080700000, 0x0000000080600000| Untracked 
|   7|0x0000000080700000, 0x0000000080800000, 0x0000000080800000|100%| O|  |TAMS 0x0000000080800000, 0x0000000080700000| Untracked 
|   8|0x0000000080800000, 0x0000000080900000, 0x0000000080900000|100%| O|  |TAMS 0x0000000080900000, 0x0000000080800000| Untracked 
|   9|0x0000000080900000, 0x0000000080a00000, 0x0000000080a00000|100%| O|  |TAMS 0x0000000080a00000, 0x0000000080900000| Untracked 
|  10|0x0000000080a00000, 0x0000000080b00000, 0x0000000080b00000|100%| O|  |TAMS 0x0000000080b00000, 0x0000000080a00000| Untracked 
|  11|0x0000000080b00000, 0x0000000080c00000, 0x0000000080c00000|100%| O|  |TAMS 0x0000000080c00000, 0x0000000080b00000| Untracked 
|  12|0x0000000080c00000, 0x0000000080d00000, 0x0000000080d00000|100%| O|  |TAMS 0x0000000080d00000, 0x0000000080c00000| Untracked 
|  13|0x0000000080d00000, 0x0000000080e00000, 0x0000000080e00000|100%| O|  |TAMS 0x0000000080e00000, 0x0000000080d00000| Untracked 
|  14|0x0000000080e00000, 0x0000000080f00000, 0x0000000080f00000|100%| O|  |TAMS 0x0000000080f00000, 0x0000000080e00000| Untracked 
|  15|0x0000000080f00000, 0x0000000081000000, 0x0000000081000000|100%| O|  |TAMS 0x0000000081000000, 0x0000000080f00000| Untracked 
|  16|0x0000000081000000, 0x0000000081100000, 0x0000000081100000|100%| O|  |TAMS 0x0000000081100000, 0x0000000081000000| Untracked 
|  17|0x0000000081100000, 0x0000000081200000, 0x0000000081200000|100%| O|  |TAMS 0x0000000081200000, 0x0000000081100000| Untracked 
|  18|0x0000000081200000, 0x0000000081300000, 0x0000000081300000|100%| O|  |TAMS 0x0000000081300000, 0x0000000081200000| Untracked 
|  19|0x0000000081300000, 0x0000000081400000, 0x0000000081400000|100%| O|  |TAMS 0x0000000081400000, 0x0000000081300000| Untracked 
|  20|0x0000000081400000, 0x0000000081500000, 0x0000000081500000|100%| O|  |TAMS 0x0000000081500000, 0x0000000081400000| Untracked 
|  21|0x0000000081500000, 0x0000000081600000, 0x0000000081600000|100%| O|  |TAMS 0x0000000081600000, 0x0000000081500000| Untracked 
|  22|0x0000000081600000, 0x0000000081700000, 0x0000000081700000|100%| O|  |TAMS 0x0000000081700000, 0x0000000081600000| Untracked 
|  23|0x0000000081700000, 0x0000000081800000, 0x0000000081800000|100%| O|  |TAMS 0x0000000081800000, 0x0000000081700000| Untracked 
|  24|0x0000000081800000, 0x0000000081900000, 0x0000000081900000|100%| O|  |TAMS 0x0000000081800000, 0x0000000081800000| Untracked 
|  25|0x0000000081900000, 0x0000000081a00000, 0x0000000081a00000|100%| O|  |TAMS 0x0000000081a00000, 0x0000000081900000| Untracked 
|  26|0x0000000081a00000, 0x0000000081b00000, 0x0000000081b00000|100%| O|  |TAMS 0x0000000081b00000, 0x0000000081a00000| Untracked 
|  27|0x0000000081b00000, 0x0000000081c00000, 0x0000000081c00000|100%| O|  |TAMS 0x0000000081c00000, 0x0000000081b00000| Untracked 
|  28|0x0000000081c00000, 0x0000000081d00000, 0x0000000081d00000|100%| O|  |TAMS 0x0000000081d00000, 0x0000000081c00000| Untracked 
|  29|0x0000000081d00000, 0x0000000081e00000, 0x0000000081e00000|100%| O|  |TAMS 0x0000000081e00000, 0x0000000081d00000| Untracked 
|  30|0x0000000081e00000, 0x0000000081f00000, 0x0000000081f00000|100%| O|  |TAMS 0x0000000081f00000, 0x0000000081e00000| Untracked 
|  31|0x0000000081f00000, 0x0000000082000000, 0x0000000082000000|100%| O|  |TAMS 0x0000000082000000, 0x0000000081f00000| Untracked 
|  32|0x0000000082000000, 0x0000000082100000, 0x0000000082100000|100%|HS|  |TAMS 0x0000000082100000, 0x0000000082000000| Complete 
|  33|0x0000000082100000, 0x0000000082200000, 0x0000000082200000|100%|HS|  |TAMS 0x0000000082200000, 0x0000000082100000| Complete 
|  34|0x0000000082200000, 0x0000000082300000, 0x0000000082300000|100%|HS|  |TAMS 0x0000000082300000, 0x0000000082200000| Complete 
|  35|0x0000000082300000, 0x0000000082400000, 0x0000000082400000|100%| O|  |TAMS 0x0000000082400000, 0x0000000082300000| Untracked 
|  36|0x0000000082400000, 0x0000000082500000, 0x0000000082500000|100%| O|  |TAMS 0x0000000082500000, 0x0000000082400000| Untracked 
|  37|0x0000000082500000, 0x0000000082600000, 0x0000000082600000|100%| O|  |TAMS 0x0000000082600000, 0x0000000082500000| Untracked 
|  38|0x0000000082600000, 0x0000000082700000, 0x0000000082700000|100%| O|  |TAMS 0x0000000082700000, 0x0000000082600000| Untracked 
|  39|0x0000000082700000, 0x0000000082700000, 0x0000000082800000|  0%| F|  |TAMS 0x0000000082700000, 0x0000000082700000| Untracked 
|  40|0x0000000082800000, 0x0000000082900000, 0x0000000082900000|100%| O|  |TAMS 0x0000000082900000, 0x0000000082800000| Untracked 
|  41|0x0000000082900000, 0x0000000082a00000, 0x0000000082a00000|100%| O|  |TAMS 0x0000000082a00000, 0x0000000082900000| Untracked 
|  42|0x0000000082a00000, 0x0000000082b00000, 0x0000000082b00000|100%| O|  |TAMS 0x0000000082b00000, 0x0000000082a00000| Untracked 
|  43|0x0000000082b00000, 0x0000000082c00000, 0x0000000082c00000|100%| O|  |TAMS 0x0000000082c00000, 0x0000000082b00000| Untracked 
|  44|0x0000000082c00000, 0x0000000082d00000, 0x0000000082d00000|100%| O|  |TAMS 0x0000000082d00000, 0x0000000082c00000| Untracked 
|  45|0x0000000082d00000, 0x0000000082e00000, 0x0000000082e00000|100%| O|  |TAMS 0x0000000082e00000, 0x0000000082d00000| Untracked 
|  46|0x0000000082e00000, 0x0000000082f00000, 0x0000000082f00000|100%| O|  |TAMS 0x0000000082f00000, 0x0000000082e00000| Untracked 
|  47|0x0000000082f00000, 0x0000000083000000, 0x0000000083000000|100%| O|  |TAMS 0x0000000083000000, 0x0000000082f00000| Untracked 
|  48|0x0000000083000000, 0x0000000083100000, 0x0000000083100000|100%| O|  |TAMS 0x0000000083100000, 0x0000000083000000| Untracked 
|  49|0x0000000083100000, 0x0000000083200000, 0x0000000083200000|100%| O|  |TAMS 0x0000000083200000, 0x0000000083100000| Untracked 
|  50|0x0000000083200000, 0x0000000083300000, 0x0000000083300000|100%| O|  |TAMS 0x0000000083300000, 0x0000000083200000| Untracked 
|  51|0x0000000083300000, 0x0000000083400000, 0x0000000083400000|100%| O|  |TAMS 0x00000000833edc00, 0x0000000083300000| Untracked 
|  52|0x0000000083400000, 0x0000000083500000, 0x0000000083500000|100%| O|  |TAMS 0x0000000083500000, 0x0000000083400000| Untracked 
|  53|0x0000000083500000, 0x0000000083600000, 0x0000000083600000|100%| O|  |TAMS 0x0000000083600000, 0x0000000083500000| Untracked 
|  54|0x0000000083600000, 0x0000000083700000, 0x0000000083700000|100%| O|  |TAMS 0x0000000083600000, 0x0000000083600000| Untracked 
|  55|0x0000000083700000, 0x0000000083800000, 0x0000000083800000|100%| O|  |TAMS 0x0000000083700000, 0x0000000083700000| Untracked 
|  56|0x0000000083800000, 0x0000000083900000, 0x0000000083900000|100%| O|  |TAMS 0x0000000083800000, 0x0000000083800000| Untracked 
|  57|0x0000000083900000, 0x00000000839baa00, 0x0000000083a00000| 72%| O|  |TAMS 0x0000000083900000, 0x0000000083900000| Untracked 
|  58|0x0000000083a00000, 0x0000000083a00000, 0x0000000083b00000|  0%| F|  |TAMS 0x0000000083a00000, 0x0000000083a00000| Untracked 
|  59|0x0000000083b00000, 0x0000000083b00000, 0x0000000083c00000|  0%| F|  |TAMS 0x0000000083b00000, 0x0000000083b00000| Untracked 
|  60|0x0000000083c00000, 0x0000000083c00000, 0x0000000083d00000|  0%| F|  |TAMS 0x0000000083c00000, 0x0000000083c00000| Untracked 
|  61|0x0000000083d00000, 0x0000000083d00000, 0x0000000083e00000|  0%| F|  |TAMS 0x0000000083d00000, 0x0000000083d00000| Untracked 
|  62|0x0000000083e00000, 0x0000000083e00000, 0x0000000083f00000|  0%| F|  |TAMS 0x0000000083e00000, 0x0000000083e00000| Untracked 
|  63|0x0000000083f00000, 0x0000000083f00000, 0x0000000084000000|  0%| F|  |TAMS 0x0000000083f00000, 0x0000000083f00000| Untracked 
|  64|0x0000000084000000, 0x0000000084000000, 0x0000000084100000|  0%| F|  |TAMS 0x0000000084000000, 0x0000000084000000| Untracked 
|  65|0x0000000084100000, 0x0000000084100000, 0x0000000084200000|  0%| F|  |TAMS 0x0000000084100000, 0x0000000084100000| Untracked 
|  66|0x0000000084200000, 0x0000000084200000, 0x0000000084300000|  0%| F|  |TAMS 0x0000000084200000, 0x0000000084200000| Untracked 
|  67|0x0000000084300000, 0x0000000084300000, 0x0000000084400000|  0%| F|  |TAMS 0x0000000084300000, 0x0000000084300000| Untracked 
|  68|0x0000000084400000, 0x0000000084400000, 0x0000000084500000|  0%| F|  |TAMS 0x0000000084400000, 0x0000000084400000| Untracked 
|  69|0x0000000084500000, 0x0000000084500000, 0x0000000084600000|  0%| F|  |TAMS 0x0000000084500000, 0x0000000084500000| Untracked 
|  70|0x0000000084600000, 0x0000000084600000, 0x0000000084700000|  0%| F|  |TAMS 0x0000000084600000, 0x0000000084600000| Untracked 
|  71|0x0000000084700000, 0x0000000084700000, 0x0000000084800000|  0%| F|  |TAMS 0x0000000084700000, 0x0000000084700000| Untracked 
|  72|0x0000000084800000, 0x0000000084800000, 0x0000000084900000|  0%| F|  |TAMS 0x0000000084800000, 0x0000000084800000| Untracked 
|  73|0x0000000084900000, 0x0000000084900000, 0x0000000084a00000|  0%| F|  |TAMS 0x0000000084900000, 0x0000000084900000| Untracked 
|  74|0x0000000084a00000, 0x0000000084a00000, 0x0000000084b00000|  0%| F|  |TAMS 0x0000000084a00000, 0x0000000084a00000| Untracked 
|  75|0x0000000084b00000, 0x0000000084b00000, 0x0000000084c00000|  0%| F|  |TAMS 0x0000000084b00000, 0x0000000084b00000| Untracked 
|  76|0x0000000084c00000, 0x0000000084c00000, 0x0000000084d00000|  0%| F|  |TAMS 0x0000000084c00000, 0x0000000084c00000| Untracked 
|  77|0x0000000084d00000, 0x0000000084d00000, 0x0000000084e00000|  0%| F|  |TAMS 0x0000000084d00000, 0x0000000084d00000| Untracked 
|  78|0x0000000084e00000, 0x0000000084e00000, 0x0000000084f00000|  0%| F|  |TAMS 0x0000000084e00000, 0x0000000084e00000| Untracked 
|  79|0x0000000084f00000, 0x0000000084f00000, 0x0000000085000000|  0%| F|  |TAMS 0x0000000084f00000, 0x0000000084f00000| Untracked 
|  80|0x0000000085000000, 0x0000000085000000, 0x0000000085100000|  0%| F|  |TAMS 0x0000000085000000, 0x0000000085000000| Untracked 
|  81|0x0000000085100000, 0x0000000085100000, 0x0000000085200000|  0%| F|  |TAMS 0x0000000085100000, 0x0000000085100000| Untracked 
|  82|0x0000000085200000, 0x0000000085200000, 0x0000000085300000|  0%| F|  |TAMS 0x0000000085200000, 0x0000000085200000| Untracked 
|  83|0x0000000085300000, 0x0000000085300000, 0x0000000085400000|  0%| F|  |TAMS 0x0000000085300000, 0x0000000085300000| Untracked 
|  84|0x0000000085400000, 0x0000000085400000, 0x0000000085500000|  0%| F|  |TAMS 0x0000000085400000, 0x0000000085400000| Untracked 
|  85|0x0000000085500000, 0x0000000085500000, 0x0000000085600000|  0%| F|  |TAMS 0x0000000085500000, 0x0000000085500000| Untracked 
|  86|0x0000000085600000, 0x0000000085600000, 0x0000000085700000|  0%| F|  |TAMS 0x0000000085600000, 0x0000000085600000| Untracked 
|  87|0x0000000085700000, 0x0000000085700000, 0x0000000085800000|  0%| F|  |TAMS 0x0000000085700000, 0x0000000085700000| Untracked 
|  88|0x0000000085800000, 0x0000000085800000, 0x0000000085900000|  0%| F|  |TAMS 0x0000000085800000, 0x0000000085800000| Untracked 
|  89|0x0000000085900000, 0x0000000085900000, 0x0000000085a00000|  0%| F|  |TAMS 0x0000000085900000, 0x0000000085900000| Untracked 
|  90|0x0000000085a00000, 0x0000000085a00000, 0x0000000085b00000|  0%| F|  |TAMS 0x0000000085a00000, 0x0000000085a00000| Untracked 
|  91|0x0000000085b00000, 0x0000000085b00000, 0x0000000085c00000|  0%| F|  |TAMS 0x0000000085b00000, 0x0000000085b00000| Untracked 
| 201|0x000000008c900000, 0x000000008c900000, 0x000000008ca00000|  0%| F|  |TAMS 0x000000008c900000, 0x000000008c900000| Untracked 
| 202|0x000000008ca00000, 0x000000008ca00000, 0x000000008cb00000|  0%| F|  |TAMS 0x000000008ca00000, 0x000000008ca00000| Untracked 
| 203|0x000000008cb00000, 0x000000008cb00000, 0x000000008cc00000|  0%| F|  |TAMS 0x000000008cb00000, 0x000000008cb00000| Untracked 
| 204|0x000000008cc00000, 0x000000008cc00000, 0x000000008cd00000|  0%| F|  |TAMS 0x000000008cc00000, 0x000000008cc00000| Untracked 
| 205|0x000000008cd00000, 0x000000008cd00000, 0x000000008ce00000|  0%| F|  |TAMS 0x000000008cd00000, 0x000000008cd00000| Untracked 
| 206|0x000000008ce00000, 0x000000008ce00000, 0x000000008cf00000|  0%| F|  |TAMS 0x000000008ce00000, 0x000000008ce00000| Untracked 
| 207|0x000000008cf00000, 0x000000008cf45dc0, 0x000000008d000000| 27%| S|CS|TAMS 0x000000008cf00000, 0x000000008cf00000| Complete 
| 208|0x000000008d000000, 0x000000008d000000, 0x000000008d100000|  0%| F|  |TAMS 0x000000008d000000, 0x000000008d000000| Untracked 
| 209|0x000000008d100000, 0x000000008d100000, 0x000000008d200000|  0%| F|  |TAMS 0x000000008d100000, 0x000000008d100000| Untracked 
| 253|0x000000008fd00000, 0x000000008fd00000, 0x000000008fe00000|  0%| F|  |TAMS 0x000000008fd00000, 0x000000008fd00000| Untracked 

Card table byte_map: [0x0000014ef1960000,0x0000014ef1d60000] _byte_map_base: 0x0000014ef1560000

Marking Bits (Prev, Next): (CMBitMap*) 0x0000014ededc8e60, (CMBitMap*) 0x0000014ededc8ea0
 Prev Bits: [0x0000014ef2160000, 0x0000014ef4160000)
 Next Bits: [0x0000014ef4160000, 0x0000014ef6160000)

Polling page: 0x0000014ede530000

Metaspace:

Usage:
  Non-class:     64.47 MB used.
      Class:     10.05 MB used.
       Both:     74.52 MB used.

Virtual space:
  Non-class space:       72.00 MB reserved,      64.75 MB ( 90%) committed,  9 nodes.
      Class space:        1.00 GB reserved,      10.31 MB (  1%) committed,  1 nodes.
             Both:        1.07 GB reserved,      75.06 MB (  7%) committed. 

Chunk freelists:
   Non-Class:  2.66 MB
       Class:  1.70 MB
        Both:  4.36 MB

MaxMetaspaceSize: unlimited
CompressedClassSpaceSize: 1.00 GB
Initial GC threshold: 21.00 MB
Current GC threshold: 120.75 MB
CDS: off
MetaspaceReclaimPolicy: balanced
 - commit_granule_bytes: 65536.
 - commit_granule_words: 8192.
 - virtual_space_node_default_size: 1048576.
 - enlarge_chunks_in_place: 1.
 - new_chunks_are_fully_committed: 0.
 - uncommit_free_chunks: 1.
 - use_allocation_guard: 0.
 - handle_deallocations: 1.


Internal statistics:

num_allocs_failed_limit: 6.
num_arena_births: 744.
num_arena_deaths: 0.
num_vsnodes_births: 10.
num_vsnodes_deaths: 0.
num_space_committed: 1201.
num_space_uncommitted: 0.
num_chunks_returned_to_freelist: 6.
num_chunks_taken_from_freelist: 3307.
num_chunk_merges: 6.
num_chunk_splits: 2259.
num_chunks_enlarged: 1601.
num_purges: 0.
num_inconsistent_stats: 0.

CodeHeap 'non-profiled nmethods': size=120000Kb used=3953Kb max_used=3953Kb free=116046Kb
 bounds [0x0000014ee9d00000, 0x0000014eea0e0000, 0x0000014ef1230000]
CodeHeap 'profiled nmethods': size=120000Kb used=12583Kb max_used=12583Kb free=107416Kb
 bounds [0x0000014ee2230000, 0x0000014ee2e80000, 0x0000014ee9760000]
CodeHeap 'non-nmethods': size=5760Kb used=2370Kb max_used=2438Kb free=3389Kb
 bounds [0x0000014ee9760000, 0x0000014ee99e0000, 0x0000014ee9d00000]
 total_blobs=7460 nmethods=6559 adapters=813
 compilation: enabled
              stopped_count=0, restarted_count=0
 full_count=0

Compilation events (20 events):
Event: 7.304 Thread 0x0000014ef9489df0 7365   !   3       org.gradle.api.internal.provider.DefaultValueSourceProviderFactory$LazilyObtainedValue::obtain (145 bytes)
Event: 7.305 Thread 0x0000014ef9489df0 nmethod 7365 0x0000014ee2e73890 code [0x0000014ee2e73c40, 0x0000014ee2e75628]
Event: 7.305 Thread 0x0000014ef9489df0 7366       1       com.android.build.api.artifact.impl.ArtifactContainer::getCurrent (5 bytes)
Event: 7.305 Thread 0x0000014ef9489df0 nmethod 7366 0x0000014eea0db290 code [0x0000014eea0db420, 0x0000014eea0db4f8]
Event: 7.307 Thread 0x0000014ef9489df0 7367       3       org.gradle.api.internal.DefaultNamedDomainObjectCollection$AbstractDomainObjectCreatingProvider::getName (5 bytes)
Event: 7.307 Thread 0x0000014ef9489df0 nmethod 7367 0x0000014ee2e76310 code [0x0000014ee2e764a0, 0x0000014ee2e765b8]
Event: 7.310 Thread 0x0000014ef9489df0 7368       1       com.android.build.gradle.internal.services.BaseServicesImpl::getProjectServices (5 bytes)
Event: 7.310 Thread 0x0000014ef9489df0 nmethod 7368 0x0000014eea0db590 code [0x0000014eea0db720, 0x0000014eea0db7f8]
Event: 7.323 Thread 0x0000014ef9489df0 7369       1       org.gradle.api.internal.DefaultNamedDomainObjectCollection::getInstantiator (5 bytes)
Event: 7.323 Thread 0x0000014ef9489df0 nmethod 7369 0x0000014eea0db890 code [0x0000014eea0dba20, 0x0000014eea0dbaf8]
Event: 7.323 Thread 0x0000014ef9489df0 7370       3       org.gradle.api.internal.DefaultDomainObjectCollection::assertMutableCollectionContents (1 bytes)
Event: 7.323 Thread 0x0000014ef9489df0 nmethod 7370 0x0000014ee2e76690 code [0x0000014ee2e76820, 0x0000014ee2e76938]
Event: 7.324 Thread 0x0000014ef9489df0 7371       1       org.gradle.api.internal.provider.FlatMapProvider::getType (2 bytes)
Event: 7.324 Thread 0x0000014ef9489df0 nmethod 7371 0x0000014eea0dbb90 code [0x0000014eea0dbd20, 0x0000014eea0dbdf8]
Event: 7.326 Thread 0x0000014ef9489df0 7373       3       com.android.utils.StringHelper::appendCapitalized (206 bytes)
Event: 7.328 Thread 0x0000014ef9489df0 nmethod 7373 0x0000014ee2e76a10 code [0x0000014ee2e76f60, 0x0000014ee2e79268]
Event: 7.330 Thread 0x0000014ef9489df0 7374       1       com.android.build.api.artifact.impl.ArtifactsImpl::getObjects (5 bytes)
Event: 7.330 Thread 0x0000014ef9489df0 nmethod 7374 0x0000014eea0dbe90 code [0x0000014eea0dc020, 0x0000014eea0dc0f8]
Event: 7.336 Thread 0x0000014ef9489df0 7376       1       org.gradle.internal.operations.DefaultBuildOperationRunner$CallableBuildOperationWorker::getReturnValue (5 bytes)
Event: 7.337 Thread 0x0000014ef9489df0 nmethod 7376 0x0000014eea0dc190 code [0x0000014eea0dc320, 0x0000014eea0dc3f8]

GC Heap History (20 events):
Event: 5.275 GC heap after
{Heap after GC invocations=15 (full 0):
 garbage-first heap   total 86016K, used 46221K [0x0000000080000000, 0x0000000100000000)
  region size 1024K, 1 young (1024K), 1 survivors (1024K)
 Metaspace       used 56192K, committed 56704K, reserved 1097728K
  class space    used 7514K, committed 7744K, reserved 1048576K
}
Event: 5.526 GC heap before
{Heap before GC invocations=16 (full 0):
 garbage-first heap   total 86016K, used 64653K [0x0000000080000000, 0x0000000100000000)
  region size 1024K, 20 young (20480K), 1 survivors (1024K)
 Metaspace       used 59362K, committed 59904K, reserved 1105920K
  class space    used 7885K, committed 8128K, reserved 1048576K
}
Event: 5.528 GC heap after
{Heap after GC invocations=17 (full 0):
 garbage-first heap   total 86016K, used 46696K [0x0000000080000000, 0x0000000100000000)
  region size 1024K, 2 young (2048K), 2 survivors (2048K)
 Metaspace       used 59362K, committed 59904K, reserved 1105920K
  class space    used 7885K, committed 8128K, reserved 1048576K
}
Event: 5.860 GC heap before
{Heap before GC invocations=17 (full 0):
 garbage-first heap   total 86016K, used 67176K [0x0000000080000000, 0x0000000100000000)
  region size 1024K, 22 young (22528K), 2 survivors (2048K)
 Metaspace       used 63185K, committed 63680K, reserved 1105920K
  class space    used 8406K, committed 8640K, reserved 1048576K
}
Event: 5.863 GC heap after
{Heap after GC invocations=18 (full 0):
 garbage-first heap   total 86016K, used 48614K [0x0000000080000000, 0x0000000100000000)
  region size 1024K, 3 young (3072K), 3 survivors (3072K)
 Metaspace       used 63185K, committed 63680K, reserved 1105920K
  class space    used 8406K, committed 8640K, reserved 1048576K
}
Event: 6.071 GC heap before
{Heap before GC invocations=19 (full 0):
 garbage-first heap   total 86016K, used 74214K [0x0000000080000000, 0x0000000100000000)
  region size 1024K, 22 young (22528K), 3 survivors (3072K)
 Metaspace       used 64370K, committed 64896K, reserved 1105920K
  class space    used 8577K, committed 8832K, reserved 1048576K
}
Event: 6.075 GC heap after
{Heap after GC invocations=20 (full 0):
 garbage-first heap   total 86016K, used 51188K [0x0000000080000000, 0x0000000100000000)
  region size 1024K, 3 young (3072K), 3 survivors (3072K)
 Metaspace       used 64370K, committed 64896K, reserved 1105920K
  class space    used 8577K, committed 8832K, reserved 1048576K
}
Event: 6.094 GC heap before
{Heap before GC invocations=20 (full 0):
 garbage-first heap   total 86016K, used 52212K [0x0000000080000000, 0x0000000100000000)
  region size 1024K, 4 young (4096K), 3 survivors (3072K)
 Metaspace       used 64538K, committed 65088K, reserved 1105920K
  class space    used 8595K, committed 8896K, reserved 1048576K
}
Event: 6.097 GC heap after
{Heap after GC invocations=21 (full 0):
 garbage-first heap   total 103424K, used 51690K [0x0000000080000000, 0x0000000100000000)
  region size 1024K, 1 young (1024K), 1 survivors (1024K)
 Metaspace       used 64538K, committed 65088K, reserved 1105920K
  class space    used 8595K, committed 8896K, reserved 1048576K
}
Event: 6.431 GC heap before
{Heap before GC invocations=21 (full 0):
 garbage-first heap   total 103424K, used 79338K [0x0000000080000000, 0x0000000100000000)
  region size 1024K, 28 young (28672K), 1 survivors (1024K)
 Metaspace       used 67155K, committed 67776K, reserved 1114112K
  class space    used 8910K, committed 9216K, reserved 1048576K
}
Event: 6.433 GC heap after
{Heap after GC invocations=22 (full 0):
 garbage-first heap   total 103424K, used 53186K [0x0000000080000000, 0x0000000100000000)
  region size 1024K, 2 young (2048K), 2 survivors (2048K)
 Metaspace       used 67155K, committed 67776K, reserved 1114112K
  class space    used 8910K, committed 9216K, reserved 1048576K
}
Event: 6.725 GC heap before
{Heap before GC invocations=23 (full 0):
 garbage-first heap   total 103424K, used 80834K [0x0000000080000000, 0x0000000100000000)
  region size 1024K, 29 young (29696K), 2 survivors (2048K)
 Metaspace       used 70878K, committed 71488K, reserved 1114112K
  class space    used 9427K, committed 9728K, reserved 1048576K
}
Event: 6.728 GC heap after
{Heap after GC invocations=24 (full 0):
 garbage-first heap   total 103424K, used 54842K [0x0000000080000000, 0x0000000100000000)
  region size 1024K, 4 young (4096K), 4 survivors (4096K)
 Metaspace       used 70878K, committed 71488K, reserved 1114112K
  class space    used 9427K, committed 9728K, reserved 1048576K
}
Event: 6.739 GC heap before
{Heap before GC invocations=24 (full 0):
 garbage-first heap   total 103424K, used 54842K [0x0000000080000000, 0x0000000100000000)
  region size 1024K, 5 young (5120K), 4 survivors (4096K)
 Metaspace       used 71002K, committed 71616K, reserved 1114112K
  class space    used 9451K, committed 9728K, reserved 1048576K
}
Event: 6.742 GC heap after
{Heap after GC invocations=25 (full 0):
 garbage-first heap   total 103424K, used 54800K [0x0000000080000000, 0x0000000100000000)
  region size 1024K, 1 young (1024K), 1 survivors (1024K)
 Metaspace       used 71002K, committed 71616K, reserved 1114112K
  class space    used 9451K, committed 9728K, reserved 1048576K
}
Event: 7.018 GC heap before
{Heap before GC invocations=25 (full 0):
 garbage-first heap   total 103424K, used 81424K [0x0000000080000000, 0x0000000100000000)
  region size 1024K, 28 young (28672K), 1 survivors (1024K)
 Metaspace       used 73183K, committed 73728K, reserved 1114112K
  class space    used 9728K, committed 9984K, reserved 1048576K
}
Event: 7.021 GC heap after
{Heap after GC invocations=26 (full 0):
 garbage-first heap   total 103424K, used 57408K [0x0000000080000000, 0x0000000100000000)
  region size 1024K, 4 young (4096K), 4 survivors (4096K)
 Metaspace       used 73183K, committed 73728K, reserved 1114112K
  class space    used 9728K, committed 9984K, reserved 1048576K
}
Event: 7.288 GC heap before
{Heap before GC invocations=27 (full 0):
 garbage-first heap   total 104448K, used 81984K [0x0000000080000000, 0x0000000100000000)
  region size 1024K, 28 young (28672K), 4 survivors (4096K)
 Metaspace       used 75885K, committed 76480K, reserved 1122304K
  class space    used 10194K, committed 10496K, reserved 1048576K
}
Event: 7.291 GC heap after
{Heap after GC invocations=28 (full 0):
 garbage-first heap   total 104448K, used 58558K [0x0000000080000000, 0x0000000100000000)
  region size 1024K, 2 young (2048K), 2 survivors (2048K)
 Metaspace       used 75885K, committed 76480K, reserved 1122304K
  class space    used 10194K, committed 10496K, reserved 1048576K
}
Event: 7.339 GC heap before
{Heap before GC invocations=28 (full 0):
 garbage-first heap   total 104448K, used 61630K [0x0000000080000000, 0x0000000100000000)
  region size 1024K, 5 young (5120K), 2 survivors (2048K)
 Metaspace       used 76310K, committed 76864K, reserved 1122304K
  class space    used 10292K, committed 10560K, reserved 1048576K
}

Dll operation events (2 events):
Event: 0.006 Loaded shared library D:\android studio\jbr\bin\java.dll
Event: 0.384 Loaded shared library D:\android studio\jbr\bin\verify.dll

Deoptimization events (20 events):
Event: 6.929 Thread 0x0000014efa876e50 Uncommon trap: trap_request=0xffffffde fr.pc=0x0000014ee9e1dbd0 relative=0x00000000000034f0
Event: 6.929 Thread 0x0000014efa876e50 Uncommon trap: reason=class_check action=maybe_recompile pc=0x0000014ee9e1dbd0 method=jdk.internal.loader.Resource.getBytes()[B @ 10 c2
Event: 6.929 Thread 0x0000014efa876e50 DEOPT PACKING pc=0x0000014ee9e1dbd0 sp=0x0000003b1d9f83a0
Event: 6.929 Thread 0x0000014efa876e50 DEOPT UNPACKING pc=0x0000014ee97b69a3 sp=0x0000003b1d9f83c8 mode 2
Event: 7.160 Thread 0x0000014efa876e50 Uncommon trap: trap_request=0xffffff45 fr.pc=0x0000014ee9d863c8 relative=0x0000000000000608
Event: 7.160 Thread 0x0000014efa876e50 Uncommon trap: reason=unstable_if action=reinterpret pc=0x0000014ee9d863c8 method=java.lang.AbstractStringBuilder.appendChars(Ljava/lang/String;II)V @ 11 c2
Event: 7.160 Thread 0x0000014efa876e50 DEOPT PACKING pc=0x0000014ee9d863c8 sp=0x0000003b1d9f7310
Event: 7.160 Thread 0x0000014efa876e50 DEOPT UNPACKING pc=0x0000014ee97b69a3 sp=0x0000003b1d9f7250 mode 2
Event: 7.160 Thread 0x0000014efa876e50 Uncommon trap: trap_request=0xffffff45 fr.pc=0x0000014ee9d52064 relative=0x0000000000000524
Event: 7.160 Thread 0x0000014efa876e50 Uncommon trap: reason=unstable_if action=reinterpret pc=0x0000014ee9d52064 method=java.lang.AbstractStringBuilder.putStringAt(ILjava/lang/String;II)V @ 8 c2
Event: 7.160 Thread 0x0000014efa876e50 DEOPT PACKING pc=0x0000014ee9d52064 sp=0x0000003b1d9f7370
Event: 7.160 Thread 0x0000014efa876e50 DEOPT UNPACKING pc=0x0000014ee97b69a3 sp=0x0000003b1d9f7250 mode 2
Event: 7.160 Thread 0x0000014efa876e50 Uncommon trap: trap_request=0xffffff45 fr.pc=0x0000014ee9d3db94 relative=0x0000000000000114
Event: 7.160 Thread 0x0000014efa876e50 Uncommon trap: reason=unstable_if action=reinterpret pc=0x0000014ee9d3db94 method=java.lang.String.getBytes([BIIBI)V @ 6 c2
Event: 7.160 Thread 0x0000014efa876e50 DEOPT PACKING pc=0x0000014ee9d3db94 sp=0x0000003b1d9f71f0
Event: 7.160 Thread 0x0000014efa876e50 DEOPT UNPACKING pc=0x0000014ee97b69a3 sp=0x0000003b1d9f71b8 mode 2
Event: 7.160 Thread 0x0000014efa876e50 Uncommon trap: trap_request=0xffffff45 fr.pc=0x0000014ee9d3e054 relative=0x0000000000000134
Event: 7.160 Thread 0x0000014efa876e50 Uncommon trap: reason=unstable_if action=reinterpret pc=0x0000014ee9d3e054 method=java.lang.AbstractStringBuilder.putStringAt(ILjava/lang/String;II)V @ 8 c2
Event: 7.160 Thread 0x0000014efa876e50 DEOPT PACKING pc=0x0000014ee9d3e054 sp=0x0000003b1d9f72f0
Event: 7.160 Thread 0x0000014efa876e50 DEOPT UNPACKING pc=0x0000014ee97b69a3 sp=0x0000003b1d9f7238 mode 2

Classes unloaded (0 events):
No events

Classes redefined (0 events):
No events

Internal exceptions (20 events):
Event: 4.906 Thread 0x0000014efa743110 Exception <a 'java/lang/NoSuchMethodError'{0x0000000084588228}: static Lorg/gradle/internal/build/event/types/DefaultOperationFinishedProgressEvent;.<clinit>()V> (0x0000000084588228) 
thrown [s\src\hotspot\share\prims\jni.cpp, line 1108]
Event: 4.908 Thread 0x0000014efa743110 Exception <a 'java/lang/NoSuchMethodError'{0x00000000845add20}: static Lorg/gradle/internal/build/event/types/DefaultProjectConfigurationSuccessResult;.<clinit>()V> (0x00000000845add20) 
thrown [s\src\hotspot\share\prims\jni.cpp, line 1108]
Event: 4.908 Thread 0x0000014efa743110 Exception <a 'java/lang/NoSuchMethodError'{0x00000000845af020}: static Lorg/gradle/internal/build/event/types/AbstractProjectConfigurationResult;.<clinit>()V> (0x00000000845af020) 
thrown [s\src\hotspot\share\prims\jni.cpp, line 1108]
Event: 4.908 Thread 0x0000014efa743110 Exception <a 'java/lang/NoSuchMethodError'{0x00000000845b0400}: static Lorg/gradle/internal/build/event/types/AbstractOperationResult;.<clinit>()V> (0x00000000845b0400) 
thrown [s\src\hotspot\share\prims\jni.cpp, line 1108]
Event: 4.908 Thread 0x0000014efa743110 Exception <a 'java/lang/NoSuchMethodError'{0x00000000845b1958}: static Lorg/gradle/internal/build/event/types/AbstractResult;.<clinit>()V> (0x00000000845b1958) 
thrown [s\src\hotspot\share\prims\jni.cpp, line 1108]
Event: 4.909 Thread 0x0000014efa743110 Exception <a 'java/lang/NoSuchMethodError'{0x00000000845c7aa0}: static Lorg/gradle/internal/build/event/types/DefaultPluginApplicationResult;.<clinit>()V> (0x00000000845c7aa0) 
thrown [s\src\hotspot\share\prims\jni.cpp, line 1108]
Event: 4.910 Thread 0x0000014efa743110 Exception <a 'java/lang/NoSuchMethodError'{0x00000000845d3060}: static Lorg/gradle/internal/build/event/types/DefaultBinaryPluginIdentifier;.<clinit>()V> (0x00000000845d3060) 
thrown [s\src\hotspot\share\prims\jni.cpp, line 1108]
Event: 4.912 Thread 0x0000014efa743110 Exception <a 'java/lang/NoSuchMethodError'{0x00000000845f62d0}: static Lorg/gradle/internal/build/event/types/DefaultScriptPluginIdentifier;.<clinit>()V> (0x00000000845f62d0) 
thrown [s\src\hotspot\share\prims\jni.cpp, line 1108]
Event: 5.044 Thread 0x0000014efa876e50 Exception <a 'java/lang/ClassNotFoundException'{0x000000008379af08}: org/gradle/api/internal/plugins/DefaultObjectConfigurationActionBeanInfo> (0x000000008379af08) 
thrown [s\src\hotspot\share\classfile\systemDictionary.cpp, line 256]
Event: 5.045 Thread 0x0000014efa876e50 Exception <a 'java/lang/ClassNotFoundException'{0x00000000837aed30}: org/gradle/api/internal/plugins/DefaultObjectConfigurationActionCustomizer> (0x00000000837aed30) 
thrown [s\src\hotspot\share\classfile\systemDictionary.cpp, line 256]
Event: 5.142 Thread 0x0000014efa876e50 Exception <a 'java/lang/NoSuchMethodError'{0x000000008c971fe0}: 'java.lang.Object java.lang.invoke.DirectMethodHandle$Holder.newInvokeSpecial(java.lang.Object, java.lang.Object, java.lang.Object, java.lang.Object, int)'> (0x000000008c971fe0) 
thrown [s\src\hotspot\share\interpreter\linkResolver.cpp, line 771]
Event: 5.150 Thread 0x0000014efa876e50 Exception <a 'java/lang/NoSuchMethodError'{0x000000008c977428}: 'java.lang.Object java.lang.invoke.DirectMethodHandle$Holder.invokeSpecial(java.lang.Object, java.lang.Object, java.lang.Object, java.lang.Object, java.lang.Object, int)'> (0x000000008c977428) 
thrown [s\src\hotspot\share\interpreter\linkResolver.cpp, line 771]
Event: 5.150 Thread 0x0000014efa876e50 Exception <a 'java/lang/NoSuchMethodError'{0x000000008c97c1a8}: 'java.lang.Object java.lang.invoke.Invokers$Holder.linkToTargetMethod(java.lang.Object, java.lang.Object, java.lang.Object, int, java.lang.Object)'> (0x000000008c97c1a8) 
thrown [s\src\hotspot\share\interpreter\linkResolver.cpp, line 771]
Event: 5.325 Thread 0x0000014efa876e50 Exception <a 'java/lang/NoSuchMethodError'{0x000000008cf21388}: 'int java.lang.invoke.DirectMethodHandle$Holder.invokeInterface(java.lang.Object, java.lang.Object, java.lang.Object, java.lang.Object)'> (0x000000008cf21388) 
thrown [s\src\hotspot\share\interpreter\linkResolver.cpp, line 771]
Event: 5.698 Thread 0x0000014efa876e50 Exception <a 'java/lang/IncompatibleClassChangeError'{0x000000008c9eb918}: Found class java.lang.Object, but interface was expected> (0x000000008c9eb918) 
thrown [s\src\hotspot\share\interpreter\linkResolver.cpp, line 838]
Event: 5.739 Thread 0x0000014efa876e50 Implicit null exception at 0x0000014ee9fa7fe0 to 0x0000014ee9fa818c
Event: 5.740 Thread 0x0000014efa876e50 Implicit null exception at 0x0000014ee9fa6a56 to 0x0000014ee9fa71a0
Event: 5.871 Thread 0x0000014efa876e50 Implicit null exception at 0x0000014ee9ee300c to 0x0000014ee9ee3142
Event: 6.019 Thread 0x0000014efa876e50 Exception <a 'sun/nio/fs/WindowsException'{0x000000008459e1c8}> (0x000000008459e1c8) 
thrown [s\src\hotspot\share\prims\jni.cpp, line 517]
Event: 6.448 Thread 0x0000014efa876e50 Implicit null exception at 0x0000014ee9e19f49 to 0x0000014ee9e1a01c

VM Operations (20 events):
Event: 6.433 Executing VM operation: G1CollectForAllocation done
Event: 6.482 Executing VM operation: G1Concurrent
Event: 6.484 Executing VM operation: G1Concurrent done
Event: 6.503 Executing VM operation: G1Concurrent
Event: 6.503 Executing VM operation: G1Concurrent done
Event: 6.725 Executing VM operation: G1CollectForAllocation
Event: 6.728 Executing VM operation: G1CollectForAllocation done
Event: 6.739 Executing VM operation: G1CollectForAllocation
Event: 6.742 Executing VM operation: G1CollectForAllocation done
Event: 6.956 Executing VM operation: HandshakeAllThreads
Event: 6.956 Executing VM operation: HandshakeAllThreads done
Event: 7.018 Executing VM operation: G1CollectForAllocation
Event: 7.021 Executing VM operation: G1CollectForAllocation done
Event: 7.059 Executing VM operation: G1Concurrent
Event: 7.061 Executing VM operation: G1Concurrent done
Event: 7.080 Executing VM operation: G1Concurrent
Event: 7.081 Executing VM operation: G1Concurrent done
Event: 7.288 Executing VM operation: G1CollectForAllocation
Event: 7.291 Executing VM operation: G1CollectForAllocation done
Event: 7.339 Executing VM operation: G1CollectForAllocation

Events (20 events):
Event: 6.336 loading class java/security/KeyStore$1
Event: 6.336 loading class java/security/KeyStore$1 done
Event: 6.415 loading class javax/xml/stream/XMLStreamException
Event: 6.415 loading class javax/xml/stream/XMLStreamException done
Event: 6.427 loading class sun/reflect/annotation/AnnotationInvocationHandler$1
Event: 6.427 loading class sun/reflect/annotation/AnnotationInvocationHandler$1 done
Event: 6.677 Thread 0x0000014efe10a260 Thread exited: 0x0000014efe10a260
Event: 6.762 loading class java/util/ArrayList$SubList$1
Event: 6.762 loading class java/util/ArrayList$SubList$1 done
Event: 6.833 Thread 0x0000014efb0c4700 Thread added: 0x0000014efb0c4700
Event: 6.918 loading class jdk/internal/loader/URLClassPath$FileLoader
Event: 6.918 loading class jdk/internal/loader/URLClassPath$FileLoader done
Event: 6.919 loading class jdk/internal/loader/URLClassPath$FileLoader$1
Event: 6.919 loading class jdk/internal/loader/URLClassPath$FileLoader$1 done
Event: 7.117 loading class sun/reflect/generics/repository/FieldRepository
Event: 7.117 loading class sun/reflect/generics/repository/FieldRepository done
Event: 7.125 loading class jdk/internal/vm/annotation/ForceInline
Event: 7.125 loading class jdk/internal/vm/annotation/ForceInline done
Event: 7.160 loading class java/util/regex/Pattern$Caret
Event: 7.160 loading class java/util/regex/Pattern$Caret done


Dynamic libraries:
0x00007ff7902f0000 - 0x00007ff7902fa000 	D:\android studio\jbr\bin\java.exe
0x00007ff8cc270000 - 0x00007ff8cc487000 	C:\WINDOWS\SYSTEM32\ntdll.dll
0x00007ff8cba10000 - 0x00007ff8cbad4000 	C:\WINDOWS\System32\KERNEL32.DLL
0x00007ff8c9b00000 - 0x00007ff8c9ea6000 	C:\WINDOWS\System32\KERNELBASE.dll
0x00007ff8c97d0000 - 0x00007ff8c98e1000 	C:\WINDOWS\System32\ucrtbase.dll
0x00007ff8bf9c0000 - 0x00007ff8bf9d7000 	D:\android studio\jbr\bin\jli.dll
0x00007ff8b7a40000 - 0x00007ff8b7a5b000 	D:\android studio\jbr\bin\VCRUNTIME140.dll
0x00007ff8cb640000 - 0x00007ff8cb7ed000 	C:\WINDOWS\System32\USER32.dll
0x00007ff8c95f0000 - 0x00007ff8c9616000 	C:\WINDOWS\System32\win32u.dll
0x00007ff8cc110000 - 0x00007ff8cc139000 	C:\WINDOWS\System32\GDI32.dll
0x00007ff8b2a00000 - 0x00007ff8b2c93000 	C:\WINDOWS\WinSxS\amd64_microsoft.windows.common-controls_6595b64144ccf1df_6.0.22621.2361_none_2712ced57382f843\COMCTL32.dll
0x00007ff8c9eb0000 - 0x00007ff8c9fc8000 	C:\WINDOWS\System32\gdi32full.dll
0x00007ff8cbae0000 - 0x00007ff8cbb87000 	C:\WINDOWS\System32\msvcrt.dll
0x00007ff8c9a60000 - 0x00007ff8c9afa000 	C:\WINDOWS\System32\msvcp_win.dll
0x00007ff8cc1f0000 - 0x00007ff8cc221000 	C:\WINDOWS\System32\IMM32.DLL
0x00007ff8c4b80000 - 0x00007ff8c4b8c000 	D:\android studio\jbr\bin\vcruntime140_1.dll
0x00007ff897ac0000 - 0x00007ff897b4d000 	D:\android studio\jbr\bin\msvcp140.dll
0x00007ff852900000 - 0x00007ff85356e000 	D:\android studio\jbr\bin\server\jvm.dll
0x00007ff8ca040000 - 0x00007ff8ca0f0000 	C:\WINDOWS\System32\ADVAPI32.dll
0x00007ff8cc140000 - 0x00007ff8cc1e6000 	C:\WINDOWS\System32\sechost.dll
0x00007ff8caac0000 - 0x00007ff8cabd7000 	C:\WINDOWS\System32\RPCRT4.dll
0x00007ff8c2c40000 - 0x00007ff8c2c74000 	C:\WINDOWS\SYSTEM32\WINMM.dll
0x00007ff8acb90000 - 0x00007ff8acb99000 	C:\WINDOWS\SYSTEM32\WSOCK32.dll
0x00007ff8c3100000 - 0x00007ff8c310a000 	C:\WINDOWS\SYSTEM32\VERSION.dll
0x00007ff8cad20000 - 0x00007ff8cad91000 	C:\WINDOWS\System32\WS2_32.dll
0x00007ff8c8630000 - 0x00007ff8c8648000 	C:\WINDOWS\SYSTEM32\kernel.appcore.dll
0x00007ff8c4b00000 - 0x00007ff8c4b0a000 	D:\android studio\jbr\bin\jimage.dll
0x00007ff8c6f40000 - 0x00007ff8c716e000 	C:\WINDOWS\SYSTEM32\DBGHELP.DLL
0x00007ff8caff0000 - 0x00007ff8cb37a000 	C:\WINDOWS\System32\combase.dll
0x00007ff8cabe0000 - 0x00007ff8cacb7000 	C:\WINDOWS\System32\OLEAUT32.dll
0x00007ff8aafc0000 - 0x00007ff8aaff2000 	C:\WINDOWS\SYSTEM32\dbgcore.DLL
0x00007ff8c9750000 - 0x00007ff8c97ca000 	C:\WINDOWS\System32\bcryptPrimitives.dll
0x00007ff8c2000000 - 0x00007ff8c2025000 	D:\android studio\jbr\bin\java.dll
0x00007ff8c4ab0000 - 0x00007ff8c4ac8000 	D:\android studio\jbr\bin\zip.dll
0x00007ff8ca160000 - 0x00007ff8ca9b8000 	C:\WINDOWS\System32\SHELL32.dll
0x00007ff8c7550000 - 0x00007ff8c7e42000 	C:\WINDOWS\SYSTEM32\windows.storage.dll
0x00007ff8c7410000 - 0x00007ff8c754e000 	C:\WINDOWS\SYSTEM32\wintypes.dll
0x00007ff8ca9c0000 - 0x00007ff8caab3000 	C:\WINDOWS\System32\SHCORE.dll
0x00007ff8ca100000 - 0x00007ff8ca15e000 	C:\WINDOWS\System32\shlwapi.dll
0x00007ff8c9520000 - 0x00007ff8c9546000 	C:\WINDOWS\SYSTEM32\profapi.dll
0x00007ff8c2c90000 - 0x00007ff8c2ca9000 	D:\android studio\jbr\bin\net.dll
0x00007ff8c2b00000 - 0x00007ff8c2c37000 	C:\WINDOWS\SYSTEM32\WINHTTP.dll
0x00007ff8c8ab0000 - 0x00007ff8c8b19000 	C:\WINDOWS\system32\mswsock.dll
0x00007ff8c2930000 - 0x00007ff8c2946000 	D:\android studio\jbr\bin\nio.dll
0x00007ff8c4a60000 - 0x00007ff8c4a70000 	D:\android studio\jbr\bin\verify.dll
0x00007ff8b7a80000 - 0x00007ff8b7aa7000 	C:\Users\hachem safae\.gradle\native\68d5fa5c4cc2d200863cafc0d521ce42e7d3e7ee720ec0a83991735586a16f82\windows-amd64\native-platform.dll
0x00007ff8948a0000 - 0x00007ff8949e4000 	C:\Users\hachem safae\.gradle\native\e376f236ea51e6404a007f0833ffe2c6e607c4080706a723a18a27aeea778392\windows-amd64\native-platform-file-events.dll
0x00007ff8c3aa0000 - 0x00007ff8c3aa9000 	D:\android studio\jbr\bin\management.dll
0x00007ff8c36e0000 - 0x00007ff8c36eb000 	D:\android studio\jbr\bin\management_ext.dll
0x00007ff8cbb90000 - 0x00007ff8cbb98000 	C:\WINDOWS\System32\PSAPI.DLL
0x00007ff8c8d00000 - 0x00007ff8c8d1b000 	C:\WINDOWS\SYSTEM32\CRYPTSP.dll
0x00007ff8c8590000 - 0x00007ff8c85c5000 	C:\WINDOWS\system32\rsaenh.dll
0x00007ff8c8ba0000 - 0x00007ff8c8bcc000 	C:\WINDOWS\SYSTEM32\USERENV.dll
0x00007ff8c8ec0000 - 0x00007ff8c8ee8000 	C:\WINDOWS\SYSTEM32\bcrypt.dll
0x00007ff8c8d20000 - 0x00007ff8c8d2c000 	C:\WINDOWS\SYSTEM32\CRYPTBASE.dll
0x00007ff8c80b0000 - 0x00007ff8c80dd000 	C:\WINDOWS\SYSTEM32\IPHLPAPI.DLL
0x00007ff8cad10000 - 0x00007ff8cad19000 	C:\WINDOWS\System32\NSI.dll
0x00007ff8c2950000 - 0x00007ff8c2969000 	C:\WINDOWS\SYSTEM32\dhcpcsvc6.DLL
0x00007ff8c2830000 - 0x00007ff8c284f000 	C:\WINDOWS\SYSTEM32\dhcpcsvc.DLL
0x00007ff8c8120000 - 0x00007ff8c8219000 	C:\WINDOWS\SYSTEM32\DNSAPI.dll
0x00007ff8af560000 - 0x00007ff8af568000 	C:\WINDOWS\system32\wshunix.dll

dbghelp: loaded successfully - version: 4.0.5 - missing functions: none
symbol engine: initialized successfully - sym options: 0x614 - pdb path: .;D:\android studio\jbr\bin;C:\WINDOWS\SYSTEM32;C:\WINDOWS\WinSxS\amd64_microsoft.windows.common-controls_6595b64144ccf1df_6.0.22621.2361_none_2712ced57382f843;D:\android studio\jbr\bin\server;C:\Users\hachem safae\.gradle\native\68d5fa5c4cc2d200863cafc0d521ce42e7d3e7ee720ec0a83991735586a16f82\windows-amd64;C:\Users\hachem safae\.gradle\native\e376f236ea51e6404a007f0833ffe2c6e607c4080706a723a18a27aeea778392\windows-amd64

VM Arguments:
jvm_args: --add-opens=java.base/java.util=ALL-UNNAMED --add-opens=java.base/java.lang=ALL-UNNAMED --add-opens=java.base/java.lang.invoke=ALL-UNNAMED --add-opens=java.prefs/java.util.prefs=ALL-UNNAMED --add-opens=java.base/java.nio.charset=ALL-UNNAMED --add-opens=java.base/java.net=ALL-UNNAMED --add-opens=java.base/java.util.concurrent.atomic=ALL-UNNAMED -Xmx2048m -Dfile.encoding=UTF-8 -Duser.country=FR -Duser.language=fr -Duser.variant 
java_command: org.gradle.launcher.daemon.bootstrap.GradleDaemon 8.0
java_class_path (initial): C:\Users\hachem safae\.gradle\wrapper\dists\gradle-8.0-bin\ca5e32bp14vu59qr306oxotwh\gradle-8.0\lib\gradle-launcher-8.0.jar
Launcher Type: SUN_STANDARD

[Global flags]
     intx CICompilerCount                          = 4                                         {product} {ergonomic}
     uint ConcGCThreads                            = 2                                         {product} {ergonomic}
     uint G1ConcRefinementThreads                  = 8                                         {product} {ergonomic}
   size_t G1HeapRegionSize                         = 1048576                                   {product} {ergonomic}
    uintx GCDrainStackTargetSize                   = 64                                        {product} {ergonomic}
   size_t InitialHeapSize                          = 266338304                                 {product} {ergonomic}
   size_t MarkStackSize                            = 4194304                                   {product} {ergonomic}
   size_t MaxHeapSize                              = 2147483648                                {product} {command line}
   size_t MaxNewSize                               = 1287651328                                {product} {ergonomic}
   size_t MinHeapDeltaBytes                        = 1048576                                   {product} {ergonomic}
   size_t MinHeapSize                              = 8388608                                   {product} {ergonomic}
    uintx NonNMethodCodeHeapSize                   = 5839372                                {pd product} {ergonomic}
    uintx NonProfiledCodeHeapSize                  = 122909434                              {pd product} {ergonomic}
    uintx ProfiledCodeHeapSize                     = 122909434                              {pd product} {ergonomic}
    uintx ReservedCodeCacheSize                    = 251658240                              {pd product} {ergonomic}
     bool SegmentedCodeCache                       = true                                      {product} {ergonomic}
   size_t SoftMaxHeapSize                          = 2147483648                             {manageable} {ergonomic}
     bool UseCompressedClassPointers               = true                           {product lp64_product} {ergonomic}
     bool UseCompressedOops                        = true                           {product lp64_product} {ergonomic}
     bool UseG1GC                                  = true                                      {product} {ergonomic}
     bool UseLargePagesIndividualAllocation        = false                                  {pd product} {ergonomic}

Logging:
Log output configuration:
 #0: stdout all=warning uptime,level,tags
 #1: stderr all=off uptime,level,tags

Environment Variables:
JAVA_HOME=C:\Program Files\Java\jdk-17
PATH=C:\Program Files (x86)\Common Files\Oracle\Java\javapath;C:\Program Files (x86)\VMware\VMware Workstation\bin\;D:\oraclexe\app\oracle\product\11.2.0\server\bin;C:\Program Files\Common Files\Oracle\Java\javapath;C:\WINDOWS\system32;C:\WINDOWS;C:\WINDOWS\System32\Wbem;C:\WINDOWS\System32\WindowsPowerShell\v1.0\;C:\WINDOWS\System32\OpenSSH\;c:\Program Files (x86)\Microsoft SQL Server\100\Tools\Binn\;c:\Program Files\Microsoft SQL Server\100\Tools\Binn\;c:\Program Files\Microsoft SQL Server\100\DTS\Binn\;D:\java_jdk 8\bin;C:\Program Files\Java\jdk-17\bin;C:\Program Files\Java\jdk-11\bin;C:\Program Files\Java\jdk-19\bin;C:\Program Files\Common Files\Oracle\Java\javapath;C:\ProgramData\ComposerSetup\bin;D:\XAAMP\php\php.exe;D:\xamp\php;C:\Program Files\wkhtmltopdf\bin;D:\node;C:\Program Files\Git\cmd;C:\Program Files\nodejs\;C:\Program Files\MongoDB\Server\6.0\bin;D:\XAAMP\php;C:\Program Files\Java\apache-maven-3.9.5\bin;C:\Users\hachem safae\AppData\Local\Programs\Python\Python310\Scripts\;C:\Users\hachem safae\AppData\Local\Programs\Python\Python310\;C:\Program Files\MySQL\MySQL Shell 8.0\bin\;C:\Users\hachem safae\AppData\Local\Microsoft\WindowsApps;C:\Users\hachem safae\AppData\Roaming\Dashlane\6.2007.0.32704\bin\Firefox_Extension\{442718d9-475e-452a-b3e1-fb1ee16b8e9f}\components;C:\Users\hachem safae\AppData\Roaming\Dashlane\6.2007.0.32704\ucrt;C:\Users\hachem safae\AppData\Roaming\Dashlane\6.2007.0.32704\bin\Qt;C:\Users\hachem safae\AppData\Roaming\Dashlane\6.2007.0.32704\bin\Ssl;C:\Program Files\JetBrains\IntelliJ IDEA Community Edition 2020.2.2\bin;C:\Users\hachem safae\AppData\Local\Microsoft\WindowsApps;C:\Users\hachem safae\AppData\Local\Programs\Microsoft VS Code\bin;C:\Program Files\IntelliJ IDEA Community Edition 2022.3.2\bin;;C:\Users\hachem safae\AppData\Local\ComposerSetup\bin;C:\Users\hachem safae\AppData\Roaming\Composer\vendor\bin;C:\Users\hachem safae\AppData\Roaming\npm;D:\android2\platform-tools;D:\XAAMP\php;C:\wamp64\bin\php\php5.6.40;C:\
USERNAME=hachem safae
OS=Windows_NT
PROCESSOR_IDENTIFIER=Intel64 Family 6 Model 142 Stepping 12, GenuineIntel
TMP=C:\Users\HACHEM~1\AppData\Local\Temp
TEMP=C:\Users\HACHEM~1\AppData\Local\Temp


JNI global refs:
JNI global refs: 28, weak refs: 2

JNI global refs memory usage: 843, weak refs: 841


---------------  S Y S T E M  ---------------

OS:
 Windows 11 , 64 bit Build 22621 (10.0.22621.2428)
OS uptime: 0 days 8:58 hours

CPU: total 8 (initial active 8) (4 cores per cpu, 2 threads per core) family 6 model 142 stepping 12 microcode 0xf6, cx8, cmov, fxsr, ht, mmx, 3dnowpref, sse, sse2, sse3, ssse3, sse4.1, sse4.2, popcnt, lzcnt, tsc, tscinvbit, avx, avx2, aes, erms, clmul, bmi1, bmi2, adx, fma, vzeroupper, clflush, clflushopt

Memory: 4k page, system-wide physical 16194M (2224M free)
TotalPageFile size 18242M (AvailPageFile size 73M)
current process WorkingSet (physical memory assigned to process): 322M, peak: 322M
current process commit charge ("private bytes"): 357M, peak: 456M

vm_info: OpenJDK 64-Bit Server VM (17.0.6+0-b2043.56-10027231) for windows-amd64 JRE (17.0.6+0-b2043.56-10027231), built on Apr 28 2023 00:43:19 by "androidbuild" with MS VC++ 16.10 / 16.11 (VS2019)

END.
