#
# There is insufficient memory for the Java Runtime Environment to continue.
# Native memory allocation (mmap) failed to map 26214400 bytes for G1 virtual space
# Possible reasons:
#   The system is out of physical RAM or swap space
#   The process is running with CompressedOops enabled, and the Java Heap may be blocking the growth of the native heap
# Possible solutions:
#   Reduce memory load on the system
#   Increase physical memory or swap space
#   Check if swap backing store is full
#   Decrease Java heap size (-Xmx/-Xms)
#   Decrease number of Java threads
#   Decrease Java thread stack sizes (-Xss)
#   Set larger code cache with -XX:ReservedCodeCacheSize=
#   JVM is running with Unscaled Compressed Oops mode in which the Java heap is
#     placed in the first 4GB address space. The Java Heap base address is the
#     maximum limit for the native heap growth. Please use -XX:HeapBaseMinAddress
#     to set the Java Heap base and to place the Java Heap above 4GB virtual address.
# This output file may be truncated or incomplete.
#
#  Out of Memory Error (os_windows.cpp:3769), pid=9192, tid=23972
#
# JRE version: OpenJDK Runtime Environment (17.0.6) (build 17.0.6+0-b2043.56-10027231)
# Java VM: OpenJDK 64-Bit Server VM (17.0.6+0-b2043.56-10027231, mixed mode, tiered, compressed oops, compressed class ptrs, g1 gc, windows-amd64)
# No core dump will be written. Minidumps are not enabled by default on client versions of Windows
#

---------------  S U M M A R Y ------------

Command Line: --add-opens=java.base/java.util=ALL-UNNAMED --add-opens=java.base/java.lang=ALL-UNNAMED --add-opens=java.base/java.lang.invoke=ALL-UNNAMED --add-opens=java.prefs/java.util.prefs=ALL-UNNAMED --add-opens=java.base/java.nio.charset=ALL-UNNAMED --add-opens=java.base/java.net=ALL-UNNAMED --add-opens=java.base/java.util.concurrent.atomic=ALL-UNNAMED -Xmx2048m -Dfile.encoding=UTF-8 -Duser.country=FR -Duser.language=fr -Duser.variant org.gradle.launcher.daemon.bootstrap.GradleDaemon 8.0

Host: Intel(R) Core(TM) i7-8565U CPU @ 1.80GHz, 8 cores, 15G,  Windows 11 , 64 bit Build 22621 (10.0.22621.2428)
Time: Wed Nov 15 19:47:53 2023 Maroc (heure d64 bit Build 22621 (10.0.22621.2428) elapsed time: 11.065471 seconds (0d 0h 0m 11s)

---------------  T H R E A D  ---------------

Current thread (0x000002c6f644ea90):  VMThread "VM Thread" [stack: 0x000000f920700000,0x000000f920800000] [id=23972]

Stack: [0x000000f920700000,0x000000f920800000]
Native frames: (J=compiled Java code, j=interpreted, Vv=VM code, C=native code)
V  [jvm.dll+0x683c9a]
V  [jvm.dll+0x8427a4]
V  [jvm.dll+0x843f9e]
V  [jvm.dll+0x844603]
V  [jvm.dll+0x249b75]
V  [jvm.dll+0x680b69]
V  [jvm.dll+0x67505a]
V  [jvm.dll+0x309acb]
V  [jvm.dll+0x310f86]
V  [jvm.dll+0x3608ee]
V  [jvm.dll+0x360b1f]
V  [jvm.dll+0x2dfbf8]
V  [jvm.dll+0x2ddec4]
V  [jvm.dll+0x2dd4cc]
V  [jvm.dll+0x321f3b]
V  [jvm.dll+0x848ccb]
V  [jvm.dll+0x849a04]
V  [jvm.dll+0x849f1d]
V  [jvm.dll+0x84a2f4]
V  [jvm.dll+0x84a3c0]
V  [jvm.dll+0x7f274a]
V  [jvm.dll+0x682ad5]
C  [ucrtbase.dll+0x29363]
C  [KERNEL32.DLL+0x1257d]
C  [ntdll.dll+0x5aa78]

VM_Operation (0x000000f9221f6370): G1CollectForAllocation, mode: safepoint, requested by thread 0x000002c6f8a5a9a0


---------------  P R O C E S S  ---------------

Threads class SMR info:
_java_thread_list=0x000002c6f9fd7340, length=128, elements={
0x000002c6dc5cb680, 0x000002c6f6428c90, 0x000002c6f70373f0, 0x000002c6f707f4e0,
0x000002c6f7080090, 0x000002c6f7082b50, 0x000002c6f7083500, 0x000002c6f7084df0,
0x000002c6f70874b0, 0x000002c6f7089ec0, 0x000002c6f7216290, 0x000002c6f722f5e0,
0x000002c6f72ddd20, 0x000002c6f9d71cf0, 0x000002c6f89e9780, 0x000002c6f9dab080,
0x000002c6f99f0560, 0x000002c6f991fc30, 0x000002c6f8a5a4d0, 0x000002c6f8a5a9a0,
0x000002c6f78a6f40, 0x000002c6f78a78e0, 0x000002c6f78a60d0, 0x000002c6f78a65a0,
0x000002c6fa1582b0, 0x000002c6fa157de0, 0x000002c6fa15d480, 0x000002c6fa158c50,
0x000002c6fa15a930, 0x000002c6fa159120, 0x000002c6fa156aa0, 0x000002c6fa156100,
0x000002c6fa1595f0, 0x000002c6fa159f90, 0x000002c6fa15ae00, 0x000002c6fa15b2d0,
0x000002c6fa1565d0, 0x000002c6fa15c140, 0x000002c6fa15cfb0, 0x000002c6fa156f70,
0x000002c6fd1043b0, 0x000002c6fd107d70, 0x000002c6fd1056f0, 0x000002c6fd104d50,
0x000002c6fd1073d0, 0x000002c6fd105bc0, 0x000002c6fd105220, 0x000002c6fd106560,
0x000002c6fd106090, 0x000002c6fd106a30, 0x000002c6fd106f00, 0x000002c6fd1078a0,
0x000002c6fc14cef0, 0x000002c6fc14d3c0, 0x000002c6fc1503e0, 0x000002c6fc14b210,
0x000002c6fc14f0a0, 0x000002c6fc149ed0, 0x000002c6fc14c550, 0x000002c6fc14e230,
0x000002c6fc14ca20, 0x000002c6fc14ebd0, 0x000002c6fc1508b0, 0x000002c6fc149530,
0x000002c6fc149060, 0x000002c6fc14a870, 0x000002c6fc14a3a0, 0x000002c6fc14dd60,
0x000002c6fc149a00, 0x000002c6fc14d890, 0x000002c6fc14fa40, 0x000002c6fc14ff10,
0x000002c6fc14e700, 0x000002c6fc14b6e0, 0x000002c6fc14c080, 0x000002c6fc14f570,
0x000002c6fc14ad40, 0x000002c6fc14bbb0, 0x000002c6fca88ac0, 0x000002c6fca825b0,
0x000002c6fca83dc0, 0x000002c6fca82a80, 0x000002c6fca87780, 0x000002c6fca84290,
0x000002c6fca85aa0, 0x000002c6fca88120, 0x000002c6fca85f70, 0x000002c6fca855d0,
0x000002c6fca838f0, 0x000002c6fca84760, 0x000002c6fca89460, 0x000002c6fca82f50,
0x000002c6fca885f0, 0x000002c6fca88f90, 0x000002c6fca820e0, 0x000002c6fca81c10,
0x000002c6fca86440, 0x000002c6fca87c50, 0x000002c6fca84c30, 0x000002c6fca86910,
0x000002c6fca83420, 0x000002c6fca85100, 0x000002c6fca86de0, 0x000002c6fca872b0,
0x000002c6fddb65d0, 0x000002c6fddb3a80, 0x000002c6fddb8780, 0x000002c6fddb2740,
0x000002c6fddb3f50, 0x000002c6fddb82b0, 0x000002c6fddb4420, 0x000002c6fddb4dc0,
0x000002c6fddb48f0, 0x000002c6fddb5760, 0x000002c6fddb0f30, 0x000002c6fddb5c30,
0x000002c6fddb5290, 0x000002c6fddb6100, 0x000002c6fddb7440, 0x000002c6fddb6aa0,
0x000002c6fddb6f70, 0x000002c6fddb2c10, 0x000002c6fddb7910, 0x000002c6fddb18d0,
0x000002c6fddb7de0, 0x000002c6fddb2270, 0x000002c6fddb30e0, 0x000002c680d50e40
}

Java Threads: ( => current thread )
  0x000002c6dc5cb680 JavaThread "main" [_thread_blocked, id=21988, stack(0x000000f920100000,0x000000f920200000)]
  0x000002c6f6428c90 JavaThread "Reference Handler" daemon [_thread_blocked, id=18984, stack(0x000000f920800000,0x000000f920900000)]
  0x000002c6f70373f0 JavaThread "Finalizer" daemon [_thread_blocked, id=24028, stack(0x000000f920900000,0x000000f920a00000)]
  0x000002c6f707f4e0 JavaThread "Signal Dispatcher" daemon [_thread_blocked, id=19548, stack(0x000000f920a00000,0x000000f920b00000)]
  0x000002c6f7080090 JavaThread "Attach Listener" daemon [_thread_blocked, id=6256, stack(0x000000f920b00000,0x000000f920c00000)]
  0x000002c6f7082b50 JavaThread "Service Thread" daemon [_thread_blocked, id=20828, stack(0x000000f920c00000,0x000000f920d00000)]
  0x000002c6f7083500 JavaThread "Monitor Deflation Thread" daemon [_thread_blocked, id=24008, stack(0x000000f920d00000,0x000000f920e00000)]
  0x000002c6f7084df0 JavaThread "C2 CompilerThread0" daemon [_thread_blocked, id=13956, stack(0x000000f920e00000,0x000000f920f00000)]
  0x000002c6f70874b0 JavaThread "C1 CompilerThread0" daemon [_thread_blocked, id=3984, stack(0x000000f920f00000,0x000000f921000000)]
  0x000002c6f7089ec0 JavaThread "Sweeper thread" daemon [_thread_blocked, id=23756, stack(0x000000f921000000,0x000000f921100000)]
  0x000002c6f7216290 JavaThread "Common-Cleaner" daemon [_thread_blocked, id=19172, stack(0x000000f921100000,0x000000f921200000)]
  0x000002c6f722f5e0 JavaThread "Notification Thread" daemon [_thread_blocked, id=3392, stack(0x000000f921200000,0x000000f921300000)]
  0x000002c6f72ddd20 JavaThread "C2 CompilerThread1" daemon [_thread_blocked, id=12056, stack(0x000000f921400000,0x000000f921500000)]
  0x000002c6f9d71cf0 JavaThread "Daemon health stats" [_thread_blocked, id=22468, stack(0x000000f921b00000,0x000000f921c00000)]
  0x000002c6f89e9780 JavaThread "Incoming local TCP Connector on port 64687" [_thread_in_native, id=12948, stack(0x000000f921c00000,0x000000f921d00000)]
  0x000002c6f9dab080 JavaThread "Daemon periodic checks" [_thread_blocked, id=2552, stack(0x000000f921d00000,0x000000f921e00000)]
  0x000002c6f99f0560 JavaThread "Daemon" [_thread_blocked, id=18564, stack(0x000000f921e00000,0x000000f921f00000)]
  0x000002c6f991fc30 JavaThread "Handler for socket connection from /127.0.0.1:64687 to /127.0.0.1:64688" [_thread_in_native, id=19232, stack(0x000000f921f00000,0x000000f922000000)]
  0x000002c6f8a5a4d0 JavaThread "Cancel handler" [_thread_blocked, id=9048, stack(0x000000f922000000,0x000000f922100000)]
  0x000002c6f8a5a9a0 JavaThread "Daemon worker" [_thread_blocked, id=21452, stack(0x000000f922100000,0x000000f922200000)]
  0x000002c6f78a6f40 JavaThread "Asynchronous log dispatcher for DefaultDaemonConnection: socket connection from /127.0.0.1:64687 to /127.0.0.1:64688" [_thread_blocked, id=3484, stack(0x000000f922200000,0x000000f922300000)]
  0x000002c6f78a78e0 JavaThread "Stdin handler" [_thread_blocked, id=21716, stack(0x000000f922300000,0x000000f922400000)]
  0x000002c6f78a60d0 JavaThread "Daemon client event forwarder" [_thread_blocked, id=23564, stack(0x000000f922400000,0x000000f922500000)]
  0x000002c6f78a65a0 JavaThread "Cache worker for journal cache (C:\Users\hachem safae\.gradle\caches\journal-1)" [_thread_blocked, id=21360, stack(0x000000f922800000,0x000000f922900000)]
  0x000002c6fa1582b0 JavaThread "File lock request listener" [_thread_in_native, id=22176, stack(0x000000f922900000,0x000000f922a00000)]
  0x000002c6fa157de0 JavaThread "Cache worker for file hash cache (C:\Users\hachem safae\.gradle\caches\8.0\fileHashes)" [_thread_blocked, id=11064, stack(0x000000f922a00000,0x000000f922b00000)]
  0x000002c6fa15d480 JavaThread "File watcher server" daemon [_thread_in_native, id=14804, stack(0x000000f922b00000,0x000000f922c00000)]
  0x000002c6fa158c50 JavaThread "File watcher consumer" daemon [_thread_blocked, id=20908, stack(0x000000f922c00000,0x000000f922d00000)]
  0x000002c6fa15a930 JavaThread "Cache worker for checksums cache (D:\App_Android studio\ControleFront\.gradle\8.0\checksums)" [_thread_blocked, id=10436, stack(0x000000f922d00000,0x000000f922e00000)]
  0x000002c6fa159120 JavaThread "Cache worker for cache directory md-rule (C:\Users\hachem safae\.gradle\caches\8.0\md-rule)" [_thread_blocked, id=21924, stack(0x000000f922e00000,0x000000f922f00000)]
  0x000002c6fa156aa0 JavaThread "Cache worker for file content cache (C:\Users\hachem safae\.gradle\caches\8.0\fileContent)" [_thread_blocked, id=4924, stack(0x000000f922f00000,0x000000f923000000)]
  0x000002c6fa156100 JavaThread "Cache worker for file hash cache (D:\App_Android studio\ControleFront\.gradle\8.0\fileHashes)" [_thread_blocked, id=1576, stack(0x000000f923000000,0x000000f923100000)]
  0x000002c6fa1595f0 JavaThread "Cache worker for cache directory md-supplier (C:\Users\hachem safae\.gradle\caches\8.0\md-supplier)" [_thread_blocked, id=22968, stack(0x000000f923100000,0x000000f923200000)]
  0x000002c6fa159f90 JavaThread "Cache worker for execution history cache (C:\Users\hachem safae\.gradle\caches\8.0\executionHistory)" [_thread_blocked, id=2536, stack(0x000000f921500000,0x000000f921600000)]
  0x000002c6fa15ae00 JavaThread "jar transforms" [_thread_blocked, id=21584, stack(0x000000f923200000,0x000000f923300000)]
  0x000002c6fa15b2d0 JavaThread "jar transforms Thread 2" [_thread_blocked, id=19016, stack(0x000000f923400000,0x000000f923500000)]
  0x000002c6fa1565d0 JavaThread "Cache worker for kotlin-dsl (C:\Users\hachem safae\.gradle\caches\8.0\kotlin-dsl)" [_thread_blocked, id=12684, stack(0x000000f923600000,0x000000f923700000)]
  0x000002c6fa15c140 JavaThread "jar transforms Thread 3" [_thread_blocked, id=11856, stack(0x000000f923700000,0x000000f923800000)]
  0x000002c6fa15cfb0 JavaThread "jar transforms Thread 4" [_thread_blocked, id=1424, stack(0x000000f923800000,0x000000f923900000)]
  0x000002c6fa156f70 JavaThread "Cache worker for dependencies-accessors (D:\App_Android studio\ControleFront\.gradle\8.0\dependencies-accessors)" [_thread_blocked, id=18668, stack(0x000000f923900000,0x000000f923a00000)]
  0x000002c6fd1043b0 JavaThread "Cache worker for Build Output Cleanup Cache (D:\App_Android studio\ControleFront\.gradle\buildOutputCleanup)" [_thread_blocked, id=19352, stack(0x000000f923a00000,0x000000f923b00000)]
  0x000002c6fd107d70 JavaThread "jar transforms Thread 5" [_thread_blocked, id=12444, stack(0x000000f923b00000,0x000000f923c00000)]
  0x000002c6fd1056f0 JavaThread "Unconstrained build operations" [_thread_blocked, id=13564, stack(0x000000f923c00000,0x000000f923d00000)]
  0x000002c6fd104d50 JavaThread "Unconstrained build operations Thread 2" [_thread_blocked, id=24524, stack(0x000000f923d00000,0x000000f923e00000)]
  0x000002c6fd1073d0 JavaThread "Unconstrained build operations Thread 3" [_thread_blocked, id=23636, stack(0x000000f923e00000,0x000000f923f00000)]
  0x000002c6fd105bc0 JavaThread "Unconstrained build operations Thread 4" [_thread_blocked, id=12432, stack(0x000000f923f00000,0x000000f924000000)]
  0x000002c6fd105220 JavaThread "Unconstrained build operations Thread 5" [_thread_blocked, id=12808, stack(0x000000f924000000,0x000000f924100000)]
  0x000002c6fd106560 JavaThread "Unconstrained build operations Thread 6" [_thread_blocked, id=17436, stack(0x000000f924100000,0x000000f924200000)]
  0x000002c6fd106090 JavaThread "Unconstrained build operations Thread 7" [_thread_blocked, id=1012, stack(0x000000f924200000,0x000000f924300000)]
  0x000002c6fd106a30 JavaThread "Unconstrained build operations Thread 8" [_thread_blocked, id=19120, stack(0x000000f924300000,0x000000f924400000)]
  0x000002c6fd106f00 JavaThread "Unconstrained build operations Thread 9" [_thread_blocked, id=19696, stack(0x000000f924400000,0x000000f924500000)]
  0x000002c6fd1078a0 JavaThread "Unconstrained build operations Thread 10" [_thread_blocked, id=18832, stack(0x000000f924500000,0x000000f924600000)]
  0x000002c6fc14cef0 JavaThread "Unconstrained build operations Thread 11" [_thread_blocked, id=2568, stack(0x000000f924600000,0x000000f924700000)]
  0x000002c6fc14d3c0 JavaThread "Unconstrained build operations Thread 12" [_thread_blocked, id=1904, stack(0x000000f924700000,0x000000f924800000)]
  0x000002c6fc1503e0 JavaThread "Unconstrained build operations Thread 13" [_thread_blocked, id=22736, stack(0x000000f924800000,0x000000f924900000)]
  0x000002c6fc14b210 JavaThread "Unconstrained build operations Thread 14" [_thread_blocked, id=19752, stack(0x000000f924900000,0x000000f924a00000)]
  0x000002c6fc14f0a0 JavaThread "Unconstrained build operations Thread 15" [_thread_blocked, id=1264, stack(0x000000f924a00000,0x000000f924b00000)]
  0x000002c6fc149ed0 JavaThread "Unconstrained build operations Thread 16" [_thread_blocked, id=9008, stack(0x000000f924b00000,0x000000f924c00000)]
  0x000002c6fc14c550 JavaThread "Unconstrained build operations Thread 17" [_thread_blocked, id=18444, stack(0x000000f924c00000,0x000000f924d00000)]
  0x000002c6fc14e230 JavaThread "Unconstrained build operations Thread 18" [_thread_blocked, id=21980, stack(0x000000f924d00000,0x000000f924e00000)]
  0x000002c6fc14ca20 JavaThread "Unconstrained build operations Thread 19" [_thread_blocked, id=24512, stack(0x000000f924e00000,0x000000f924f00000)]
  0x000002c6fc14ebd0 JavaThread "Unconstrained build operations Thread 20" [_thread_blocked, id=20892, stack(0x000000f924f00000,0x000000f925000000)]
  0x000002c6fc1508b0 JavaThread "Unconstrained build operations Thread 21" [_thread_blocked, id=1868, stack(0x000000f925000000,0x000000f925100000)]
  0x000002c6fc149530 JavaThread "Unconstrained build operations Thread 22" [_thread_blocked, id=12928, stack(0x000000f925100000,0x000000f925200000)]
  0x000002c6fc149060 JavaThread "Unconstrained build operations Thread 23" [_thread_blocked, id=20096, stack(0x000000f925200000,0x000000f925300000)]
  0x000002c6fc14a870 JavaThread "Unconstrained build operations Thread 24" [_thread_blocked, id=9788, stack(0x000000f925300000,0x000000f925400000)]
  0x000002c6fc14a3a0 JavaThread "Unconstrained build operations Thread 25" [_thread_blocked, id=6964, stack(0x000000f925400000,0x000000f925500000)]
  0x000002c6fc14dd60 JavaThread "Unconstrained build operations Thread 26" [_thread_blocked, id=11712, stack(0x000000f925500000,0x000000f925600000)]
  0x000002c6fc149a00 JavaThread "Unconstrained build operations Thread 27" [_thread_blocked, id=19844, stack(0x000000f925600000,0x000000f925700000)]
  0x000002c6fc14d890 JavaThread "Unconstrained build operations Thread 28" [_thread_blocked, id=8796, stack(0x000000f925700000,0x000000f925800000)]
  0x000002c6fc14fa40 JavaThread "Unconstrained build operations Thread 29" [_thread_blocked, id=19972, stack(0x000000f925800000,0x000000f925900000)]
  0x000002c6fc14ff10 JavaThread "Unconstrained build operations Thread 30" [_thread_blocked, id=6620, stack(0x000000f925900000,0x000000f925a00000)]
  0x000002c6fc14e700 JavaThread "Unconstrained build operations Thread 31" [_thread_blocked, id=3860, stack(0x000000f925a00000,0x000000f925b00000)]
  0x000002c6fc14b6e0 JavaThread "Unconstrained build operations Thread 32" [_thread_blocked, id=7368, stack(0x000000f925b00000,0x000000f925c00000)]
  0x000002c6fc14c080 JavaThread "Unconstrained build operations Thread 33" [_thread_blocked, id=24556, stack(0x000000f925c00000,0x000000f925d00000)]
  0x000002c6fc14f570 JavaThread "Unconstrained build operations Thread 34" [_thread_blocked, id=17512, stack(0x000000f925d00000,0x000000f925e00000)]
  0x000002c6fc14ad40 JavaThread "Unconstrained build operations Thread 35" [_thread_blocked, id=16868, stack(0x000000f925e00000,0x000000f925f00000)]
  0x000002c6fc14bbb0 JavaThread "Unconstrained build operations Thread 36" [_thread_blocked, id=22108, stack(0x000000f925f00000,0x000000f926000000)]
  0x000002c6fca88ac0 JavaThread "Unconstrained build operations Thread 37" [_thread_blocked, id=7224, stack(0x000000f926000000,0x000000f926100000)]
  0x000002c6fca825b0 JavaThread "Unconstrained build operations Thread 38" [_thread_blocked, id=5680, stack(0x000000f926100000,0x000000f926200000)]
  0x000002c6fca83dc0 JavaThread "Unconstrained build operations Thread 39" [_thread_blocked, id=18868, stack(0x000000f926200000,0x000000f926300000)]
  0x000002c6fca82a80 JavaThread "Unconstrained build operations Thread 40" [_thread_blocked, id=4852, stack(0x000000f926300000,0x000000f926400000)]
  0x000002c6fca87780 JavaThread "Unconstrained build operations Thread 41" [_thread_blocked, id=8760, stack(0x000000f926400000,0x000000f926500000)]
  0x000002c6fca84290 JavaThread "Unconstrained build operations Thread 42" [_thread_blocked, id=16656, stack(0x000000f926500000,0x000000f926600000)]
  0x000002c6fca85aa0 JavaThread "Unconstrained build operations Thread 43" [_thread_blocked, id=22788, stack(0x000000f926600000,0x000000f926700000)]
  0x000002c6fca88120 JavaThread "Unconstrained build operations Thread 44" [_thread_blocked, id=21580, stack(0x000000f926700000,0x000000f926800000)]
  0x000002c6fca85f70 JavaThread "Unconstrained build operations Thread 45" [_thread_blocked, id=16212, stack(0x000000f926800000,0x000000f926900000)]
  0x000002c6fca855d0 JavaThread "Unconstrained build operations Thread 46" [_thread_blocked, id=7624, stack(0x000000f926900000,0x000000f926a00000)]
  0x000002c6fca838f0 JavaThread "Unconstrained build operations Thread 47" [_thread_blocked, id=2736, stack(0x000000f926a00000,0x000000f926b00000)]
  0x000002c6fca84760 JavaThread "Unconstrained build operations Thread 48" [_thread_blocked, id=18496, stack(0x000000f926b00000,0x000000f926c00000)]
  0x000002c6fca89460 JavaThread "Unconstrained build operations Thread 49" [_thread_blocked, id=20472, stack(0x000000f926c00000,0x000000f926d00000)]
  0x000002c6fca82f50 JavaThread "Unconstrained build operations Thread 50" [_thread_blocked, id=9308, stack(0x000000f926d00000,0x000000f926e00000)]
  0x000002c6fca885f0 JavaThread "Unconstrained build operations Thread 51" [_thread_blocked, id=12792, stack(0x000000f926e00000,0x000000f926f00000)]
  0x000002c6fca88f90 JavaThread "Unconstrained build operations Thread 52" [_thread_blocked, id=4360, stack(0x000000f926f00000,0x000000f927000000)]
  0x000002c6fca820e0 JavaThread "Unconstrained build operations Thread 53" [_thread_blocked, id=17600, stack(0x000000f927000000,0x000000f927100000)]
  0x000002c6fca81c10 JavaThread "Unconstrained build operations Thread 54" [_thread_blocked, id=16752, stack(0x000000f927100000,0x000000f927200000)]
  0x000002c6fca86440 JavaThread "Unconstrained build operations Thread 55" [_thread_blocked, id=23956, stack(0x000000f927200000,0x000000f927300000)]
  0x000002c6fca87c50 JavaThread "Unconstrained build operations Thread 56" [_thread_blocked, id=20504, stack(0x000000f927300000,0x000000f927400000)]
  0x000002c6fca84c30 JavaThread "Unconstrained build operations Thread 57" [_thread_blocked, id=12568, stack(0x000000f927400000,0x000000f927500000)]
  0x000002c6fca86910 JavaThread "Unconstrained build operations Thread 58" [_thread_blocked, id=9412, stack(0x000000f927500000,0x000000f927600000)]
  0x000002c6fca83420 JavaThread "Unconstrained build operations Thread 59" [_thread_blocked, id=23892, stack(0x000000f927600000,0x000000f927700000)]
  0x000002c6fca85100 JavaThread "Unconstrained build operations Thread 60" [_thread_blocked, id=18472, stack(0x000000f927700000,0x000000f927800000)]
  0x000002c6fca86de0 JavaThread "Unconstrained build operations Thread 61" [_thread_blocked, id=5148, stack(0x000000f927800000,0x000000f927900000)]
  0x000002c6fca872b0 JavaThread "Unconstrained build operations Thread 62" [_thread_blocked, id=7404, stack(0x000000f927900000,0x000000f927a00000)]
  0x000002c6fddb65d0 JavaThread "Unconstrained build operations Thread 63" [_thread_blocked, id=17284, stack(0x000000f927a00000,0x000000f927b00000)]
  0x000002c6fddb3a80 JavaThread "Unconstrained build operations Thread 64" [_thread_blocked, id=672, stack(0x000000f927b00000,0x000000f927c00000)]
  0x000002c6fddb8780 JavaThread "Unconstrained build operations Thread 65" [_thread_blocked, id=10680, stack(0x000000f927c00000,0x000000f927d00000)]
  0x000002c6fddb2740 JavaThread "Unconstrained build operations Thread 66" [_thread_blocked, id=5852, stack(0x000000f927d00000,0x000000f927e00000)]
  0x000002c6fddb3f50 JavaThread "Unconstrained build operations Thread 67" [_thread_blocked, id=9620, stack(0x000000f927e00000,0x000000f927f00000)]
  0x000002c6fddb82b0 JavaThread "Unconstrained build operations Thread 68" [_thread_blocked, id=3628, stack(0x000000f927f00000,0x000000f928000000)]
  0x000002c6fddb4420 JavaThread "Unconstrained build operations Thread 69" [_thread_blocked, id=716, stack(0x000000f928000000,0x000000f928100000)]
  0x000002c6fddb4dc0 JavaThread "Unconstrained build operations Thread 70" [_thread_blocked, id=21832, stack(0x000000f928100000,0x000000f928200000)]
  0x000002c6fddb48f0 JavaThread "Unconstrained build operations Thread 71" [_thread_blocked, id=20292, stack(0x000000f928200000,0x000000f928300000)]
  0x000002c6fddb5760 JavaThread "Unconstrained build operations Thread 72" [_thread_blocked, id=10504, stack(0x000000f928300000,0x000000f928400000)]
  0x000002c6fddb0f30 JavaThread "Unconstrained build operations Thread 73" [_thread_blocked, id=23512, stack(0x000000f928400000,0x000000f928500000)]
  0x000002c6fddb5c30 JavaThread "Unconstrained build operations Thread 74" [_thread_blocked, id=24308, stack(0x000000f928500000,0x000000f928600000)]
  0x000002c6fddb5290 JavaThread "Unconstrained build operations Thread 75" [_thread_blocked, id=12120, stack(0x000000f928600000,0x000000f928700000)]
  0x000002c6fddb6100 JavaThread "Unconstrained build operations Thread 76" [_thread_blocked, id=16324, stack(0x000000f928700000,0x000000f928800000)]
  0x000002c6fddb7440 JavaThread "Unconstrained build operations Thread 77" [_thread_blocked, id=14356, stack(0x000000f928800000,0x000000f928900000)]
  0x000002c6fddb6aa0 JavaThread "Unconstrained build operations Thread 78" [_thread_blocked, id=1584, stack(0x000000f928900000,0x000000f928a00000)]
  0x000002c6fddb6f70 JavaThread "Unconstrained build operations Thread 79" [_thread_blocked, id=23660, stack(0x000000f928a00000,0x000000f928b00000)]
  0x000002c6fddb2c10 JavaThread "Unconstrained build operations Thread 80" [_thread_blocked, id=12904, stack(0x000000f928b00000,0x000000f928c00000)]
  0x000002c6fddb7910 JavaThread "jar transforms Thread 6" [_thread_blocked, id=21896, stack(0x000000f928c00000,0x000000f928d00000)]
  0x000002c6fddb18d0 JavaThread "jar transforms Thread 7" [_thread_blocked, id=5792, stack(0x000000f928d00000,0x000000f928e00000)]
  0x000002c6fddb7de0 JavaThread "jar transforms Thread 8" [_thread_blocked, id=14820, stack(0x000000f928e00000,0x000000f928f00000)]
  0x000002c6fddb2270 JavaThread "build event listener" [_thread_blocked, id=5572, stack(0x000000f928f00000,0x000000f929000000)]
  0x000002c6fddb30e0 JavaThread "Memory manager" [_thread_blocked, id=15824, stack(0x000000f929000000,0x000000f929100000)]
  0x000002c680d50e40 JavaThread "C2 CompilerThread2" daemon [_thread_in_native, id=13612, stack(0x000000f923300000,0x000000f923400000)]

Other Threads:
=>0x000002c6f644ea90 VMThread "VM Thread" [stack: 0x000000f920700000,0x000000f920800000] [id=23972]
  0x000002c6dc644fb0 WatcherThread [stack: 0x000000f921300000,0x000000f921400000] [id=19916]
  0x000002c6dc628280 GCTaskThread "GC Thread#0" [stack: 0x000000f920200000,0x000000f920300000] [id=4312]
  0x000002c6f7af1b10 GCTaskThread "GC Thread#1" [stack: 0x000000f921600000,0x000000f921700000] [id=4920]
  0x000002c6f7af1dc0 GCTaskThread "GC Thread#2" [stack: 0x000000f921700000,0x000000f921800000] [id=23572]
  0x000002c6f7f43ea0 GCTaskThread "GC Thread#3" [stack: 0x000000f921800000,0x000000f921900000] [id=23820]
  0x000002c6f7f44150 GCTaskThread "GC Thread#4" [stack: 0x000000f921900000,0x000000f921a00000] [id=6840]
  0x000002c6f7f44400 GCTaskThread "GC Thread#5" [stack: 0x000000f921a00000,0x000000f921b00000] [id=7628]
  0x000002c6f99f1a00 GCTaskThread "GC Thread#6" [stack: 0x000000f922500000,0x000000f922600000] [id=1172]
  0x000002c6f99f0a30 GCTaskThread "GC Thread#7" [stack: 0x000000f922600000,0x000000f922700000] [id=22936]
  0x000002c6dc6391c0 ConcurrentGCThread "G1 Main Marker" [stack: 0x000000f920300000,0x000000f920400000] [id=20620]
  0x000002c6dc639bd0 ConcurrentGCThread "G1 Conc#0" [stack: 0x000000f920400000,0x000000f920500000] [id=24004]
  0x000002c6f970ba90 ConcurrentGCThread "G1 Conc#1" [stack: 0x000000f922700000,0x000000f922800000] [id=12036]
  0x000002c6f62da5b0 ConcurrentGCThread "G1 Refine#0" [stack: 0x000000f920500000,0x000000f920600000] [id=11852]
  0x000002c6fc8a5330 ConcurrentGCThread "G1 Refine#1" [stack: 0x000000f923500000,0x000000f923600000] [id=23308]
  0x000002c6f62dade0 ConcurrentGCThread "G1 Service" [stack: 0x000000f920600000,0x000000f920700000] [id=18488]

Threads with active compile tasks:
C2 CompilerThread0    11103 8771       4       java.lang.Class::getMethodsRecursive (99 bytes)
C2 CompilerThread1    11103 8792       4       java.lang.reflect.Method::getGenericReturnType (20 bytes)
C2 CompilerThread2    11104 8520       4       org.gradle.internal.instantiation.generator.AbstractClassGenerator::inspectType (560 bytes)

VM state: at safepoint (normal execution)

VM Mutex/Monitor currently owned by a thread:  ([mutex/lock_event])
[0x000002c6dc5c75d0] Threads_lock - owner thread: 0x000002c6f644ea90
[0x000002c6dc5c6f10] Heap_lock - owner thread: 0x000002c6f8a5a9a0

Heap address: 0x0000000080000000, size: 2048 MB, Compressed Oops mode: 32-bit

CDS archive(s) not mapped
Compressed class space mapped at: 0x0000000100000000-0x0000000140000000, reserved size: 1073741824
Narrow klass base: 0x0000000000000000, Narrow klass shift: 3, Narrow klass range: 0x140000000

GC Precious Log:
 CPUs: 8 total, 8 available
 Memory: 16194M
 Large Page Support: Disabled
 NUMA Support: Disabled
 Compressed Oops: Enabled (32-bit)
 Heap Region Size: 1M
 Heap Min Capacity: 8M
 Heap Initial Capacity: 254M
 Heap Max Capacity: 2G
 Pre-touch: Disabled
 Parallel Workers: 8
 Concurrent Workers: 2
 Concurrent Refinement Workers: 8
 Periodic GC: Disabled

Heap:
 garbage-first heap   total 125952K, used 67355K [0x0000000080000000, 0x0000000100000000)
  region size 1024K, 4 young (4096K), 4 survivors (4096K)
 Metaspace       used 87787K, committed 88384K, reserved 1130496K
  class space    used 11998K, committed 12288K, reserved 1048576K

Heap Regions: E=young(eden), S=young(survivor), O=old, HS=humongous(starts), HC=humongous(continues), CS=collection set, F=free, OA=open archive, CA=closed archive, TAMS=top-at-mark-start (previous, next)
|   0|0x0000000080000000, 0x0000000080100000, 0x0000000080100000|100%|HS|  |TAMS 0x0000000080100000, 0x0000000080100000| Complete 
|   1|0x0000000080100000, 0x0000000080200000, 0x0000000080200000|100%|HC|  |TAMS 0x0000000080200000, 0x0000000080200000| Complete 
|   2|0x0000000080200000, 0x0000000080300000, 0x0000000080300000|100%|HC|  |TAMS 0x0000000080300000, 0x0000000080300000| Complete 
|   3|0x0000000080300000, 0x0000000080400000, 0x0000000080400000|100%|HC|  |TAMS 0x0000000080400000, 0x0000000080400000| Complete 
|   4|0x0000000080400000, 0x0000000080500000, 0x0000000080500000|100%| O|  |TAMS 0x0000000080500000, 0x0000000080500000| Untracked 
|   5|0x0000000080500000, 0x0000000080600000, 0x0000000080600000|100%| O|  |TAMS 0x0000000080600000, 0x0000000080600000| Untracked 
|   6|0x0000000080600000, 0x0000000080700000, 0x0000000080700000|100%| O|  |TAMS 0x0000000080700000, 0x0000000080700000| Untracked 
|   7|0x0000000080700000, 0x0000000080800000, 0x0000000080800000|100%| O|  |TAMS 0x0000000080800000, 0x0000000080800000| Untracked 
|   8|0x0000000080800000, 0x0000000080900000, 0x0000000080900000|100%| O|  |TAMS 0x0000000080900000, 0x0000000080900000| Untracked 
|   9|0x0000000080900000, 0x0000000080a00000, 0x0000000080a00000|100%| O|  |TAMS 0x0000000080a00000, 0x0000000080a00000| Untracked 
|  10|0x0000000080a00000, 0x0000000080adc000, 0x0000000080b00000| 85%| O|  |TAMS 0x0000000080adc000, 0x0000000080adc000| Untracked 
|  11|0x0000000080b00000, 0x0000000080c00000, 0x0000000080c00000|100%| O|  |TAMS 0x0000000080c00000, 0x0000000080c00000| Untracked 
|  12|0x0000000080c00000, 0x0000000080d00000, 0x0000000080d00000|100%| O|  |TAMS 0x0000000080d00000, 0x0000000080d00000| Untracked 
|  13|0x0000000080d00000, 0x0000000080e00000, 0x0000000080e00000|100%| O|  |TAMS 0x0000000080e00000, 0x0000000080e00000| Untracked 
|  14|0x0000000080e00000, 0x0000000080f00000, 0x0000000080f00000|100%| O|  |TAMS 0x0000000080f00000, 0x0000000080f00000| Untracked 
|  15|0x0000000080f00000, 0x0000000081000000, 0x0000000081000000|100%| O|  |TAMS 0x0000000081000000, 0x0000000081000000| Untracked 
|  16|0x0000000081000000, 0x0000000081100000, 0x0000000081100000|100%| O|  |TAMS 0x0000000081100000, 0x0000000081100000| Untracked 
|  17|0x0000000081100000, 0x0000000081200000, 0x0000000081200000|100%| O|  |TAMS 0x0000000081200000, 0x0000000081200000| Untracked 
|  18|0x0000000081200000, 0x0000000081300000, 0x0000000081300000|100%| O|  |TAMS 0x0000000081300000, 0x0000000081300000| Untracked 
|  19|0x0000000081300000, 0x0000000081400000, 0x0000000081400000|100%| O|  |TAMS 0x0000000081400000, 0x0000000081400000| Untracked 
|  20|0x0000000081400000, 0x0000000081500000, 0x0000000081500000|100%| O|  |TAMS 0x0000000081500000, 0x0000000081500000| Untracked 
|  21|0x0000000081500000, 0x0000000081600000, 0x0000000081600000|100%| O|  |TAMS 0x0000000081600000, 0x0000000081600000| Untracked 
|  22|0x0000000081600000, 0x0000000081700000, 0x0000000081700000|100%| O|  |TAMS 0x0000000081700000, 0x0000000081700000| Untracked 
|  23|0x0000000081700000, 0x0000000081800000, 0x0000000081800000|100%| O|  |TAMS 0x0000000081800000, 0x0000000081800000| Untracked 
|  24|0x0000000081800000, 0x0000000081900000, 0x0000000081900000|100%| O|  |TAMS 0x0000000081900000, 0x0000000081900000| Untracked 
|  25|0x0000000081900000, 0x0000000081a00000, 0x0000000081a00000|100%| O|  |TAMS 0x0000000081a00000, 0x0000000081a00000| Untracked 
|  26|0x0000000081a00000, 0x0000000081b00000, 0x0000000081b00000|100%| O|  |TAMS 0x0000000081b00000, 0x0000000081b00000| Untracked 
|  27|0x0000000081b00000, 0x0000000081c00000, 0x0000000081c00000|100%| O|  |TAMS 0x0000000081c00000, 0x0000000081c00000| Untracked 
|  28|0x0000000081c00000, 0x0000000081d00000, 0x0000000081d00000|100%| O|  |TAMS 0x0000000081d00000, 0x0000000081d00000| Untracked 
|  29|0x0000000081d00000, 0x0000000081e00000, 0x0000000081e00000|100%| O|  |TAMS 0x0000000081e00000, 0x0000000081e00000| Untracked 
|  30|0x0000000081e00000, 0x0000000081f00000, 0x0000000081f00000|100%| O|  |TAMS 0x0000000081f00000, 0x0000000081f00000| Untracked 
|  31|0x0000000081f00000, 0x0000000082000000, 0x0000000082000000|100%|HS|  |TAMS 0x0000000082000000, 0x0000000082000000| Complete 
|  32|0x0000000082000000, 0x0000000082100000, 0x0000000082100000|100%|HS|  |TAMS 0x0000000082100000, 0x0000000082100000| Complete 
|  33|0x0000000082100000, 0x0000000082200000, 0x0000000082200000|100%|HS|  |TAMS 0x0000000082200000, 0x0000000082200000| Complete 
|  34|0x0000000082200000, 0x0000000082300000, 0x0000000082300000|100%| O|  |TAMS 0x0000000082300000, 0x0000000082300000| Untracked 
|  35|0x0000000082300000, 0x0000000082400000, 0x0000000082400000|100%| O|  |TAMS 0x0000000082400000, 0x0000000082400000| Untracked 
|  36|0x0000000082400000, 0x0000000082500000, 0x0000000082500000|100%| O|  |TAMS 0x0000000082500000, 0x0000000082500000| Untracked 
|  37|0x0000000082500000, 0x0000000082600000, 0x0000000082600000|100%| O|  |TAMS 0x0000000082600000, 0x0000000082600000| Untracked 
|  38|0x0000000082600000, 0x0000000082700000, 0x0000000082700000|100%| O|  |TAMS 0x0000000082700000, 0x0000000082700000| Untracked 
|  39|0x0000000082700000, 0x0000000082800000, 0x0000000082800000|100%| O|  |TAMS 0x0000000082800000, 0x0000000082800000| Untracked 
|  40|0x0000000082800000, 0x0000000082900000, 0x0000000082900000|100%| O|  |TAMS 0x0000000082900000, 0x0000000082900000| Untracked 
|  41|0x0000000082900000, 0x0000000082a00000, 0x0000000082a00000|100%| O|  |TAMS 0x0000000082a00000, 0x0000000082a00000| Untracked 
|  42|0x0000000082a00000, 0x0000000082b00000, 0x0000000082b00000|100%| O|  |TAMS 0x0000000082b00000, 0x0000000082b00000| Untracked 
|  43|0x0000000082b00000, 0x0000000082c00000, 0x0000000082c00000|100%| O|  |TAMS 0x0000000082c00000, 0x0000000082c00000| Untracked 
|  44|0x0000000082c00000, 0x0000000082c00000, 0x0000000082d00000|  0%| F|  |TAMS 0x0000000082c00000, 0x0000000082c00000| Untracked 
|  45|0x0000000082d00000, 0x0000000082e00000, 0x0000000082e00000|100%| O|  |TAMS 0x0000000082e00000, 0x0000000082e00000| Untracked 
|  46|0x0000000082e00000, 0x0000000082f00000, 0x0000000082f00000|100%| O|  |TAMS 0x0000000082f00000, 0x0000000082f00000| Untracked 
|  47|0x0000000082f00000, 0x0000000083000000, 0x0000000083000000|100%| O|  |TAMS 0x0000000082f00000, 0x0000000083000000| Untracked 
|  48|0x0000000083000000, 0x0000000083100000, 0x0000000083100000|100%| O|  |TAMS 0x0000000083100000, 0x0000000083100000| Untracked 
|  49|0x0000000083100000, 0x0000000083200000, 0x0000000083200000|100%| O|  |TAMS 0x0000000083200000, 0x0000000083200000| Untracked 
|  50|0x0000000083200000, 0x0000000083300000, 0x0000000083300000|100%| O|  |TAMS 0x0000000083300000, 0x0000000083300000| Untracked 
|  51|0x0000000083300000, 0x0000000083400000, 0x0000000083400000|100%| O|  |TAMS 0x0000000083400000, 0x0000000083400000| Untracked 
|  52|0x0000000083400000, 0x0000000083500000, 0x0000000083500000|100%| O|  |TAMS 0x0000000083500000, 0x0000000083500000| Untracked 
|  53|0x0000000083500000, 0x0000000083600000, 0x0000000083600000|100%| O|  |TAMS 0x0000000083600000, 0x0000000083600000| Untracked 
|  54|0x0000000083600000, 0x0000000083700000, 0x0000000083700000|100%| O|  |TAMS 0x0000000083700000, 0x0000000083700000| Untracked 
|  55|0x0000000083700000, 0x0000000083800000, 0x0000000083800000|100%| O|  |TAMS 0x0000000083800000, 0x0000000083800000| Untracked 
|  56|0x0000000083800000, 0x0000000083900000, 0x0000000083900000|100%| O|  |TAMS 0x00000000838e9200, 0x0000000083900000| Untracked 
|  57|0x0000000083900000, 0x0000000083a00000, 0x0000000083a00000|100%| O|  |TAMS 0x0000000083900000, 0x0000000083a00000| Untracked 
|  58|0x0000000083a00000, 0x0000000083b00000, 0x0000000083b00000|100%| O|  |TAMS 0x0000000083a00000, 0x0000000083b00000| Untracked 
|  59|0x0000000083b00000, 0x0000000083c00000, 0x0000000083c00000|100%| O|  |TAMS 0x0000000083b00000, 0x0000000083c00000| Untracked 
|  60|0x0000000083c00000, 0x0000000083d00000, 0x0000000083d00000|100%| O|  |TAMS 0x0000000083c00000, 0x0000000083d00000| Untracked 
|  61|0x0000000083d00000, 0x0000000083e00000, 0x0000000083e00000|100%| O|  |TAMS 0x0000000083d00000, 0x0000000083e00000| Untracked 
|  62|0x0000000083e00000, 0x0000000083eeb800, 0x0000000083f00000| 91%| O|  |TAMS 0x0000000083e00000, 0x0000000083eeb800| Untracked 
|  63|0x0000000083f00000, 0x0000000083f00000, 0x0000000084000000|  0%| F|  |TAMS 0x0000000083f00000, 0x0000000083f00000| Untracked 
|  64|0x0000000084000000, 0x0000000084000000, 0x0000000084100000|  0%| F|  |TAMS 0x0000000084000000, 0x0000000084000000| Untracked 
|  65|0x0000000084100000, 0x0000000084100000, 0x0000000084200000|  0%| F|  |TAMS 0x0000000084100000, 0x0000000084100000| Untracked 
|  66|0x0000000084200000, 0x0000000084200000, 0x0000000084300000|  0%| F|  |TAMS 0x0000000084200000, 0x0000000084200000| Untracked 
|  67|0x0000000084300000, 0x0000000084300000, 0x0000000084400000|  0%| F|  |TAMS 0x0000000084300000, 0x0000000084300000| Untracked 
|  68|0x0000000084400000, 0x0000000084400000, 0x0000000084500000|  0%| F|  |TAMS 0x0000000084400000, 0x0000000084400000| Untracked 
|  69|0x0000000084500000, 0x0000000084500000, 0x0000000084600000|  0%| F|  |TAMS 0x0000000084500000, 0x0000000084500000| Untracked 
|  70|0x0000000084600000, 0x0000000084600000, 0x0000000084700000|  0%| F|  |TAMS 0x0000000084600000, 0x0000000084600000| Untracked 
|  71|0x0000000084700000, 0x0000000084700000, 0x0000000084800000|  0%| F|  |TAMS 0x0000000084700000, 0x0000000084700000| Untracked 
|  72|0x0000000084800000, 0x0000000084800000, 0x0000000084900000|  0%| F|  |TAMS 0x0000000084800000, 0x0000000084800000| Untracked 
|  73|0x0000000084900000, 0x0000000084900000, 0x0000000084a00000|  0%| F|  |TAMS 0x0000000084900000, 0x0000000084900000| Untracked 
|  74|0x0000000084a00000, 0x0000000084a00000, 0x0000000084b00000|  0%| F|  |TAMS 0x0000000084a00000, 0x0000000084a00000| Untracked 
|  75|0x0000000084b00000, 0x0000000084b00000, 0x0000000084c00000|  0%| F|  |TAMS 0x0000000084b00000, 0x0000000084b00000| Untracked 
|  76|0x0000000084c00000, 0x0000000084c00000, 0x0000000084d00000|  0%| F|  |TAMS 0x0000000084c00000, 0x0000000084c00000| Untracked 
|  77|0x0000000084d00000, 0x0000000084d00000, 0x0000000084e00000|  0%| F|  |TAMS 0x0000000084d00000, 0x0000000084d00000| Untracked 
|  78|0x0000000084e00000, 0x0000000084e00000, 0x0000000084f00000|  0%| F|  |TAMS 0x0000000084e00000, 0x0000000084e00000| Untracked 
|  79|0x0000000084f00000, 0x0000000084f00000, 0x0000000085000000|  0%| F|  |TAMS 0x0000000084f00000, 0x0000000084f00000| Untracked 
|  80|0x0000000085000000, 0x0000000085000000, 0x0000000085100000|  0%| F|  |TAMS 0x0000000085000000, 0x0000000085000000| Untracked 
|  81|0x0000000085100000, 0x0000000085100000, 0x0000000085200000|  0%| F|  |TAMS 0x0000000085100000, 0x0000000085100000| Untracked 
|  82|0x0000000085200000, 0x0000000085200000, 0x0000000085300000|  0%| F|  |TAMS 0x0000000085200000, 0x0000000085200000| Untracked 
|  83|0x0000000085300000, 0x00000000853ff7e0, 0x0000000085400000| 99%| S|CS|TAMS 0x0000000085300000, 0x0000000085300000| Complete 
|  84|0x0000000085400000, 0x0000000085500000, 0x0000000085500000|100%| S|CS|TAMS 0x0000000085400000, 0x0000000085400000| Complete 
|  85|0x0000000085500000, 0x0000000085600000, 0x0000000085600000|100%| S|CS|TAMS 0x0000000085500000, 0x0000000085500000| Complete 
|  86|0x0000000085600000, 0x0000000085700000, 0x0000000085700000|100%| S|CS|TAMS 0x0000000085600000, 0x0000000085600000| Complete 
|  87|0x0000000085700000, 0x0000000085700000, 0x0000000085800000|  0%| F|  |TAMS 0x0000000085700000, 0x0000000085700000| Untracked 
|  88|0x0000000085800000, 0x0000000085800000, 0x0000000085900000|  0%| F|  |TAMS 0x0000000085800000, 0x0000000085800000| Untracked 
|  89|0x0000000085900000, 0x0000000085900000, 0x0000000085a00000|  0%| F|  |TAMS 0x0000000085900000, 0x0000000085900000| Untracked 
|  90|0x0000000085a00000, 0x0000000085a00000, 0x0000000085b00000|  0%| F|  |TAMS 0x0000000085a00000, 0x0000000085a00000| Untracked 
|  91|0x0000000085b00000, 0x0000000085b00000, 0x0000000085c00000|  0%| F|  |TAMS 0x0000000085b00000, 0x0000000085b00000| Untracked 
|  92|0x0000000085c00000, 0x0000000085c00000, 0x0000000085d00000|  0%| F|  |TAMS 0x0000000085c00000, 0x0000000085c00000| Untracked 
|  93|0x0000000085d00000, 0x0000000085d00000, 0x0000000085e00000|  0%| F|  |TAMS 0x0000000085d00000, 0x0000000085d00000| Untracked 
|  94|0x0000000085e00000, 0x0000000085e00000, 0x0000000085f00000|  0%| F|  |TAMS 0x0000000085e00000, 0x0000000085e00000| Untracked 
|  95|0x0000000085f00000, 0x0000000085f00000, 0x0000000086000000|  0%| F|  |TAMS 0x0000000085f00000, 0x0000000085f00000| Untracked 
|  96|0x0000000086000000, 0x0000000086000000, 0x0000000086100000|  0%| F|  |TAMS 0x0000000086000000, 0x0000000086000000| Untracked 
|  97|0x0000000086100000, 0x0000000086100000, 0x0000000086200000|  0%| F|  |TAMS 0x0000000086100000, 0x0000000086100000| Untracked 
|  98|0x0000000086200000, 0x0000000086200000, 0x0000000086300000|  0%| F|  |TAMS 0x0000000086200000, 0x0000000086200000| Untracked 
|  99|0x0000000086300000, 0x0000000086300000, 0x0000000086400000|  0%| F|  |TAMS 0x0000000086300000, 0x0000000086300000| Untracked 
| 100|0x0000000086400000, 0x0000000086400000, 0x0000000086500000|  0%| F|  |TAMS 0x0000000086400000, 0x0000000086400000| Untracked 
| 101|0x0000000086500000, 0x0000000086500000, 0x0000000086600000|  0%| F|  |TAMS 0x0000000086500000, 0x0000000086500000| Untracked 
| 102|0x0000000086600000, 0x0000000086600000, 0x0000000086700000|  0%| F|  |TAMS 0x0000000086600000, 0x0000000086600000| Untracked 
| 103|0x0000000086700000, 0x0000000086700000, 0x0000000086800000|  0%| F|  |TAMS 0x0000000086700000, 0x0000000086700000| Untracked 
| 104|0x0000000086800000, 0x0000000086800000, 0x0000000086900000|  0%| F|  |TAMS 0x0000000086800000, 0x0000000086800000| Untracked 
| 105|0x0000000086900000, 0x0000000086900000, 0x0000000086a00000|  0%| F|  |TAMS 0x0000000086900000, 0x0000000086900000| Untracked 
| 106|0x0000000086a00000, 0x0000000086a00000, 0x0000000086b00000|  0%| F|  |TAMS 0x0000000086a00000, 0x0000000086a00000| Untracked 
| 107|0x0000000086b00000, 0x0000000086b00000, 0x0000000086c00000|  0%| F|  |TAMS 0x0000000086b00000, 0x0000000086b00000| Untracked 
| 108|0x0000000086c00000, 0x0000000086c00000, 0x0000000086d00000|  0%| F|  |TAMS 0x0000000086c00000, 0x0000000086c00000| Untracked 
| 109|0x0000000086d00000, 0x0000000086d00000, 0x0000000086e00000|  0%| F|  |TAMS 0x0000000086d00000, 0x0000000086d00000| Untracked 
| 110|0x0000000086e00000, 0x0000000086e00000, 0x0000000086f00000|  0%| F|  |TAMS 0x0000000086e00000, 0x0000000086e00000| Untracked 
| 111|0x0000000086f00000, 0x0000000086f00000, 0x0000000087000000|  0%| F|  |TAMS 0x0000000086f00000, 0x0000000086f00000| Untracked 
| 112|0x0000000087000000, 0x0000000087000000, 0x0000000087100000|  0%| F|  |TAMS 0x0000000087000000, 0x0000000087000000| Untracked 
| 202|0x000000008ca00000, 0x000000008ca00000, 0x000000008cb00000|  0%| F|  |TAMS 0x000000008ca00000, 0x000000008ca00000| Untracked 
| 203|0x000000008cb00000, 0x000000008cb00000, 0x000000008cc00000|  0%| F|  |TAMS 0x000000008cb00000, 0x000000008cb00000| Untracked 
| 204|0x000000008cc00000, 0x000000008cc00000, 0x000000008cd00000|  0%| F|  |TAMS 0x000000008cc00000, 0x000000008cc00000| Untracked 
| 205|0x000000008cd00000, 0x000000008cd00000, 0x000000008ce00000|  0%| F|  |TAMS 0x000000008cd00000, 0x000000008cd00000| Untracked 
| 206|0x000000008ce00000, 0x000000008ce00000, 0x000000008cf00000|  0%| F|  |TAMS 0x000000008ce00000, 0x000000008ce00000| Untracked 
| 207|0x000000008cf00000, 0x000000008cf00000, 0x000000008d000000|  0%| F|  |TAMS 0x000000008cf00000, 0x000000008cf00000| Untracked 
| 208|0x000000008d000000, 0x000000008d000000, 0x000000008d100000|  0%| F|  |TAMS 0x000000008d000000, 0x000000008d000000| Untracked 
| 209|0x000000008d100000, 0x000000008d100000, 0x000000008d200000|  0%| F|  |TAMS 0x000000008d100000, 0x000000008d100000| Untracked 
| 210|0x000000008d200000, 0x000000008d200000, 0x000000008d300000|  0%| F|  |TAMS 0x000000008d200000, 0x000000008d200000| Untracked 
| 253|0x000000008fd00000, 0x000000008fd00000, 0x000000008fe00000|  0%| F|  |TAMS 0x000000008fd00000, 0x000000008fd00000| Untracked 

Card table byte_map: [0x000002c6ef1c0000,0x000002c6ef5c0000] _byte_map_base: 0x000002c6eedc0000

Marking Bits (Prev, Next): (CMBitMap*) 0x000002c6dc6288d0, (CMBitMap*) 0x000002c6dc628890
 Prev Bits: [0x000002c6f19c0000, 0x000002c6f39c0000)
 Next Bits: [0x000002c6ef9c0000, 0x000002c6f19c0000)

Polling page: 0x000002c6dbd90000

Metaspace:

Usage:
  Non-class:     74.01 MB used.
      Class:     11.72 MB used.
       Both:     85.73 MB used.

Virtual space:
  Non-class space:       80.00 MB reserved,      74.31 MB ( 93%) committed,  10 nodes.
      Class space:        1.00 GB reserved,      12.00 MB (  1%) committed,  1 nodes.
             Both:        1.08 GB reserved,      86.31 MB (  8%) committed. 

Chunk freelists:
   Non-Class:  1.27 MB
       Class:  3.89 MB
        Both:  5.16 MB

MaxMetaspaceSize: unlimited
CompressedClassSpaceSize: 1.00 GB
Initial GC threshold: 21.00 MB
Current GC threshold: 132.44 MB
CDS: off
MetaspaceReclaimPolicy: balanced
 - commit_granule_bytes: 65536.
 - commit_granule_words: 8192.
 - virtual_space_node_default_size: 1048576.
 - enlarge_chunks_in_place: 1.
 - new_chunks_are_fully_committed: 0.
 - uncommit_free_chunks: 1.
 - use_allocation_guard: 0.
 - handle_deallocations: 1.


Internal statistics:

num_allocs_failed_limit: 6.
num_arena_births: 864.
num_arena_deaths: 0.
num_vsnodes_births: 11.
num_vsnodes_deaths: 0.
num_space_committed: 1381.
num_space_uncommitted: 0.
num_chunks_returned_to_freelist: 6.
num_chunks_taken_from_freelist: 3983.
num_chunk_merges: 6.
num_chunk_splits: 2664.
num_chunks_enlarged: 1837.
num_purges: 0.
num_inconsistent_stats: 0.

CodeHeap 'non-profiled nmethods': size=120000Kb used=4923Kb max_used=4923Kb free=115076Kb
 bounds [0x000002c6e7560000, 0x000002c6e7a30000, 0x000002c6eea90000]
CodeHeap 'profiled nmethods': size=120000Kb used=15449Kb max_used=15449Kb free=104550Kb
 bounds [0x000002c6dfa90000, 0x000002c6e09b0000, 0x000002c6e6fc0000]
CodeHeap 'non-nmethods': size=5760Kb used=2379Kb max_used=2450Kb free=3380Kb
 bounds [0x000002c6e6fc0000, 0x000002c6e7230000, 0x000002c6e7560000]
 total_blobs=8863 nmethods=7952 adapters=823
 compilation: enabled
              stopped_count=0, restarted_count=0
 full_count=0

Compilation events (20 events):
Event: 11.035 Thread 0x000002c6f70874b0 8797       3       java.util.Hashtable$EntrySet::<init> (10 bytes)
Event: 11.035 Thread 0x000002c6f70874b0 nmethod 8797 0x000002c6e099d410 code [0x000002c6e099d5c0, 0x000002c6e099d838]
Event: 11.035 Thread 0x000002c6f70874b0 8798  s!   3       java.beans.PropertyDescriptor::getPropertyType (33 bytes)
Event: 11.036 Thread 0x000002c6f70874b0 nmethod 8798 0x000002c6e099d990 code [0x000002c6e099dbc0, 0x000002c6e099e568]
Event: 11.039 Thread 0x000002c6f70874b0 8799       3       com.sun.beans.util.Cache::getEntryValue (33 bytes)
Event: 11.039 Thread 0x000002c6f70874b0 nmethod 8799 0x000002c6e099e890 code [0x000002c6e099ea60, 0x000002c6e099ee38]
Event: 11.040 Thread 0x000002c6f70874b0 8800   !   3       java.beans.PropertyDescriptor::findPropertyType (145 bytes)
Event: 11.045 Thread 0x000002c6f70874b0 nmethod 8800 0x000002c6e099f010 code [0x000002c6e099f640, 0x000002c6e09a2988]
Event: 11.045 Thread 0x000002c6f70874b0 8801       3       groovy.lang.MetaClassImpl$$Lambda$429/0x0000000100528ab8::apply (8 bytes)
Event: 11.045 Thread 0x000002c6f70874b0 nmethod 8801 0x000002c6e09a4390 code [0x000002c6e09a4560, 0x000002c6e09a4948]
Event: 11.045 Thread 0x000002c6f70874b0 8802       3       org.codehaus.groovy.reflection.CachedClass$1$$Lambda$440/0x000000010052f0e8::test (8 bytes)
Event: 11.046 Thread 0x000002c6f70874b0 nmethod 8802 0x000002c6e09a4a90 code [0x000002c6e09a4c40, 0x000002c6e09a4f48]
Event: 11.049 Thread 0x000002c6f70874b0 8804       3       java.util.stream.Collectors$$Lambda$394/0x00000001004c4558::get (16 bytes)
Event: 11.049 Thread 0x000002c6f70874b0 nmethod 8804 0x000002c6e09a5090 code [0x000002c6e09a5220, 0x000002c6e09a5368]
Event: 11.049 Thread 0x000002c6f70874b0 8807   !   3       java.lang.ClassValue::initializeMap (46 bytes)
Event: 11.050 Thread 0x000002c6f70874b0 nmethod 8807 0x000002c6e09a5410 code [0x000002c6e09a5600, 0x000002c6e09a5a78]
Event: 11.050 Thread 0x000002c6f70874b0 8805       3       java.util.stream.Collectors::lambda$joining$11 (11 bytes)
Event: 11.050 Thread 0x000002c6f70874b0 nmethod 8805 0x000002c6e09a5c90 code [0x000002c6e09a5e40, 0x000002c6e09a5fc8]
Event: 11.050 Thread 0x000002c6f70874b0 8806       3       java.util.stream.Collectors$$Lambda$397/0x00000001004c4c58::apply (8 bytes)
Event: 11.050 Thread 0x000002c6f70874b0 nmethod 8806 0x000002c6e09a6090 code [0x000002c6e09a6240, 0x000002c6e09a6468]

GC Heap History (20 events):
Event: 6.048 GC heap after
{Heap after GC invocations=18 (full 0):
 garbage-first heap   total 83968K, used 47055K [0x0000000080000000, 0x0000000100000000)
  region size 1024K, 2 young (2048K), 2 survivors (2048K)
 Metaspace       used 61238K, committed 61824K, reserved 1105920K
  class space    used 8155K, committed 8448K, reserved 1048576K
}
Event: 6.414 GC heap before
{Heap before GC invocations=18 (full 0):
 garbage-first heap   total 83968K, used 59343K [0x0000000080000000, 0x0000000100000000)
  region size 1024K, 15 young (15360K), 2 survivors (2048K)
 Metaspace       used 63808K, committed 64384K, reserved 1105920K
  class space    used 8485K, committed 8768K, reserved 1048576K
}
Event: 6.418 GC heap after
{Heap after GC invocations=19 (full 0):
 garbage-first heap   total 83968K, used 48692K [0x0000000080000000, 0x0000000100000000)
  region size 1024K, 3 young (3072K), 3 survivors (3072K)
 Metaspace       used 63808K, committed 64384K, reserved 1105920K
  class space    used 8485K, committed 8768K, reserved 1048576K
}
Event: 6.513 GC heap before
{Heap before GC invocations=20 (full 0):
 garbage-first heap   total 104448K, used 60980K [0x0000000080000000, 0x0000000100000000)
  region size 1024K, 12 young (12288K), 3 survivors (3072K)
 Metaspace       used 63811K, committed 64384K, reserved 1105920K
  class space    used 8485K, committed 8768K, reserved 1048576K
}
Event: 6.519 GC heap after
{Heap after GC invocations=21 (full 0):
 garbage-first heap   total 104448K, used 54673K [0x0000000080000000, 0x0000000100000000)
  region size 1024K, 3 young (3072K), 3 survivors (3072K)
 Metaspace       used 63811K, committed 64384K, reserved 1105920K
  class space    used 8485K, committed 8768K, reserved 1048576K
}
Event: 6.911 GC heap before
{Heap before GC invocations=22 (full 0):
 garbage-first heap   total 104448K, used 77201K [0x0000000080000000, 0x0000000100000000)
  region size 1024K, 23 young (23552K), 3 survivors (3072K)
 Metaspace       used 65734K, committed 66304K, reserved 1114112K
  class space    used 8741K, committed 9024K, reserved 1048576K
}
Event: 6.915 GC heap after
{Heap after GC invocations=23 (full 0):
 garbage-first heap   total 104448K, used 51962K [0x0000000080000000, 0x0000000100000000)
  region size 1024K, 2 young (2048K), 2 survivors (2048K)
 Metaspace       used 65734K, committed 66304K, reserved 1114112K
  class space    used 8741K, committed 9024K, reserved 1048576K
}
Event: 7.316 GC heap before
{Heap before GC invocations=23 (full 0):
 garbage-first heap   total 104448K, used 75514K [0x0000000080000000, 0x0000000100000000)
  region size 1024K, 26 young (26624K), 2 survivors (2048K)
 Metaspace       used 68259K, committed 68800K, reserved 1114112K
  class space    used 9081K, committed 9344K, reserved 1048576K
}
Event: 7.321 GC heap after
{Heap after GC invocations=24 (full 0):
 garbage-first heap   total 125952K, used 53325K [0x0000000080000000, 0x0000000100000000)
  region size 1024K, 4 young (4096K), 4 survivors (4096K)
 Metaspace       used 68259K, committed 68800K, reserved 1114112K
  class space    used 9081K, committed 9344K, reserved 1048576K
}
Event: 7.918 GC heap before
{Heap before GC invocations=25 (full 0):
 garbage-first heap   total 125952K, used 90189K [0x0000000080000000, 0x0000000100000000)
  region size 1024K, 40 young (40960K), 4 survivors (4096K)
 Metaspace       used 72147K, committed 72704K, reserved 1114112K
  class space    used 9589K, committed 9856K, reserved 1048576K
}
Event: 7.925 GC heap after
{Heap after GC invocations=26 (full 0):
 garbage-first heap   total 125952K, used 57026K [0x0000000080000000, 0x0000000100000000)
  region size 1024K, 5 young (5120K), 5 survivors (5120K)
 Metaspace       used 72147K, committed 72704K, reserved 1114112K
  class space    used 9589K, committed 9856K, reserved 1048576K
}
Event: 8.550 GC heap before
{Heap before GC invocations=26 (full 0):
 garbage-first heap   total 125952K, used 94914K [0x0000000080000000, 0x0000000100000000)
  region size 1024K, 41 young (41984K), 5 survivors (5120K)
 Metaspace       used 76093K, committed 76672K, reserved 1122304K
  class space    used 10230K, committed 10496K, reserved 1048576K
}
Event: 8.556 GC heap after
{Heap after GC invocations=27 (full 0):
 garbage-first heap   total 125952K, used 59031K [0x0000000080000000, 0x0000000100000000)
  region size 1024K, 2 young (2048K), 2 survivors (2048K)
 Metaspace       used 76093K, committed 76672K, reserved 1122304K
  class space    used 10230K, committed 10496K, reserved 1048576K
}
Event: 9.312 GC heap before
{Heap before GC invocations=27 (full 0):
 garbage-first heap   total 125952K, used 95895K [0x0000000080000000, 0x0000000100000000)
  region size 1024K, 38 young (38912K), 2 survivors (2048K)
 Metaspace       used 80384K, committed 80960K, reserved 1122304K
  class space    used 10942K, committed 11200K, reserved 1048576K
}
Event: 9.318 GC heap after
{Heap after GC invocations=28 (full 0):
 garbage-first heap   total 125952K, used 61540K [0x0000000080000000, 0x0000000100000000)
  region size 1024K, 5 young (5120K), 5 survivors (5120K)
 Metaspace       used 80384K, committed 80960K, reserved 1122304K
  class space    used 10942K, committed 11200K, reserved 1048576K
}
Event: 10.065 GC heap before
{Heap before GC invocations=29 (full 0):
 garbage-first heap   total 125952K, used 97380K [0x0000000080000000, 0x0000000100000000)
  region size 1024K, 40 young (40960K), 5 survivors (5120K)
 Metaspace       used 84195K, committed 84800K, reserved 1122304K
  class space    used 11540K, committed 11840K, reserved 1048576K
}
Event: 10.075 GC heap after
{Heap after GC invocations=30 (full 0):
 garbage-first heap   total 125952K, used 63882K [0x0000000080000000, 0x0000000100000000)
  region size 1024K, 3 young (3072K), 3 survivors (3072K)
 Metaspace       used 84195K, committed 84800K, reserved 1122304K
  class space    used 11540K, committed 11840K, reserved 1048576K
}
Event: 10.168 GC heap before
{Heap before GC invocations=30 (full 0):
 garbage-first heap   total 125952K, used 66954K [0x0000000080000000, 0x0000000100000000)
  region size 1024K, 6 young (6144K), 3 survivors (3072K)
 Metaspace       used 84427K, committed 84992K, reserved 1122304K
  class space    used 11571K, committed 11840K, reserved 1048576K
}
Event: 10.174 GC heap after
{Heap after GC invocations=31 (full 0):
 garbage-first heap   total 125952K, used 64182K [0x0000000080000000, 0x0000000100000000)
  region size 1024K, 1 young (1024K), 1 survivors (1024K)
 Metaspace       used 84427K, committed 84992K, reserved 1122304K
  class space    used 11571K, committed 11840K, reserved 1048576K
}
Event: 11.054 GC heap before
{Heap before GC invocations=31 (full 0):
 garbage-first heap   total 125952K, used 100022K [0x0000000080000000, 0x0000000100000000)
  region size 1024K, 36 young (36864K), 1 survivors (1024K)
 Metaspace       used 87787K, committed 88384K, reserved 1130496K
  class space    used 11998K, committed 12288K, reserved 1048576K
}

Dll operation events (2 events):
Event: 0.005 Loaded shared library D:\android studio\jbr\bin\java.dll
Event: 0.340 Loaded shared library D:\android studio\jbr\bin\verify.dll

Deoptimization events (20 events):
Event: 10.416 Thread 0x000002c6f8a5a9a0 DEOPT PACKING pc=0x000002c6dfee45ab sp=0x000000f9221f9210
Event: 10.416 Thread 0x000002c6f8a5a9a0 DEOPT UNPACKING pc=0x000002c6e7017143 sp=0x000000f9221f87b0 mode 0
Event: 10.601 Thread 0x000002c6f8a5a9a0 DEOPT PACKING pc=0x000002c6dfee421c sp=0x000000f9221f9100
Event: 10.601 Thread 0x000002c6f8a5a9a0 DEOPT UNPACKING pc=0x000002c6e7017143 sp=0x000000f9221f86a0 mode 0
Event: 10.730 Thread 0x000002c6f8a5a9a0 Uncommon trap: trap_request=0xffffff45 fr.pc=0x000002c6e78a4aec relative=0x000000000000078c
Event: 10.730 Thread 0x000002c6f8a5a9a0 Uncommon trap: reason=unstable_if action=reinterpret pc=0x000002c6e78a4aec method=java.util.HashMap.putVal(ILjava/lang/Object;Ljava/lang/Object;ZZ)Ljava/lang/Object; @ 109 c2
Event: 10.730 Thread 0x000002c6f8a5a9a0 DEOPT PACKING pc=0x000002c6e78a4aec sp=0x000000f9221f8e50
Event: 10.730 Thread 0x000002c6f8a5a9a0 DEOPT UNPACKING pc=0x000002c6e70169a3 sp=0x000000f9221f8d68 mode 2
Event: 10.733 Thread 0x000002c6f8a5a9a0 DEOPT PACKING pc=0x000002c6dfee421c sp=0x000000f9221f9110
Event: 10.733 Thread 0x000002c6f8a5a9a0 DEOPT UNPACKING pc=0x000002c6e7017143 sp=0x000000f9221f86b0 mode 0
Event: 10.801 Thread 0x000002c6f8a5a9a0 DEOPT PACKING pc=0x000002c6dfee4293 sp=0x000000f9221f9010
Event: 10.801 Thread 0x000002c6f8a5a9a0 DEOPT UNPACKING pc=0x000002c6e7017143 sp=0x000000f9221f85b0 mode 0
Event: 10.913 Thread 0x000002c6f8a5a9a0 Uncommon trap: trap_request=0xffffff45 fr.pc=0x000002c6e79b14a8 relative=0x0000000000000668
Event: 10.913 Thread 0x000002c6f8a5a9a0 Uncommon trap: reason=unstable_if action=reinterpret pc=0x000002c6e79b14a8 method=java.util.HashMap$HashIterator.<init>(Ljava/util/HashMap;)V @ 45 c2
Event: 10.913 Thread 0x000002c6f8a5a9a0 DEOPT PACKING pc=0x000002c6e79b14a8 sp=0x000000f9221fbc50
Event: 10.914 Thread 0x000002c6f8a5a9a0 DEOPT UNPACKING pc=0x000002c6e70169a3 sp=0x000000f9221fbae0 mode 2
Event: 10.938 Thread 0x000002c6f8a5a9a0 Uncommon trap: trap_request=0xffffff45 fr.pc=0x000002c6e7a231e8 relative=0x0000000000000a88
Event: 10.938 Thread 0x000002c6f8a5a9a0 Uncommon trap: reason=unstable_if action=reinterpret pc=0x000002c6e7a231e8 method=java.util.WeakHashMap.put(Ljava/lang/Object;Ljava/lang/Object;)Ljava/lang/Object; @ 57 c2
Event: 10.938 Thread 0x000002c6f8a5a9a0 DEOPT PACKING pc=0x000002c6e7a231e8 sp=0x000000f9221f8170
Event: 10.938 Thread 0x000002c6f8a5a9a0 DEOPT UNPACKING pc=0x000002c6e70169a3 sp=0x000000f9221f8150 mode 2

Classes unloaded (0 events):
No events

Classes redefined (0 events):
No events

Internal exceptions (20 events):
Event: 11.005 Thread 0x000002c6f8a5a9a0 Exception <a 'java/lang/ClassNotFoundException'{0x0000000085943620}: com/android/build/gradle/tasks/sync/ApplicationVariantModelTaskBeanInfo> (0x0000000085943620) 
thrown [s\src\hotspot\share\classfile\systemDictionary.cpp, line 256]
Event: 11.006 Thread 0x000002c6f8a5a9a0 Exception <a 'java/lang/ClassNotFoundException'{0x00000000859501c8}: com/android/build/gradle/tasks/sync/ModuleVariantModelTaskBeanInfo> (0x00000000859501c8) 
thrown [s\src\hotspot\share\classfile\systemDictionary.cpp, line 256]
Event: 11.007 Thread 0x000002c6f8a5a9a0 Exception <a 'java/lang/ClassNotFoundException'{0x000000008595cd88}: com/android/build/gradle/tasks/sync/AbstractVariantModelTaskBeanInfo> (0x000000008595cd88) 
thrown [s\src\hotspot\share\classfile\systemDictionary.cpp, line 256]
Event: 11.008 Thread 0x000002c6f8a5a9a0 Exception <a 'java/lang/ClassNotFoundException'{0x0000000085969bd0}: com/android/build/gradle/internal/tasks/NonIncrementalTaskBeanInfo> (0x0000000085969bd0) 
thrown [s\src\hotspot\share\classfile\systemDictionary.cpp, line 256]
Event: 11.009 Thread 0x000002c6f8a5a9a0 Exception <a 'java/lang/ClassNotFoundException'{0x0000000085976a18}: com/android/build/gradle/internal/tasks/AndroidVariantTaskBeanInfo> (0x0000000085976a18) 
thrown [s\src\hotspot\share\classfile\systemDictionary.cpp, line 256]
Event: 11.010 Thread 0x000002c6f8a5a9a0 Exception <a 'java/lang/ClassNotFoundException'{0x0000000085983a28}: com/android/build/gradle/internal/tasks/BaseTaskBeanInfo> (0x0000000085983a28) 
thrown [s\src\hotspot\share\classfile\systemDictionary.cpp, line 256]
Event: 11.011 Thread 0x000002c6f8a5a9a0 Exception <a 'java/lang/ClassNotFoundException'{0x000000008598ee18}: org/gradle/api/DefaultTaskBeanInfo> (0x000000008598ee18) 
thrown [s\src\hotspot\share\classfile\systemDictionary.cpp, line 256]
Event: 11.012 Thread 0x000002c6f8a5a9a0 Exception <a 'java/lang/ClassNotFoundException'{0x000000008599a450}: org/gradle/api/internal/AbstractTaskBeanInfo> (0x000000008599a450) 
thrown [s\src\hotspot\share\classfile\systemDictionary.cpp, line 256]
Event: 11.013 Thread 0x000002c6f8a5a9a0 Exception <a 'java/lang/ClassNotFoundException'{0x00000000859a5a58}: org/gradle/api/internal/AbstractTaskCustomizer> (0x00000000859a5a58) 
thrown [s\src\hotspot\share\classfile\systemDictionary.cpp, line 256]
Event: 11.018 Thread 0x000002c6f8a5a9a0 Exception <a 'java/lang/ClassNotFoundException'{0x00000000858024b8}: org/gradle/api/DefaultTaskCustomizer> (0x00000000858024b8) 
thrown [s\src\hotspot\share\classfile\systemDictionary.cpp, line 256]
Event: 11.027 Thread 0x000002c6f8a5a9a0 Exception <a 'java/lang/ClassNotFoundException'{0x000000008586b8f8}: com/android/build/gradle/internal/tasks/BaseTaskCustomizer> (0x000000008586b8f8) 
thrown [s\src\hotspot\share\classfile\systemDictionary.cpp, line 256]
Event: 11.030 Thread 0x000002c6f8a5a9a0 Exception <a 'java/lang/ClassNotFoundException'{0x0000000085889d50}: com/android/build/gradle/internal/tasks/AndroidVariantTaskCustomizer> (0x0000000085889d50) 
thrown [s\src\hotspot\share\classfile\systemDictionary.cpp, line 256]
Event: 11.032 Thread 0x000002c6f8a5a9a0 Exception <a 'java/lang/ClassNotFoundException'{0x00000000858a6150}: com/android/build/gradle/internal/tasks/NonIncrementalTaskCustomizer> (0x00000000858a6150) 
thrown [s\src\hotspot\share\classfile\systemDictionary.cpp, line 256]
Event: 11.034 Thread 0x000002c6f8a5a9a0 Exception <a 'java/lang/ClassNotFoundException'{0x00000000858c1530}: com/android/build/gradle/tasks/sync/AbstractVariantModelTaskCustomizer> (0x00000000858c1530) 
thrown [s\src\hotspot\share\classfile\systemDictionary.cpp, line 256]
Event: 11.036 Thread 0x000002c6f8a5a9a0 Exception <a 'java/lang/ClassNotFoundException'{0x00000000858dcf80}: com/android/build/gradle/tasks/sync/ModuleVariantModelTaskCustomizer> (0x00000000858dcf80) 
thrown [s\src\hotspot\share\classfile\systemDictionary.cpp, line 256]
Event: 11.037 Thread 0x000002c6f8a5a9a0 Exception <a 'java/lang/ClassNotFoundException'{0x00000000858f8cb8}: com/android/build/gradle/tasks/sync/ApplicationVariantModelTaskCustomizer> (0x00000000858f8cb8) 
thrown [s\src\hotspot\share\classfile\systemDictionary.cpp, line 256]
Event: 11.038 Thread 0x000002c6f8a5a9a0 Exception <a 'java/lang/ClassNotFoundException'{0x0000000085715868}: com/android/build/gradle/tasks/sync/ApplicationVariantModelTask_DecoratedCustomizer> (0x0000000085715868) 
thrown [s\src\hotspot\share\classfile\systemDictionary.cpp, line 256]
Event: 11.051 Thread 0x000002c6f8a5a9a0 Exception <a 'java/lang/ClassNotFoundException'{0x00000000857d66f0}: org/gradle/api/tasks/testing/AbstractTestTaskBeanInfo> (0x00000000857d66f0) 
thrown [s\src\hotspot\share\classfile\systemDictionary.cpp, line 256]
Event: 11.052 Thread 0x000002c6f8a5a9a0 Exception <a 'java/lang/ClassNotFoundException'{0x00000000857e0a90}: org/gradle/api/internal/ConventionTaskBeanInfo> (0x00000000857e0a90) 
thrown [s\src\hotspot\share\classfile\systemDictionary.cpp, line 256]
Event: 11.052 Thread 0x000002c6f8a5a9a0 Exception <a 'java/lang/ClassNotFoundException'{0x00000000857eae40}: org/gradle/api/internal/ConventionTaskCustomizer> (0x00000000857eae40) 
thrown [s\src\hotspot\share\classfile\systemDictionary.cpp, line 256]

VM Operations (20 events):
Event: 9.446 Executing VM operation: G1Concurrent done
Event: 9.558 Executing VM operation: HandshakeAllThreads
Event: 9.558 Executing VM operation: HandshakeAllThreads done
Event: 9.983 Executing VM operation: HandshakeAllThreads
Event: 9.983 Executing VM operation: HandshakeAllThreads done
Event: 10.065 Executing VM operation: G1CollectForAllocation
Event: 10.075 Executing VM operation: G1CollectForAllocation done
Event: 10.168 Executing VM operation: G1CollectForAllocation
Event: 10.174 Executing VM operation: G1CollectForAllocation done
Event: 10.280 Executing VM operation: HandshakeAllThreads
Event: 10.280 Executing VM operation: HandshakeAllThreads done
Event: 10.336 Executing VM operation: HandshakeAllThreads
Event: 10.336 Executing VM operation: HandshakeAllThreads done
Event: 10.362 Executing VM operation: HandshakeAllThreads
Event: 10.362 Executing VM operation: HandshakeAllThreads done
Event: 10.527 Executing VM operation: HandshakeAllThreads
Event: 10.527 Executing VM operation: HandshakeAllThreads done
Event: 10.735 Executing VM operation: ICBufferFull
Event: 10.735 Executing VM operation: ICBufferFull done
Event: 11.053 Executing VM operation: G1CollectForAllocation

Events (20 events):
Event: 10.339 loading class java/util/EnumMap$EntryIterator$Entry
Event: 10.339 loading class java/util/EnumMap$EntryIterator$Entry done
Event: 10.356 loading class jdk/internal/reflect/UnsafeBooleanFieldAccessorImpl
Event: 10.356 loading class jdk/internal/reflect/UnsafeBooleanFieldAccessorImpl done
Event: 10.894 loading class java/util/IdentityHashMap$KeyIterator
Event: 10.894 loading class java/util/IdentityHashMap$IdentityHashMapIterator
Event: 10.894 loading class java/util/IdentityHashMap$IdentityHashMapIterator done
Event: 10.894 loading class java/util/IdentityHashMap$KeyIterator done
Event: 10.935 loading class java/util/AbstractCollectionBeanInfo
Event: 10.935 loading class java/util/AbstractCollectionBeanInfo done
Event: 10.935 loading class java/util/AbstractCollectionBeanInfo
Event: 10.935 loading class java/util/AbstractCollectionBeanInfo done
Event: 10.935 loading class java/util/AbstractCollectionCustomizer
Event: 10.935 loading class java/util/AbstractCollectionCustomizer done
Event: 10.936 loading class java/util/AbstractCollectionCustomizer
Event: 10.936 loading class java/util/AbstractCollectionCustomizer done
Event: 10.936 loading class sun/reflect/generics/tree/BooleanSignature
Event: 10.936 loading class sun/reflect/generics/tree/BooleanSignature done
Event: 10.936 loading class sun/reflect/generics/reflectiveObjects/GenericArrayTypeImpl
Event: 10.937 loading class sun/reflect/generics/reflectiveObjects/GenericArrayTypeImpl done


Dynamic libraries:
0x00007ff7902f0000 - 0x00007ff7902fa000 	D:\android studio\jbr\bin\java.exe
0x00007ff8cc270000 - 0x00007ff8cc487000 	C:\WINDOWS\SYSTEM32\ntdll.dll
0x00007ff8cba10000 - 0x00007ff8cbad4000 	C:\WINDOWS\System32\KERNEL32.DLL
0x00007ff8c9b00000 - 0x00007ff8c9ea6000 	C:\WINDOWS\System32\KERNELBASE.dll
0x00007ff8c97d0000 - 0x00007ff8c98e1000 	C:\WINDOWS\System32\ucrtbase.dll
0x00007ff8bf9c0000 - 0x00007ff8bf9d7000 	D:\android studio\jbr\bin\jli.dll
0x00007ff8b7a40000 - 0x00007ff8b7a5b000 	D:\android studio\jbr\bin\VCRUNTIME140.dll
0x00007ff8cb640000 - 0x00007ff8cb7ed000 	C:\WINDOWS\System32\USER32.dll
0x00007ff8c95f0000 - 0x00007ff8c9616000 	C:\WINDOWS\System32\win32u.dll
0x00007ff8b2a00000 - 0x00007ff8b2c93000 	C:\WINDOWS\WinSxS\amd64_microsoft.windows.common-controls_6595b64144ccf1df_6.0.22621.2361_none_2712ced57382f843\COMCTL32.dll
0x00007ff8cc110000 - 0x00007ff8cc139000 	C:\WINDOWS\System32\GDI32.dll
0x00007ff8cbae0000 - 0x00007ff8cbb87000 	C:\WINDOWS\System32\msvcrt.dll
0x00007ff8c9eb0000 - 0x00007ff8c9fc8000 	C:\WINDOWS\System32\gdi32full.dll
0x00007ff8c9a60000 - 0x00007ff8c9afa000 	C:\WINDOWS\System32\msvcp_win.dll
0x00007ff8cc1f0000 - 0x00007ff8cc221000 	C:\WINDOWS\System32\IMM32.DLL
0x00007ff8c4b80000 - 0x00007ff8c4b8c000 	D:\android studio\jbr\bin\vcruntime140_1.dll
0x00007ff897ac0000 - 0x00007ff897b4d000 	D:\android studio\jbr\bin\msvcp140.dll
0x00007ff852900000 - 0x00007ff85356e000 	D:\android studio\jbr\bin\server\jvm.dll
0x00007ff8ca040000 - 0x00007ff8ca0f0000 	C:\WINDOWS\System32\ADVAPI32.dll
0x00007ff8cc140000 - 0x00007ff8cc1e6000 	C:\WINDOWS\System32\sechost.dll
0x00007ff8caac0000 - 0x00007ff8cabd7000 	C:\WINDOWS\System32\RPCRT4.dll
0x00007ff8acb90000 - 0x00007ff8acb99000 	C:\WINDOWS\SYSTEM32\WSOCK32.dll
0x00007ff8cad20000 - 0x00007ff8cad91000 	C:\WINDOWS\System32\WS2_32.dll
0x00007ff8c2c40000 - 0x00007ff8c2c74000 	C:\WINDOWS\SYSTEM32\WINMM.dll
0x00007ff8c3100000 - 0x00007ff8c310a000 	C:\WINDOWS\SYSTEM32\VERSION.dll
0x00007ff8c8630000 - 0x00007ff8c8648000 	C:\WINDOWS\SYSTEM32\kernel.appcore.dll
0x00007ff8c4b00000 - 0x00007ff8c4b0a000 	D:\android studio\jbr\bin\jimage.dll
0x00007ff8c6f40000 - 0x00007ff8c716e000 	C:\WINDOWS\SYSTEM32\DBGHELP.DLL
0x00007ff8caff0000 - 0x00007ff8cb37a000 	C:\WINDOWS\System32\combase.dll
0x00007ff8cabe0000 - 0x00007ff8cacb7000 	C:\WINDOWS\System32\OLEAUT32.dll
0x00007ff8aafc0000 - 0x00007ff8aaff2000 	C:\WINDOWS\SYSTEM32\dbgcore.DLL
0x00007ff8c9750000 - 0x00007ff8c97ca000 	C:\WINDOWS\System32\bcryptPrimitives.dll
0x00007ff8c2000000 - 0x00007ff8c2025000 	D:\android studio\jbr\bin\java.dll
0x00007ff8c4ab0000 - 0x00007ff8c4ac8000 	D:\android studio\jbr\bin\zip.dll
0x00007ff8ca160000 - 0x00007ff8ca9b8000 	C:\WINDOWS\System32\SHELL32.dll
0x00007ff8c7550000 - 0x00007ff8c7e42000 	C:\WINDOWS\SYSTEM32\windows.storage.dll
0x00007ff8c7410000 - 0x00007ff8c754e000 	C:\WINDOWS\SYSTEM32\wintypes.dll
0x00007ff8ca9c0000 - 0x00007ff8caab3000 	C:\WINDOWS\System32\SHCORE.dll
0x00007ff8ca100000 - 0x00007ff8ca15e000 	C:\WINDOWS\System32\shlwapi.dll
0x00007ff8c9520000 - 0x00007ff8c9546000 	C:\WINDOWS\SYSTEM32\profapi.dll
0x00007ff8c2c90000 - 0x00007ff8c2ca9000 	D:\android studio\jbr\bin\net.dll
0x00007ff8c2b00000 - 0x00007ff8c2c37000 	C:\WINDOWS\SYSTEM32\WINHTTP.dll
0x00007ff8c8ab0000 - 0x00007ff8c8b19000 	C:\WINDOWS\system32\mswsock.dll
0x00007ff8c2930000 - 0x00007ff8c2946000 	D:\android studio\jbr\bin\nio.dll
0x00007ff8c4a60000 - 0x00007ff8c4a70000 	D:\android studio\jbr\bin\verify.dll
0x00007ff8b7a80000 - 0x00007ff8b7aa7000 	C:\Users\hachem safae\.gradle\native\68d5fa5c4cc2d200863cafc0d521ce42e7d3e7ee720ec0a83991735586a16f82\windows-amd64\native-platform.dll
0x00007ff8948a0000 - 0x00007ff8949e4000 	C:\Users\hachem safae\.gradle\native\e376f236ea51e6404a007f0833ffe2c6e607c4080706a723a18a27aeea778392\windows-amd64\native-platform-file-events.dll
0x00007ff8c3aa0000 - 0x00007ff8c3aa9000 	D:\android studio\jbr\bin\management.dll
0x00007ff8c36e0000 - 0x00007ff8c36eb000 	D:\android studio\jbr\bin\management_ext.dll
0x00007ff8cbb90000 - 0x00007ff8cbb98000 	C:\WINDOWS\System32\PSAPI.DLL
0x00007ff8c8d00000 - 0x00007ff8c8d1b000 	C:\WINDOWS\SYSTEM32\CRYPTSP.dll
0x00007ff8c8590000 - 0x00007ff8c85c5000 	C:\WINDOWS\system32\rsaenh.dll
0x00007ff8c8ba0000 - 0x00007ff8c8bcc000 	C:\WINDOWS\SYSTEM32\USERENV.dll
0x00007ff8c8ec0000 - 0x00007ff8c8ee8000 	C:\WINDOWS\SYSTEM32\bcrypt.dll
0x00007ff8c8d20000 - 0x00007ff8c8d2c000 	C:\WINDOWS\SYSTEM32\CRYPTBASE.dll
0x00007ff8c80b0000 - 0x00007ff8c80dd000 	C:\WINDOWS\SYSTEM32\IPHLPAPI.DLL
0x00007ff8cad10000 - 0x00007ff8cad19000 	C:\WINDOWS\System32\NSI.dll
0x00007ff8c2950000 - 0x00007ff8c2969000 	C:\WINDOWS\SYSTEM32\dhcpcsvc6.DLL
0x00007ff8c2830000 - 0x00007ff8c284f000 	C:\WINDOWS\SYSTEM32\dhcpcsvc.DLL
0x00007ff8c8120000 - 0x00007ff8c8219000 	C:\WINDOWS\SYSTEM32\DNSAPI.dll
0x00007ff8af560000 - 0x00007ff8af568000 	C:\WINDOWS\system32\wshunix.dll

dbghelp: loaded successfully - version: 4.0.5 - missing functions: none
symbol engine: initialized successfully - sym options: 0x614 - pdb path: .;D:\android studio\jbr\bin;C:\WINDOWS\SYSTEM32;C:\WINDOWS\WinSxS\amd64_microsoft.windows.common-controls_6595b64144ccf1df_6.0.22621.2361_none_2712ced57382f843;D:\android studio\jbr\bin\server;C:\Users\hachem safae\.gradle\native\68d5fa5c4cc2d200863cafc0d521ce42e7d3e7ee720ec0a83991735586a16f82\windows-amd64;C:\Users\hachem safae\.gradle\native\e376f236ea51e6404a007f0833ffe2c6e607c4080706a723a18a27aeea778392\windows-amd64

VM Arguments:
jvm_args: --add-opens=java.base/java.util=ALL-UNNAMED --add-opens=java.base/java.lang=ALL-UNNAMED --add-opens=java.base/java.lang.invoke=ALL-UNNAMED --add-opens=java.prefs/java.util.prefs=ALL-UNNAMED --add-opens=java.base/java.nio.charset=ALL-UNNAMED --add-opens=java.base/java.net=ALL-UNNAMED --add-opens=java.base/java.util.concurrent.atomic=ALL-UNNAMED -Xmx2048m -Dfile.encoding=UTF-8 -Duser.country=FR -Duser.language=fr -Duser.variant 
java_command: org.gradle.launcher.daemon.bootstrap.GradleDaemon 8.0
java_class_path (initial): C:\Users\hachem safae\.gradle\wrapper\dists\gradle-8.0-bin\ca5e32bp14vu59qr306oxotwh\gradle-8.0\lib\gradle-launcher-8.0.jar
Launcher Type: SUN_STANDARD

[Global flags]
     intx CICompilerCount                          = 4                                         {product} {ergonomic}
     uint ConcGCThreads                            = 2                                         {product} {ergonomic}
     uint G1ConcRefinementThreads                  = 8                                         {product} {ergonomic}
   size_t G1HeapRegionSize                         = 1048576                                   {product} {ergonomic}
    uintx GCDrainStackTargetSize                   = 64                                        {product} {ergonomic}
   size_t InitialHeapSize                          = 266338304                                 {product} {ergonomic}
   size_t MarkStackSize                            = 4194304                                   {product} {ergonomic}
   size_t MaxHeapSize                              = 2147483648                                {product} {command line}
   size_t MaxNewSize                               = 1287651328                                {product} {ergonomic}
   size_t MinHeapDeltaBytes                        = 1048576                                   {product} {ergonomic}
   size_t MinHeapSize                              = 8388608                                   {product} {ergonomic}
    uintx NonNMethodCodeHeapSize                   = 5839372                                {pd product} {ergonomic}
    uintx NonProfiledCodeHeapSize                  = 122909434                              {pd product} {ergonomic}
    uintx ProfiledCodeHeapSize                     = 122909434                              {pd product} {ergonomic}
    uintx ReservedCodeCacheSize                    = 251658240                              {pd product} {ergonomic}
     bool SegmentedCodeCache                       = true                                      {product} {ergonomic}
   size_t SoftMaxHeapSize                          = 2147483648                             {manageable} {ergonomic}
     bool UseCompressedClassPointers               = true                           {product lp64_product} {ergonomic}
     bool UseCompressedOops                        = true                           {product lp64_product} {ergonomic}
     bool UseG1GC                                  = true                                      {product} {ergonomic}
     bool UseLargePagesIndividualAllocation        = false                                  {pd product} {ergonomic}

Logging:
Log output configuration:
 #0: stdout all=warning uptime,level,tags
 #1: stderr all=off uptime,level,tags

Environment Variables:
JAVA_HOME=C:\Program Files\Java\jdk-17
PATH=C:\Program Files (x86)\Common Files\Oracle\Java\javapath;C:\Program Files (x86)\VMware\VMware Workstation\bin\;D:\oraclexe\app\oracle\product\11.2.0\server\bin;C:\Program Files\Common Files\Oracle\Java\javapath;C:\WINDOWS\system32;C:\WINDOWS;C:\WINDOWS\System32\Wbem;C:\WINDOWS\System32\WindowsPowerShell\v1.0\;C:\WINDOWS\System32\OpenSSH\;c:\Program Files (x86)\Microsoft SQL Server\100\Tools\Binn\;c:\Program Files\Microsoft SQL Server\100\Tools\Binn\;c:\Program Files\Microsoft SQL Server\100\DTS\Binn\;D:\java_jdk 8\bin;C:\Program Files\Java\jdk-17\bin;C:\Program Files\Java\jdk-11\bin;C:\Program Files\Java\jdk-19\bin;C:\Program Files\Common Files\Oracle\Java\javapath;C:\ProgramData\ComposerSetup\bin;D:\XAAMP\php\php.exe;D:\xamp\php;C:\Program Files\wkhtmltopdf\bin;D:\node;C:\Program Files\Git\cmd;C:\Program Files\nodejs\;C:\Program Files\MongoDB\Server\6.0\bin;D:\XAAMP\php;C:\Program Files\Java\apache-maven-3.9.5\bin;C:\Users\hachem safae\AppData\Local\Programs\Python\Python310\Scripts\;C:\Users\hachem safae\AppData\Local\Programs\Python\Python310\;C:\Program Files\MySQL\MySQL Shell 8.0\bin\;C:\Users\hachem safae\AppData\Local\Microsoft\WindowsApps;C:\Users\hachem safae\AppData\Roaming\Dashlane\6.2007.0.32704\bin\Firefox_Extension\{442718d9-475e-452a-b3e1-fb1ee16b8e9f}\components;C:\Users\hachem safae\AppData\Roaming\Dashlane\6.2007.0.32704\ucrt;C:\Users\hachem safae\AppData\Roaming\Dashlane\6.2007.0.32704\bin\Qt;C:\Users\hachem safae\AppData\Roaming\Dashlane\6.2007.0.32704\bin\Ssl;C:\Program Files\JetBrains\IntelliJ IDEA Community Edition 2020.2.2\bin;C:\Users\hachem safae\AppData\Local\Microsoft\WindowsApps;C:\Users\hachem safae\AppData\Local\Programs\Microsoft VS Code\bin;C:\Program Files\IntelliJ IDEA Community Edition 2022.3.2\bin;;C:\Users\hachem safae\AppData\Local\ComposerSetup\bin;C:\Users\hachem safae\AppData\Roaming\Composer\vendor\bin;C:\Users\hachem safae\AppData\Roaming\npm;D:\android2\platform-tools;D:\XAAMP\php;C:\wamp64\bin\php\php5.6.40;C:\
USERNAME=hachem safae
OS=Windows_NT
PROCESSOR_IDENTIFIER=Intel64 Family 6 Model 142 Stepping 12, GenuineIntel
TMP=C:\Users\HACHEM~1\AppData\Local\Temp
TEMP=C:\Users\HACHEM~1\AppData\Local\Temp


JNI global refs:
JNI global refs: 27, weak refs: 0

JNI global refs memory usage: 843, weak refs: 841


---------------  S Y S T E M  ---------------

OS:
 Windows 11 , 64 bit Build 22621 (10.0.22621.2428)
OS uptime: 0 days 8:58 hours

CPU: total 8 (initial active 8) (4 cores per cpu, 2 threads per core) family 6 model 142 stepping 12 microcode 0xf6, cx8, cmov, fxsr, ht, mmx, 3dnowpref, sse, sse2, sse3, ssse3, sse4.1, sse4.2, popcnt, lzcnt, tsc, tscinvbit, avx, avx2, aes, erms, clmul, bmi1, bmi2, adx, fma, vzeroupper, clflush, clflushopt

Memory: 4k page, system-wide physical 16194M (2185M free)
TotalPageFile size 18242M (AvailPageFile size 15M)
current process WorkingSet (physical memory assigned to process): 371M, peak: 375M
current process commit charge ("private bytes"): 406M, peak: 431M

vm_info: OpenJDK 64-Bit Server VM (17.0.6+0-b2043.56-10027231) for windows-amd64 JRE (17.0.6+0-b2043.56-10027231), built on Apr 28 2023 00:43:19 by "androidbuild" with MS VC++ 16.10 / 16.11 (VS2019)

END.
