#
# There is insufficient memory for the Java Runtime Environment to continue.
# Native memory allocation (malloc) failed to allocate 2166048 bytes for Chunk::new
# Possible reasons:
#   The system is out of physical RAM or swap space
#   The process is running with CompressedOops enabled, and the Java Heap may be blocking the growth of the native heap
# Possible solutions:
#   Reduce memory load on the system
#   Increase physical memory or swap space
#   Check if swap backing store is full
#   Decrease Java heap size (-Xmx/-Xms)
#   Decrease number of Java threads
#   Decrease Java thread stack sizes (-Xss)
#   Set larger code cache with -XX:ReservedCodeCacheSize=
#   JVM is running with Unscaled Compressed Oops mode in which the Java heap is
#     placed in the first 4GB address space. The Java Heap base address is the
#     maximum limit for the native heap growth. Please use -XX:HeapBaseMinAddress
#     to set the Java Heap base and to place the Java Heap above 4GB virtual address.
# This output file may be truncated or incomplete.
#
#  Out of Memory Error (arena.cpp:189), pid=24316, tid=14548
#
# JRE version: OpenJDK Runtime Environment (17.0.6) (build 17.0.6+0-b2043.56-10027231)
# Java VM: OpenJDK 64-Bit Server VM (17.0.6+0-b2043.56-10027231, mixed mode, tiered, compressed oops, compressed class ptrs, g1 gc, windows-amd64)
# No core dump will be written. Minidumps are not enabled by default on client versions of Windows
#

---------------  S U M M A R Y ------------

Command Line: --add-opens=java.base/java.util=ALL-UNNAMED --add-opens=java.base/java.lang=ALL-UNNAMED --add-opens=java.base/java.lang.invoke=ALL-UNNAMED --add-opens=java.prefs/java.util.prefs=ALL-UNNAMED --add-opens=java.base/java.nio.charset=ALL-UNNAMED --add-opens=java.base/java.net=ALL-UNNAMED --add-opens=java.base/java.util.concurrent.atomic=ALL-UNNAMED -Xmx2048m -Dfile.encoding=UTF-8 -Duser.country=FR -Duser.language=fr -Duser.variant org.gradle.launcher.daemon.bootstrap.GradleDaemon 8.0

Host: Intel(R) Core(TM) i7-8565U CPU @ 1.80GHz, 8 cores, 15G,  Windows 11 , 64 bit Build 22621 (10.0.22621.2428)
Time: Wed Nov 15 19:47:07 2023 Maroc (heure d64 bit Build 22621 (10.0.22621.2428) elapsed time: 8.259239 seconds (0d 0h 0m 8s)

---------------  T H R E A D  ---------------

Current thread (0x000001e33e2f5ce0):  JavaThread "C2 CompilerThread1" daemon [_thread_in_native, id=14548, stack(0x0000006f39400000,0x0000006f39500000)]


Current CompileTask:
C2:   8259 8061       4       org.gradle.internal.instantiation.generator.AbstractClassGenerator::inspectType (560 bytes)

Stack: [0x0000006f39400000,0x0000006f39500000]
Native frames: (J=compiled Java code, j=interpreted, Vv=VM code, C=native code)
V  [jvm.dll+0x683c9a]
V  [jvm.dll+0x8427a4]
V  [jvm.dll+0x843f9e]
V  [jvm.dll+0x844603]
V  [jvm.dll+0x249b75]
V  [jvm.dll+0xabcac]
V  [jvm.dll+0xac27c]
V  [jvm.dll+0x368857]
V  [jvm.dll+0x1bced2]
V  [jvm.dll+0x21c359]
V  [jvm.dll+0x21b621]
V  [jvm.dll+0x1a4fdd]
V  [jvm.dll+0x22b098]
V  [jvm.dll+0x229159]
V  [jvm.dll+0x7f81ec]
V  [jvm.dll+0x7f274a]
V  [jvm.dll+0x682ad5]
C  [ucrtbase.dll+0x29363]
C  [KERNEL32.DLL+0x1257d]
C  [ntdll.dll+0x5aa78]


---------------  P R O C E S S  ---------------

Threads class SMR info:
_java_thread_list=0x000001e347763940, length=128, elements={
0x000001e3216bd7a0, 0x000001e33e0400b0, 0x000001e33e040f20, 0x000001e33e088290,
0x000001e33e088e40, 0x000001e33e0899f0, 0x000001e33e08c3b0, 0x000001e33e08d090,
0x000001e33e099440, 0x000001e33e09c250, 0x000001e33e225340, 0x000001e33e231670,
0x000001e33e2f5ce0, 0x000001e33e58c410, 0x000001e33e96e380, 0x000001e33e96e850,
0x000001e33e96c6a0, 0x000001e33e96b360, 0x000001e33e96ae90, 0x000001e33e96b830,
0x000001e33e96c1d0, 0x000001e33e96d040, 0x000001e33e96d510, 0x000001e33e96d9e0,
0x000001e33e96deb0, 0x000001e33f7f7b20, 0x000001e33f7f4fd0, 0x000001e33f7f4b00,
0x000001e33f7f67e0, 0x000001e33f7f54a0, 0x000001e33f7f5970, 0x000001e33f7f6cb0,
0x000001e33f7f5e40, 0x000001e33f7f6310, 0x000001e33f7f7ff0, 0x000001e33f7f7650,
0x000001e33f7f4630, 0x000001e343f125c0, 0x000001e343f142a0, 0x000001e343f11750,
0x000001e343f0f5a0, 0x000001e343f11c20, 0x000001e343f13900, 0x000001e343f0cf20,
0x000001e343f0d3f0, 0x000001e343f0dd90, 0x000001e343f120f0, 0x000001e343f10410,
0x000001e343f0e260, 0x000001e343f0e730, 0x000001e343f0ec00, 0x000001e343f108e0,
0x000001e343f12a90, 0x000001e343f0fa70, 0x000001e343f0ff40, 0x000001e343f10db0,
0x000001e343f11280, 0x000001e34452a870, 0x000001e34452d890, 0x000001e3445269e0,
0x000001e34452ca20, 0x000001e34452b6e0, 0x000001e34452d3c0, 0x000001e34452dd60,
0x000001e344527d20, 0x000001e34452c080, 0x000001e34452cef0, 0x000001e34452e230,
0x000001e3445281f0, 0x000001e344526eb0, 0x000001e3445286c0, 0x000001e34452bbb0,
0x000001e344527850, 0x000001e344527380, 0x000001e34452ad40, 0x000001e344528b90,
0x000001e344529060, 0x000001e344529530, 0x000001e344529a00, 0x000001e344529ed0,
0x000001e34452a3a0, 0x000001e34452c550, 0x000001e34452b210, 0x000001e344dd50b0,
0x000001e344dda750, 0x000001e344dd5580, 0x000001e344dd8a70, 0x000001e344dd68c0,
0x000001e344ddb5c0, 0x000001e344ddba90, 0x000001e344dd4be0, 0x000001e344dd5a50,
0x000001e344dd5f20, 0x000001e344ddbf60, 0x000001e344dd98e0, 0x000001e344dd7c00,
0x000001e344dd8f40, 0x000001e344dd63f0, 0x000001e344dd6d90, 0x000001e344dd9db0,
0x000001e344dd9410, 0x000001e344dd7260, 0x000001e344dd7730, 0x000001e344dda280,
0x000001e344dd4710, 0x000001e344dd80d0, 0x000001e344dd85a0, 0x000001e344ddac20,
0x000001e344ddb0f0, 0x000001e344e8be30, 0x000001e344e8f7f0, 0x000001e344e90190,
0x000001e344e89c80, 0x000001e344e8d640, 0x000001e344e8db10, 0x000001e344e892e0,
0x000001e344e8fcc0, 0x000001e344e8dfe0, 0x000001e344e8b960, 0x000001e344e88940,
0x000001e344e8e4b0, 0x000001e344e8ee50, 0x000001e344e897b0, 0x000001e344e88e10,
0x000001e344e8d170, 0x000001e344e8a150, 0x000001e344e8c300, 0x000001e344e8aaf0
}

Java Threads: ( => current thread )
  0x000001e3216bd7a0 JavaThread "main" [_thread_blocked, id=1104, stack(0x0000006f38100000,0x0000006f38200000)]
  0x000001e33e0400b0 JavaThread "Reference Handler" daemon [_thread_blocked, id=20704, stack(0x0000006f38800000,0x0000006f38900000)]
  0x000001e33e040f20 JavaThread "Finalizer" daemon [_thread_blocked, id=22960, stack(0x0000006f38900000,0x0000006f38a00000)]
  0x000001e33e088290 JavaThread "Signal Dispatcher" daemon [_thread_blocked, id=21676, stack(0x0000006f38a00000,0x0000006f38b00000)]
  0x000001e33e088e40 JavaThread "Attach Listener" daemon [_thread_blocked, id=23068, stack(0x0000006f38b00000,0x0000006f38c00000)]
  0x000001e33e0899f0 JavaThread "Service Thread" daemon [_thread_blocked, id=23724, stack(0x0000006f38c00000,0x0000006f38d00000)]
  0x000001e33e08c3b0 JavaThread "Monitor Deflation Thread" daemon [_thread_blocked, id=21364, stack(0x0000006f38d00000,0x0000006f38e00000)]
  0x000001e33e08d090 JavaThread "C2 CompilerThread0" daemon [_thread_blocked, id=13428, stack(0x0000006f38e00000,0x0000006f38f00000)]
  0x000001e33e099440 JavaThread "C1 CompilerThread0" daemon [_thread_blocked, id=16228, stack(0x0000006f38f00000,0x0000006f39000000)]
  0x000001e33e09c250 JavaThread "Sweeper thread" daemon [_thread_blocked, id=4476, stack(0x0000006f39000000,0x0000006f39100000)]
  0x000001e33e225340 JavaThread "Common-Cleaner" daemon [_thread_blocked, id=19020, stack(0x0000006f39100000,0x0000006f39200000)]
  0x000001e33e231670 JavaThread "Notification Thread" daemon [_thread_blocked, id=22460, stack(0x0000006f39200000,0x0000006f39300000)]
=>0x000001e33e2f5ce0 JavaThread "C2 CompilerThread1" daemon [_thread_in_native, id=14548, stack(0x0000006f39400000,0x0000006f39500000)]
  0x000001e33e58c410 JavaThread "C2 CompilerThread2" daemon [_thread_in_native, id=8848, stack(0x0000006f39a00000,0x0000006f39b00000)]
  0x000001e33e96e380 JavaThread "Daemon health stats" [_thread_blocked, id=18960, stack(0x0000006f39b00000,0x0000006f39c00000)]
  0x000001e33e96e850 JavaThread "Incoming local TCP Connector on port 64675" [_thread_in_native, id=20384, stack(0x0000006f39c00000,0x0000006f39d00000)]
  0x000001e33e96c6a0 JavaThread "Daemon periodic checks" [_thread_blocked, id=12272, stack(0x0000006f39d00000,0x0000006f39e00000)]
  0x000001e33e96b360 JavaThread "Daemon" [_thread_blocked, id=24172, stack(0x0000006f39e00000,0x0000006f39f00000)]
  0x000001e33e96ae90 JavaThread "Handler for socket connection from /127.0.0.1:64675 to /127.0.0.1:64676" [_thread_in_native, id=20752, stack(0x0000006f39f00000,0x0000006f3a000000)]
  0x000001e33e96b830 JavaThread "Cancel handler" [_thread_blocked, id=12832, stack(0x0000006f3a000000,0x0000006f3a100000)]
  0x000001e33e96c1d0 JavaThread "Daemon worker" [_thread_in_vm, id=2648, stack(0x0000006f3a100000,0x0000006f3a200000)]
  0x000001e33e96d040 JavaThread "Asynchronous log dispatcher for DefaultDaemonConnection: socket connection from /127.0.0.1:64675 to /127.0.0.1:64676" [_thread_blocked, id=4568, stack(0x0000006f3a200000,0x0000006f3a300000)]
  0x000001e33e96d510 JavaThread "Stdin handler" [_thread_blocked, id=10420, stack(0x0000006f3a300000,0x0000006f3a400000)]
  0x000001e33e96d9e0 JavaThread "Daemon client event forwarder" [_thread_blocked, id=5732, stack(0x0000006f3a400000,0x0000006f3a500000)]
  0x000001e33e96deb0 JavaThread "Cache worker for journal cache (C:\Users\hachem safae\.gradle\caches\journal-1)" [_thread_blocked, id=23248, stack(0x0000006f3a800000,0x0000006f3a900000)]
  0x000001e33f7f7b20 JavaThread "File lock request listener" [_thread_in_native, id=22872, stack(0x0000006f3a900000,0x0000006f3aa00000)]
  0x000001e33f7f4fd0 JavaThread "Cache worker for file hash cache (C:\Users\hachem safae\.gradle\caches\8.0\fileHashes)" [_thread_blocked, id=10280, stack(0x0000006f3aa00000,0x0000006f3ab00000)]
  0x000001e33f7f4b00 JavaThread "File watcher server" daemon [_thread_in_native, id=7048, stack(0x0000006f3ab00000,0x0000006f3ac00000)]
  0x000001e33f7f67e0 JavaThread "File watcher consumer" daemon [_thread_blocked, id=4316, stack(0x0000006f3ac00000,0x0000006f3ad00000)]
  0x000001e33f7f54a0 JavaThread "Cache worker for checksums cache (D:\App_Android studio\ControleFront\.gradle\8.0\checksums)" [_thread_blocked, id=13988, stack(0x0000006f3ad00000,0x0000006f3ae00000)]
  0x000001e33f7f5970 JavaThread "Cache worker for cache directory md-rule (C:\Users\hachem safae\.gradle\caches\8.0\md-rule)" [_thread_blocked, id=10452, stack(0x0000006f3ae00000,0x0000006f3af00000)]
  0x000001e33f7f6cb0 JavaThread "Cache worker for file content cache (C:\Users\hachem safae\.gradle\caches\8.0\fileContent)" [_thread_blocked, id=22120, stack(0x0000006f3af00000,0x0000006f3b000000)]
  0x000001e33f7f5e40 JavaThread "Cache worker for file hash cache (D:\App_Android studio\ControleFront\.gradle\8.0\fileHashes)" [_thread_blocked, id=3168, stack(0x0000006f3b000000,0x0000006f3b100000)]
  0x000001e33f7f6310 JavaThread "Cache worker for cache directory md-supplier (C:\Users\hachem safae\.gradle\caches\8.0\md-supplier)" [_thread_blocked, id=7280, stack(0x0000006f3b100000,0x0000006f3b200000)]
  0x000001e33f7f7ff0 JavaThread "Cache worker for execution history cache (C:\Users\hachem safae\.gradle\caches\8.0\executionHistory)" [_thread_blocked, id=19960, stack(0x0000006f3b200000,0x0000006f3b300000)]
  0x000001e33f7f7650 JavaThread "jar transforms" [_thread_blocked, id=17936, stack(0x0000006f3b300000,0x0000006f3b400000)]
  0x000001e33f7f4630 JavaThread "jar transforms Thread 2" [_thread_blocked, id=17320, stack(0x0000006f3b400000,0x0000006f3b500000)]
  0x000001e343f125c0 JavaThread "Cache worker for kotlin-dsl (C:\Users\hachem safae\.gradle\caches\8.0\kotlin-dsl)" [_thread_blocked, id=24180, stack(0x0000006f3b500000,0x0000006f3b600000)]
  0x000001e343f142a0 JavaThread "jar transforms Thread 3" [_thread_blocked, id=6508, stack(0x0000006f3b600000,0x0000006f3b700000)]
  0x000001e343f11750 JavaThread "jar transforms Thread 4" [_thread_blocked, id=10008, stack(0x0000006f3b700000,0x0000006f3b800000)]
  0x000001e343f0f5a0 JavaThread "Cache worker for dependencies-accessors (D:\App_Android studio\ControleFront\.gradle\8.0\dependencies-accessors)" [_thread_blocked, id=22164, stack(0x0000006f3b800000,0x0000006f3b900000)]
  0x000001e343f11c20 JavaThread "Cache worker for Build Output Cleanup Cache (D:\App_Android studio\ControleFront\.gradle\buildOutputCleanup)" [_thread_blocked, id=18788, stack(0x0000006f3b900000,0x0000006f3ba00000)]
  0x000001e343f13900 JavaThread "jar transforms Thread 5" [_thread_blocked, id=23664, stack(0x0000006f3ba00000,0x0000006f3bb00000)]
  0x000001e343f0cf20 JavaThread "Unconstrained build operations" [_thread_blocked, id=4704, stack(0x0000006f3bb00000,0x0000006f3bc00000)]
  0x000001e343f0d3f0 JavaThread "Unconstrained build operations Thread 2" [_thread_blocked, id=17752, stack(0x0000006f3bc00000,0x0000006f3bd00000)]
  0x000001e343f0dd90 JavaThread "Unconstrained build operations Thread 3" [_thread_blocked, id=19132, stack(0x0000006f3bd00000,0x0000006f3be00000)]
  0x000001e343f120f0 JavaThread "Unconstrained build operations Thread 4" [_thread_blocked, id=18464, stack(0x0000006f3be00000,0x0000006f3bf00000)]
  0x000001e343f10410 JavaThread "Unconstrained build operations Thread 5" [_thread_blocked, id=3832, stack(0x0000006f3bf00000,0x0000006f3c000000)]
  0x000001e343f0e260 JavaThread "Unconstrained build operations Thread 6" [_thread_blocked, id=11052, stack(0x0000006f3c000000,0x0000006f3c100000)]
  0x000001e343f0e730 JavaThread "Unconstrained build operations Thread 7" [_thread_blocked, id=9672, stack(0x0000006f3c100000,0x0000006f3c200000)]
  0x000001e343f0ec00 JavaThread "Unconstrained build operations Thread 8" [_thread_blocked, id=2296, stack(0x0000006f3c200000,0x0000006f3c300000)]
  0x000001e343f108e0 JavaThread "Unconstrained build operations Thread 9" [_thread_blocked, id=23812, stack(0x0000006f3c300000,0x0000006f3c400000)]
  0x000001e343f12a90 JavaThread "Unconstrained build operations Thread 10" [_thread_blocked, id=9228, stack(0x0000006f3c400000,0x0000006f3c500000)]
  0x000001e343f0fa70 JavaThread "Unconstrained build operations Thread 11" [_thread_blocked, id=9616, stack(0x0000006f3c500000,0x0000006f3c600000)]
  0x000001e343f0ff40 JavaThread "Unconstrained build operations Thread 12" [_thread_blocked, id=3668, stack(0x0000006f3c600000,0x0000006f3c700000)]
  0x000001e343f10db0 JavaThread "Unconstrained build operations Thread 13" [_thread_blocked, id=20456, stack(0x0000006f3c700000,0x0000006f3c800000)]
  0x000001e343f11280 JavaThread "Unconstrained build operations Thread 14" [_thread_blocked, id=21196, stack(0x0000006f3c800000,0x0000006f3c900000)]
  0x000001e34452a870 JavaThread "Unconstrained build operations Thread 15" [_thread_blocked, id=16636, stack(0x0000006f3c900000,0x0000006f3ca00000)]
  0x000001e34452d890 JavaThread "Unconstrained build operations Thread 16" [_thread_blocked, id=13840, stack(0x0000006f3ca00000,0x0000006f3cb00000)]
  0x000001e3445269e0 JavaThread "Unconstrained build operations Thread 17" [_thread_blocked, id=20140, stack(0x0000006f3cb00000,0x0000006f3cc00000)]
  0x000001e34452ca20 JavaThread "Unconstrained build operations Thread 18" [_thread_blocked, id=10916, stack(0x0000006f3cc00000,0x0000006f3cd00000)]
  0x000001e34452b6e0 JavaThread "Unconstrained build operations Thread 19" [_thread_blocked, id=23164, stack(0x0000006f3cd00000,0x0000006f3ce00000)]
  0x000001e34452d3c0 JavaThread "Unconstrained build operations Thread 20" [_thread_blocked, id=23048, stack(0x0000006f3ce00000,0x0000006f3cf00000)]
  0x000001e34452dd60 JavaThread "Unconstrained build operations Thread 21" [_thread_blocked, id=23460, stack(0x0000006f3cf00000,0x0000006f3d000000)]
  0x000001e344527d20 JavaThread "Unconstrained build operations Thread 22" [_thread_blocked, id=16848, stack(0x0000006f3d000000,0x0000006f3d100000)]
  0x000001e34452c080 JavaThread "Unconstrained build operations Thread 23" [_thread_blocked, id=22592, stack(0x0000006f3d100000,0x0000006f3d200000)]
  0x000001e34452cef0 JavaThread "Unconstrained build operations Thread 24" [_thread_blocked, id=16668, stack(0x0000006f3d200000,0x0000006f3d300000)]
  0x000001e34452e230 JavaThread "Unconstrained build operations Thread 25" [_thread_blocked, id=5652, stack(0x0000006f3d300000,0x0000006f3d400000)]
  0x000001e3445281f0 JavaThread "Unconstrained build operations Thread 26" [_thread_blocked, id=24076, stack(0x0000006f3d400000,0x0000006f3d500000)]
  0x000001e344526eb0 JavaThread "Unconstrained build operations Thread 27" [_thread_blocked, id=23044, stack(0x0000006f3d500000,0x0000006f3d600000)]
  0x000001e3445286c0 JavaThread "Unconstrained build operations Thread 28" [_thread_blocked, id=18604, stack(0x0000006f3d600000,0x0000006f3d700000)]
  0x000001e34452bbb0 JavaThread "Unconstrained build operations Thread 29" [_thread_blocked, id=5756, stack(0x0000006f3d700000,0x0000006f3d800000)]
  0x000001e344527850 JavaThread "Unconstrained build operations Thread 30" [_thread_blocked, id=17132, stack(0x0000006f3d800000,0x0000006f3d900000)]
  0x000001e344527380 JavaThread "Unconstrained build operations Thread 31" [_thread_blocked, id=3980, stack(0x0000006f3d900000,0x0000006f3da00000)]
  0x000001e34452ad40 JavaThread "Unconstrained build operations Thread 32" [_thread_blocked, id=18612, stack(0x0000006f3da00000,0x0000006f3db00000)]
  0x000001e344528b90 JavaThread "Unconstrained build operations Thread 33" [_thread_blocked, id=10676, stack(0x0000006f3db00000,0x0000006f3dc00000)]
  0x000001e344529060 JavaThread "Unconstrained build operations Thread 34" [_thread_blocked, id=20328, stack(0x0000006f3dc00000,0x0000006f3dd00000)]
  0x000001e344529530 JavaThread "Unconstrained build operations Thread 35" [_thread_blocked, id=19472, stack(0x0000006f3dd00000,0x0000006f3de00000)]
  0x000001e344529a00 JavaThread "Unconstrained build operations Thread 36" [_thread_blocked, id=4648, stack(0x0000006f3de00000,0x0000006f3df00000)]
  0x000001e344529ed0 JavaThread "Unconstrained build operations Thread 37" [_thread_blocked, id=12788, stack(0x0000006f3df00000,0x0000006f3e000000)]
  0x000001e34452a3a0 JavaThread "Unconstrained build operations Thread 38" [_thread_blocked, id=7844, stack(0x0000006f3e000000,0x0000006f3e100000)]
  0x000001e34452c550 JavaThread "Unconstrained build operations Thread 39" [_thread_blocked, id=20652, stack(0x0000006f3e100000,0x0000006f3e200000)]
  0x000001e34452b210 JavaThread "Unconstrained build operations Thread 40" [_thread_blocked, id=17612, stack(0x0000006f3e200000,0x0000006f3e300000)]
  0x000001e344dd50b0 JavaThread "Unconstrained build operations Thread 41" [_thread_blocked, id=23228, stack(0x0000006f3e300000,0x0000006f3e400000)]
  0x000001e344dda750 JavaThread "Unconstrained build operations Thread 42" [_thread_blocked, id=12900, stack(0x0000006f3e400000,0x0000006f3e500000)]
  0x000001e344dd5580 JavaThread "Unconstrained build operations Thread 43" [_thread_blocked, id=21272, stack(0x0000006f3e500000,0x0000006f3e600000)]
  0x000001e344dd8a70 JavaThread "Unconstrained build operations Thread 44" [_thread_blocked, id=12412, stack(0x0000006f3e600000,0x0000006f3e700000)]
  0x000001e344dd68c0 JavaThread "Unconstrained build operations Thread 45" [_thread_blocked, id=18976, stack(0x0000006f3e700000,0x0000006f3e800000)]
  0x000001e344ddb5c0 JavaThread "Unconstrained build operations Thread 46" [_thread_blocked, id=24056, stack(0x0000006f3e800000,0x0000006f3e900000)]
  0x000001e344ddba90 JavaThread "Unconstrained build operations Thread 47" [_thread_blocked, id=2784, stack(0x0000006f3e900000,0x0000006f3ea00000)]
  0x000001e344dd4be0 JavaThread "Unconstrained build operations Thread 48" [_thread_blocked, id=13496, stack(0x0000006f3ea00000,0x0000006f3eb00000)]
  0x000001e344dd5a50 JavaThread "Unconstrained build operations Thread 49" [_thread_blocked, id=3576, stack(0x0000006f3eb00000,0x0000006f3ec00000)]
  0x000001e344dd5f20 JavaThread "Unconstrained build operations Thread 50" [_thread_blocked, id=18580, stack(0x0000006f3ec00000,0x0000006f3ed00000)]
  0x000001e344ddbf60 JavaThread "Unconstrained build operations Thread 51" [_thread_blocked, id=16192, stack(0x0000006f3ed00000,0x0000006f3ee00000)]
  0x000001e344dd98e0 JavaThread "Unconstrained build operations Thread 52" [_thread_blocked, id=6236, stack(0x0000006f3ee00000,0x0000006f3ef00000)]
  0x000001e344dd7c00 JavaThread "Unconstrained build operations Thread 53" [_thread_blocked, id=18480, stack(0x0000006f3ef00000,0x0000006f3f000000)]
  0x000001e344dd8f40 JavaThread "Unconstrained build operations Thread 54" [_thread_blocked, id=7272, stack(0x0000006f3f000000,0x0000006f3f100000)]
  0x000001e344dd63f0 JavaThread "Unconstrained build operations Thread 55" [_thread_blocked, id=19664, stack(0x0000006f3f100000,0x0000006f3f200000)]
  0x000001e344dd6d90 JavaThread "Unconstrained build operations Thread 56" [_thread_blocked, id=18516, stack(0x0000006f3f200000,0x0000006f3f300000)]
  0x000001e344dd9db0 JavaThread "Unconstrained build operations Thread 57" [_thread_blocked, id=17304, stack(0x0000006f3f300000,0x0000006f3f400000)]
  0x000001e344dd9410 JavaThread "Unconstrained build operations Thread 58" [_thread_blocked, id=20252, stack(0x0000006f3f400000,0x0000006f3f500000)]
  0x000001e344dd7260 JavaThread "Unconstrained build operations Thread 59" [_thread_blocked, id=16500, stack(0x0000006f3f500000,0x0000006f3f600000)]
  0x000001e344dd7730 JavaThread "Unconstrained build operations Thread 60" [_thread_blocked, id=3092, stack(0x0000006f3f600000,0x0000006f3f700000)]
  0x000001e344dda280 JavaThread "Unconstrained build operations Thread 61" [_thread_blocked, id=13408, stack(0x0000006f3f700000,0x0000006f3f800000)]
  0x000001e344dd4710 JavaThread "Unconstrained build operations Thread 62" [_thread_blocked, id=22712, stack(0x0000006f3f800000,0x0000006f3f900000)]
  0x000001e344dd80d0 JavaThread "Unconstrained build operations Thread 63" [_thread_blocked, id=4896, stack(0x0000006f3f900000,0x0000006f3fa00000)]
  0x000001e344dd85a0 JavaThread "Unconstrained build operations Thread 64" [_thread_blocked, id=11192, stack(0x0000006f3fa00000,0x0000006f3fb00000)]
  0x000001e344ddac20 JavaThread "Unconstrained build operations Thread 65" [_thread_blocked, id=22944, stack(0x0000006f3fb00000,0x0000006f3fc00000)]
  0x000001e344ddb0f0 JavaThread "Unconstrained build operations Thread 66" [_thread_blocked, id=14716, stack(0x0000006f3fc00000,0x0000006f3fd00000)]
  0x000001e344e8be30 JavaThread "Unconstrained build operations Thread 67" [_thread_blocked, id=24448, stack(0x0000006f3fd00000,0x0000006f3fe00000)]
  0x000001e344e8f7f0 JavaThread "Unconstrained build operations Thread 68" [_thread_blocked, id=3992, stack(0x0000006f3fe00000,0x0000006f3ff00000)]
  0x000001e344e90190 JavaThread "Unconstrained build operations Thread 69" [_thread_blocked, id=12492, stack(0x0000006f3ff00000,0x0000006f40000000)]
  0x000001e344e89c80 JavaThread "Unconstrained build operations Thread 70" [_thread_blocked, id=17412, stack(0x0000006f40000000,0x0000006f40100000)]
  0x000001e344e8d640 JavaThread "Unconstrained build operations Thread 71" [_thread_blocked, id=18328, stack(0x0000006f40100000,0x0000006f40200000)]
  0x000001e344e8db10 JavaThread "Unconstrained build operations Thread 72" [_thread_blocked, id=20988, stack(0x0000006f40200000,0x0000006f40300000)]
  0x000001e344e892e0 JavaThread "Unconstrained build operations Thread 73" [_thread_blocked, id=14884, stack(0x0000006f40300000,0x0000006f40400000)]
  0x000001e344e8fcc0 JavaThread "Unconstrained build operations Thread 74" [_thread_blocked, id=18592, stack(0x0000006f40400000,0x0000006f40500000)]
  0x000001e344e8dfe0 JavaThread "Unconstrained build operations Thread 75" [_thread_blocked, id=5080, stack(0x0000006f40500000,0x0000006f40600000)]
  0x000001e344e8b960 JavaThread "Unconstrained build operations Thread 76" [_thread_blocked, id=18164, stack(0x0000006f40600000,0x0000006f40700000)]
  0x000001e344e88940 JavaThread "Unconstrained build operations Thread 77" [_thread_blocked, id=21448, stack(0x0000006f40700000,0x0000006f40800000)]
  0x000001e344e8e4b0 JavaThread "Unconstrained build operations Thread 78" [_thread_blocked, id=21652, stack(0x0000006f40800000,0x0000006f40900000)]
  0x000001e344e8ee50 JavaThread "Unconstrained build operations Thread 79" [_thread_blocked, id=18244, stack(0x0000006f40900000,0x0000006f40a00000)]
  0x000001e344e897b0 JavaThread "Unconstrained build operations Thread 80" [_thread_blocked, id=2424, stack(0x0000006f40a00000,0x0000006f40b00000)]
  0x000001e344e88e10 JavaThread "jar transforms Thread 6" [_thread_blocked, id=18716, stack(0x0000006f40b00000,0x0000006f40c00000)]
  0x000001e344e8d170 JavaThread "jar transforms Thread 7" [_thread_blocked, id=7408, stack(0x0000006f40c00000,0x0000006f40d00000)]
  0x000001e344e8a150 JavaThread "jar transforms Thread 8" [_thread_blocked, id=15356, stack(0x0000006f40d00000,0x0000006f40e00000)]
  0x000001e344e8c300 JavaThread "build event listener" [_thread_blocked, id=23968, stack(0x0000006f40e00000,0x0000006f40f00000)]
  0x000001e344e8aaf0 JavaThread "Memory manager" [_thread_blocked, id=23480, stack(0x0000006f40f00000,0x0000006f41000000)]

Other Threads:
  0x000001e33d5f8380 VMThread "VM Thread" [stack: 0x0000006f38700000,0x0000006f38800000] [id=23260]
  0x000001e323826670 WatcherThread [stack: 0x0000006f39300000,0x0000006f39400000] [id=20112]
  0x000001e3238091b0 GCTaskThread "GC Thread#0" [stack: 0x0000006f38200000,0x0000006f38300000] [id=17632]
  0x000001e33ee7c2f0 GCTaskThread "GC Thread#1" [stack: 0x0000006f39500000,0x0000006f39600000] [id=12000]
  0x000001e33ee7c5a0 GCTaskThread "GC Thread#2" [stack: 0x0000006f39600000,0x0000006f39700000] [id=17892]
  0x000001e33e5fdd60 GCTaskThread "GC Thread#3" [stack: 0x0000006f39700000,0x0000006f39800000] [id=8020]
  0x000001e33e5fe010 GCTaskThread "GC Thread#4" [stack: 0x0000006f39800000,0x0000006f39900000] [id=19920]
  0x000001e33ea54680 GCTaskThread "GC Thread#5" [stack: 0x0000006f39900000,0x0000006f39a00000] [id=9940]
  0x000001e340c15780 GCTaskThread "GC Thread#6" [stack: 0x0000006f3a500000,0x0000006f3a600000] [id=2384]
  0x000001e340c15a30 GCTaskThread "GC Thread#7" [stack: 0x0000006f3a600000,0x0000006f3a700000] [id=8608]
  0x000001e32381a0f0 ConcurrentGCThread "G1 Main Marker" [stack: 0x0000006f38300000,0x0000006f38400000] [id=21544]
  0x000001e32381b2a0 ConcurrentGCThread "G1 Conc#0" [stack: 0x0000006f38400000,0x0000006f38500000] [id=2436]
  0x000001e340c15ce0 ConcurrentGCThread "G1 Conc#1" [stack: 0x0000006f3a700000,0x0000006f3a800000] [id=3380]
  0x000001e32386eb90 ConcurrentGCThread "G1 Refine#0" [stack: 0x0000006f38500000,0x0000006f38600000] [id=21444]
  0x000001e33d4a6be0 ConcurrentGCThread "G1 Service" [stack: 0x0000006f38600000,0x0000006f38700000] [id=9176]

Threads with active compile tasks:
C2 CompilerThread1     8281 8061       4       org.gradle.internal.instantiation.generator.AbstractClassGenerator::inspectType (560 bytes)
C2 CompilerThread2     8281 8213       4       org.gradle.internal.instantiation.generator.AbstractClassGenerator$DslMixInPropertyType::visitInstanceMethod (104 bytes)

VM state: not at safepoint (normal execution)

VM Mutex/Monitor currently owned by a thread: None

Heap address: 0x0000000080000000, size: 2048 MB, Compressed Oops mode: 32-bit

CDS archive(s) not mapped
Compressed class space mapped at: 0x0000000100000000-0x0000000140000000, reserved size: 1073741824
Narrow klass base: 0x0000000000000000, Narrow klass shift: 3, Narrow klass range: 0x140000000

GC Precious Log:
 CPUs: 8 total, 8 available
 Memory: 16194M
 Large Page Support: Disabled
 NUMA Support: Disabled
 Compressed Oops: Enabled (32-bit)
 Heap Region Size: 1M
 Heap Min Capacity: 8M
 Heap Initial Capacity: 254M
 Heap Max Capacity: 2G
 Pre-touch: Disabled
 Parallel Workers: 8
 Concurrent Workers: 2
 Concurrent Refinement Workers: 8
 Periodic GC: Disabled

Heap:
 garbage-first heap   total 119808K, used 69454K [0x0000000080000000, 0x0000000100000000)
  region size 1024K, 12 young (12288K), 5 survivors (5120K)
 Metaspace       used 83076K, committed 83712K, reserved 1122304K
  class space    used 11347K, committed 11648K, reserved 1048576K

Heap Regions: E=young(eden), S=young(survivor), O=old, HS=humongous(starts), HC=humongous(continues), CS=collection set, F=free, OA=open archive, CA=closed archive, TAMS=top-at-mark-start (previous, next)
|   0|0x0000000080000000, 0x0000000080100000, 0x0000000080100000|100%|HS|  |TAMS 0x0000000080100000, 0x0000000080000000| Complete 
|   1|0x0000000080100000, 0x0000000080200000, 0x0000000080200000|100%|HC|  |TAMS 0x0000000080200000, 0x0000000080100000| Complete 
|   2|0x0000000080200000, 0x0000000080300000, 0x0000000080300000|100%|HC|  |TAMS 0x0000000080300000, 0x0000000080200000| Complete 
|   3|0x0000000080300000, 0x0000000080400000, 0x0000000080400000|100%|HC|  |TAMS 0x0000000080400000, 0x0000000080300000| Complete 
|   4|0x0000000080400000, 0x0000000080500000, 0x0000000080500000|100%| O|  |TAMS 0x0000000080500000, 0x0000000080400000| Untracked 
|   5|0x0000000080500000, 0x0000000080600000, 0x0000000080600000|100%| O|  |TAMS 0x0000000080600000, 0x0000000080500000| Untracked 
|   6|0x0000000080600000, 0x0000000080700000, 0x0000000080700000|100%| O|  |TAMS 0x0000000080700000, 0x0000000080600000| Untracked 
|   7|0x0000000080700000, 0x0000000080800000, 0x0000000080800000|100%| O|  |TAMS 0x0000000080800000, 0x0000000080700000| Untracked 
|   8|0x0000000080800000, 0x0000000080900000, 0x0000000080900000|100%| O|  |TAMS 0x0000000080900000, 0x0000000080800000| Untracked 
|   9|0x0000000080900000, 0x0000000080a00000, 0x0000000080a00000|100%| O|  |TAMS 0x0000000080a00000, 0x0000000080900000| Untracked 
|  10|0x0000000080a00000, 0x0000000080b00000, 0x0000000080b00000|100%| O|  |TAMS 0x0000000080b00000, 0x0000000080a00000| Untracked 
|  11|0x0000000080b00000, 0x0000000080c00000, 0x0000000080c00000|100%| O|  |TAMS 0x0000000080c00000, 0x0000000080b00000| Untracked 
|  12|0x0000000080c00000, 0x0000000080d00000, 0x0000000080d00000|100%| O|  |TAMS 0x0000000080d00000, 0x0000000080c00000| Untracked 
|  13|0x0000000080d00000, 0x0000000080e00000, 0x0000000080e00000|100%| O|  |TAMS 0x0000000080e00000, 0x0000000080d00000| Untracked 
|  14|0x0000000080e00000, 0x0000000080f00000, 0x0000000080f00000|100%| O|  |TAMS 0x0000000080f00000, 0x0000000080e00000| Untracked 
|  15|0x0000000080f00000, 0x0000000081000000, 0x0000000081000000|100%| O|  |TAMS 0x0000000081000000, 0x0000000080f00000| Untracked 
|  16|0x0000000081000000, 0x0000000081100000, 0x0000000081100000|100%| O|  |TAMS 0x0000000081100000, 0x0000000081000000| Untracked 
|  17|0x0000000081100000, 0x0000000081200000, 0x0000000081200000|100%| O|  |TAMS 0x0000000081200000, 0x0000000081100000| Untracked 
|  18|0x0000000081200000, 0x0000000081300000, 0x0000000081300000|100%| O|  |TAMS 0x0000000081300000, 0x0000000081200000| Untracked 
|  19|0x0000000081300000, 0x0000000081400000, 0x0000000081400000|100%| O|  |TAMS 0x0000000081400000, 0x0000000081300000| Untracked 
|  20|0x0000000081400000, 0x0000000081500000, 0x0000000081500000|100%| O|  |TAMS 0x0000000081500000, 0x0000000081400000| Untracked 
|  21|0x0000000081500000, 0x0000000081600000, 0x0000000081600000|100%| O|  |TAMS 0x0000000081600000, 0x0000000081500000| Untracked 
|  22|0x0000000081600000, 0x0000000081700000, 0x0000000081700000|100%| O|  |TAMS 0x0000000081700000, 0x0000000081600000| Complete 
|  23|0x0000000081700000, 0x0000000081800000, 0x0000000081800000|100%| O|  |TAMS 0x0000000081800000, 0x0000000081700000| Untracked 
|  24|0x0000000081800000, 0x0000000081900000, 0x0000000081900000|100%|HS|  |TAMS 0x0000000081900000, 0x0000000081800000| Complete 
|  25|0x0000000081900000, 0x0000000081a00000, 0x0000000081a00000|100%|HS|  |TAMS 0x0000000081a00000, 0x0000000081900000| Complete 
|  26|0x0000000081a00000, 0x0000000081b00000, 0x0000000081b00000|100%| O|  |TAMS 0x0000000081b00000, 0x0000000081a00000| Untracked 
|  27|0x0000000081b00000, 0x0000000081c00000, 0x0000000081c00000|100%| O|  |TAMS 0x0000000081c00000, 0x0000000081b00000| Untracked 
|  28|0x0000000081c00000, 0x0000000081d00000, 0x0000000081d00000|100%| O|  |TAMS 0x0000000081d00000, 0x0000000081c00000| Untracked 
|  29|0x0000000081d00000, 0x0000000081e00000, 0x0000000081e00000|100%| O|  |TAMS 0x0000000081e00000, 0x0000000081d00000| Untracked 
|  30|0x0000000081e00000, 0x0000000081f00000, 0x0000000081f00000|100%| O|  |TAMS 0x0000000081f00000, 0x0000000081e00000| Untracked 
|  31|0x0000000081f00000, 0x0000000082000000, 0x0000000082000000|100%|HS|  |TAMS 0x0000000082000000, 0x0000000081f00000| Complete 
|  32|0x0000000082000000, 0x0000000082100000, 0x0000000082100000|100%| O|  |TAMS 0x0000000082100000, 0x0000000082000000| Untracked 
|  33|0x0000000082100000, 0x0000000082200000, 0x0000000082200000|100%| O|  |TAMS 0x0000000082200000, 0x0000000082100000| Untracked 
|  34|0x0000000082200000, 0x0000000082300000, 0x0000000082300000|100%| O|  |TAMS 0x0000000082300000, 0x0000000082200000| Untracked 
|  35|0x0000000082300000, 0x0000000082400000, 0x0000000082400000|100%| O|  |TAMS 0x0000000082400000, 0x0000000082300000| Untracked 
|  36|0x0000000082400000, 0x0000000082500000, 0x0000000082500000|100%| O|  |TAMS 0x0000000082500000, 0x0000000082400000| Untracked 
|  37|0x0000000082500000, 0x0000000082600000, 0x0000000082600000|100%| O|  |TAMS 0x0000000082600000, 0x0000000082500000| Untracked 
|  38|0x0000000082600000, 0x0000000082700000, 0x0000000082700000|100%| O|  |TAMS 0x0000000082700000, 0x0000000082600000| Untracked 
|  39|0x0000000082700000, 0x0000000082800000, 0x0000000082800000|100%| O|  |TAMS 0x0000000082800000, 0x0000000082700000| Untracked 
|  40|0x0000000082800000, 0x0000000082900000, 0x0000000082900000|100%| O|  |TAMS 0x0000000082900000, 0x0000000082800000| Untracked 
|  41|0x0000000082900000, 0x0000000082a00000, 0x0000000082a00000|100%| O|  |TAMS 0x0000000082a00000, 0x0000000082900000| Untracked 
|  42|0x0000000082a00000, 0x0000000082b00000, 0x0000000082b00000|100%| O|  |TAMS 0x0000000082b00000, 0x0000000082a00000| Untracked 
|  43|0x0000000082b00000, 0x0000000082c00000, 0x0000000082c00000|100%| O|  |TAMS 0x0000000082c00000, 0x0000000082b00000| Untracked 
|  44|0x0000000082c00000, 0x0000000082d00000, 0x0000000082d00000|100%| O|  |TAMS 0x0000000082d00000, 0x0000000082c00000| Untracked 
|  45|0x0000000082d00000, 0x0000000082d00000, 0x0000000082e00000|  0%| F|  |TAMS 0x0000000082d00000, 0x0000000082d00000| Untracked 
|  46|0x0000000082e00000, 0x0000000082f00000, 0x0000000082f00000|100%| O|  |TAMS 0x0000000082f00000, 0x0000000082e00000| Untracked 
|  47|0x0000000082f00000, 0x0000000083000000, 0x0000000083000000|100%| O|  |TAMS 0x0000000083000000, 0x0000000082f00000| Untracked 
|  48|0x0000000083000000, 0x0000000083100000, 0x0000000083100000|100%| O|  |TAMS 0x0000000083100000, 0x0000000083000000| Untracked 
|  49|0x0000000083100000, 0x0000000083200000, 0x0000000083200000|100%| O|  |TAMS 0x0000000083200000, 0x0000000083100000| Untracked 
|  50|0x0000000083200000, 0x0000000083300000, 0x0000000083300000|100%| O|  |TAMS 0x0000000083300000, 0x0000000083200000| Untracked 
|  51|0x0000000083300000, 0x0000000083400000, 0x0000000083400000|100%| O|  |TAMS 0x0000000083400000, 0x0000000083300000| Untracked 
|  52|0x0000000083400000, 0x0000000083500000, 0x0000000083500000|100%| O|  |TAMS 0x0000000083500000, 0x0000000083400000| Untracked 
|  53|0x0000000083500000, 0x0000000083600000, 0x0000000083600000|100%| O|  |TAMS 0x0000000083600000, 0x0000000083500000| Untracked 
|  54|0x0000000083600000, 0x0000000083700000, 0x0000000083700000|100%| O|  |TAMS 0x0000000083700000, 0x0000000083600000| Untracked 
|  55|0x0000000083700000, 0x0000000083800000, 0x0000000083800000|100%| O|  |TAMS 0x0000000083800000, 0x0000000083700000| Untracked 
|  56|0x0000000083800000, 0x0000000083900000, 0x0000000083900000|100%| O|  |TAMS 0x0000000083900000, 0x0000000083800000| Untracked 
|  57|0x0000000083900000, 0x00000000839d3a00, 0x0000000083a00000| 82%| O|  |TAMS 0x00000000839d3a00, 0x0000000083900000| Untracked 
|  58|0x0000000083a00000, 0x0000000083a00000, 0x0000000083b00000|  0%| F|  |TAMS 0x0000000083a00000, 0x0000000083a00000| Untracked 
|  59|0x0000000083b00000, 0x0000000083b00000, 0x0000000083c00000|  0%| F|  |TAMS 0x0000000083b00000, 0x0000000083b00000| Untracked 
|  60|0x0000000083c00000, 0x0000000083c00000, 0x0000000083d00000|  0%| F|  |TAMS 0x0000000083c00000, 0x0000000083c00000| Untracked 
|  61|0x0000000083d00000, 0x0000000083d00000, 0x0000000083e00000|  0%| F|  |TAMS 0x0000000083d00000, 0x0000000083d00000| Untracked 
|  62|0x0000000083e00000, 0x0000000083e00000, 0x0000000083f00000|  0%| F|  |TAMS 0x0000000083e00000, 0x0000000083e00000| Untracked 
|  63|0x0000000083f00000, 0x0000000083f00000, 0x0000000084000000|  0%| F|  |TAMS 0x0000000083f00000, 0x0000000083f00000| Untracked 
|  64|0x0000000084000000, 0x0000000084000000, 0x0000000084100000|  0%| F|  |TAMS 0x0000000084000000, 0x0000000084000000| Untracked 
|  65|0x0000000084100000, 0x0000000084100000, 0x0000000084200000|  0%| F|  |TAMS 0x0000000084100000, 0x0000000084100000| Untracked 
|  66|0x0000000084200000, 0x0000000084200000, 0x0000000084300000|  0%| F|  |TAMS 0x0000000084200000, 0x0000000084200000| Untracked 
|  67|0x0000000084300000, 0x0000000084300000, 0x0000000084400000|  0%| F|  |TAMS 0x0000000084300000, 0x0000000084300000| Untracked 
|  68|0x0000000084400000, 0x0000000084400000, 0x0000000084500000|  0%| F|  |TAMS 0x0000000084400000, 0x0000000084400000| Untracked 
|  69|0x0000000084500000, 0x0000000084500000, 0x0000000084600000|  0%| F|  |TAMS 0x0000000084500000, 0x0000000084500000| Untracked 
|  70|0x0000000084600000, 0x0000000084600000, 0x0000000084700000|  0%| F|  |TAMS 0x0000000084600000, 0x0000000084600000| Untracked 
|  71|0x0000000084700000, 0x0000000084700000, 0x0000000084800000|  0%| F|  |TAMS 0x0000000084700000, 0x0000000084700000| Untracked 
|  72|0x0000000084800000, 0x0000000084800000, 0x0000000084900000|  0%| F|  |TAMS 0x0000000084800000, 0x0000000084800000| Untracked 
|  73|0x0000000084900000, 0x0000000084a00000, 0x0000000084a00000|100%| S|CS|TAMS 0x0000000084900000, 0x0000000084900000| Complete 
|  74|0x0000000084a00000, 0x0000000084b00000, 0x0000000084b00000|100%| S|CS|TAMS 0x0000000084a00000, 0x0000000084a00000| Complete 
|  75|0x0000000084b00000, 0x0000000084c00000, 0x0000000084c00000|100%| S|CS|TAMS 0x0000000084b00000, 0x0000000084b00000| Complete 
|  76|0x0000000084c00000, 0x0000000084c00000, 0x0000000084d00000|  0%| F|  |TAMS 0x0000000084c00000, 0x0000000084c00000| Untracked 
|  77|0x0000000084d00000, 0x0000000084d00000, 0x0000000084e00000|  0%| F|  |TAMS 0x0000000084d00000, 0x0000000084d00000| Untracked 
|  78|0x0000000084e00000, 0x0000000084e00000, 0x0000000084f00000|  0%| F|  |TAMS 0x0000000084e00000, 0x0000000084e00000| Untracked 
|  79|0x0000000084f00000, 0x0000000085000000, 0x0000000085000000|100%| S|CS|TAMS 0x0000000084f00000, 0x0000000084f00000| Complete 
|  80|0x0000000085000000, 0x0000000085100000, 0x0000000085100000|100%| S|CS|TAMS 0x0000000085000000, 0x0000000085000000| Complete 
|  81|0x0000000085100000, 0x0000000085100000, 0x0000000085200000|  0%| F|  |TAMS 0x0000000085100000, 0x0000000085100000| Untracked 
|  82|0x0000000085200000, 0x0000000085200000, 0x0000000085300000|  0%| F|  |TAMS 0x0000000085200000, 0x0000000085200000| Untracked 
|  83|0x0000000085300000, 0x0000000085300000, 0x0000000085400000|  0%| F|  |TAMS 0x0000000085300000, 0x0000000085300000| Untracked 
|  84|0x0000000085400000, 0x0000000085400000, 0x0000000085500000|  0%| F|  |TAMS 0x0000000085400000, 0x0000000085400000| Untracked 
|  85|0x0000000085500000, 0x0000000085500000, 0x0000000085600000|  0%| F|  |TAMS 0x0000000085500000, 0x0000000085500000| Untracked 
|  86|0x0000000085600000, 0x0000000085600000, 0x0000000085700000|  0%| F|  |TAMS 0x0000000085600000, 0x0000000085600000| Untracked 
|  87|0x0000000085700000, 0x0000000085700000, 0x0000000085800000|  0%| F|  |TAMS 0x0000000085700000, 0x0000000085700000| Untracked 
|  88|0x0000000085800000, 0x0000000085800000, 0x0000000085900000|  0%| F|  |TAMS 0x0000000085800000, 0x0000000085800000| Untracked 
|  89|0x0000000085900000, 0x0000000085900000, 0x0000000085a00000|  0%| F|  |TAMS 0x0000000085900000, 0x0000000085900000| Untracked 
|  90|0x0000000085a00000, 0x0000000085a00000, 0x0000000085b00000|  0%| F|  |TAMS 0x0000000085a00000, 0x0000000085a00000| Untracked 
|  91|0x0000000085b00000, 0x0000000085b00000, 0x0000000085c00000|  0%| F|  |TAMS 0x0000000085b00000, 0x0000000085b00000| Untracked 
|  92|0x0000000085c00000, 0x0000000085c00000, 0x0000000085d00000|  0%| F|  |TAMS 0x0000000085c00000, 0x0000000085c00000| Untracked 
|  93|0x0000000085d00000, 0x0000000085d00000, 0x0000000085e00000|  0%| F|  |TAMS 0x0000000085d00000, 0x0000000085d00000| Untracked 
|  94|0x0000000085e00000, 0x0000000085e00000, 0x0000000085f00000|  0%| F|  |TAMS 0x0000000085e00000, 0x0000000085e00000| Untracked 
|  95|0x0000000085f00000, 0x0000000085f00000, 0x0000000086000000|  0%| F|  |TAMS 0x0000000085f00000, 0x0000000085f00000| Untracked 
|  96|0x0000000086000000, 0x0000000086000000, 0x0000000086100000|  0%| F|  |TAMS 0x0000000086000000, 0x0000000086000000| Untracked 
|  97|0x0000000086100000, 0x0000000086100000, 0x0000000086200000|  0%| F|  |TAMS 0x0000000086100000, 0x0000000086100000| Untracked 
|  98|0x0000000086200000, 0x0000000086200000, 0x0000000086300000|  0%| F|  |TAMS 0x0000000086200000, 0x0000000086200000| Untracked 
|  99|0x0000000086300000, 0x0000000086300000, 0x0000000086400000|  0%| F|  |TAMS 0x0000000086300000, 0x0000000086300000| Untracked 
| 100|0x0000000086400000, 0x0000000086400000, 0x0000000086500000|  0%| F|  |TAMS 0x0000000086400000, 0x0000000086400000| Untracked 
| 101|0x0000000086500000, 0x0000000086500000, 0x0000000086600000|  0%| F|  |TAMS 0x0000000086500000, 0x0000000086500000| Untracked 
| 102|0x0000000086600000, 0x0000000086600000, 0x0000000086700000|  0%| F|  |TAMS 0x0000000086600000, 0x0000000086600000| Untracked 
| 103|0x0000000086700000, 0x0000000086700000, 0x0000000086800000|  0%| F|  |TAMS 0x0000000086700000, 0x0000000086700000| Untracked 
| 104|0x0000000086800000, 0x0000000086800000, 0x0000000086900000|  0%| F|  |TAMS 0x0000000086800000, 0x0000000086800000| Untracked 
| 105|0x0000000086900000, 0x0000000086900000, 0x0000000086a00000|  0%| F|  |TAMS 0x0000000086900000, 0x0000000086900000| Untracked 
| 106|0x0000000086a00000, 0x0000000086a00000, 0x0000000086b00000|  0%| F|  |TAMS 0x0000000086a00000, 0x0000000086a00000| Untracked 
| 107|0x0000000086b00000, 0x0000000086b00000, 0x0000000086c00000|  0%| F|  |TAMS 0x0000000086b00000, 0x0000000086b00000| Untracked 
| 203|0x000000008cb00000, 0x000000008cb00000, 0x000000008cc00000|  0%| F|  |TAMS 0x000000008cb00000, 0x000000008cb00000| Untracked 
| 204|0x000000008cc00000, 0x000000008cc80800, 0x000000008cd00000| 50%| E|  |TAMS 0x000000008cc00000, 0x000000008cc00000| Complete 
| 205|0x000000008cd00000, 0x000000008ce00000, 0x000000008ce00000|100%| E|CS|TAMS 0x000000008cd00000, 0x000000008cd00000| Complete 
| 206|0x000000008ce00000, 0x000000008cf00000, 0x000000008cf00000|100%| E|CS|TAMS 0x000000008ce00000, 0x000000008ce00000| Complete 
| 207|0x000000008cf00000, 0x000000008d000000, 0x000000008d000000|100%| E|CS|TAMS 0x000000008cf00000, 0x000000008cf00000| Complete 
| 208|0x000000008d000000, 0x000000008d100000, 0x000000008d100000|100%| E|CS|TAMS 0x000000008d000000, 0x000000008d000000| Complete 
| 209|0x000000008d100000, 0x000000008d200000, 0x000000008d200000|100%| E|CS|TAMS 0x000000008d100000, 0x000000008d100000| Complete 
| 210|0x000000008d200000, 0x000000008d300000, 0x000000008d300000|100%| E|CS|TAMS 0x000000008d200000, 0x000000008d200000| Complete 
| 253|0x000000008fd00000, 0x000000008fe00000, 0x000000008fe00000|100%| E|CS|TAMS 0x000000008fd00000, 0x000000008fd00000| Complete 

Card table byte_map: [0x000001e3363a0000,0x000001e3367a0000] _byte_map_base: 0x000001e335fa0000

Marking Bits (Prev, Next): (CMBitMap*) 0x000001e3238097c0, (CMBitMap*) 0x000001e323809800
 Prev Bits: [0x000001e336ba0000, 0x000001e338ba0000)
 Next Bits: [0x000001e338ba0000, 0x000001e33aba0000)

Polling page: 0x000001e321700000

Metaspace:

Usage:
  Non-class:     70.07 MB used.
      Class:     11.09 MB used.
       Both:     81.16 MB used.

Virtual space:
  Non-class space:       72.00 MB reserved,      70.38 MB ( 98%) committed,  9 nodes.
      Class space:        1.00 GB reserved,      11.38 MB (  1%) committed,  1 nodes.
             Both:        1.07 GB reserved,      81.75 MB (  7%) committed. 

Chunk freelists:
   Non-Class:  1.28 MB
       Class:  672.00 KB
        Both:  1.94 MB

MaxMetaspaceSize: unlimited
CompressedClassSpaceSize: 1.00 GB
Initial GC threshold: 21.00 MB
Current GC threshold: 135.25 MB
CDS: off
MetaspaceReclaimPolicy: balanced
 - commit_granule_bytes: 65536.
 - commit_granule_words: 8192.
 - virtual_space_node_default_size: 1048576.
 - enlarge_chunks_in_place: 1.
 - new_chunks_are_fully_committed: 0.
 - uncommit_free_chunks: 1.
 - use_allocation_guard: 0.
 - handle_deallocations: 1.


Internal statistics:

num_allocs_failed_limit: 9.
num_arena_births: 794.
num_arena_deaths: 0.
num_vsnodes_births: 10.
num_vsnodes_deaths: 0.
num_space_committed: 1308.
num_space_uncommitted: 0.
num_chunks_returned_to_freelist: 9.
num_chunks_taken_from_freelist: 3717.
num_chunk_merges: 9.
num_chunk_splits: 2518.
num_chunks_enlarged: 1750.
num_purges: 0.
num_inconsistent_stats: 0.

CodeHeap 'non-profiled nmethods': size=120000Kb used=4623Kb max_used=4623Kb free=115376Kb
 bounds [0x000001e32e740000, 0x000001e32ebd0000, 0x000001e335c70000]
CodeHeap 'profiled nmethods': size=120000Kb used=14192Kb max_used=14192Kb free=105807Kb
 bounds [0x000001e326c70000, 0x000001e327a50000, 0x000001e32e1a0000]
CodeHeap 'non-nmethods': size=5760Kb used=2376Kb max_used=2468Kb free=3384Kb
 bounds [0x000001e32e1a0000, 0x000001e32e420000, 0x000001e32e740000]
 total_blobs=8374 nmethods=7467 adapters=819
 compilation: enabled
              stopped_count=0, restarted_count=0
 full_count=0

Compilation events (20 events):
Event: 8.089 Thread 0x000001e33e08d090 nmethod 8259 0x000001e32ebbc510 code [0x000001e32ebbc7e0, 0x000001e32ebbddf0]
Event: 8.089 Thread 0x000001e33e08d090 8245       4       java.util.ArrayList$ArrayListSpliterator::estimateSize (11 bytes)
Event: 8.090 Thread 0x000001e33e08d090 nmethod 8245 0x000001e32ebbeb90 code [0x000001e32ebbed00, 0x000001e32ebbedb8]
Event: 8.090 Thread 0x000001e33e08d090 8266       4       java.lang.AbstractStringBuilder::<init> (63 bytes)
Event: 8.112 Thread 0x000001e33e08d090 nmethod 8266 0x000001e32ebbee90 code [0x000001e32ebbf040, 0x000001e32ebbfb28]
Event: 8.115 Thread 0x000001e33e08d090 8280       4       java.net.URLClassLoader::isSealed (72 bytes)
Event: 8.188 Thread 0x000001e33e099440 8281       1       java.util.Formatter$FixedString::index (3 bytes)
Event: 8.189 Thread 0x000001e33e099440 nmethod 8281 0x000001e32ebc0090 code [0x000001e32ebc0220, 0x000001e32ebc02f8]
Event: 8.226 Thread 0x000001e33e099440 8282       3       java.util.regex.CharPredicates$$Lambda$5/0x00000001000c1828::is (5 bytes)
Event: 8.226 Thread 0x000001e33e099440 nmethod 8282 0x000001e327a40290 code [0x000001e327a40440, 0x000001e327a40718]
Event: 8.226 Thread 0x000001e33e099440 8283       3       java.util.regex.CharPredicates::lambda$ASCII_DIGIT$18 (20 bytes)
Event: 8.226 Thread 0x000001e33e099440 nmethod 8283 0x000001e327a40810 code [0x000001e327a409c0, 0x000001e327a40c18]
Event: 8.226 Thread 0x000001e33e099440 8284       3       java.util.Formatter$Flags::contains (22 bytes)
Event: 8.227 Thread 0x000001e33e099440 nmethod 8284 0x000001e327a40d10 code [0x000001e327a40ea0, 0x000001e327a41058]
Event: 8.253 Thread 0x000001e33e099440 8285       3       jdk.internal.reflect.ClassFileAssembler::getMaxLocals (6 bytes)
Event: 8.253 Thread 0x000001e33e099440 nmethod 8285 0x000001e327a41110 code [0x000001e327a412a0, 0x000001e327a413b8]
Event: 8.253 Thread 0x000001e33e099440 8286       3       javax.management.ObjectName::construct (1135 bytes)
Event: 8.257 Thread 0x000001e33e099440 nmethod 8286 0x000001e327a41490 code [0x000001e327a41b00, 0x000001e327a45a08]
Event: 8.257 Thread 0x000001e33e099440 8287       1       sun.management.MemoryPoolImpl::getName (5 bytes)
Event: 8.257 Thread 0x000001e33e099440 nmethod 8287 0x000001e32ebc0390 code [0x000001e32ebc0520, 0x000001e32ebc05f8]

GC Heap History (20 events):
Event: 3.331 GC heap before
{Heap before GC invocations=10 (full 0):
 garbage-first heap   total 65536K, used 47750K [0x0000000080000000, 0x0000000100000000)
  region size 1024K, 27 young (27648K), 3 survivors (3072K)
 Metaspace       used 40389K, committed 40768K, reserved 1089536K
  class space    used 5362K, committed 5504K, reserved 1048576K
}
Event: 3.335 GC heap after
{Heap after GC invocations=11 (full 0):
 garbage-first heap   total 65536K, used 28145K [0x0000000080000000, 0x0000000100000000)
  region size 1024K, 4 young (4096K), 4 survivors (4096K)
 Metaspace       used 40389K, committed 40768K, reserved 1089536K
  class space    used 5362K, committed 5504K, reserved 1048576K
}
Event: 3.553 GC heap before
{Heap before GC invocations=11 (full 0):
 garbage-first heap   total 65536K, used 51697K [0x0000000080000000, 0x0000000100000000)
  region size 1024K, 25 young (25600K), 4 survivors (4096K)
 Metaspace       used 42747K, committed 43136K, reserved 1089536K
  class space    used 5612K, committed 5760K, reserved 1048576K
}
Event: 3.557 GC heap after
{Heap after GC invocations=12 (full 0):
 garbage-first heap   total 119808K, used 29682K [0x0000000080000000, 0x0000000100000000)
  region size 1024K, 3 young (3072K), 3 survivors (3072K)
 Metaspace       used 42747K, committed 43136K, reserved 1089536K
  class space    used 5612K, committed 5760K, reserved 1048576K
}
Event: 4.202 GC heap before
{Heap before GC invocations=12 (full 0):
 garbage-first heap   total 119808K, used 88050K [0x0000000080000000, 0x0000000100000000)
  region size 1024K, 60 young (61440K), 3 survivors (3072K)
 Metaspace       used 49528K, committed 50048K, reserved 1097728K
  class space    used 6617K, committed 6848K, reserved 1048576K
}
Event: 4.207 GC heap after
{Heap after GC invocations=13 (full 0):
 garbage-first heap   total 119808K, used 33038K [0x0000000080000000, 0x0000000100000000)
  region size 1024K, 6 young (6144K), 6 survivors (6144K)
 Metaspace       used 49528K, committed 50048K, reserved 1097728K
  class space    used 6617K, committed 6848K, reserved 1048576K
}
Event: 4.851 GC heap before
{Heap before GC invocations=13 (full 0):
 garbage-first heap   total 119808K, used 92430K [0x0000000080000000, 0x0000000100000000)
  region size 1024K, 63 young (64512K), 6 survivors (6144K)
 Metaspace       used 53282K, committed 53760K, reserved 1097728K
  class space    used 7132K, committed 7360K, reserved 1048576K
}
Event: 4.857 GC heap after
{Heap after GC invocations=14 (full 0):
 garbage-first heap   total 119808K, used 39727K [0x0000000080000000, 0x0000000100000000)
  region size 1024K, 8 young (8192K), 8 survivors (8192K)
 Metaspace       used 53282K, committed 53760K, reserved 1097728K
  class space    used 7132K, committed 7360K, reserved 1048576K
}
Event: 5.429 GC heap before
{Heap before GC invocations=14 (full 0):
 garbage-first heap   total 119808K, used 89903K [0x0000000080000000, 0x0000000100000000)
  region size 1024K, 56 young (57344K), 8 survivors (8192K)
 Metaspace       used 59629K, committed 60160K, reserved 1105920K
  class space    used 7921K, committed 8128K, reserved 1048576K
}
Event: 5.434 GC heap after
{Heap after GC invocations=15 (full 0):
 garbage-first heap   total 119808K, used 46437K [0x0000000080000000, 0x0000000100000000)
  region size 1024K, 6 young (6144K), 6 survivors (6144K)
 Metaspace       used 59629K, committed 60160K, reserved 1105920K
  class space    used 7921K, committed 8128K, reserved 1048576K
}
Event: 6.276 GC heap before
{Heap before GC invocations=16 (full 0):
 garbage-first heap   total 119808K, used 98661K [0x0000000080000000, 0x0000000100000000)
  region size 1024K, 51 young (52224K), 6 survivors (6144K)
 Metaspace       used 65316K, committed 65856K, reserved 1114112K
  class space    used 8692K, committed 8960K, reserved 1048576K
}
Event: 6.281 GC heap after
{Heap after GC invocations=17 (full 0):
 garbage-first heap   total 119808K, used 51555K [0x0000000080000000, 0x0000000100000000)
  region size 1024K, 5 young (5120K), 5 survivors (5120K)
 Metaspace       used 65316K, committed 65856K, reserved 1114112K
  class space    used 8692K, committed 8960K, reserved 1048576K
}
Event: 6.703 GC heap before
{Heap before GC invocations=17 (full 0):
 garbage-first heap   total 119808K, used 94563K [0x0000000080000000, 0x0000000100000000)
  region size 1024K, 47 young (48128K), 5 survivors (5120K)
 Metaspace       used 70234K, committed 70848K, reserved 1114112K
  class space    used 9368K, committed 9664K, reserved 1048576K
}
Event: 6.707 GC heap after
{Heap after GC invocations=18 (full 0):
 garbage-first heap   total 119808K, used 54016K [0x0000000080000000, 0x0000000100000000)
  region size 1024K, 3 young (3072K), 3 survivors (3072K)
 Metaspace       used 70234K, committed 70848K, reserved 1114112K
  class space    used 9368K, committed 9664K, reserved 1048576K
}
Event: 7.192 GC heap before
{Heap before GC invocations=18 (full 0):
 garbage-first heap   total 119808K, used 94976K [0x0000000080000000, 0x0000000100000000)
  region size 1024K, 44 young (45056K), 3 survivors (3072K)
 Metaspace       used 73946K, committed 74496K, reserved 1114112K
  class space    used 9859K, committed 10112K, reserved 1048576K
}
Event: 7.197 GC heap after
{Heap after GC invocations=19 (full 0):
 garbage-first heap   total 119808K, used 58080K [0x0000000080000000, 0x0000000100000000)
  region size 1024K, 6 young (6144K), 6 survivors (6144K)
 Metaspace       used 73946K, committed 74496K, reserved 1114112K
  class space    used 9859K, committed 10112K, reserved 1048576K
}
Event: 7.651 GC heap before
{Heap before GC invocations=19 (full 0):
 garbage-first heap   total 119808K, used 98016K [0x0000000080000000, 0x0000000100000000)
  region size 1024K, 44 young (45056K), 6 survivors (6144K)
 Metaspace       used 78586K, committed 79168K, reserved 1122304K
  class space    used 10676K, committed 10944K, reserved 1048576K
}
Event: 7.656 GC heap after
{Heap after GC invocations=20 (full 0):
 garbage-first heap   total 119808K, used 60766K [0x0000000080000000, 0x0000000100000000)
  region size 1024K, 3 young (3072K), 3 survivors (3072K)
 Metaspace       used 78586K, committed 79168K, reserved 1122304K
  class space    used 10676K, committed 10944K, reserved 1048576K
}
Event: 8.049 GC heap before
{Heap before GC invocations=20 (full 0):
 garbage-first heap   total 119808K, used 97630K [0x0000000080000000, 0x0000000100000000)
  region size 1024K, 39 young (39936K), 3 survivors (3072K)
 Metaspace       used 82005K, committed 82560K, reserved 1122304K
  class space    used 11182K, committed 11456K, reserved 1048576K
}
Event: 8.054 GC heap after
{Heap after GC invocations=21 (full 0):
 garbage-first heap   total 119808K, used 63310K [0x0000000080000000, 0x0000000100000000)
  region size 1024K, 5 young (5120K), 5 survivors (5120K)
 Metaspace       used 82005K, committed 82560K, reserved 1122304K
  class space    used 11182K, committed 11456K, reserved 1048576K
}

Dll operation events (2 events):
Event: 0.010 Loaded shared library D:\android studio\jbr\bin\java.dll
Event: 0.418 Loaded shared library D:\android studio\jbr\bin\verify.dll

Deoptimization events (20 events):
Event: 7.889 Thread 0x000001e33e96c1d0 DEOPT PACKING pc=0x000001e326c8c813 sp=0x0000006f3a1f8dd0
Event: 7.889 Thread 0x000001e33e96c1d0 DEOPT UNPACKING pc=0x000001e32e1f7143 sp=0x0000006f3a1f8398 mode 0
Event: 7.961 Thread 0x000001e33e96c1d0 Uncommon trap: trap_request=0xffffff45 fr.pc=0x000001e32e7b0300 relative=0x0000000000000a20
Event: 7.961 Thread 0x000001e33e96c1d0 Uncommon trap: reason=unstable_if action=reinterpret pc=0x000001e32e7b0300 method=java.util.HashMap.resize()[Ljava/util/HashMap$Node; @ 203 c2
Event: 7.961 Thread 0x000001e33e96c1d0 DEOPT PACKING pc=0x000001e32e7b0300 sp=0x0000006f3a1f8c50
Event: 7.961 Thread 0x000001e33e96c1d0 DEOPT UNPACKING pc=0x000001e32e1f69a3 sp=0x0000006f3a1f8bf0 mode 2
Event: 7.961 Thread 0x000001e33e96c1d0 Uncommon trap: trap_request=0xffffff45 fr.pc=0x000001e32e7c9c2c relative=0x000000000000266c
Event: 7.961 Thread 0x000001e33e96c1d0 Uncommon trap: reason=unstable_if action=reinterpret pc=0x000001e32e7c9c2c method=java.util.HashMap.getNode(Ljava/lang/Object;)Ljava/util/HashMap$Node; @ 85 c2
Event: 7.961 Thread 0x000001e33e96c1d0 DEOPT PACKING pc=0x000001e32e7c9c2c sp=0x0000006f3a1f8cf0
Event: 7.961 Thread 0x000001e33e96c1d0 DEOPT UNPACKING pc=0x000001e32e1f69a3 sp=0x0000006f3a1f8bd8 mode 2
Event: 7.961 Thread 0x000001e33e96c1d0 Uncommon trap: trap_request=0xffffff45 fr.pc=0x000001e32eab2830 relative=0x0000000000000310
Event: 7.961 Thread 0x000001e33e96c1d0 Uncommon trap: reason=unstable_if action=reinterpret pc=0x000001e32eab2830 method=java.util.HashMap.getNode(Ljava/lang/Object;)Ljava/util/HashMap$Node; @ 85 c2
Event: 7.961 Thread 0x000001e33e96c1d0 DEOPT PACKING pc=0x000001e32eab2830 sp=0x0000006f3a1f8ca0
Event: 7.961 Thread 0x000001e33e96c1d0 DEOPT UNPACKING pc=0x000001e32e1f69a3 sp=0x0000006f3a1f8bc0 mode 2
Event: 7.961 Thread 0x000001e33e96c1d0 Uncommon trap: trap_request=0xffffff45 fr.pc=0x000001e32e8f48ac relative=0x000000000000028c
Event: 7.961 Thread 0x000001e33e96c1d0 Uncommon trap: reason=unstable_if action=reinterpret pc=0x000001e32e8f48ac method=java.util.HashMap.getNode(Ljava/lang/Object;)Ljava/util/HashMap$Node; @ 85 c2
Event: 7.961 Thread 0x000001e33e96c1d0 DEOPT PACKING pc=0x000001e32e8f48ac sp=0x0000006f3a1f8c40
Event: 7.961 Thread 0x000001e33e96c1d0 DEOPT UNPACKING pc=0x000001e32e1f69a3 sp=0x0000006f3a1f8bc0 mode 2
Event: 7.990 Thread 0x000001e33e96c1d0 DEOPT PACKING pc=0x000001e326c8c813 sp=0x0000006f3a1f8df0
Event: 7.990 Thread 0x000001e33e96c1d0 DEOPT UNPACKING pc=0x000001e32e1f7143 sp=0x0000006f3a1f83b8 mode 0

Classes unloaded (0 events):
No events

Classes redefined (0 events):
No events

Internal exceptions (20 events):
Event: 4.911 Thread 0x000001e33e96c1d0 Exception <a 'java/lang/ClassNotFoundException'{0x000000008cc24820}: org/gradle/api/internal/plugins/DefaultObjectConfigurationActionCustomizer> (0x000000008cc24820) 
thrown [s\src\hotspot\share\classfile\systemDictionary.cpp, line 256]
Event: 5.017 Thread 0x000001e33e96c1d0 Exception <a 'java/lang/NoSuchMethodError'{0x00000000863eb358}: 'java.lang.Object java.lang.invoke.DirectMethodHandle$Holder.newInvokeSpecial(java.lang.Object, java.lang.Object, java.lang.Object, java.lang.Object, int)'> (0x00000000863eb358) 
thrown [s\src\hotspot\share\interpreter\linkResolver.cpp, line 771]
Event: 5.017 Thread 0x000001e33e96c1d0 Exception <a 'java/lang/NoSuchMethodError'{0x00000000863f07a0}: 'java.lang.Object java.lang.invoke.DirectMethodHandle$Holder.invokeSpecial(java.lang.Object, java.lang.Object, java.lang.Object, java.lang.Object, java.lang.Object, int)'> (0x00000000863f07a0) 
thrown [s\src\hotspot\share\interpreter\linkResolver.cpp, line 771]
Event: 5.017 Thread 0x000001e33e96c1d0 Exception <a 'java/lang/NoSuchMethodError'{0x00000000863f5520}: 'java.lang.Object java.lang.invoke.Invokers$Holder.linkToTargetMethod(java.lang.Object, java.lang.Object, java.lang.Object, int, java.lang.Object)'> (0x00000000863f5520) 
thrown [s\src\hotspot\share\interpreter\linkResolver.cpp, line 771]
Event: 5.172 Thread 0x000001e33e96c1d0 Exception <a 'java/lang/NoSuchMethodError'{0x00000000856b3d38}: 'int java.lang.invoke.DirectMethodHandle$Holder.invokeInterface(java.lang.Object, java.lang.Object, java.lang.Object, java.lang.Object)'> (0x00000000856b3d38) 
thrown [s\src\hotspot\share\interpreter\linkResolver.cpp, line 771]
Event: 5.693 Thread 0x000001e33e96c1d0 Exception <a 'java/lang/IncompatibleClassChangeError'{0x0000000086b38d18}: Found class java.lang.Object, but interface was expected> (0x0000000086b38d18) 
thrown [s\src\hotspot\share\interpreter\linkResolver.cpp, line 838]
Event: 5.762 Thread 0x000001e33e96c1d0 Implicit null exception at 0x000001e32e7b3260 to 0x000001e32e7b3408
Event: 5.762 Thread 0x000001e33e96c1d0 Implicit null exception at 0x000001e32e997fc6 to 0x000001e32e999bac
Event: 5.945 Thread 0x000001e33e96c1d0 Implicit null exception at 0x000001e32e919f0c to 0x000001e32e91a042
Event: 6.128 Thread 0x000001e33e96c1d0 Exception <a 'sun/nio/fs/WindowsException'{0x00000000853e5008}> (0x00000000853e5008) 
thrown [s\src\hotspot\share\prims\jni.cpp, line 517]
Event: 6.497 Thread 0x000001e33e96c1d0 Implicit null exception at 0x000001e32e942149 to 0x000001e32e94221c
Event: 7.552 Thread 0x000001e33e96c1d0 Exception <a 'java/lang/NoSuchMethodError'{0x0000000085723030}: 'int java.lang.invoke.DirectMethodHandle$Holder.invokeSpecialIFC(java.lang.Object, java.lang.Object, java.lang.Object, java.lang.Object, java.lang.Object)'> (0x0000000085723030) 
thrown [s\src\hotspot\share\interpreter\linkResolver.cpp, line 771]
Event: 7.691 Thread 0x000001e33e96c1d0 Exception <a 'java/lang/ClassNotFoundException'{0x000000008cf79a08}: com/android/build/gradle/internal/api/ApkVariantOutputImpl_DecoratedBeanInfo> (0x000000008cf79a08) 
thrown [s\src\hotspot\share\classfile\systemDictionary.cpp, line 256]
Event: 7.691 Thread 0x000001e33e96c1d0 Exception <a 'java/lang/ClassNotFoundException'{0x000000008cf868e0}: com/android/build/gradle/internal/api/ApkVariantOutputImplBeanInfo> (0x000000008cf868e0) 
thrown [s\src\hotspot\share\classfile\systemDictionary.cpp, line 256]
Event: 7.691 Thread 0x000001e33e96c1d0 Exception <a 'java/lang/ClassNotFoundException'{0x000000008cf93498}: com/android/build/gradle/internal/api/BaseVariantOutputImplBeanInfo> (0x000000008cf93498) 
thrown [s\src\hotspot\share\classfile\systemDictionary.cpp, line 256]
Event: 7.692 Thread 0x000001e33e96c1d0 Exception <a 'java/lang/ClassNotFoundException'{0x000000008cfa02d0}: com/android/build/gradle/internal/api/BaseVariantOutputImplCustomizer> (0x000000008cfa02d0) 
thrown [s\src\hotspot\share\classfile\systemDictionary.cpp, line 256]
Event: 7.692 Thread 0x000001e33e96c1d0 Exception <a 'java/lang/ClassNotFoundException'{0x000000008cfbf810}: com/android/build/gradle/internal/api/ApkVariantOutputImplCustomizer> (0x000000008cfbf810) 
thrown [s\src\hotspot\share\classfile\systemDictionary.cpp, line 256]
Event: 7.693 Thread 0x000001e33e96c1d0 Exception <a 'java/lang/ClassNotFoundException'{0x000000008cfd8fd8}: com/android/build/gradle/internal/api/ApkVariantOutputImpl_DecoratedCustomizer> (0x000000008cfd8fd8) 
thrown [s\src\hotspot\share\classfile\systemDictionary.cpp, line 256]
Event: 7.699 Thread 0x000001e33e96c1d0 Exception <a 'java/lang/NoClassDefFoundError'{0x000000008cec29b0}: org/jetbrains/kotlin/gradle/plugin/KotlinBasePluginWrapper> (0x000000008cec29b0) 
thrown [s\src\hotspot\share\classfile\systemDictionary.cpp, line 245]
Event: 8.074 Thread 0x000001e33e96c1d0 Exception <a 'sun/nio/fs/WindowsException'{0x000000008d204420}> (0x000000008d204420) 
thrown [s\src\hotspot\share\prims\jni.cpp, line 517]

VM Operations (20 events):
Event: 7.274 Executing VM operation: HandshakeAllThreads
Event: 7.274 Executing VM operation: HandshakeAllThreads done
Event: 7.561 Executing VM operation: ICBufferFull
Event: 7.562 Executing VM operation: ICBufferFull done
Event: 7.650 Executing VM operation: G1CollectForAllocation
Event: 7.656 Executing VM operation: G1CollectForAllocation done
Event: 7.737 Executing VM operation: HandshakeAllThreads
Event: 7.738 Executing VM operation: HandshakeAllThreads done
Event: 7.849 Executing VM operation: ICBufferFull
Event: 7.849 Executing VM operation: ICBufferFull done
Event: 7.976 Executing VM operation: HandshakeAllThreads
Event: 7.976 Executing VM operation: HandshakeAllThreads done
Event: 8.038 Executing VM operation: ICBufferFull
Event: 8.038 Executing VM operation: ICBufferFull done
Event: 8.049 Executing VM operation: G1CollectForAllocation
Event: 8.054 Executing VM operation: G1CollectForAllocation done
Event: 8.132 Executing VM operation: G1Concurrent
Event: 8.158 Executing VM operation: G1Concurrent done
Event: 8.232 Executing VM operation: G1Concurrent
Event: 8.233 Executing VM operation: G1Concurrent done

Events (20 events):
Event: 7.881 loading class java/util/zip/ZipOutputStream
Event: 7.882 loading class java/util/zip/ZipOutputStream done
Event: 8.065 loading class java/net/Proxy
Event: 8.065 loading class java/net/Proxy done
Event: 8.065 loading class java/net/Proxy$Type
Event: 8.065 loading class java/net/Proxy$Type done
Event: 8.099 loading class javax/xml/namespace/QName
Event: 8.100 loading class javax/xml/namespace/QName done
Event: 8.255 loading class org/xml/sax/XMLFilter
Event: 8.255 loading class org/xml/sax/XMLReader
Event: 8.255 loading class org/xml/sax/XMLReader done
Event: 8.255 loading class org/xml/sax/XMLFilter done
Event: 8.255 loading class javax/xml/transform/Source
Event: 8.255 loading class javax/xml/transform/Source done
Event: 8.255 loading class org/w3c/dom/ls/LSResourceResolver
Event: 8.255 loading class org/w3c/dom/ls/LSResourceResolver done
Event: 8.257 loading class java/util/logging/ConsoleHandler
Event: 8.257 loading class java/util/logging/StreamHandler
Event: 8.257 loading class java/util/logging/StreamHandler done
Event: 8.257 loading class java/util/logging/ConsoleHandler done


Dynamic libraries:
0x00007ff7902f0000 - 0x00007ff7902fa000 	D:\android studio\jbr\bin\java.exe
0x00007ff8cc270000 - 0x00007ff8cc487000 	C:\WINDOWS\SYSTEM32\ntdll.dll
0x00007ff8cba10000 - 0x00007ff8cbad4000 	C:\WINDOWS\System32\KERNEL32.DLL
0x00007ff8c9b00000 - 0x00007ff8c9ea6000 	C:\WINDOWS\System32\KERNELBASE.dll
0x00007ff8c97d0000 - 0x00007ff8c98e1000 	C:\WINDOWS\System32\ucrtbase.dll
0x00007ff8bf9c0000 - 0x00007ff8bf9d7000 	D:\android studio\jbr\bin\jli.dll
0x00007ff8b7a40000 - 0x00007ff8b7a5b000 	D:\android studio\jbr\bin\VCRUNTIME140.dll
0x00007ff8cb640000 - 0x00007ff8cb7ed000 	C:\WINDOWS\System32\USER32.dll
0x00007ff8c95f0000 - 0x00007ff8c9616000 	C:\WINDOWS\System32\win32u.dll
0x00007ff8b2a00000 - 0x00007ff8b2c93000 	C:\WINDOWS\WinSxS\amd64_microsoft.windows.common-controls_6595b64144ccf1df_6.0.22621.2361_none_2712ced57382f843\COMCTL32.dll
0x00007ff8cbae0000 - 0x00007ff8cbb87000 	C:\WINDOWS\System32\msvcrt.dll
0x00007ff8cc110000 - 0x00007ff8cc139000 	C:\WINDOWS\System32\GDI32.dll
0x00007ff8c9eb0000 - 0x00007ff8c9fc8000 	C:\WINDOWS\System32\gdi32full.dll
0x00007ff8c9a60000 - 0x00007ff8c9afa000 	C:\WINDOWS\System32\msvcp_win.dll
0x00007ff8cc1f0000 - 0x00007ff8cc221000 	C:\WINDOWS\System32\IMM32.DLL
0x00007ff8c4b80000 - 0x00007ff8c4b8c000 	D:\android studio\jbr\bin\vcruntime140_1.dll
0x00007ff8a0670000 - 0x00007ff8a06fd000 	D:\android studio\jbr\bin\msvcp140.dll
0x00007ff852900000 - 0x00007ff85356e000 	D:\android studio\jbr\bin\server\jvm.dll
0x00007ff8ca040000 - 0x00007ff8ca0f0000 	C:\WINDOWS\System32\ADVAPI32.dll
0x00007ff8cc140000 - 0x00007ff8cc1e6000 	C:\WINDOWS\System32\sechost.dll
0x00007ff8caac0000 - 0x00007ff8cabd7000 	C:\WINDOWS\System32\RPCRT4.dll
0x00007ff8acb90000 - 0x00007ff8acb99000 	C:\WINDOWS\SYSTEM32\WSOCK32.dll
0x00007ff8c2c40000 - 0x00007ff8c2c74000 	C:\WINDOWS\SYSTEM32\WINMM.dll
0x00007ff8cad20000 - 0x00007ff8cad91000 	C:\WINDOWS\System32\WS2_32.dll
0x00007ff8c3100000 - 0x00007ff8c310a000 	C:\WINDOWS\SYSTEM32\VERSION.dll
0x00007ff8c8630000 - 0x00007ff8c8648000 	C:\WINDOWS\SYSTEM32\kernel.appcore.dll
0x00007ff8c4b00000 - 0x00007ff8c4b0a000 	D:\android studio\jbr\bin\jimage.dll
0x00007ff8c6f40000 - 0x00007ff8c716e000 	C:\WINDOWS\SYSTEM32\DBGHELP.DLL
0x00007ff8caff0000 - 0x00007ff8cb37a000 	C:\WINDOWS\System32\combase.dll
0x00007ff8cabe0000 - 0x00007ff8cacb7000 	C:\WINDOWS\System32\OLEAUT32.dll
0x00007ff8aafc0000 - 0x00007ff8aaff2000 	C:\WINDOWS\SYSTEM32\dbgcore.DLL
0x00007ff8c9750000 - 0x00007ff8c97ca000 	C:\WINDOWS\System32\bcryptPrimitives.dll
0x00007ff8c2000000 - 0x00007ff8c2025000 	D:\android studio\jbr\bin\java.dll
0x00007ff8c4ab0000 - 0x00007ff8c4ac8000 	D:\android studio\jbr\bin\zip.dll
0x00007ff8ca160000 - 0x00007ff8ca9b8000 	C:\WINDOWS\System32\SHELL32.dll
0x00007ff8c7550000 - 0x00007ff8c7e42000 	C:\WINDOWS\SYSTEM32\windows.storage.dll
0x00007ff8c7410000 - 0x00007ff8c754e000 	C:\WINDOWS\SYSTEM32\wintypes.dll
0x00007ff8ca9c0000 - 0x00007ff8caab3000 	C:\WINDOWS\System32\SHCORE.dll
0x00007ff8ca100000 - 0x00007ff8ca15e000 	C:\WINDOWS\System32\shlwapi.dll
0x00007ff8c9520000 - 0x00007ff8c9546000 	C:\WINDOWS\SYSTEM32\profapi.dll
0x00007ff8c2c90000 - 0x00007ff8c2ca9000 	D:\android studio\jbr\bin\net.dll
0x00007ff8c2b00000 - 0x00007ff8c2c37000 	C:\WINDOWS\SYSTEM32\WINHTTP.dll
0x00007ff8c8ab0000 - 0x00007ff8c8b19000 	C:\WINDOWS\system32\mswsock.dll
0x00007ff8c2930000 - 0x00007ff8c2946000 	D:\android studio\jbr\bin\nio.dll
0x00007ff8c4a60000 - 0x00007ff8c4a70000 	D:\android studio\jbr\bin\verify.dll
0x00007ff8b7a80000 - 0x00007ff8b7aa7000 	C:\Users\hachem safae\.gradle\native\68d5fa5c4cc2d200863cafc0d521ce42e7d3e7ee720ec0a83991735586a16f82\windows-amd64\native-platform.dll
0x00007ff8948a0000 - 0x00007ff8949e4000 	C:\Users\hachem safae\.gradle\native\e376f236ea51e6404a007f0833ffe2c6e607c4080706a723a18a27aeea778392\windows-amd64\native-platform-file-events.dll
0x00007ff8c3aa0000 - 0x00007ff8c3aa9000 	D:\android studio\jbr\bin\management.dll
0x00007ff8c36e0000 - 0x00007ff8c36eb000 	D:\android studio\jbr\bin\management_ext.dll
0x00007ff8cbb90000 - 0x00007ff8cbb98000 	C:\WINDOWS\System32\PSAPI.DLL
0x00007ff8c8d00000 - 0x00007ff8c8d1b000 	C:\WINDOWS\SYSTEM32\CRYPTSP.dll
0x00007ff8c8590000 - 0x00007ff8c85c5000 	C:\WINDOWS\system32\rsaenh.dll
0x00007ff8c8ba0000 - 0x00007ff8c8bcc000 	C:\WINDOWS\SYSTEM32\USERENV.dll
0x00007ff8c8ec0000 - 0x00007ff8c8ee8000 	C:\WINDOWS\SYSTEM32\bcrypt.dll
0x00007ff8c8d20000 - 0x00007ff8c8d2c000 	C:\WINDOWS\SYSTEM32\CRYPTBASE.dll
0x00007ff8c80b0000 - 0x00007ff8c80dd000 	C:\WINDOWS\SYSTEM32\IPHLPAPI.DLL
0x00007ff8cad10000 - 0x00007ff8cad19000 	C:\WINDOWS\System32\NSI.dll
0x00007ff8c2950000 - 0x00007ff8c2969000 	C:\WINDOWS\SYSTEM32\dhcpcsvc6.DLL
0x00007ff8c2830000 - 0x00007ff8c284f000 	C:\WINDOWS\SYSTEM32\dhcpcsvc.DLL
0x00007ff8c8120000 - 0x00007ff8c8219000 	C:\WINDOWS\SYSTEM32\DNSAPI.dll
0x00007ff8af560000 - 0x00007ff8af568000 	C:\WINDOWS\system32\wshunix.dll

dbghelp: loaded successfully - version: 4.0.5 - missing functions: none
symbol engine: initialized successfully - sym options: 0x614 - pdb path: .;D:\android studio\jbr\bin;C:\WINDOWS\SYSTEM32;C:\WINDOWS\WinSxS\amd64_microsoft.windows.common-controls_6595b64144ccf1df_6.0.22621.2361_none_2712ced57382f843;D:\android studio\jbr\bin\server;C:\Users\hachem safae\.gradle\native\68d5fa5c4cc2d200863cafc0d521ce42e7d3e7ee720ec0a83991735586a16f82\windows-amd64;C:\Users\hachem safae\.gradle\native\e376f236ea51e6404a007f0833ffe2c6e607c4080706a723a18a27aeea778392\windows-amd64

VM Arguments:
jvm_args: --add-opens=java.base/java.util=ALL-UNNAMED --add-opens=java.base/java.lang=ALL-UNNAMED --add-opens=java.base/java.lang.invoke=ALL-UNNAMED --add-opens=java.prefs/java.util.prefs=ALL-UNNAMED --add-opens=java.base/java.nio.charset=ALL-UNNAMED --add-opens=java.base/java.net=ALL-UNNAMED --add-opens=java.base/java.util.concurrent.atomic=ALL-UNNAMED -Xmx2048m -Dfile.encoding=UTF-8 -Duser.country=FR -Duser.language=fr -Duser.variant 
java_command: org.gradle.launcher.daemon.bootstrap.GradleDaemon 8.0
java_class_path (initial): C:\Users\hachem safae\.gradle\wrapper\dists\gradle-8.0-bin\ca5e32bp14vu59qr306oxotwh\gradle-8.0\lib\gradle-launcher-8.0.jar
Launcher Type: SUN_STANDARD

[Global flags]
     intx CICompilerCount                          = 4                                         {product} {ergonomic}
     uint ConcGCThreads                            = 2                                         {product} {ergonomic}
     uint G1ConcRefinementThreads                  = 8                                         {product} {ergonomic}
   size_t G1HeapRegionSize                         = 1048576                                   {product} {ergonomic}
    uintx GCDrainStackTargetSize                   = 64                                        {product} {ergonomic}
   size_t InitialHeapSize                          = 266338304                                 {product} {ergonomic}
   size_t MarkStackSize                            = 4194304                                   {product} {ergonomic}
   size_t MaxHeapSize                              = 2147483648                                {product} {command line}
   size_t MaxNewSize                               = 1287651328                                {product} {ergonomic}
   size_t MinHeapDeltaBytes                        = 1048576                                   {product} {ergonomic}
   size_t MinHeapSize                              = 8388608                                   {product} {ergonomic}
    uintx NonNMethodCodeHeapSize                   = 5839372                                {pd product} {ergonomic}
    uintx NonProfiledCodeHeapSize                  = 122909434                              {pd product} {ergonomic}
    uintx ProfiledCodeHeapSize                     = 122909434                              {pd product} {ergonomic}
    uintx ReservedCodeCacheSize                    = 251658240                              {pd product} {ergonomic}
     bool SegmentedCodeCache                       = true                                      {product} {ergonomic}
   size_t SoftMaxHeapSize                          = 2147483648                             {manageable} {ergonomic}
     bool UseCompressedClassPointers               = true                           {product lp64_product} {ergonomic}
     bool UseCompressedOops                        = true                           {product lp64_product} {ergonomic}
     bool UseG1GC                                  = true                                      {product} {ergonomic}
     bool UseLargePagesIndividualAllocation        = false                                  {pd product} {ergonomic}

Logging:
Log output configuration:
 #0: stdout all=warning uptime,level,tags
 #1: stderr all=off uptime,level,tags

Environment Variables:
JAVA_HOME=C:\Program Files\Java\jdk-17
PATH=C:\Program Files (x86)\Common Files\Oracle\Java\javapath;C:\Program Files (x86)\VMware\VMware Workstation\bin\;D:\oraclexe\app\oracle\product\11.2.0\server\bin;C:\Program Files\Common Files\Oracle\Java\javapath;C:\WINDOWS\system32;C:\WINDOWS;C:\WINDOWS\System32\Wbem;C:\WINDOWS\System32\WindowsPowerShell\v1.0\;C:\WINDOWS\System32\OpenSSH\;c:\Program Files (x86)\Microsoft SQL Server\100\Tools\Binn\;c:\Program Files\Microsoft SQL Server\100\Tools\Binn\;c:\Program Files\Microsoft SQL Server\100\DTS\Binn\;D:\java_jdk 8\bin;C:\Program Files\Java\jdk-17\bin;C:\Program Files\Java\jdk-11\bin;C:\Program Files\Java\jdk-19\bin;C:\Program Files\Common Files\Oracle\Java\javapath;C:\ProgramData\ComposerSetup\bin;D:\XAAMP\php\php.exe;D:\xamp\php;C:\Program Files\wkhtmltopdf\bin;D:\node;C:\Program Files\Git\cmd;C:\Program Files\nodejs\;C:\Program Files\MongoDB\Server\6.0\bin;D:\XAAMP\php;C:\Program Files\Java\apache-maven-3.9.5\bin;C:\Users\hachem safae\AppData\Local\Programs\Python\Python310\Scripts\;C:\Users\hachem safae\AppData\Local\Programs\Python\Python310\;C:\Program Files\MySQL\MySQL Shell 8.0\bin\;C:\Users\hachem safae\AppData\Local\Microsoft\WindowsApps;C:\Users\hachem safae\AppData\Roaming\Dashlane\6.2007.0.32704\bin\Firefox_Extension\{442718d9-475e-452a-b3e1-fb1ee16b8e9f}\components;C:\Users\hachem safae\AppData\Roaming\Dashlane\6.2007.0.32704\ucrt;C:\Users\hachem safae\AppData\Roaming\Dashlane\6.2007.0.32704\bin\Qt;C:\Users\hachem safae\AppData\Roaming\Dashlane\6.2007.0.32704\bin\Ssl;C:\Program Files\JetBrains\IntelliJ IDEA Community Edition 2020.2.2\bin;C:\Users\hachem safae\AppData\Local\Microsoft\WindowsApps;C:\Users\hachem safae\AppData\Local\Programs\Microsoft VS Code\bin;C:\Program Files\IntelliJ IDEA Community Edition 2022.3.2\bin;;C:\Users\hachem safae\AppData\Local\ComposerSetup\bin;C:\Users\hachem safae\AppData\Roaming\Composer\vendor\bin;C:\Users\hachem safae\AppData\Roaming\npm;D:\android2\platform-tools;D:\XAAMP\php;C:\wamp64\bin\php\php5.6.40;C:\
USERNAME=hachem safae
OS=Windows_NT
PROCESSOR_IDENTIFIER=Intel64 Family 6 Model 142 Stepping 12, GenuineIntel
TMP=C:\Users\HACHEM~1\AppData\Local\Temp
TEMP=C:\Users\HACHEM~1\AppData\Local\Temp


JNI global refs:
JNI global refs: 28, weak refs: 0

JNI global refs memory usage: 843, weak refs: 209


---------------  S Y S T E M  ---------------

OS:
 Windows 11 , 64 bit Build 22621 (10.0.22621.2428)
OS uptime: 0 days 8:57 hours

CPU: total 8 (initial active 8) (4 cores per cpu, 2 threads per core) family 6 model 142 stepping 12 microcode 0xf6, cx8, cmov, fxsr, ht, mmx, 3dnowpref, sse, sse2, sse3, ssse3, sse4.1, sse4.2, popcnt, lzcnt, tsc, tscinvbit, avx, avx2, aes, erms, clmul, bmi1, bmi2, adx, fma, vzeroupper, clflush, clflushopt

Memory: 4k page, system-wide physical 16194M (2182M free)
TotalPageFile size 18242M (AvailPageFile size 5M)
current process WorkingSet (physical memory assigned to process): 359M, peak: 360M
current process commit charge ("private bytes"): 395M, peak: 397M

vm_info: OpenJDK 64-Bit Server VM (17.0.6+0-b2043.56-10027231) for windows-amd64 JRE (17.0.6+0-b2043.56-10027231), built on Apr 28 2023 00:43:19 by "androidbuild" with MS VC++ 16.10 / 16.11 (VS2019)

END.
