#
# There is insufficient memory for the Java Runtime Environment to continue.
# Native memory allocation (malloc) failed to allocate 1324592 bytes for Chunk::new
# Possible reasons:
#   The system is out of physical RAM or swap space
#   The process is running with CompressedOops enabled, and the Java Heap may be blocking the growth of the native heap
# Possible solutions:
#   Reduce memory load on the system
#   Increase physical memory or swap space
#   Check if swap backing store is full
#   Decrease Java heap size (-Xmx/-Xms)
#   Decrease number of Java threads
#   Decrease Java thread stack sizes (-Xss)
#   Set larger code cache with -XX:ReservedCodeCacheSize=
#   JVM is running with Unscaled Compressed Oops mode in which the Java heap is
#     placed in the first 4GB address space. The Java Heap base address is the
#     maximum limit for the native heap growth. Please use -XX:HeapBaseMinAddress
#     to set the Java Heap base and to place the Java Heap above 4GB virtual address.
# This output file may be truncated or incomplete.
#
#  Out of Memory Error (arena.cpp:189), pid=4592, tid=14736
#
# JRE version: OpenJDK Runtime Environment (17.0.6) (build 17.0.6+0-b2043.56-10027231)
# Java VM: OpenJDK 64-Bit Server VM (17.0.6+0-b2043.56-10027231, mixed mode, tiered, compressed oops, compressed class ptrs, g1 gc, windows-amd64)
# No core dump will be written. Minidumps are not enabled by default on client versions of Windows
#

---------------  S U M M A R Y ------------

Command Line: --add-opens=java.base/java.util=ALL-UNNAMED --add-opens=java.base/java.lang=ALL-UNNAMED --add-opens=java.base/java.lang.invoke=ALL-UNNAMED --add-opens=java.prefs/java.util.prefs=ALL-UNNAMED --add-opens=java.base/java.nio.charset=ALL-UNNAMED --add-opens=java.base/java.net=ALL-UNNAMED --add-opens=java.base/java.util.concurrent.atomic=ALL-UNNAMED -Xmx2048m -Dfile.encoding=UTF-8 -Duser.country=FR -Duser.language=fr -Duser.variant org.gradle.launcher.daemon.bootstrap.GradleDaemon 8.0

Host: Intel(R) Core(TM) i7-8565U CPU @ 1.80GHz, 8 cores, 15G,  Windows 11 , 64 bit Build 22621 (10.0.22621.2428)
Time: Wed Nov 15 19:46:25 2023 Maroc (heure d64 bit Build 22621 (10.0.22621.2428) elapsed time: 15.006358 seconds (0d 0h 0m 15s)

---------------  T H R E A D  ---------------

Current thread (0x000001bff5578fb0):  JavaThread "C2 CompilerThread2" daemon [_thread_in_native, id=14736, stack(0x000000b906d00000,0x000000b906e00000)]


Current CompileTask:
C2:  15006 7652 %     4       org.gradle.internal.instantiation.generator.AbstractClassGenerator::inspectType @ 107 (560 bytes)

Stack: [0x000000b906d00000,0x000000b906e00000]
Native frames: (J=compiled Java code, j=interpreted, Vv=VM code, C=native code)
V  [jvm.dll+0x683c9a]
V  [jvm.dll+0x8427a4]
V  [jvm.dll+0x843f9e]
V  [jvm.dll+0x844603]
V  [jvm.dll+0x249b75]
V  [jvm.dll+0xabcac]
V  [jvm.dll+0xac27c]
V  [jvm.dll+0x368857]
V  [jvm.dll+0x1bced2]
V  [jvm.dll+0x21c359]
V  [jvm.dll+0x21b621]
V  [jvm.dll+0x1a4fdd]
V  [jvm.dll+0x22b098]
V  [jvm.dll+0x229159]
V  [jvm.dll+0x7f81ec]
V  [jvm.dll+0x7f274a]
V  [jvm.dll+0x682ad5]
C  [ucrtbase.dll+0x29363]
C  [KERNEL32.DLL+0x1257d]
C  [ntdll.dll+0x5aa78]


---------------  P R O C E S S  ---------------

Threads class SMR info:
_java_thread_list=0x000001bfec3a9460, length=128, elements={
0x000001bfd120aa10, 0x000001bfebc35030, 0x000001bfebc35b50, 0x000001bfebc7e0f0,
0x000001bfebc7ebb0, 0x000001bfebc81670, 0x000001bfebc82020, 0x000001bfebc831c0,
0x000001bfebc83c60, 0x000001bfebc86660, 0x000001bfebe22ef0, 0x000001bfebe239d0,
0x000001bfed6c0020, 0x000001bfed3ae150, 0x000001bfed2e09e0, 0x000001bfeea09cf0,
0x000001bfee9b1910, 0x000001bfef1cab40, 0x000001bfed475290, 0x000001bfec5a5e30,
0x000001bfec5a4af0, 0x000001bfec5a67d0, 0x000001bfec5a4150, 0x000001bfec5a5490,
0x000001bfec5a6300, 0x000001bfec5a32e0, 0x000001bfec5a37b0, 0x000001bfec5a3c80,
0x000001bff17e6380, 0x000001bff17e6850, 0x000001bff17e6d20, 0x000001bff17e71f0,
0x000001bff17e76c0, 0x000001bff17e9d40, 0x000001bff17eb550, 0x000001bff17e4b70,
0x000001bff17e59e0, 0x000001bff17e46a0, 0x000001bff17e8ed0, 0x000001bff17e5510,
0x000001bff17e93a0, 0x000001bff17e9870, 0x000001bff17eba20, 0x000001bff17ea210,
0x000001bff17ea6e0, 0x000001bff17eabb0, 0x000001bff3259f20, 0x000001bff3259580,
0x000001bff325f5c0, 0x000001bff325d8e0, 0x000001bff3258240, 0x000001bff325a3f0,
0x000001bff3257d70, 0x000001bff325ddb0, 0x000001bff3259a50, 0x000001bff325ad90,
0x000001bff3258710, 0x000001bff325ec20, 0x000001bff325ca70, 0x000001bff325e280,
0x000001bff325b730, 0x000001bff325bc00, 0x000001bff325a8c0, 0x000001bff325e750,
0x000001bff325f0f0, 0x000001bff3258be0, 0x000001bff325b260, 0x000001bff325c0d0,
0x000001bff325c5a0, 0x000001bff32590b0, 0x000001bff325cf40, 0x000001bff325d410,
0x000001bff2e82300, 0x000001bff2e83fe0, 0x000001bff2e80fc0, 0x000001bff2e7f2e0,
0x000001bff2e83640, 0x000001bff2e81490, 0x000001bff2e84980, 0x000001bff2e827d0,
0x000001bff2e7f7b0, 0x000001bff2e80620, 0x000001bff2e7fc80, 0x000001bff2e86b30,
0x000001bff2e857f0, 0x000001bff2e84e50, 0x000001bff2e83170, 0x000001bff2e81e30,
0x000001bff2e85320, 0x000001bff2e81960, 0x000001bff2e86660, 0x000001bff2e85cc0,
0x000001bff2e86190, 0x000001bff2e80150, 0x000001bff2e80af0, 0x000001bff2e82ca0,
0x000001bff2e83b10, 0x000001bff2e844b0, 0x000001bff2d51b50, 0x000001bff2d524f0,
0x000001bff2d53360, 0x000001bff2d4c980, 0x000001bff2d4dcc0, 0x000001bff2d51680,
0x000001bff2d4ce50, 0x000001bff2d4d320, 0x000001bff2d52020, 0x000001bff2d4f000,
0x000001bff2d4d7f0, 0x000001bff2d4fe70, 0x000001bff2d4c4b0, 0x000001bff2d4f4d0,
0x000001bff2d4e190, 0x000001bff2d50340, 0x000001bff2d52e90, 0x000001bff2d4e660,
0x000001bff2d50ce0, 0x000001bff2d53830, 0x000001bff2d4eb30, 0x000001bff2d529c0,
0x000001bff2d53d00, 0x000001bff2d4f9a0, 0x000001bff2d50810, 0x000001bff2d511b0,
0x000001bfee5f1d00, 0x000001bfee5f04f0, 0x000001bfee124930, 0x000001bff5578fb0
}

Java Threads: ( => current thread )
  0x000001bfd120aa10 JavaThread "main" [_thread_blocked, id=23408, stack(0x000000b903800000,0x000000b903900000)]
  0x000001bfebc35030 JavaThread "Reference Handler" daemon [_thread_blocked, id=21732, stack(0x000000b904000000,0x000000b904100000)]
  0x000001bfebc35b50 JavaThread "Finalizer" daemon [_thread_blocked, id=11500, stack(0x000000b904100000,0x000000b904200000)]
  0x000001bfebc7e0f0 JavaThread "Signal Dispatcher" daemon [_thread_blocked, id=15312, stack(0x000000b904300000,0x000000b904400000)]
  0x000001bfebc7ebb0 JavaThread "Attach Listener" daemon [_thread_blocked, id=22296, stack(0x000000b904400000,0x000000b904500000)]
  0x000001bfebc81670 JavaThread "Service Thread" daemon [_thread_blocked, id=22692, stack(0x000000b904500000,0x000000b904600000)]
  0x000001bfebc82020 JavaThread "Monitor Deflation Thread" daemon [_thread_blocked, id=7460, stack(0x000000b904600000,0x000000b904700000)]
  0x000001bfebc831c0 JavaThread "C2 CompilerThread0" daemon [_thread_in_native, id=13888, stack(0x000000b904700000,0x000000b904800000)]
  0x000001bfebc83c60 JavaThread "C1 CompilerThread0" daemon [_thread_blocked, id=12464, stack(0x000000b904800000,0x000000b904900000)]
  0x000001bfebc86660 JavaThread "Sweeper thread" daemon [_thread_blocked, id=14392, stack(0x000000b904900000,0x000000b904a00000)]
  0x000001bfebe22ef0 JavaThread "Common-Cleaner" daemon [_thread_blocked, id=21516, stack(0x000000b904a00000,0x000000b904b00000)]
  0x000001bfebe239d0 JavaThread "Notification Thread" daemon [_thread_blocked, id=3260, stack(0x000000b904b00000,0x000000b904c00000)]
  0x000001bfed6c0020 JavaThread "Daemon health stats" [_thread_blocked, id=13620, stack(0x000000b905400000,0x000000b905500000)]
  0x000001bfed3ae150 JavaThread "Incoming local TCP Connector on port 64668" [_thread_in_native, id=19748, stack(0x000000b904d00000,0x000000b904e00000)]
  0x000001bfed2e09e0 JavaThread "Daemon periodic checks" [_thread_blocked, id=13984, stack(0x000000b905300000,0x000000b905400000)]
  0x000001bfeea09cf0 JavaThread "Daemon" [_thread_blocked, id=21764, stack(0x000000b905600000,0x000000b905700000)]
  0x000001bfee9b1910 JavaThread "Handler for socket connection from /127.0.0.1:64668 to /127.0.0.1:64669" [_thread_in_native, id=23180, stack(0x000000b905700000,0x000000b905800000)]
  0x000001bfef1cab40 JavaThread "Cancel handler" [_thread_blocked, id=21860, stack(0x000000b905800000,0x000000b905900000)]
  0x000001bfed475290 JavaThread "Daemon worker" [_thread_in_vm, id=13336, stack(0x000000b905900000,0x000000b905a00000)]
  0x000001bfec5a5e30 JavaThread "Asynchronous log dispatcher for DefaultDaemonConnection: socket connection from /127.0.0.1:64668 to /127.0.0.1:64669" [_thread_blocked, id=12944, stack(0x000000b905a00000,0x000000b905b00000)]
  0x000001bfec5a4af0 JavaThread "Stdin handler" [_thread_blocked, id=1856, stack(0x000000b905b00000,0x000000b905c00000)]
  0x000001bfec5a67d0 JavaThread "Daemon client event forwarder" [_thread_blocked, id=3256, stack(0x000000b905c00000,0x000000b905d00000)]
  0x000001bfec5a4150 JavaThread "Cache worker for journal cache (C:\Users\hachem safae\.gradle\caches\journal-1)" [_thread_blocked, id=6452, stack(0x000000b906000000,0x000000b906100000)]
  0x000001bfec5a5490 JavaThread "File lock request listener" [_thread_in_native, id=6276, stack(0x000000b906100000,0x000000b906200000)]
  0x000001bfec5a6300 JavaThread "Cache worker for file hash cache (C:\Users\hachem safae\.gradle\caches\8.0\fileHashes)" [_thread_blocked, id=11304, stack(0x000000b906200000,0x000000b906300000)]
  0x000001bfec5a32e0 JavaThread "File watcher server" daemon [_thread_in_native, id=9768, stack(0x000000b906400000,0x000000b906500000)]
  0x000001bfec5a37b0 JavaThread "File watcher consumer" daemon [_thread_blocked, id=18620, stack(0x000000b906500000,0x000000b906600000)]
  0x000001bfec5a3c80 JavaThread "Cache worker for checksums cache (D:\App_Android studio\ControleFront\.gradle\8.0\checksums)" [_thread_blocked, id=24332, stack(0x000000b906600000,0x000000b906700000)]
  0x000001bff17e6380 JavaThread "Cache worker for cache directory md-rule (C:\Users\hachem safae\.gradle\caches\8.0\md-rule)" [_thread_blocked, id=20808, stack(0x000000b906700000,0x000000b906800000)]
  0x000001bff17e6850 JavaThread "Cache worker for file content cache (C:\Users\hachem safae\.gradle\caches\8.0\fileContent)" [_thread_blocked, id=22248, stack(0x000000b906800000,0x000000b906900000)]
  0x000001bff17e6d20 JavaThread "Cache worker for file hash cache (D:\App_Android studio\ControleFront\.gradle\8.0\fileHashes)" [_thread_blocked, id=7944, stack(0x000000b906900000,0x000000b906a00000)]
  0x000001bff17e71f0 JavaThread "Cache worker for cache directory md-supplier (C:\Users\hachem safae\.gradle\caches\8.0\md-supplier)" [_thread_blocked, id=20228, stack(0x000000b906a00000,0x000000b906b00000)]
  0x000001bff17e76c0 JavaThread "Cache worker for execution history cache (C:\Users\hachem safae\.gradle\caches\8.0\executionHistory)" [_thread_blocked, id=24464, stack(0x000000b906b00000,0x000000b906c00000)]
  0x000001bff17e9d40 JavaThread "jar transforms" [_thread_blocked, id=7448, stack(0x000000b906300000,0x000000b906400000)]
  0x000001bff17eb550 JavaThread "jar transforms Thread 2" [_thread_blocked, id=23928, stack(0x000000b906c00000,0x000000b906d00000)]
  0x000001bff17e4b70 JavaThread "Cache worker for kotlin-dsl (C:\Users\hachem safae\.gradle\caches\8.0\kotlin-dsl)" [_thread_blocked, id=20748, stack(0x000000b906e00000,0x000000b906f00000)]
  0x000001bff17e59e0 JavaThread "jar transforms Thread 3" [_thread_blocked, id=21224, stack(0x000000b906f00000,0x000000b907000000)]
  0x000001bff17e46a0 JavaThread "jar transforms Thread 4" [_thread_blocked, id=22500, stack(0x000000b907000000,0x000000b907100000)]
  0x000001bff17e8ed0 JavaThread "Cache worker for dependencies-accessors (D:\App_Android studio\ControleFront\.gradle\8.0\dependencies-accessors)" [_thread_blocked, id=13892, stack(0x000000b907100000,0x000000b907200000)]
  0x000001bff17e5510 JavaThread "Cache worker for Build Output Cleanup Cache (D:\App_Android studio\ControleFront\.gradle\buildOutputCleanup)" [_thread_blocked, id=11544, stack(0x000000b907200000,0x000000b907300000)]
  0x000001bff17e93a0 JavaThread "jar transforms Thread 5" [_thread_blocked, id=22208, stack(0x000000b907300000,0x000000b907400000)]
  0x000001bff17e9870 JavaThread "Unconstrained build operations" [_thread_blocked, id=9024, stack(0x000000b907400000,0x000000b907500000)]
  0x000001bff17eba20 JavaThread "Unconstrained build operations Thread 2" [_thread_blocked, id=2584, stack(0x000000b907500000,0x000000b907600000)]
  0x000001bff17ea210 JavaThread "Unconstrained build operations Thread 3" [_thread_blocked, id=13212, stack(0x000000b907600000,0x000000b907700000)]
  0x000001bff17ea6e0 JavaThread "Unconstrained build operations Thread 4" [_thread_blocked, id=23848, stack(0x000000b907700000,0x000000b907800000)]
  0x000001bff17eabb0 JavaThread "Unconstrained build operations Thread 5" [_thread_blocked, id=1212, stack(0x000000b907800000,0x000000b907900000)]
  0x000001bff3259f20 JavaThread "Unconstrained build operations Thread 6" [_thread_blocked, id=20912, stack(0x000000b907900000,0x000000b907a00000)]
  0x000001bff3259580 JavaThread "Unconstrained build operations Thread 7" [_thread_blocked, id=17396, stack(0x000000b907a00000,0x000000b907b00000)]
  0x000001bff325f5c0 JavaThread "Unconstrained build operations Thread 8" [_thread_blocked, id=16756, stack(0x000000b907b00000,0x000000b907c00000)]
  0x000001bff325d8e0 JavaThread "Unconstrained build operations Thread 9" [_thread_blocked, id=6552, stack(0x000000b907c00000,0x000000b907d00000)]
  0x000001bff3258240 JavaThread "Unconstrained build operations Thread 10" [_thread_blocked, id=24480, stack(0x000000b907d00000,0x000000b907e00000)]
  0x000001bff325a3f0 JavaThread "Unconstrained build operations Thread 11" [_thread_blocked, id=21660, stack(0x000000b907e00000,0x000000b907f00000)]
  0x000001bff3257d70 JavaThread "Unconstrained build operations Thread 12" [_thread_blocked, id=21948, stack(0x000000b907f00000,0x000000b908000000)]
  0x000001bff325ddb0 JavaThread "Unconstrained build operations Thread 13" [_thread_blocked, id=17804, stack(0x000000b908000000,0x000000b908100000)]
  0x000001bff3259a50 JavaThread "Unconstrained build operations Thread 14" [_thread_blocked, id=7440, stack(0x000000b908100000,0x000000b908200000)]
  0x000001bff325ad90 JavaThread "Unconstrained build operations Thread 15" [_thread_blocked, id=19036, stack(0x000000b908200000,0x000000b908300000)]
  0x000001bff3258710 JavaThread "Unconstrained build operations Thread 16" [_thread_blocked, id=12744, stack(0x000000b908300000,0x000000b908400000)]
  0x000001bff325ec20 JavaThread "Unconstrained build operations Thread 17" [_thread_blocked, id=22448, stack(0x000000b908400000,0x000000b908500000)]
  0x000001bff325ca70 JavaThread "Unconstrained build operations Thread 18" [_thread_blocked, id=23188, stack(0x000000b908500000,0x000000b908600000)]
  0x000001bff325e280 JavaThread "Unconstrained build operations Thread 19" [_thread_blocked, id=1720, stack(0x000000b908600000,0x000000b908700000)]
  0x000001bff325b730 JavaThread "Unconstrained build operations Thread 20" [_thread_blocked, id=21568, stack(0x000000b908700000,0x000000b908800000)]
  0x000001bff325bc00 JavaThread "Unconstrained build operations Thread 21" [_thread_blocked, id=24048, stack(0x000000b908800000,0x000000b908900000)]
  0x000001bff325a8c0 JavaThread "Unconstrained build operations Thread 22" [_thread_blocked, id=15040, stack(0x000000b908900000,0x000000b908a00000)]
  0x000001bff325e750 JavaThread "Unconstrained build operations Thread 23" [_thread_blocked, id=8272, stack(0x000000b908a00000,0x000000b908b00000)]
  0x000001bff325f0f0 JavaThread "Unconstrained build operations Thread 24" [_thread_blocked, id=24100, stack(0x000000b908b00000,0x000000b908c00000)]
  0x000001bff3258be0 JavaThread "Unconstrained build operations Thread 25" [_thread_blocked, id=9860, stack(0x000000b908c00000,0x000000b908d00000)]
  0x000001bff325b260 JavaThread "Unconstrained build operations Thread 26" [_thread_blocked, id=20412, stack(0x000000b908d00000,0x000000b908e00000)]
  0x000001bff325c0d0 JavaThread "Unconstrained build operations Thread 27" [_thread_blocked, id=24460, stack(0x000000b908e00000,0x000000b908f00000)]
  0x000001bff325c5a0 JavaThread "Unconstrained build operations Thread 28" [_thread_blocked, id=7200, stack(0x000000b908f00000,0x000000b909000000)]
  0x000001bff32590b0 JavaThread "Unconstrained build operations Thread 29" [_thread_blocked, id=7412, stack(0x000000b909000000,0x000000b909100000)]
  0x000001bff325cf40 JavaThread "Unconstrained build operations Thread 30" [_thread_blocked, id=7452, stack(0x000000b909100000,0x000000b909200000)]
  0x000001bff325d410 JavaThread "Unconstrained build operations Thread 31" [_thread_blocked, id=7240, stack(0x000000b909200000,0x000000b909300000)]
  0x000001bff2e82300 JavaThread "Unconstrained build operations Thread 32" [_thread_blocked, id=7420, stack(0x000000b909300000,0x000000b909400000)]
  0x000001bff2e83fe0 JavaThread "Unconstrained build operations Thread 33" [_thread_blocked, id=5684, stack(0x000000b909400000,0x000000b909500000)]
  0x000001bff2e80fc0 JavaThread "Unconstrained build operations Thread 34" [_thread_blocked, id=7660, stack(0x000000b909500000,0x000000b909600000)]
  0x000001bff2e7f2e0 JavaThread "Unconstrained build operations Thread 35" [_thread_blocked, id=7532, stack(0x000000b909600000,0x000000b909700000)]
  0x000001bff2e83640 JavaThread "Unconstrained build operations Thread 36" [_thread_blocked, id=13708, stack(0x000000b909700000,0x000000b909800000)]
  0x000001bff2e81490 JavaThread "Unconstrained build operations Thread 37" [_thread_blocked, id=13720, stack(0x000000b909800000,0x000000b909900000)]
  0x000001bff2e84980 JavaThread "Unconstrained build operations Thread 38" [_thread_blocked, id=13728, stack(0x000000b909900000,0x000000b909a00000)]
  0x000001bff2e827d0 JavaThread "Unconstrained build operations Thread 39" [_thread_blocked, id=13704, stack(0x000000b909a00000,0x000000b909b00000)]
  0x000001bff2e7f7b0 JavaThread "Unconstrained build operations Thread 40" [_thread_blocked, id=13724, stack(0x000000b909b00000,0x000000b909c00000)]
  0x000001bff2e80620 JavaThread "Unconstrained build operations Thread 41" [_thread_blocked, id=2636, stack(0x000000b909c00000,0x000000b909d00000)]
  0x000001bff2e7fc80 JavaThread "Unconstrained build operations Thread 42" [_thread_blocked, id=21692, stack(0x000000b909d00000,0x000000b909e00000)]
  0x000001bff2e86b30 JavaThread "Unconstrained build operations Thread 43" [_thread_blocked, id=19264, stack(0x000000b909e00000,0x000000b909f00000)]
  0x000001bff2e857f0 JavaThread "Unconstrained build operations Thread 44" [_thread_blocked, id=2180, stack(0x000000b909f00000,0x000000b90a000000)]
  0x000001bff2e84e50 JavaThread "Unconstrained build operations Thread 45" [_thread_blocked, id=7528, stack(0x000000b90a000000,0x000000b90a100000)]
  0x000001bff2e83170 JavaThread "Unconstrained build operations Thread 46" [_thread_blocked, id=23996, stack(0x000000b90a100000,0x000000b90a200000)]
  0x000001bff2e81e30 JavaThread "Unconstrained build operations Thread 47" [_thread_blocked, id=20580, stack(0x000000b90a200000,0x000000b90a300000)]
  0x000001bff2e85320 JavaThread "Unconstrained build operations Thread 48" [_thread_blocked, id=8408, stack(0x000000b90a300000,0x000000b90a400000)]
  0x000001bff2e81960 JavaThread "Unconstrained build operations Thread 49" [_thread_blocked, id=13452, stack(0x000000b90a400000,0x000000b90a500000)]
  0x000001bff2e86660 JavaThread "Unconstrained build operations Thread 50" [_thread_blocked, id=19164, stack(0x000000b90a500000,0x000000b90a600000)]
  0x000001bff2e85cc0 JavaThread "Unconstrained build operations Thread 51" [_thread_blocked, id=23544, stack(0x000000b90a600000,0x000000b90a700000)]
  0x000001bff2e86190 JavaThread "Unconstrained build operations Thread 52" [_thread_blocked, id=22308, stack(0x000000b90a700000,0x000000b90a800000)]
  0x000001bff2e80150 JavaThread "Unconstrained build operations Thread 53" [_thread_blocked, id=12352, stack(0x000000b90a800000,0x000000b90a900000)]
  0x000001bff2e80af0 JavaThread "Unconstrained build operations Thread 54" [_thread_blocked, id=21332, stack(0x000000b90a900000,0x000000b90aa00000)]
  0x000001bff2e82ca0 JavaThread "Unconstrained build operations Thread 55" [_thread_blocked, id=8652, stack(0x000000b90aa00000,0x000000b90ab00000)]
  0x000001bff2e83b10 JavaThread "Unconstrained build operations Thread 56" [_thread_blocked, id=19592, stack(0x000000b90ab00000,0x000000b90ac00000)]
  0x000001bff2e844b0 JavaThread "Unconstrained build operations Thread 57" [_thread_blocked, id=19616, stack(0x000000b90ac00000,0x000000b90ad00000)]
  0x000001bff2d51b50 JavaThread "Unconstrained build operations Thread 58" [_thread_blocked, id=14748, stack(0x000000b90ad00000,0x000000b90ae00000)]
  0x000001bff2d524f0 JavaThread "Unconstrained build operations Thread 59" [_thread_blocked, id=10792, stack(0x000000b90ae00000,0x000000b90af00000)]
  0x000001bff2d53360 JavaThread "Unconstrained build operations Thread 60" [_thread_blocked, id=22140, stack(0x000000b90af00000,0x000000b90b000000)]
  0x000001bff2d4c980 JavaThread "Unconstrained build operations Thread 61" [_thread_blocked, id=1260, stack(0x000000b90b000000,0x000000b90b100000)]
  0x000001bff2d4dcc0 JavaThread "Unconstrained build operations Thread 62" [_thread_blocked, id=11936, stack(0x000000b90b100000,0x000000b90b200000)]
  0x000001bff2d51680 JavaThread "Unconstrained build operations Thread 63" [_thread_blocked, id=5116, stack(0x000000b90b200000,0x000000b90b300000)]
  0x000001bff2d4ce50 JavaThread "Unconstrained build operations Thread 64" [_thread_blocked, id=18324, stack(0x000000b90b300000,0x000000b90b400000)]
  0x000001bff2d4d320 JavaThread "Unconstrained build operations Thread 65" [_thread_blocked, id=21040, stack(0x000000b90b400000,0x000000b90b500000)]
  0x000001bff2d52020 JavaThread "Unconstrained build operations Thread 66" [_thread_blocked, id=24300, stack(0x000000b90b500000,0x000000b90b600000)]
  0x000001bff2d4f000 JavaThread "Unconstrained build operations Thread 67" [_thread_blocked, id=2712, stack(0x000000b90b600000,0x000000b90b700000)]
  0x000001bff2d4d7f0 JavaThread "Unconstrained build operations Thread 68" [_thread_blocked, id=4588, stack(0x000000b90b700000,0x000000b90b800000)]
  0x000001bff2d4fe70 JavaThread "Unconstrained build operations Thread 69" [_thread_blocked, id=18072, stack(0x000000b90b800000,0x000000b90b900000)]
  0x000001bff2d4c4b0 JavaThread "Unconstrained build operations Thread 70" [_thread_blocked, id=13308, stack(0x000000b90b900000,0x000000b90ba00000)]
  0x000001bff2d4f4d0 JavaThread "Unconstrained build operations Thread 71" [_thread_blocked, id=20896, stack(0x000000b90ba00000,0x000000b90bb00000)]
  0x000001bff2d4e190 JavaThread "Unconstrained build operations Thread 72" [_thread_blocked, id=11296, stack(0x000000b90bb00000,0x000000b90bc00000)]
  0x000001bff2d50340 JavaThread "Unconstrained build operations Thread 73" [_thread_blocked, id=23020, stack(0x000000b90bc00000,0x000000b90bd00000)]
  0x000001bff2d52e90 JavaThread "Unconstrained build operations Thread 74" [_thread_blocked, id=9148, stack(0x000000b90bd00000,0x000000b90be00000)]
  0x000001bff2d4e660 JavaThread "Unconstrained build operations Thread 75" [_thread_blocked, id=17740, stack(0x000000b90be00000,0x000000b90bf00000)]
  0x000001bff2d50ce0 JavaThread "Unconstrained build operations Thread 76" [_thread_blocked, id=22652, stack(0x000000b90bf00000,0x000000b90c000000)]
  0x000001bff2d53830 JavaThread "Unconstrained build operations Thread 77" [_thread_blocked, id=16576, stack(0x000000b90c000000,0x000000b90c100000)]
  0x000001bff2d4eb30 JavaThread "Unconstrained build operations Thread 78" [_thread_blocked, id=17504, stack(0x000000b90c100000,0x000000b90c200000)]
  0x000001bff2d529c0 JavaThread "Unconstrained build operations Thread 79" [_thread_blocked, id=19560, stack(0x000000b90c200000,0x000000b90c300000)]
  0x000001bff2d53d00 JavaThread "Unconstrained build operations Thread 80" [_thread_blocked, id=9248, stack(0x000000b90c300000,0x000000b90c400000)]
  0x000001bff2d4f9a0 JavaThread "jar transforms Thread 6" [_thread_blocked, id=8424, stack(0x000000b90c400000,0x000000b90c500000)]
  0x000001bff2d50810 JavaThread "jar transforms Thread 7" [_thread_blocked, id=22772, stack(0x000000b90c500000,0x000000b90c600000)]
  0x000001bff2d511b0 JavaThread "jar transforms Thread 8" [_thread_blocked, id=21232, stack(0x000000b90c600000,0x000000b90c700000)]
  0x000001bfee5f1d00 JavaThread "build event listener" [_thread_blocked, id=8888, stack(0x000000b90c700000,0x000000b90c800000)]
  0x000001bfee5f04f0 JavaThread "Memory manager" [_thread_blocked, id=17272, stack(0x000000b90c800000,0x000000b90c900000)]
  0x000001bfee124930 JavaThread "C2 CompilerThread1" daemon [_thread_in_native, id=21656, stack(0x000000b905500000,0x000000b905600000)]
=>0x000001bff5578fb0 JavaThread "C2 CompilerThread2" daemon [_thread_in_native, id=14736, stack(0x000000b906d00000,0x000000b906e00000)]

Other Threads:
  0x000001bfeb0ae100 VMThread "VM Thread" [stack: 0x000000b903f00000,0x000000b904000000] [id=4000]
  0x000001bfebe3df90 WatcherThread [stack: 0x000000b904c00000,0x000000b904d00000] [id=14372]
  0x000001bfd1267d60 GCTaskThread "GC Thread#0" [stack: 0x000000b903a00000,0x000000b903b00000] [id=22212]
  0x000001bfec4282e0 GCTaskThread "GC Thread#1" [stack: 0x000000b904e00000,0x000000b904f00000] [id=10940]
  0x000001bfeca74280 GCTaskThread "GC Thread#2" [stack: 0x000000b904f00000,0x000000b905000000] [id=21720]
  0x000001bfecd91b30 GCTaskThread "GC Thread#3" [stack: 0x000000b905000000,0x000000b905100000] [id=22704]
  0x000001bfed06e360 GCTaskThread "GC Thread#4" [stack: 0x000000b905100000,0x000000b905200000] [id=17636]
  0x000001bfed06ea20 GCTaskThread "GC Thread#5" [stack: 0x000000b905200000,0x000000b905300000] [id=20148]
  0x000001bfef3d06d0 GCTaskThread "GC Thread#6" [stack: 0x000000b905d00000,0x000000b905e00000] [id=4964]
  0x000001bfee78c120 GCTaskThread "GC Thread#7" [stack: 0x000000b905e00000,0x000000b905f00000] [id=18404]
  0x000001bfd1278ca0 ConcurrentGCThread "G1 Main Marker" [stack: 0x000000b903b00000,0x000000b903c00000] [id=24528]
  0x000001bfd12796b0 ConcurrentGCThread "G1 Conc#0" [stack: 0x000000b903c00000,0x000000b903d00000] [id=5240]
  0x000001bfee8b1ad0 ConcurrentGCThread "G1 Conc#1" [stack: 0x000000b905f00000,0x000000b906000000] [id=22396]
  0x000001bfd12cdd00 ConcurrentGCThread "G1 Refine#0" [stack: 0x000000b903d00000,0x000000b903e00000] [id=8624]
  0x000001bfd12ce720 ConcurrentGCThread "G1 Service" [stack: 0x000000b903e00000,0x000000b903f00000] [id=22024]

Threads with active compile tasks:
C2 CompilerThread0    15030 7909       4       org.gradle.internal.serialize.kryo.StringDeduplicatingKryoBackedEncoder::writeString (20 bytes)
C2 CompilerThread1    15030 7900       4       org.gradle.internal.serialize.kryo.StringDeduplicatingKryoBackedEncoder::writeNullableString (114 bytes)
C2 CompilerThread2    15031 7652 %     4       org.gradle.internal.instantiation.generator.AbstractClassGenerator::inspectType @ 107 (560 bytes)

VM state: not at safepoint (normal execution)

VM Mutex/Monitor currently owned by a thread: None

Heap address: 0x0000000080000000, size: 2048 MB, Compressed Oops mode: 32-bit

CDS archive(s) not mapped
Compressed class space mapped at: 0x0000000100000000-0x0000000140000000, reserved size: 1073741824
Narrow klass base: 0x0000000000000000, Narrow klass shift: 3, Narrow klass range: 0x140000000

GC Precious Log:
 CPUs: 8 total, 8 available
 Memory: 16194M
 Large Page Support: Disabled
 NUMA Support: Disabled
 Compressed Oops: Enabled (32-bit)
 Heap Region Size: 1M
 Heap Min Capacity: 8M
 Heap Initial Capacity: 254M
 Heap Max Capacity: 2G
 Pre-touch: Disabled
 Parallel Workers: 8
 Concurrent Workers: 2
 Concurrent Refinement Workers: 8
 Periodic GC: Disabled

Heap:
 garbage-first heap   total 128000K, used 74264K [0x0000000080000000, 0x0000000100000000)
  region size 1024K, 16 young (16384K), 1 survivors (1024K)
 Metaspace       used 80167K, committed 80768K, reserved 1122304K
  class space    used 10897K, committed 11200K, reserved 1048576K

Heap Regions: E=young(eden), S=young(survivor), O=old, HS=humongous(starts), HC=humongous(continues), CS=collection set, F=free, OA=open archive, CA=closed archive, TAMS=top-at-mark-start (previous, next)
|   0|0x0000000080000000, 0x0000000080100000, 0x0000000080100000|100%|HS|  |TAMS 0x0000000080100000, 0x0000000080000000| Complete 
|   1|0x0000000080100000, 0x0000000080200000, 0x0000000080200000|100%|HC|  |TAMS 0x0000000080200000, 0x0000000080100000| Complete 
|   2|0x0000000080200000, 0x0000000080300000, 0x0000000080300000|100%|HC|  |TAMS 0x0000000080300000, 0x0000000080200000| Complete 
|   3|0x0000000080300000, 0x0000000080400000, 0x0000000080400000|100%|HC|  |TAMS 0x0000000080400000, 0x0000000080300000| Complete 
|   4|0x0000000080400000, 0x0000000080500000, 0x0000000080500000|100%| O|  |TAMS 0x0000000080500000, 0x0000000080400000| Untracked 
|   5|0x0000000080500000, 0x0000000080600000, 0x0000000080600000|100%| O|  |TAMS 0x0000000080600000, 0x0000000080500000| Untracked 
|   6|0x0000000080600000, 0x0000000080700000, 0x0000000080700000|100%| O|  |TAMS 0x0000000080700000, 0x0000000080600000| Untracked 
|   7|0x0000000080700000, 0x0000000080800000, 0x0000000080800000|100%| O|  |TAMS 0x0000000080800000, 0x0000000080700000| Untracked 
|   8|0x0000000080800000, 0x0000000080900000, 0x0000000080900000|100%| O|  |TAMS 0x0000000080900000, 0x0000000080800000| Untracked 
|   9|0x0000000080900000, 0x0000000080a00000, 0x0000000080a00000|100%| O|  |TAMS 0x0000000080a00000, 0x0000000080900000| Untracked 
|  10|0x0000000080a00000, 0x0000000080b00000, 0x0000000080b00000|100%| O|  |TAMS 0x0000000080b00000, 0x0000000080a00000| Untracked 
|  11|0x0000000080b00000, 0x0000000080c00000, 0x0000000080c00000|100%| O|  |TAMS 0x0000000080c00000, 0x0000000080b00000| Untracked 
|  12|0x0000000080c00000, 0x0000000080d00000, 0x0000000080d00000|100%| O|  |TAMS 0x0000000080d00000, 0x0000000080c00000| Untracked 
|  13|0x0000000080d00000, 0x0000000080e00000, 0x0000000080e00000|100%| O|  |TAMS 0x0000000080e00000, 0x0000000080d00000| Untracked 
|  14|0x0000000080e00000, 0x0000000080f00000, 0x0000000080f00000|100%| O|  |TAMS 0x0000000080f00000, 0x0000000080e00000| Untracked 
|  15|0x0000000080f00000, 0x0000000081000000, 0x0000000081000000|100%| O|  |TAMS 0x0000000081000000, 0x0000000080f00000| Untracked 
|  16|0x0000000081000000, 0x0000000081100000, 0x0000000081100000|100%| O|  |TAMS 0x0000000081100000, 0x0000000081000000| Untracked 
|  17|0x0000000081100000, 0x0000000081200000, 0x0000000081200000|100%| O|  |TAMS 0x0000000081200000, 0x0000000081100000| Untracked 
|  18|0x0000000081200000, 0x0000000081300000, 0x0000000081300000|100%| O|  |TAMS 0x0000000081300000, 0x0000000081200000| Untracked 
|  19|0x0000000081300000, 0x0000000081400000, 0x0000000081400000|100%| O|  |TAMS 0x0000000081400000, 0x0000000081300000| Untracked 
|  20|0x0000000081400000, 0x0000000081500000, 0x0000000081500000|100%| O|  |TAMS 0x0000000081500000, 0x0000000081400000| Untracked 
|  21|0x0000000081500000, 0x0000000081600000, 0x0000000081600000|100%| O|  |TAMS 0x0000000081600000, 0x0000000081500000| Untracked 
|  22|0x0000000081600000, 0x0000000081700000, 0x0000000081700000|100%| O|  |TAMS 0x0000000081700000, 0x0000000081600000| Untracked 
|  23|0x0000000081700000, 0x0000000081800000, 0x0000000081800000|100%| O|  |TAMS 0x0000000081800000, 0x0000000081700000| Untracked 
|  24|0x0000000081800000, 0x0000000081900000, 0x0000000081900000|100%| O|  |TAMS 0x0000000081900000, 0x0000000081800000| Untracked 
|  25|0x0000000081900000, 0x0000000081a00000, 0x0000000081a00000|100%| O|  |TAMS 0x0000000081a00000, 0x0000000081900000| Untracked 
|  26|0x0000000081a00000, 0x0000000081a00000, 0x0000000081b00000|  0%| F|  |TAMS 0x0000000081a00000, 0x0000000081a00000| Untracked 
|  27|0x0000000081b00000, 0x0000000081c00000, 0x0000000081c00000|100%| O|  |TAMS 0x0000000081c00000, 0x0000000081b00000| Untracked 
|  28|0x0000000081c00000, 0x0000000081d00000, 0x0000000081d00000|100%| O|  |TAMS 0x0000000081d00000, 0x0000000081c00000| Untracked 
|  29|0x0000000081d00000, 0x0000000081e00000, 0x0000000081e00000|100%| O|  |TAMS 0x0000000081e00000, 0x0000000081d00000| Untracked 
|  30|0x0000000081e00000, 0x0000000081f00000, 0x0000000081f00000|100%|HS|  |TAMS 0x0000000081f00000, 0x0000000081e00000| Complete 
|  31|0x0000000081f00000, 0x0000000082000000, 0x0000000082000000|100%|HS|  |TAMS 0x0000000082000000, 0x0000000081f00000| Complete 
|  32|0x0000000082000000, 0x0000000082100000, 0x0000000082100000|100%|HS|  |TAMS 0x0000000082100000, 0x0000000082000000| Complete 
|  33|0x0000000082100000, 0x0000000082200000, 0x0000000082200000|100%| O|  |TAMS 0x0000000082200000, 0x0000000082100000| Untracked 
|  34|0x0000000082200000, 0x0000000082300000, 0x0000000082300000|100%| O|  |TAMS 0x0000000082300000, 0x0000000082200000| Untracked 
|  35|0x0000000082300000, 0x0000000082400000, 0x0000000082400000|100%| O|  |TAMS 0x0000000082400000, 0x0000000082300000| Untracked 
|  36|0x0000000082400000, 0x0000000082500000, 0x0000000082500000|100%| O|  |TAMS 0x0000000082500000, 0x0000000082400000| Untracked 
|  37|0x0000000082500000, 0x0000000082600000, 0x0000000082600000|100%| O|  |TAMS 0x0000000082600000, 0x0000000082500000| Untracked 
|  38|0x0000000082600000, 0x0000000082700000, 0x0000000082700000|100%| O|  |TAMS 0x0000000082700000, 0x0000000082600000| Untracked 
|  39|0x0000000082700000, 0x0000000082800000, 0x0000000082800000|100%| O|  |TAMS 0x0000000082800000, 0x0000000082700000| Untracked 
|  40|0x0000000082800000, 0x0000000082900000, 0x0000000082900000|100%| O|  |TAMS 0x0000000082900000, 0x0000000082800000| Untracked 
|  41|0x0000000082900000, 0x0000000082a00000, 0x0000000082a00000|100%| O|  |TAMS 0x0000000082a00000, 0x0000000082900000| Untracked 
|  42|0x0000000082a00000, 0x0000000082b00000, 0x0000000082b00000|100%| O|  |TAMS 0x0000000082b00000, 0x0000000082a00000| Untracked 
|  43|0x0000000082b00000, 0x0000000082c00000, 0x0000000082c00000|100%| O|  |TAMS 0x0000000082c00000, 0x0000000082b00000| Untracked 
|  44|0x0000000082c00000, 0x0000000082d00000, 0x0000000082d00000|100%| O|  |TAMS 0x0000000082d00000, 0x0000000082c00000| Untracked 
|  45|0x0000000082d00000, 0x0000000082e00000, 0x0000000082e00000|100%| O|  |TAMS 0x0000000082e00000, 0x0000000082d00000| Untracked 
|  46|0x0000000082e00000, 0x0000000082f00000, 0x0000000082f00000|100%| O|  |TAMS 0x0000000082e60a00, 0x0000000082e00000| Untracked 
|  47|0x0000000082f00000, 0x0000000083000000, 0x0000000083000000|100%| O|  |TAMS 0x0000000082f00000, 0x0000000082f00000| Untracked 
|  48|0x0000000083000000, 0x0000000083100000, 0x0000000083100000|100%| O|  |TAMS 0x0000000083000000, 0x0000000083000000| Untracked 
|  49|0x0000000083100000, 0x0000000083200000, 0x0000000083200000|100%| O|  |TAMS 0x0000000083200000, 0x0000000083100000| Untracked 
|  50|0x0000000083200000, 0x0000000083300000, 0x0000000083300000|100%| O|  |TAMS 0x0000000083300000, 0x0000000083200000| Untracked 
|  51|0x0000000083300000, 0x0000000083400000, 0x0000000083400000|100%| O|  |TAMS 0x0000000083300000, 0x0000000083300000| Untracked 
|  52|0x0000000083400000, 0x0000000083500000, 0x0000000083500000|100%| O|  |TAMS 0x0000000083500000, 0x0000000083400000| Untracked 
|  53|0x0000000083500000, 0x0000000083600000, 0x0000000083600000|100%| O|  |TAMS 0x0000000083600000, 0x0000000083500000| Untracked 
|  54|0x0000000083600000, 0x0000000083700000, 0x0000000083700000|100%| O|  |TAMS 0x0000000083600000, 0x0000000083600000| Untracked 
|  55|0x0000000083700000, 0x0000000083800000, 0x0000000083800000|100%| O|  |TAMS 0x0000000083700000, 0x0000000083700000| Untracked 
|  56|0x0000000083800000, 0x0000000083900000, 0x0000000083900000|100%| O|  |TAMS 0x0000000083800000, 0x0000000083800000| Untracked 
|  57|0x0000000083900000, 0x0000000083a00000, 0x0000000083a00000|100%| O|  |TAMS 0x0000000083900000, 0x0000000083900000| Untracked 
|  58|0x0000000083a00000, 0x0000000083ad0c00, 0x0000000083b00000| 81%| O|  |TAMS 0x0000000083a00000, 0x0000000083a00000| Untracked 
|  59|0x0000000083b00000, 0x0000000083b00000, 0x0000000083c00000|  0%| F|  |TAMS 0x0000000083b00000, 0x0000000083b00000| Untracked 
|  60|0x0000000083c00000, 0x0000000083c00000, 0x0000000083d00000|  0%| F|  |TAMS 0x0000000083c00000, 0x0000000083c00000| Untracked 
|  61|0x0000000083d00000, 0x0000000083d00000, 0x0000000083e00000|  0%| F|  |TAMS 0x0000000083d00000, 0x0000000083d00000| Untracked 
|  62|0x0000000083e00000, 0x0000000083e00000, 0x0000000083f00000|  0%| F|  |TAMS 0x0000000083e00000, 0x0000000083e00000| Untracked 
|  63|0x0000000083f00000, 0x0000000083f00000, 0x0000000084000000|  0%| F|  |TAMS 0x0000000083f00000, 0x0000000083f00000| Untracked 
|  64|0x0000000084000000, 0x0000000084000000, 0x0000000084100000|  0%| F|  |TAMS 0x0000000084000000, 0x0000000084000000| Untracked 
|  65|0x0000000084100000, 0x0000000084100000, 0x0000000084200000|  0%| F|  |TAMS 0x0000000084100000, 0x0000000084100000| Untracked 
|  66|0x0000000084200000, 0x0000000084200000, 0x0000000084300000|  0%| F|  |TAMS 0x0000000084200000, 0x0000000084200000| Untracked 
|  67|0x0000000084300000, 0x0000000084300000, 0x0000000084400000|  0%| F|  |TAMS 0x0000000084300000, 0x0000000084300000| Untracked 
|  68|0x0000000084400000, 0x0000000084400000, 0x0000000084500000|  0%| F|  |TAMS 0x0000000084400000, 0x0000000084400000| Untracked 
|  69|0x0000000084500000, 0x0000000084500000, 0x0000000084600000|  0%| F|  |TAMS 0x0000000084500000, 0x0000000084500000| Untracked 
|  70|0x0000000084600000, 0x0000000084600000, 0x0000000084700000|  0%| F|  |TAMS 0x0000000084600000, 0x0000000084600000| Untracked 
|  71|0x0000000084700000, 0x0000000084700000, 0x0000000084800000|  0%| F|  |TAMS 0x0000000084700000, 0x0000000084700000| Untracked 
|  72|0x0000000084800000, 0x0000000084800000, 0x0000000084900000|  0%| F|  |TAMS 0x0000000084800000, 0x0000000084800000| Untracked 
|  73|0x0000000084900000, 0x0000000084900000, 0x0000000084a00000|  0%| F|  |TAMS 0x0000000084900000, 0x0000000084900000| Untracked 
|  74|0x0000000084a00000, 0x0000000084a00000, 0x0000000084b00000|  0%| F|  |TAMS 0x0000000084a00000, 0x0000000084a00000| Untracked 
|  75|0x0000000084b00000, 0x0000000084b00000, 0x0000000084c00000|  0%| F|  |TAMS 0x0000000084b00000, 0x0000000084b00000| Untracked 
|  76|0x0000000084c00000, 0x0000000084c00000, 0x0000000084d00000|  0%| F|  |TAMS 0x0000000084c00000, 0x0000000084c00000| Untracked 
|  77|0x0000000084d00000, 0x0000000084d00000, 0x0000000084e00000|  0%| F|  |TAMS 0x0000000084d00000, 0x0000000084d00000| Untracked 
|  78|0x0000000084e00000, 0x0000000084e00000, 0x0000000084f00000|  0%| F|  |TAMS 0x0000000084e00000, 0x0000000084e00000| Untracked 
|  79|0x0000000084f00000, 0x0000000084f00000, 0x0000000085000000|  0%| F|  |TAMS 0x0000000084f00000, 0x0000000084f00000| Untracked 
|  80|0x0000000085000000, 0x0000000085000000, 0x0000000085100000|  0%| F|  |TAMS 0x0000000085000000, 0x0000000085000000| Untracked 
|  81|0x0000000085100000, 0x0000000085100000, 0x0000000085200000|  0%| F|  |TAMS 0x0000000085100000, 0x0000000085100000| Untracked 
|  82|0x0000000085200000, 0x0000000085200000, 0x0000000085300000|  0%| F|  |TAMS 0x0000000085200000, 0x0000000085200000| Untracked 
|  83|0x0000000085300000, 0x0000000085300000, 0x0000000085400000|  0%| F|  |TAMS 0x0000000085300000, 0x0000000085300000| Untracked 
|  84|0x0000000085400000, 0x0000000085400000, 0x0000000085500000|  0%| F|  |TAMS 0x0000000085400000, 0x0000000085400000| Untracked 
|  85|0x0000000085500000, 0x0000000085500000, 0x0000000085600000|  0%| F|  |TAMS 0x0000000085500000, 0x0000000085500000| Untracked 
|  86|0x0000000085600000, 0x0000000085600000, 0x0000000085700000|  0%| F|  |TAMS 0x0000000085600000, 0x0000000085600000| Untracked 
|  87|0x0000000085700000, 0x0000000085700000, 0x0000000085800000|  0%| F|  |TAMS 0x0000000085700000, 0x0000000085700000| Untracked 
|  88|0x0000000085800000, 0x0000000085800000, 0x0000000085900000|  0%| F|  |TAMS 0x0000000085800000, 0x0000000085800000| Untracked 
|  89|0x0000000085900000, 0x0000000085900000, 0x0000000085a00000|  0%| F|  |TAMS 0x0000000085900000, 0x0000000085900000| Untracked 
|  90|0x0000000085a00000, 0x0000000085a00000, 0x0000000085b00000|  0%| F|  |TAMS 0x0000000085a00000, 0x0000000085a00000| Untracked 
|  91|0x0000000085b00000, 0x0000000085b00000, 0x0000000085c00000|  0%| F|  |TAMS 0x0000000085b00000, 0x0000000085b00000| Untracked 
|  92|0x0000000085c00000, 0x0000000085c00000, 0x0000000085d00000|  0%| F|  |TAMS 0x0000000085c00000, 0x0000000085c00000| Untracked 
|  93|0x0000000085d00000, 0x0000000085d00000, 0x0000000085e00000|  0%| F|  |TAMS 0x0000000085d00000, 0x0000000085d00000| Untracked 
|  94|0x0000000085e00000, 0x0000000085e00000, 0x0000000085f00000|  0%| F|  |TAMS 0x0000000085e00000, 0x0000000085e00000| Untracked 
|  95|0x0000000085f00000, 0x0000000085f00000, 0x0000000086000000|  0%| F|  |TAMS 0x0000000085f00000, 0x0000000085f00000| Untracked 
|  96|0x0000000086000000, 0x0000000086000000, 0x0000000086100000|  0%| F|  |TAMS 0x0000000086000000, 0x0000000086000000| Untracked 
|  97|0x0000000086100000, 0x0000000086100000, 0x0000000086200000|  0%| F|  |TAMS 0x0000000086100000, 0x0000000086100000| Untracked 
|  98|0x0000000086200000, 0x0000000086200000, 0x0000000086300000|  0%| F|  |TAMS 0x0000000086200000, 0x0000000086200000| Untracked 
|  99|0x0000000086300000, 0x0000000086300000, 0x0000000086400000|  0%| F|  |TAMS 0x0000000086300000, 0x0000000086300000| Untracked 
| 100|0x0000000086400000, 0x0000000086400000, 0x0000000086500000|  0%| F|  |TAMS 0x0000000086400000, 0x0000000086400000| Untracked 
| 101|0x0000000086500000, 0x0000000086500000, 0x0000000086600000|  0%| F|  |TAMS 0x0000000086500000, 0x0000000086500000| Untracked 
| 102|0x0000000086600000, 0x0000000086600000, 0x0000000086700000|  0%| F|  |TAMS 0x0000000086600000, 0x0000000086600000| Untracked 
| 103|0x0000000086700000, 0x0000000086700000, 0x0000000086800000|  0%| F|  |TAMS 0x0000000086700000, 0x0000000086700000| Untracked 
| 104|0x0000000086800000, 0x0000000086800000, 0x0000000086900000|  0%| F|  |TAMS 0x0000000086800000, 0x0000000086800000| Untracked 
| 105|0x0000000086900000, 0x0000000086900000, 0x0000000086a00000|  0%| F|  |TAMS 0x0000000086900000, 0x0000000086900000| Untracked 
| 106|0x0000000086a00000, 0x0000000086a00000, 0x0000000086b00000|  0%| F|  |TAMS 0x0000000086a00000, 0x0000000086a00000| Untracked 
| 107|0x0000000086b00000, 0x0000000086b00000, 0x0000000086c00000|  0%| F|  |TAMS 0x0000000086b00000, 0x0000000086b00000| Untracked 
| 108|0x0000000086c00000, 0x0000000086c00000, 0x0000000086d00000|  0%| F|  |TAMS 0x0000000086c00000, 0x0000000086c00000| Untracked 
| 109|0x0000000086d00000, 0x0000000086d80800, 0x0000000086e00000| 50%| E|  |TAMS 0x0000000086d00000, 0x0000000086d00000| Complete 
| 110|0x0000000086e00000, 0x0000000086f00000, 0x0000000086f00000|100%| E|CS|TAMS 0x0000000086e00000, 0x0000000086e00000| Complete 
| 111|0x0000000086f00000, 0x0000000087000000, 0x0000000087000000|100%| E|CS|TAMS 0x0000000086f00000, 0x0000000086f00000| Complete 
| 112|0x0000000087000000, 0x0000000087100000, 0x0000000087100000|100%| E|CS|TAMS 0x0000000087000000, 0x0000000087000000| Complete 
| 113|0x0000000087100000, 0x0000000087200000, 0x0000000087200000|100%| E|CS|TAMS 0x0000000087100000, 0x0000000087100000| Complete 
| 114|0x0000000087200000, 0x0000000087300000, 0x0000000087300000|100%| E|CS|TAMS 0x0000000087200000, 0x0000000087200000| Complete 
| 202|0x000000008ca00000, 0x000000008cb00000, 0x000000008cb00000|100%| E|CS|TAMS 0x000000008ca00000, 0x000000008ca00000| Complete 
| 203|0x000000008cb00000, 0x000000008cc00000, 0x000000008cc00000|100%| E|CS|TAMS 0x000000008cb00000, 0x000000008cb00000| Complete 
| 204|0x000000008cc00000, 0x000000008cd00000, 0x000000008cd00000|100%| E|CS|TAMS 0x000000008cc00000, 0x000000008cc00000| Complete 
| 205|0x000000008cd00000, 0x000000008ce00000, 0x000000008ce00000|100%| E|CS|TAMS 0x000000008cd00000, 0x000000008cd00000| Complete 
| 206|0x000000008ce00000, 0x000000008cf00000, 0x000000008cf00000|100%| E|CS|TAMS 0x000000008ce00000, 0x000000008ce00000| Complete 
| 207|0x000000008cf00000, 0x000000008d000000, 0x000000008d000000|100%| E|CS|TAMS 0x000000008cf00000, 0x000000008cf00000| Complete 
| 208|0x000000008d000000, 0x000000008d100000, 0x000000008d100000|100%| E|CS|TAMS 0x000000008d000000, 0x000000008d000000| Complete 
| 209|0x000000008d100000, 0x000000008d200000, 0x000000008d200000|100%| E|CS|TAMS 0x000000008d100000, 0x000000008d100000| Complete 
| 210|0x000000008d200000, 0x000000008d2b5708, 0x000000008d300000| 70%| S|CS|TAMS 0x000000008d200000, 0x000000008d200000| Complete 
| 253|0x000000008fd00000, 0x000000008fe00000, 0x000000008fe00000|100%| E|CS|TAMS 0x000000008fd00000, 0x000000008fd00000| Complete 

Card table byte_map: [0x000001bfe3e20000,0x000001bfe4220000] _byte_map_base: 0x000001bfe3a20000

Marking Bits (Prev, Next): (CMBitMap*) 0x000001bfd12683b0, (CMBitMap*) 0x000001bfd1268370
 Prev Bits: [0x000001bfe6620000, 0x000001bfe8620000)
 Next Bits: [0x000001bfe4620000, 0x000001bfe6620000)

Polling page: 0x000001bfcf090000

Metaspace:

Usage:
  Non-class:     67.66 MB used.
      Class:     10.65 MB used.
       Both:     78.31 MB used.

Virtual space:
  Non-class space:       72.00 MB reserved,      67.94 MB ( 94%) committed,  9 nodes.
      Class space:        1.00 GB reserved,      10.94 MB (  1%) committed,  1 nodes.
             Both:        1.07 GB reserved,      78.88 MB (  7%) committed. 

Chunk freelists:
   Non-Class:  3.56 MB
       Class:  1.11 MB
        Both:  4.67 MB

MaxMetaspaceSize: unlimited
CompressedClassSpaceSize: 1.00 GB
Initial GC threshold: 21.00 MB
Current GC threshold: 121.88 MB
CDS: off
MetaspaceReclaimPolicy: balanced
 - commit_granule_bytes: 65536.
 - commit_granule_words: 8192.
 - virtual_space_node_default_size: 1048576.
 - enlarge_chunks_in_place: 1.
 - new_chunks_are_fully_committed: 0.
 - uncommit_free_chunks: 1.
 - use_allocation_guard: 0.
 - handle_deallocations: 1.


Internal statistics:

num_allocs_failed_limit: 9.
num_arena_births: 770.
num_arena_deaths: 0.
num_vsnodes_births: 10.
num_vsnodes_deaths: 0.
num_space_committed: 1262.
num_space_uncommitted: 0.
num_chunks_returned_to_freelist: 9.
num_chunks_taken_from_freelist: 3525.
num_chunk_merges: 9.
num_chunk_splits: 2390.
num_chunks_enlarged: 1688.
num_purges: 0.
num_inconsistent_stats: 0.

CodeHeap 'non-profiled nmethods': size=120000Kb used=4444Kb max_used=4444Kb free=115555Kb
 bounds [0x000001bfdc1a0000, 0x000001bfdc600000, 0x000001bfe36d0000]
CodeHeap 'profiled nmethods': size=120000Kb used=13615Kb max_used=13615Kb free=106384Kb
 bounds [0x000001bfd46d0000, 0x000001bfd5420000, 0x000001bfdbc00000]
CodeHeap 'non-nmethods': size=5760Kb used=2377Kb max_used=2438Kb free=3383Kb
 bounds [0x000001bfdbc00000, 0x000001bfdbe80000, 0x000001bfdc1a0000]
 total_blobs=8057 nmethods=7151 adapters=818
 compilation: enabled
              stopped_count=0, restarted_count=0
 full_count=0

Compilation events (20 events):
Event: 15.000 Thread 0x000001bfebc83c60 nmethod 7948 0x000001bfd5406f10 code [0x000001bfd5407140, 0x000001bfd5407ad8]
Event: 15.000 Thread 0x000001bfebc83c60 7949       3       org.gradle.api.internal.artifacts.ivyservice.resolveengine.oldresult.DefaultResolvedConfigurationBuilder::addChild (21 bytes)
Event: 15.001 Thread 0x000001bfebc83c60 nmethod 7949 0x000001bfd5407f10 code [0x000001bfd5408140, 0x000001bfd5408a38]
Event: 15.001 Thread 0x000001bfebc83c60 7950       3       org.gradle.api.internal.artifacts.ivyservice.resolveengine.oldresult.TransientConfigurationResultsBuilder::parentChildMapping (18 bytes)
Event: 15.001 Thread 0x000001bfebc83c60 nmethod 7950 0x000001bfd5408e10 code [0x000001bfd5409020, 0x000001bfd54096f8]
Event: 15.001 Thread 0x000001bfebc83c60 7951       3       org.gradle.api.internal.artifacts.ivyservice.resolveengine.oldresult.TransientConfigurationResultsBuilder$$Lambda$692/0x0000000100713938::<init> (20 bytes)
Event: 15.001 Thread 0x000001bfebc83c60 nmethod 7951 0x000001bfd5409a10 code [0x000001bfd5409bc0, 0x000001bfd5409dd8]
Event: 15.001 Thread 0x000001bfebc83c60 7952       3       org.gradle.api.internal.artifacts.ivyservice.resolveengine.oldresult.TransientConfigurationResultsBuilder$$Lambda$692/0x0000000100713938::write (17 bytes)
Event: 15.002 Thread 0x000001bfebc83c60 nmethod 7952 0x000001bfd5409e90 code [0x000001bfd540a080, 0x000001bfd540a558]
Event: 15.002 Thread 0x000001bfebc83c60 7953       3       org.gradle.api.internal.artifacts.ivyservice.resolveengine.oldresult.TransientConfigurationResultsBuilder::lambda$parentChildMapping$3 (35 bytes)
Event: 15.002 Thread 0x000001bfebc83c60 nmethod 7953 0x000001bfd540a710 code [0x000001bfd540a8e0, 0x000001bfd540ad18]
Event: 15.002 Thread 0x000001bfebc83c60 7954       3       org.gradle.api.internal.artifacts.ivyservice.resolveengine.result.FileDependencyCollectingGraphVisitor::visitArtifacts (1 bytes)
Event: 15.002 Thread 0x000001bfebc83c60 nmethod 7954 0x000001bfd540ae90 code [0x000001bfd540b020, 0x000001bfd540b138]
Event: 15.002 Thread 0x000001bfebc83c60 7944       3       org.gradle.api.internal.artifacts.ivyservice.resolveengine.graph.builder.EdgeState::findTargetNodes (30 bytes)
Event: 15.003 Thread 0x000001bfebc83c60 nmethod 7944 0x000001bfd540b210 code [0x000001bfd540b3e0, 0x000001bfd540b848]
Event: 15.003 Thread 0x000001bfebc83c60 7956       3       com.esotericsoftware.kryo.io.Input::readInt (70 bytes)
Event: 15.003 Thread 0x000001bfebc83c60 nmethod 7956 0x000001bfd540ba10 code [0x000001bfd540bbc0, 0x000001bfd540bde8]
Event: 15.003 Thread 0x000001bfebc83c60 7960       3       com.esotericsoftware.kryo.io.Input::require (220 bytes)
Event: 15.004 Thread 0x000001bfebc83c60 nmethod 7960 0x000001bfd540bf10 code [0x000001bfd540c1a0, 0x000001bfd540caf8]
Event: 15.004 Thread 0x000001bfebc83c60 7957   !   3       org.gradle.internal.serialize.kryo.StringDeduplicatingKryoBackedDecoder::readNullableString (110 bytes)

GC Heap History (20 events):
Event: 10.480 GC heap before
{Heap before GC invocations=15 (full 0):
 garbage-first heap   total 97280K, used 77213K [0x0000000080000000, 0x0000000100000000)
  region size 1024K, 43 young (44032K), 6 survivors (6144K)
 Metaspace       used 56123K, committed 56576K, reserved 1097728K
  class space    used 7509K, committed 7680K, reserved 1048576K
}
Event: 10.489 GC heap after
{Heap after GC invocations=16 (full 0):
 garbage-first heap   total 97280K, used 45317K [0x0000000080000000, 0x0000000100000000)
  region size 1024K, 6 young (6144K), 6 survivors (6144K)
 Metaspace       used 56123K, committed 56576K, reserved 1097728K
  class space    used 7509K, committed 7680K, reserved 1048576K
}
Event: 10.922 GC heap before
{Heap before GC invocations=16 (full 0):
 garbage-first heap   total 97280K, used 66821K [0x0000000080000000, 0x0000000100000000)
  region size 1024K, 29 young (29696K), 6 survivors (6144K)
 Metaspace       used 59660K, committed 60160K, reserved 1105920K
  class space    used 7907K, committed 8128K, reserved 1048576K
}
Event: 10.926 GC heap after
{Heap after GC invocations=17 (full 0):
 garbage-first heap   total 97280K, used 46802K [0x0000000080000000, 0x0000000100000000)
  region size 1024K, 2 young (2048K), 2 survivors (2048K)
 Metaspace       used 59660K, committed 60160K, reserved 1105920K
  class space    used 7907K, committed 8128K, reserved 1048576K
}
Event: 11.472 GC heap before
{Heap before GC invocations=18 (full 0):
 garbage-first heap   total 97280K, used 67282K [0x0000000080000000, 0x0000000100000000)
  region size 1024K, 23 young (23552K), 2 survivors (2048K)
 Metaspace       used 63819K, committed 64448K, reserved 1105920K
  class space    used 8485K, committed 8768K, reserved 1048576K
}
Event: 11.476 GC heap after
{Heap after GC invocations=19 (full 0):
 garbage-first heap   total 97280K, used 48678K [0x0000000080000000, 0x0000000100000000)
  region size 1024K, 4 young (4096K), 4 survivors (4096K)
 Metaspace       used 63819K, committed 64448K, reserved 1105920K
  class space    used 8485K, committed 8768K, reserved 1048576K
}
Event: 11.565 GC heap before
{Heap before GC invocations=20 (full 0):
 garbage-first heap   total 106496K, used 60966K [0x0000000080000000, 0x0000000100000000)
  region size 1024K, 13 young (13312K), 4 survivors (4096K)
 Metaspace       used 63822K, committed 64448K, reserved 1105920K
  class space    used 8485K, committed 8768K, reserved 1048576K
}
Event: 11.570 GC heap after
{Heap after GC invocations=21 (full 0):
 garbage-first heap   total 106496K, used 54789K [0x0000000080000000, 0x0000000100000000)
  region size 1024K, 4 young (4096K), 4 survivors (4096K)
 Metaspace       used 63822K, committed 64448K, reserved 1105920K
  class space    used 8485K, committed 8768K, reserved 1048576K
}
Event: 12.195 GC heap before
{Heap before GC invocations=22 (full 0):
 garbage-first heap   total 106496K, used 79365K [0x0000000080000000, 0x0000000100000000)
  region size 1024K, 26 young (26624K), 4 survivors (4096K)
 Metaspace       used 65894K, committed 66432K, reserved 1114112K
  class space    used 8759K, committed 9024K, reserved 1048576K
}
Event: 12.200 GC heap after
{Heap after GC invocations=23 (full 0):
 garbage-first heap   total 106496K, used 51821K [0x0000000080000000, 0x0000000100000000)
  region size 1024K, 2 young (2048K), 2 survivors (2048K)
 Metaspace       used 65894K, committed 66432K, reserved 1114112K
  class space    used 8759K, committed 9024K, reserved 1048576K
}
Event: 13.020 GC heap before
{Heap before GC invocations=23 (full 0):
 garbage-first heap   total 106496K, used 77421K [0x0000000080000000, 0x0000000100000000)
  region size 1024K, 27 young (27648K), 2 survivors (2048K)
 Metaspace       used 68584K, committed 69184K, reserved 1114112K
  class space    used 9134K, committed 9408K, reserved 1048576K
}
Event: 13.024 GC heap after
{Heap after GC invocations=24 (full 0):
 garbage-first heap   total 106496K, used 53226K [0x0000000080000000, 0x0000000100000000)
  region size 1024K, 4 young (4096K), 4 survivors (4096K)
 Metaspace       used 68584K, committed 69184K, reserved 1114112K
  class space    used 9134K, committed 9408K, reserved 1048576K
}
Event: 13.642 GC heap before
{Heap before GC invocations=25 (full 0):
 garbage-first heap   total 106496K, used 79850K [0x0000000080000000, 0x0000000100000000)
  region size 1024K, 30 young (30720K), 4 survivors (4096K)
 Metaspace       used 72101K, committed 72640K, reserved 1114112K
  class space    used 9588K, committed 9856K, reserved 1048576K
}
Event: 13.647 GC heap after
{Heap after GC invocations=26 (full 0):
 garbage-first heap   total 106496K, used 55301K [0x0000000080000000, 0x0000000100000000)
  region size 1024K, 4 young (4096K), 4 survivors (4096K)
 Metaspace       used 72101K, committed 72640K, reserved 1114112K
  class space    used 9588K, committed 9856K, reserved 1048576K
}
Event: 14.029 GC heap before
{Heap before GC invocations=26 (full 0):
 garbage-first heap   total 106496K, used 80901K [0x0000000080000000, 0x0000000100000000)
  region size 1024K, 30 young (30720K), 4 survivors (4096K)
 Metaspace       used 73980K, committed 74560K, reserved 1114112K
  class space    used 9842K, committed 10112K, reserved 1048576K
}
Event: 14.036 GC heap after
{Heap after GC invocations=27 (full 0):
 garbage-first heap   total 128000K, used 57834K [0x0000000080000000, 0x0000000100000000)
  region size 1024K, 4 young (4096K), 4 survivors (4096K)
 Metaspace       used 73980K, committed 74560K, reserved 1114112K
  class space    used 9842K, committed 10112K, reserved 1048576K
}
Event: 14.760 GC heap before
{Heap before GC invocations=28 (full 0):
 garbage-first heap   total 128000K, used 95722K [0x0000000080000000, 0x0000000100000000)
  region size 1024K, 41 young (41984K), 4 survivors (4096K)
 Metaspace       used 78530K, committed 79104K, reserved 1122304K
  class space    used 10652K, committed 10944K, reserved 1048576K
}
Event: 14.767 GC heap after
{Heap after GC invocations=29 (full 0):
 garbage-first heap   total 128000K, used 60092K [0x0000000080000000, 0x0000000100000000)
  region size 1024K, 5 young (5120K), 5 survivors (5120K)
 Metaspace       used 78530K, committed 79104K, reserved 1122304K
  class space    used 10652K, committed 10944K, reserved 1048576K
}
Event: 14.781 GC heap before
{Heap before GC invocations=29 (full 0):
 garbage-first heap   total 128000K, used 61116K [0x0000000080000000, 0x0000000100000000)
  region size 1024K, 6 young (6144K), 5 survivors (5120K)
 Metaspace       used 78627K, committed 79168K, reserved 1122304K
  class space    used 10671K, committed 10944K, reserved 1048576K
}
Event: 14.787 GC heap after
{Heap after GC invocations=30 (full 0):
 garbage-first heap   total 128000K, used 59928K [0x0000000080000000, 0x0000000100000000)
  region size 1024K, 1 young (1024K), 1 survivors (1024K)
 Metaspace       used 78627K, committed 79168K, reserved 1122304K
  class space    used 10671K, committed 10944K, reserved 1048576K
}

Dll operation events (2 events):
Event: 0.043 Loaded shared library D:\android studio\jbr\bin\java.dll
Event: 1.515 Loaded shared library D:\android studio\jbr\bin\verify.dll

Deoptimization events (20 events):
Event: 14.662 Thread 0x000001bfed475290 Uncommon trap: trap_request=0xffffffde fr.pc=0x000001bfdc357860 relative=0x0000000000004600
Event: 14.662 Thread 0x000001bfed475290 Uncommon trap: reason=class_check action=maybe_recompile pc=0x000001bfdc357860 method=java.lang.reflect.Executable.getAnnotation(Ljava/lang/Class;)Ljava/lang/annotation/Annotation; @ 19 c2
Event: 14.662 Thread 0x000001bfed475290 DEOPT PACKING pc=0x000001bfdc357860 sp=0x000000b9059f8420
Event: 14.662 Thread 0x000001bfed475290 DEOPT UNPACKING pc=0x000001bfdbc569a3 sp=0x000000b9059f8438 mode 2
Event: 14.665 Thread 0x000001bfed475290 Uncommon trap: trap_request=0xffffffde fr.pc=0x000001bfdc357860 relative=0x0000000000004600
Event: 14.665 Thread 0x000001bfed475290 Uncommon trap: reason=class_check action=maybe_recompile pc=0x000001bfdc357860 method=java.lang.reflect.Executable.getAnnotation(Ljava/lang/Class;)Ljava/lang/annotation/Annotation; @ 19 c2
Event: 14.665 Thread 0x000001bfed475290 DEOPT PACKING pc=0x000001bfdc357860 sp=0x000000b9059f8420
Event: 14.665 Thread 0x000001bfed475290 DEOPT UNPACKING pc=0x000001bfdbc569a3 sp=0x000000b9059f8438 mode 2
Event: 14.720 Thread 0x000001bfed475290 Uncommon trap: trap_request=0xfffffff4 fr.pc=0x000001bfdc5cf268 relative=0x0000000000000068
Event: 14.720 Thread 0x000001bfed475290 Uncommon trap: reason=null_check action=make_not_entrant pc=0x000001bfdc5cf268 method=java.lang.Class.isAnnotation()Z @ 1 c2
Event: 14.720 Thread 0x000001bfed475290 DEOPT PACKING pc=0x000001bfdc5cf268 sp=0x000000b9059f85f0
Event: 14.720 Thread 0x000001bfed475290 DEOPT UNPACKING pc=0x000001bfdbc569a3 sp=0x000000b9059f8580 mode 2
Event: 14.817 Thread 0x000001bfed475290 Uncommon trap: trap_request=0xffffffdc fr.pc=0x000001bfdc5d8a40 relative=0x00000000000002a0
Event: 14.817 Thread 0x000001bfed475290 Uncommon trap: reason=class_check action=make_not_entrant pc=0x000001bfdc5d8a40 method=java.util.ArrayList.toArray([Ljava/lang/Object;)[Ljava/lang/Object; @ 21 c2
Event: 14.817 Thread 0x000001bfed475290 DEOPT PACKING pc=0x000001bfdc5d8a40 sp=0x000000b9059f88a0
Event: 14.817 Thread 0x000001bfed475290 DEOPT UNPACKING pc=0x000001bfdbc569a3 sp=0x000000b9059f8870 mode 2
Event: 15.002 Thread 0x000001bfed475290 Uncommon trap: trap_request=0xffffff45 fr.pc=0x000001bfdc48fbe4 relative=0x00000000000001c4
Event: 15.002 Thread 0x000001bfed475290 Uncommon trap: reason=unstable_if action=reinterpret pc=0x000001bfdc48fbe4 method=com.esotericsoftware.kryo.io.Input.require(I)I @ 65 c2
Event: 15.003 Thread 0x000001bfed475290 DEOPT PACKING pc=0x000001bfdc48fbe4 sp=0x000000b9059f8c60
Event: 15.003 Thread 0x000001bfed475290 DEOPT UNPACKING pc=0x000001bfdbc569a3 sp=0x000000b9059f8c20 mode 2

Classes unloaded (0 events):
No events

Classes redefined (0 events):
No events

Internal exceptions (20 events):
Event: 10.023 Thread 0x000001bfed475290 Implicit null exception at 0x000001bfdc4a5e12 to 0x000001bfdc4a6488
Event: 10.122 Thread 0x000001bfed475290 Exception <a 'java/lang/ClassNotFoundException'{0x0000000084d6eac8}: org/gradle/api/internal/plugins/DefaultObjectConfigurationActionBeanInfo> (0x0000000084d6eac8) 
thrown [s\src\hotspot\share\classfile\systemDictionary.cpp, line 256]
Event: 10.123 Thread 0x000001bfed475290 Exception <a 'java/lang/ClassNotFoundException'{0x0000000084d82920}: org/gradle/api/internal/plugins/DefaultObjectConfigurationActionCustomizer> (0x0000000084d82920) 
thrown [s\src\hotspot\share\classfile\systemDictionary.cpp, line 256]
Event: 10.311 Thread 0x000001bfed475290 Exception <a 'java/lang/NoSuchMethodError'{0x0000000084245470}: 'java.lang.Object java.lang.invoke.DirectMethodHandle$Holder.newInvokeSpecial(java.lang.Object, java.lang.Object, java.lang.Object, java.lang.Object, int)'> (0x0000000084245470) 
thrown [s\src\hotspot\share\interpreter\linkResolver.cpp, line 771]
Event: 10.311 Thread 0x000001bfed475290 Exception <a 'java/lang/NoSuchMethodError'{0x000000008424a8b8}: 'java.lang.Object java.lang.invoke.DirectMethodHandle$Holder.invokeSpecial(java.lang.Object, java.lang.Object, java.lang.Object, java.lang.Object, java.lang.Object, int)'> (0x000000008424a8b8) 
thrown [s\src\hotspot\share\interpreter\linkResolver.cpp, line 771]
Event: 10.312 Thread 0x000001bfed475290 Exception <a 'java/lang/NoSuchMethodError'{0x000000008424f638}: 'java.lang.Object java.lang.invoke.Invokers$Holder.linkToTargetMethod(java.lang.Object, java.lang.Object, java.lang.Object, int, java.lang.Object)'> (0x000000008424f638) 
thrown [s\src\hotspot\share\interpreter\linkResolver.cpp, line 771]
Event: 10.584 Thread 0x000001bfed475290 Exception <a 'java/lang/NoSuchMethodError'{0x000000008d0e2ee8}: 'int java.lang.invoke.DirectMethodHandle$Holder.invokeInterface(java.lang.Object, java.lang.Object, java.lang.Object, java.lang.Object)'> (0x000000008d0e2ee8) 
thrown [s\src\hotspot\share\interpreter\linkResolver.cpp, line 771]
Event: 11.138 Thread 0x000001bfed475290 Exception <a 'java/lang/IncompatibleClassChangeError'{0x000000008cc36da8}: Found class java.lang.Object, but interface was expected> (0x000000008cc36da8) 
thrown [s\src\hotspot\share\interpreter\linkResolver.cpp, line 838]
Event: 11.192 Thread 0x000001bfed475290 Implicit null exception at 0x000001bfdc4a82e0 to 0x000001bfdc4a848c
Event: 11.393 Thread 0x000001bfed475290 Implicit null exception at 0x000001bfdc36fa0c to 0x000001bfdc36fb46
Event: 11.627 Thread 0x000001bfed475290 Exception <a 'sun/nio/fs/WindowsException'{0x000000008d01bad8}> (0x000000008d01bad8) 
thrown [s\src\hotspot\share\prims\jni.cpp, line 517]
Event: 12.618 Thread 0x000001bfed475290 Implicit null exception at 0x000001bfdc1f5a49 to 0x000001bfdc1f5b1c
Event: 14.613 Thread 0x000001bfed475290 Exception <a 'java/lang/NoSuchMethodError'{0x00000000861e01f0}: 'int java.lang.invoke.DirectMethodHandle$Holder.invokeSpecialIFC(java.lang.Object, java.lang.Object, java.lang.Object, java.lang.Object, java.lang.Object)'> (0x00000000861e01f0) 
thrown [s\src\hotspot\share\interpreter\linkResolver.cpp, line 771]
Event: 14.821 Thread 0x000001bfed475290 Exception <a 'java/lang/ClassNotFoundException'{0x000000008cf6e6a8}: com/android/build/gradle/internal/api/ApkVariantOutputImpl_DecoratedBeanInfo> (0x000000008cf6e6a8) 
thrown [s\src\hotspot\share\classfile\systemDictionary.cpp, line 256]
Event: 14.822 Thread 0x000001bfed475290 Exception <a 'java/lang/ClassNotFoundException'{0x000000008cf7b250}: com/android/build/gradle/internal/api/ApkVariantOutputImplBeanInfo> (0x000000008cf7b250) 
thrown [s\src\hotspot\share\classfile\systemDictionary.cpp, line 256]
Event: 14.822 Thread 0x000001bfed475290 Exception <a 'java/lang/ClassNotFoundException'{0x000000008cf88080}: com/android/build/gradle/internal/api/BaseVariantOutputImplBeanInfo> (0x000000008cf88080) 
thrown [s\src\hotspot\share\classfile\systemDictionary.cpp, line 256]
Event: 14.823 Thread 0x000001bfed475290 Exception <a 'java/lang/ClassNotFoundException'{0x000000008cf94eb8}: com/android/build/gradle/internal/api/BaseVariantOutputImplCustomizer> (0x000000008cf94eb8) 
thrown [s\src\hotspot\share\classfile\systemDictionary.cpp, line 256]
Event: 14.824 Thread 0x000001bfed475290 Exception <a 'java/lang/ClassNotFoundException'{0x000000008cfb43f8}: com/android/build/gradle/internal/api/ApkVariantOutputImplCustomizer> (0x000000008cfb43f8) 
thrown [s\src\hotspot\share\classfile\systemDictionary.cpp, line 256]
Event: 14.825 Thread 0x000001bfed475290 Exception <a 'java/lang/ClassNotFoundException'{0x000000008cfcdbc0}: com/android/build/gradle/internal/api/ApkVariantOutputImpl_DecoratedCustomizer> (0x000000008cfcdbc0) 
thrown [s\src\hotspot\share\classfile\systemDictionary.cpp, line 256]
Event: 14.834 Thread 0x000001bfed475290 Exception <a 'java/lang/NoClassDefFoundError'{0x000000008ceb75c8}: org/jetbrains/kotlin/gradle/plugin/KotlinBasePluginWrapper> (0x000000008ceb75c8) 
thrown [s\src\hotspot\share\classfile\systemDictionary.cpp, line 245]

VM Operations (20 events):
Event: 13.642 Executing VM operation: G1CollectForAllocation
Event: 13.647 Executing VM operation: G1CollectForAllocation done
Event: 13.817 Executing VM operation: HandshakeAllThreads
Event: 13.818 Executing VM operation: HandshakeAllThreads done
Event: 14.029 Executing VM operation: G1CollectForAllocation
Event: 14.037 Executing VM operation: G1CollectForAllocation done
Event: 14.100 Executing VM operation: G1Concurrent
Event: 14.104 Executing VM operation: G1Concurrent done
Event: 14.137 Executing VM operation: G1Concurrent
Event: 14.137 Executing VM operation: G1Concurrent done
Event: 14.760 Executing VM operation: G1CollectForAllocation
Event: 14.768 Executing VM operation: G1CollectForAllocation done
Event: 14.781 Executing VM operation: G1CollectForAllocation
Event: 14.787 Executing VM operation: G1CollectForAllocation done
Event: 14.790 Executing VM operation: HandshakeAllThreads
Event: 14.790 Executing VM operation: HandshakeAllThreads done
Event: 14.846 Executing VM operation: HandshakeAllThreads
Event: 14.846 Executing VM operation: HandshakeAllThreads done
Event: 14.888 Executing VM operation: HandshakeAllThreads
Event: 14.888 Executing VM operation: HandshakeAllThreads done

Events (20 events):
Event: 13.761 Thread 0x000001bff5578fb0 Thread added: 0x000001bff5578fb0
Event: 13.776 loading class jdk/internal/loader/URLClassPath$FileLoader
Event: 13.776 loading class jdk/internal/loader/URLClassPath$FileLoader done
Event: 13.777 loading class jdk/internal/loader/URLClassPath$FileLoader$1
Event: 13.777 loading class jdk/internal/loader/URLClassPath$FileLoader$1 done
Event: 14.080 loading class sun/reflect/generics/repository/FieldRepository
Event: 14.080 loading class sun/reflect/generics/repository/FieldRepository done
Event: 14.091 loading class jdk/internal/vm/annotation/ForceInline
Event: 14.091 loading class jdk/internal/vm/annotation/ForceInline done
Event: 14.191 loading class java/util/regex/Pattern$Caret
Event: 14.191 loading class java/util/regex/Pattern$Caret done
Event: 14.778 loading class java/util/concurrent/LinkedBlockingDeque$Itr
Event: 14.778 loading class java/util/concurrent/LinkedBlockingDeque$AbstractItr
Event: 14.778 loading class java/util/concurrent/LinkedBlockingDeque$AbstractItr done
Event: 14.778 loading class java/util/concurrent/LinkedBlockingDeque$Itr done
Event: 14.851 Thread 0x000001bfebc86660 flushing nmethod 0x000001bfd4c58c10
Event: 14.888 loading class java/util/Stack
Event: 14.888 loading class java/util/Stack done
Event: 14.924 loading class java/lang/AbstractMethodError
Event: 14.924 loading class java/lang/AbstractMethodError done


Dynamic libraries:
0x00007ff7902f0000 - 0x00007ff7902fa000 	D:\android studio\jbr\bin\java.exe
0x00007ff8cc270000 - 0x00007ff8cc487000 	C:\WINDOWS\SYSTEM32\ntdll.dll
0x00007ff8cba10000 - 0x00007ff8cbad4000 	C:\WINDOWS\System32\KERNEL32.DLL
0x00007ff8c9b00000 - 0x00007ff8c9ea6000 	C:\WINDOWS\System32\KERNELBASE.dll
0x00007ff8c97d0000 - 0x00007ff8c98e1000 	C:\WINDOWS\System32\ucrtbase.dll
0x00007ff8bf9c0000 - 0x00007ff8bf9d7000 	D:\android studio\jbr\bin\jli.dll
0x00007ff8cb640000 - 0x00007ff8cb7ed000 	C:\WINDOWS\System32\USER32.dll
0x00007ff8c95f0000 - 0x00007ff8c9616000 	C:\WINDOWS\System32\win32u.dll
0x00007ff8cc110000 - 0x00007ff8cc139000 	C:\WINDOWS\System32\GDI32.dll
0x00007ff8c9eb0000 - 0x00007ff8c9fc8000 	C:\WINDOWS\System32\gdi32full.dll
0x00007ff8c9a60000 - 0x00007ff8c9afa000 	C:\WINDOWS\System32\msvcp_win.dll
0x00007ff8b7b40000 - 0x00007ff8b7b5b000 	D:\android studio\jbr\bin\VCRUNTIME140.dll
0x00007ff8b2a00000 - 0x00007ff8b2c93000 	C:\WINDOWS\WinSxS\amd64_microsoft.windows.common-controls_6595b64144ccf1df_6.0.22621.2361_none_2712ced57382f843\COMCTL32.dll
0x00007ff8cbae0000 - 0x00007ff8cbb87000 	C:\WINDOWS\System32\msvcrt.dll
0x00007ff8cc1f0000 - 0x00007ff8cc221000 	C:\WINDOWS\System32\IMM32.DLL
0x00007ff8c4b80000 - 0x00007ff8c4b8c000 	D:\android studio\jbr\bin\vcruntime140_1.dll
0x00007ff89b2b0000 - 0x00007ff89b33d000 	D:\android studio\jbr\bin\msvcp140.dll
0x00007ff852900000 - 0x00007ff85356e000 	D:\android studio\jbr\bin\server\jvm.dll
0x00007ff8ca040000 - 0x00007ff8ca0f0000 	C:\WINDOWS\System32\ADVAPI32.dll
0x00007ff8cc140000 - 0x00007ff8cc1e6000 	C:\WINDOWS\System32\sechost.dll
0x00007ff8caac0000 - 0x00007ff8cabd7000 	C:\WINDOWS\System32\RPCRT4.dll
0x00007ff8acb90000 - 0x00007ff8acb99000 	C:\WINDOWS\SYSTEM32\WSOCK32.dll
0x00007ff8cad20000 - 0x00007ff8cad91000 	C:\WINDOWS\System32\WS2_32.dll
0x00007ff8c2c40000 - 0x00007ff8c2c74000 	C:\WINDOWS\SYSTEM32\WINMM.dll
0x00007ff8c3100000 - 0x00007ff8c310a000 	C:\WINDOWS\SYSTEM32\VERSION.dll
0x00007ff8c8630000 - 0x00007ff8c8648000 	C:\WINDOWS\SYSTEM32\kernel.appcore.dll
0x00007ff8c4b00000 - 0x00007ff8c4b0a000 	D:\android studio\jbr\bin\jimage.dll
0x00007ff8c6f40000 - 0x00007ff8c716e000 	C:\WINDOWS\SYSTEM32\DBGHELP.DLL
0x00007ff8caff0000 - 0x00007ff8cb37a000 	C:\WINDOWS\System32\combase.dll
0x00007ff8cabe0000 - 0x00007ff8cacb7000 	C:\WINDOWS\System32\OLEAUT32.dll
0x00007ff8aafc0000 - 0x00007ff8aaff2000 	C:\WINDOWS\SYSTEM32\dbgcore.DLL
0x00007ff8c9750000 - 0x00007ff8c97ca000 	C:\WINDOWS\System32\bcryptPrimitives.dll
0x00007ff8c2000000 - 0x00007ff8c2025000 	D:\android studio\jbr\bin\java.dll
0x00007ff8c4ab0000 - 0x00007ff8c4ac8000 	D:\android studio\jbr\bin\zip.dll
0x00007ff8ca160000 - 0x00007ff8ca9b8000 	C:\WINDOWS\System32\SHELL32.dll
0x00007ff8c7550000 - 0x00007ff8c7e42000 	C:\WINDOWS\SYSTEM32\windows.storage.dll
0x00007ff8c7410000 - 0x00007ff8c754e000 	C:\WINDOWS\SYSTEM32\wintypes.dll
0x00007ff8ca9c0000 - 0x00007ff8caab3000 	C:\WINDOWS\System32\SHCORE.dll
0x00007ff8ca100000 - 0x00007ff8ca15e000 	C:\WINDOWS\System32\shlwapi.dll
0x00007ff8c9520000 - 0x00007ff8c9546000 	C:\WINDOWS\SYSTEM32\profapi.dll
0x00007ff8c2c90000 - 0x00007ff8c2ca9000 	D:\android studio\jbr\bin\net.dll
0x00007ff8c2b00000 - 0x00007ff8c2c37000 	C:\WINDOWS\SYSTEM32\WINHTTP.dll
0x00007ff8c8ab0000 - 0x00007ff8c8b19000 	C:\WINDOWS\system32\mswsock.dll
0x00007ff8c2930000 - 0x00007ff8c2946000 	D:\android studio\jbr\bin\nio.dll
0x00007ff8c4a60000 - 0x00007ff8c4a70000 	D:\android studio\jbr\bin\verify.dll
0x00007ff8b7a80000 - 0x00007ff8b7aa7000 	C:\Users\hachem safae\.gradle\native\68d5fa5c4cc2d200863cafc0d521ce42e7d3e7ee720ec0a83991735586a16f82\windows-amd64\native-platform.dll
0x00007ff894d90000 - 0x00007ff894ed4000 	C:\Users\hachem safae\.gradle\native\e376f236ea51e6404a007f0833ffe2c6e607c4080706a723a18a27aeea778392\windows-amd64\native-platform-file-events.dll
0x00007ff8c3aa0000 - 0x00007ff8c3aa9000 	D:\android studio\jbr\bin\management.dll
0x00007ff8c36e0000 - 0x00007ff8c36eb000 	D:\android studio\jbr\bin\management_ext.dll
0x00007ff8cbb90000 - 0x00007ff8cbb98000 	C:\WINDOWS\System32\PSAPI.DLL
0x00007ff8c8d00000 - 0x00007ff8c8d1b000 	C:\WINDOWS\SYSTEM32\CRYPTSP.dll
0x00007ff8c8590000 - 0x00007ff8c85c5000 	C:\WINDOWS\system32\rsaenh.dll
0x00007ff8c8ba0000 - 0x00007ff8c8bcc000 	C:\WINDOWS\SYSTEM32\USERENV.dll
0x00007ff8c8ec0000 - 0x00007ff8c8ee8000 	C:\WINDOWS\SYSTEM32\bcrypt.dll
0x00007ff8c8d20000 - 0x00007ff8c8d2c000 	C:\WINDOWS\SYSTEM32\CRYPTBASE.dll
0x00007ff8c80b0000 - 0x00007ff8c80dd000 	C:\WINDOWS\SYSTEM32\IPHLPAPI.DLL
0x00007ff8cad10000 - 0x00007ff8cad19000 	C:\WINDOWS\System32\NSI.dll
0x00007ff8c2950000 - 0x00007ff8c2969000 	C:\WINDOWS\SYSTEM32\dhcpcsvc6.DLL
0x00007ff8c2830000 - 0x00007ff8c284f000 	C:\WINDOWS\SYSTEM32\dhcpcsvc.DLL
0x00007ff8c8120000 - 0x00007ff8c8219000 	C:\WINDOWS\SYSTEM32\DNSAPI.dll
0x00007ff8af560000 - 0x00007ff8af568000 	C:\WINDOWS\system32\wshunix.dll

dbghelp: loaded successfully - version: 4.0.5 - missing functions: none
symbol engine: initialized successfully - sym options: 0x614 - pdb path: .;D:\android studio\jbr\bin;C:\WINDOWS\SYSTEM32;C:\WINDOWS\WinSxS\amd64_microsoft.windows.common-controls_6595b64144ccf1df_6.0.22621.2361_none_2712ced57382f843;D:\android studio\jbr\bin\server;C:\Users\hachem safae\.gradle\native\68d5fa5c4cc2d200863cafc0d521ce42e7d3e7ee720ec0a83991735586a16f82\windows-amd64;C:\Users\hachem safae\.gradle\native\e376f236ea51e6404a007f0833ffe2c6e607c4080706a723a18a27aeea778392\windows-amd64

VM Arguments:
jvm_args: --add-opens=java.base/java.util=ALL-UNNAMED --add-opens=java.base/java.lang=ALL-UNNAMED --add-opens=java.base/java.lang.invoke=ALL-UNNAMED --add-opens=java.prefs/java.util.prefs=ALL-UNNAMED --add-opens=java.base/java.nio.charset=ALL-UNNAMED --add-opens=java.base/java.net=ALL-UNNAMED --add-opens=java.base/java.util.concurrent.atomic=ALL-UNNAMED -Xmx2048m -Dfile.encoding=UTF-8 -Duser.country=FR -Duser.language=fr -Duser.variant 
java_command: org.gradle.launcher.daemon.bootstrap.GradleDaemon 8.0
java_class_path (initial): C:\Users\hachem safae\.gradle\wrapper\dists\gradle-8.0-bin\ca5e32bp14vu59qr306oxotwh\gradle-8.0\lib\gradle-launcher-8.0.jar
Launcher Type: SUN_STANDARD

[Global flags]
     intx CICompilerCount                          = 4                                         {product} {ergonomic}
     uint ConcGCThreads                            = 2                                         {product} {ergonomic}
     uint G1ConcRefinementThreads                  = 8                                         {product} {ergonomic}
   size_t G1HeapRegionSize                         = 1048576                                   {product} {ergonomic}
    uintx GCDrainStackTargetSize                   = 64                                        {product} {ergonomic}
   size_t InitialHeapSize                          = 266338304                                 {product} {ergonomic}
   size_t MarkStackSize                            = 4194304                                   {product} {ergonomic}
   size_t MaxHeapSize                              = 2147483648                                {product} {command line}
   size_t MaxNewSize                               = 1287651328                                {product} {ergonomic}
   size_t MinHeapDeltaBytes                        = 1048576                                   {product} {ergonomic}
   size_t MinHeapSize                              = 8388608                                   {product} {ergonomic}
    uintx NonNMethodCodeHeapSize                   = 5839372                                {pd product} {ergonomic}
    uintx NonProfiledCodeHeapSize                  = 122909434                              {pd product} {ergonomic}
    uintx ProfiledCodeHeapSize                     = 122909434                              {pd product} {ergonomic}
    uintx ReservedCodeCacheSize                    = 251658240                              {pd product} {ergonomic}
     bool SegmentedCodeCache                       = true                                      {product} {ergonomic}
   size_t SoftMaxHeapSize                          = 2147483648                             {manageable} {ergonomic}
     bool UseCompressedClassPointers               = true                           {product lp64_product} {ergonomic}
     bool UseCompressedOops                        = true                           {product lp64_product} {ergonomic}
     bool UseG1GC                                  = true                                      {product} {ergonomic}
     bool UseLargePagesIndividualAllocation        = false                                  {pd product} {ergonomic}

Logging:
Log output configuration:
 #0: stdout all=warning uptime,level,tags
 #1: stderr all=off uptime,level,tags

Environment Variables:
JAVA_HOME=C:\Program Files\Java\jdk-17
PATH=C:\Program Files (x86)\Common Files\Oracle\Java\javapath;C:\Program Files (x86)\VMware\VMware Workstation\bin\;D:\oraclexe\app\oracle\product\11.2.0\server\bin;C:\Program Files\Common Files\Oracle\Java\javapath;C:\WINDOWS\system32;C:\WINDOWS;C:\WINDOWS\System32\Wbem;C:\WINDOWS\System32\WindowsPowerShell\v1.0\;C:\WINDOWS\System32\OpenSSH\;c:\Program Files (x86)\Microsoft SQL Server\100\Tools\Binn\;c:\Program Files\Microsoft SQL Server\100\Tools\Binn\;c:\Program Files\Microsoft SQL Server\100\DTS\Binn\;D:\java_jdk 8\bin;C:\Program Files\Java\jdk-17\bin;C:\Program Files\Java\jdk-11\bin;C:\Program Files\Java\jdk-19\bin;C:\Program Files\Common Files\Oracle\Java\javapath;C:\ProgramData\ComposerSetup\bin;D:\XAAMP\php\php.exe;D:\xamp\php;C:\Program Files\wkhtmltopdf\bin;D:\node;C:\Program Files\Git\cmd;C:\Program Files\nodejs\;C:\Program Files\MongoDB\Server\6.0\bin;D:\XAAMP\php;C:\Program Files\Java\apache-maven-3.9.5\bin;C:\Users\hachem safae\AppData\Local\Programs\Python\Python310\Scripts\;C:\Users\hachem safae\AppData\Local\Programs\Python\Python310\;C:\Program Files\MySQL\MySQL Shell 8.0\bin\;C:\Users\hachem safae\AppData\Local\Microsoft\WindowsApps;C:\Users\hachem safae\AppData\Roaming\Dashlane\6.2007.0.32704\bin\Firefox_Extension\{442718d9-475e-452a-b3e1-fb1ee16b8e9f}\components;C:\Users\hachem safae\AppData\Roaming\Dashlane\6.2007.0.32704\ucrt;C:\Users\hachem safae\AppData\Roaming\Dashlane\6.2007.0.32704\bin\Qt;C:\Users\hachem safae\AppData\Roaming\Dashlane\6.2007.0.32704\bin\Ssl;C:\Program Files\JetBrains\IntelliJ IDEA Community Edition 2020.2.2\bin;C:\Users\hachem safae\AppData\Local\Microsoft\WindowsApps;C:\Users\hachem safae\AppData\Local\Programs\Microsoft VS Code\bin;C:\Program Files\IntelliJ IDEA Community Edition 2022.3.2\bin;;C:\Users\hachem safae\AppData\Local\ComposerSetup\bin;C:\Users\hachem safae\AppData\Roaming\Composer\vendor\bin;C:\Users\hachem safae\AppData\Roaming\npm;D:\android2\platform-tools;D:\XAAMP\php;C:\wamp64\bin\php\php5.6.40;C:\
USERNAME=hachem safae
OS=Windows_NT
PROCESSOR_IDENTIFIER=Intel64 Family 6 Model 142 Stepping 12, GenuineIntel
TMP=C:\Users\HACHEM~1\AppData\Local\Temp
TEMP=C:\Users\HACHEM~1\AppData\Local\Temp


JNI global refs:
JNI global refs: 29, weak refs: 2

JNI global refs memory usage: 843, weak refs: 841


---------------  S Y S T E M  ---------------

OS:
 Windows 11 , 64 bit Build 22621 (10.0.22621.2428)
OS uptime: 0 days 8:56 hours

CPU: total 8 (initial active 8) (4 cores per cpu, 2 threads per core) family 6 model 142 stepping 12 microcode 0xf6, cx8, cmov, fxsr, ht, mmx, 3dnowpref, sse, sse2, sse3, ssse3, sse4.1, sse4.2, popcnt, lzcnt, tsc, tscinvbit, avx, avx2, aes, erms, clmul, bmi1, bmi2, adx, fma, vzeroupper, clflush, clflushopt

Memory: 4k page, system-wide physical 16194M (2103M free)
TotalPageFile size 18242M (AvailPageFile size 5M)
current process WorkingSet (physical memory assigned to process): 358M, peak: 359M
current process commit charge ("private bytes"): 395M, peak: 400M

vm_info: OpenJDK 64-Bit Server VM (17.0.6+0-b2043.56-10027231) for windows-amd64 JRE (17.0.6+0-b2043.56-10027231), built on Apr 28 2023 00:43:19 by "androidbuild" with MS VC++ 16.10 / 16.11 (VS2019)

END.
