#
# There is insufficient memory for the Java Runtime Environment to continue.
# Native memory allocation (mmap) failed to map 63963136 bytes for G1 virtual space
# Possible reasons:
#   The system is out of physical RAM or swap space
#   The process is running with CompressedOops enabled, and the Java Heap may be blocking the growth of the native heap
# Possible solutions:
#   Reduce memory load on the system
#   Increase physical memory or swap space
#   Check if swap backing store is full
#   Decrease Java heap size (-Xmx/-Xms)
#   Decrease number of Java threads
#   Decrease Java thread stack sizes (-Xss)
#   Set larger code cache with -XX:ReservedCodeCacheSize=
#   JVM is running with Unscaled Compressed Oops mode in which the Java heap is
#     placed in the first 4GB address space. The Java Heap base address is the
#     maximum limit for the native heap growth. Please use -XX:HeapBaseMinAddress
#     to set the Java Heap base and to place the Java Heap above 4GB virtual address.
# This output file may be truncated or incomplete.
#
#  Out of Memory Error (os_windows.cpp:3769), pid=9616, tid=24068
#
# JRE version: OpenJDK Runtime Environment (17.0.6) (build 17.0.6+0-b2043.56-10027231)
# Java VM: OpenJDK 64-Bit Server VM (17.0.6+0-b2043.56-10027231, mixed mode, tiered, compressed oops, compressed class ptrs, g1 gc, windows-amd64)
# No core dump will be written. Minidumps are not enabled by default on client versions of Windows
#

---------------  S U M M A R Y ------------

Command Line: --add-opens=java.base/java.util=ALL-UNNAMED --add-opens=java.base/java.lang=ALL-UNNAMED --add-opens=java.base/java.lang.invoke=ALL-UNNAMED --add-opens=java.prefs/java.util.prefs=ALL-UNNAMED --add-opens=java.base/java.nio.charset=ALL-UNNAMED --add-opens=java.base/java.net=ALL-UNNAMED --add-opens=java.base/java.util.concurrent.atomic=ALL-UNNAMED -Xmx2048m -Dfile.encoding=UTF-8 -Duser.country=FR -Duser.language=fr -Duser.variant org.gradle.launcher.daemon.bootstrap.GradleDaemon 8.0

Host: Intel(R) Core(TM) i7-8565U CPU @ 1.80GHz, 8 cores, 15G,  Windows 11 , 64 bit Build 22621 (10.0.22621.2428)
Time: Wed Nov 15 16:51:13 2023 Maroc (heure d64 bit Build 22621 (10.0.22621.2428) elapsed time: 14.712070 seconds (0d 0h 0m 14s)

---------------  T H R E A D  ---------------

Current thread (0x00000217f943e640):  VMThread "VM Thread" [stack: 0x0000006f30500000,0x0000006f30600000] [id=24068]

Stack: [0x0000006f30500000,0x0000006f30600000]
Native frames: (J=compiled Java code, j=interpreted, Vv=VM code, C=native code)
V  [jvm.dll+0x683c9a]
V  [jvm.dll+0x8427a4]
V  [jvm.dll+0x843f9e]
V  [jvm.dll+0x844603]
V  [jvm.dll+0x249b75]
V  [jvm.dll+0x680b69]
V  [jvm.dll+0x67505a]
V  [jvm.dll+0x309acb]
V  [jvm.dll+0x310f86]
V  [jvm.dll+0x3608ee]
V  [jvm.dll+0x360b1f]
V  [jvm.dll+0x2dfbf8]
V  [jvm.dll+0x2ddec4]
V  [jvm.dll+0x2dd4cc]
V  [jvm.dll+0x321f3b]
V  [jvm.dll+0x848ccb]
V  [jvm.dll+0x849a04]
V  [jvm.dll+0x849f1d]
V  [jvm.dll+0x84a2f4]
V  [jvm.dll+0x84a3c0]
V  [jvm.dll+0x7f274a]
V  [jvm.dll+0x682ad5]
C  [ucrtbase.dll+0x29363]
C  [KERNEL32.DLL+0x1257d]
C  [ntdll.dll+0x5aa78]

VM_Operation (0x0000006f38ff8ed0): G1CollectForAllocation, mode: safepoint, requested by thread 0x00000217fc19e060


---------------  P R O C E S S  ---------------

Threads class SMR info:
_java_thread_list=0x00000217feeba760, length=137, elements={
0x00000217dcb6e170, 0x00000217f943fff0, 0x00000217f9441580, 0x00000217f94894e0,
0x00000217f948a090, 0x00000217f948cb50, 0x00000217f948d500, 0x00000217f948e290,
0x00000217f949a240, 0x00000217f94ad800, 0x00000217f9618fc0, 0x00000217f96198a0,
0x00000217f9719490, 0x00000217f9ffd0f0, 0x00000217f9ffbdb0, 0x00000217f9ffd5c0,
0x00000217f9ffb410, 0x00000217f9ffc750, 0x00000217f9ffda90, 0x00000217f9ffc280,
0x00000217f9ffdf60, 0x00000217f9ffa5a0, 0x00000217f9ffaa70, 0x00000217fcb0ec50,
0x00000217fcb0d910, 0x00000217fcb0dde0, 0x00000217fcb0e2b0, 0x00000217fcb0ff90,
0x00000217fcb0fac0, 0x00000217fcb10460, 0x00000217fcb10930, 0x00000217fcb0cf70,
0x00000217fcb0e780, 0x00000217fcb0f120, 0x00000217fcb0f5f0, 0x00000217ff1f9590,
0x00000217ff1fcf50, 0x00000217ff1fddc0, 0x00000217ff1fe290, 0x00000217ff1fb740,
0x00000217ff1fbc10, 0x00000217ff1f90c0, 0x00000217ff1fe760, 0x00000217ff1fec30,
0x00000217ff1f9a60, 0x00000217ff1ff100, 0x00000217ff1ff5d0, 0x00000217ff1ffaa0,
0x00000217ff1fff70, 0x00000217ff1f8720, 0x00000217ff1fc5b0, 0x00000217ff1f8bf0,
0x00000217ff1f9f30, 0x00000217ff1fa8d0, 0x00000217ff1fca80, 0x00000217ff1fada0,
0x0000021783568f30, 0x0000021783569400, 0x000002178356a740, 0x000002178356bf50,
0x000002178356c420, 0x000002178356ba80, 0x000002178356b0e0, 0x000002178356ac10,
0x000002178356b5b0, 0x000002178356c8f0, 0x00000217835698d0, 0x0000021783569da0,
0x000002178356a270, 0x00000217ff9b6170, 0x00000217ff9bc680, 0x00000217ff9ba000,
0x00000217ff9b9660, 0x00000217ff9b87f0, 0x00000217ff9b9b30, 0x00000217ff9ba4d0,
0x00000217ff9bbce0, 0x00000217ff9b8cc0, 0x00000217ff9bb340, 0x00000217ff9bcb50,
0x00000217ff9b5ca0, 0x00000217ff9b6640, 0x00000217ff9bd4f0, 0x00000217ff9ba9a0,
0x00000217ff9bb810, 0x00000217ff9b6fe0, 0x00000217ff9b9190, 0x00000217ff9b6b10,
0x00000217ff9bc1b0, 0x00000217ff9bae70, 0x00000217ff9bd020, 0x00000217ff9b74b0,
0x00000217ff9b7980, 0x00000217ff9b7e50, 0x00000217ff9b8320, 0x0000021783b1ddf0,
0x0000021783b1ec60, 0x0000021783b1c5e0, 0x0000021783b1bc40, 0x0000021783b1a430,
0x0000021783b17410, 0x0000021783b1d920, 0x0000021783b1e2c0, 0x0000021783b178e0,
0x0000021783b1e790, 0x0000021783b17db0, 0x0000021783b18750, 0x0000021783b1a900,
0x0000021783b18280, 0x0000021783b1cab0, 0x0000021783b1b770, 0x0000021783b18c20,
0x0000021783b190f0, 0x0000021783b195c0, 0x0000021783b19a90, 0x0000021783b1add0,
0x0000021783b19f60, 0x0000021783b1cf80, 0x0000021783b1c110, 0x0000021783b1b2a0,
0x0000021783b1d450, 0x00000217fc197b50, 0x00000217fc19eed0, 0x00000217fc19e530,
0x00000217fc19f3a0, 0x00000217fc199830, 0x00000217fc19c380, 0x00000217fc19e060,
0x00000217fc19ea00, 0x00000217fc19d1f0, 0x00000217fc19beb0, 0x00000217fc19a1d0,
0x00000217fc19d6c0, 0x00000217fc198020, 0x00000217fc1984f0, 0x00000217fc1989c0,
0x00000217fdd32de0
}

Java Threads: ( => current thread )
  0x00000217dcb6e170 JavaThread "main" [_thread_blocked, id=7128, stack(0x0000006f2ff00000,0x0000006f30000000)]
  0x00000217f943fff0 JavaThread "Reference Handler" daemon [_thread_blocked, id=19928, stack(0x0000006f30600000,0x0000006f30700000)]
  0x00000217f9441580 JavaThread "Finalizer" daemon [_thread_blocked, id=12424, stack(0x0000006f30700000,0x0000006f30800000)]
  0x00000217f94894e0 JavaThread "Signal Dispatcher" daemon [_thread_blocked, id=23540, stack(0x0000006f30800000,0x0000006f30900000)]
  0x00000217f948a090 JavaThread "Attach Listener" daemon [_thread_blocked, id=24448, stack(0x0000006f30900000,0x0000006f30a00000)]
  0x00000217f948cb50 JavaThread "Service Thread" daemon [_thread_blocked, id=24052, stack(0x0000006f30a00000,0x0000006f30b00000)]
  0x00000217f948d500 JavaThread "Monitor Deflation Thread" daemon [_thread_blocked, id=8304, stack(0x0000006f30b00000,0x0000006f30c00000)]
  0x00000217f948e290 JavaThread "C2 CompilerThread0" daemon [_thread_blocked, id=5488, stack(0x0000006f30c00000,0x0000006f30d00000)]
  0x00000217f949a240 JavaThread "C1 CompilerThread0" daemon [_thread_blocked, id=22628, stack(0x0000006f30d00000,0x0000006f30e00000)]
  0x00000217f94ad800 JavaThread "Sweeper thread" daemon [_thread_blocked, id=11320, stack(0x0000006f30e00000,0x0000006f30f00000)]
  0x00000217f9618fc0 JavaThread "Common-Cleaner" daemon [_thread_blocked, id=9580, stack(0x0000006f30f00000,0x0000006f31000000)]
  0x00000217f96198a0 JavaThread "Notification Thread" daemon [_thread_blocked, id=11316, stack(0x0000006f31000000,0x0000006f31100000)]
  0x00000217f9719490 JavaThread "C2 CompilerThread1" daemon [_thread_blocked, id=20140, stack(0x0000006f31200000,0x0000006f31300000)]
  0x00000217f9ffd0f0 JavaThread "Daemon health stats" [_thread_blocked, id=7968, stack(0x0000006f31900000,0x0000006f31a00000)]
  0x00000217f9ffbdb0 JavaThread "Incoming local TCP Connector on port 62001" [_thread_in_native, id=18900, stack(0x0000006f31a00000,0x0000006f31b00000)]
  0x00000217f9ffd5c0 JavaThread "Daemon periodic checks" [_thread_blocked, id=21084, stack(0x0000006f31b00000,0x0000006f31c00000)]
  0x00000217f9ffb410 JavaThread "Daemon" [_thread_blocked, id=14288, stack(0x0000006f31c00000,0x0000006f31d00000)]
  0x00000217f9ffc750 JavaThread "Handler for socket connection from /127.0.0.1:62001 to /127.0.0.1:62002" [_thread_in_native, id=24228, stack(0x0000006f31d00000,0x0000006f31e00000)]
  0x00000217f9ffda90 JavaThread "Cancel handler" [_thread_blocked, id=21104, stack(0x0000006f31e00000,0x0000006f31f00000)]
  0x00000217f9ffc280 JavaThread "Daemon worker" [_thread_blocked, id=22348, stack(0x0000006f31f00000,0x0000006f32000000)]
  0x00000217f9ffdf60 JavaThread "Asynchronous log dispatcher for DefaultDaemonConnection: socket connection from /127.0.0.1:62001 to /127.0.0.1:62002" [_thread_blocked, id=10532, stack(0x0000006f32000000,0x0000006f32100000)]
  0x00000217f9ffa5a0 JavaThread "Stdin handler" [_thread_blocked, id=17804, stack(0x0000006f32100000,0x0000006f32200000)]
  0x00000217f9ffaa70 JavaThread "Daemon client event forwarder" [_thread_blocked, id=16672, stack(0x0000006f32200000,0x0000006f32300000)]
  0x00000217fcb0ec50 JavaThread "Cache worker for journal cache (C:\Users\hachem safae\.gradle\caches\journal-1)" [_thread_blocked, id=20492, stack(0x0000006f32600000,0x0000006f32700000)]
  0x00000217fcb0d910 JavaThread "File lock request listener" [_thread_in_native, id=19052, stack(0x0000006f32700000,0x0000006f32800000)]
  0x00000217fcb0dde0 JavaThread "Cache worker for file hash cache (C:\Users\hachem safae\.gradle\caches\8.0\fileHashes)" [_thread_blocked, id=21848, stack(0x0000006f32800000,0x0000006f32900000)]
  0x00000217fcb0e2b0 JavaThread "File watcher server" daemon [_thread_blocked, id=23092, stack(0x0000006f32900000,0x0000006f32a00000)]
  0x00000217fcb0ff90 JavaThread "File watcher consumer" daemon [_thread_blocked, id=24488, stack(0x0000006f32a00000,0x0000006f32b00000)]
  0x00000217fcb0fac0 JavaThread "Cache worker for checksums cache (D:\App_Android studio\ControleFront\.gradle\8.0\checksums)" [_thread_blocked, id=10360, stack(0x0000006f32b00000,0x0000006f32c00000)]
  0x00000217fcb10460 JavaThread "Cache worker for cache directory md-rule (C:\Users\hachem safae\.gradle\caches\8.0\md-rule)" [_thread_blocked, id=12396, stack(0x0000006f32c00000,0x0000006f32d00000)]
  0x00000217fcb10930 JavaThread "Cache worker for file content cache (C:\Users\hachem safae\.gradle\caches\8.0\fileContent)" [_thread_blocked, id=20712, stack(0x0000006f32d00000,0x0000006f32e00000)]
  0x00000217fcb0cf70 JavaThread "Cache worker for file hash cache (D:\App_Android studio\ControleFront\.gradle\8.0\fileHashes)" [_thread_blocked, id=8616, stack(0x0000006f32e00000,0x0000006f32f00000)]
  0x00000217fcb0e780 JavaThread "Cache worker for cache directory md-supplier (C:\Users\hachem safae\.gradle\caches\8.0\md-supplier)" [_thread_blocked, id=12872, stack(0x0000006f32f00000,0x0000006f33000000)]
  0x00000217fcb0f120 JavaThread "Cache worker for execution history cache (C:\Users\hachem safae\.gradle\caches\8.0\executionHistory)" [_thread_blocked, id=6904, stack(0x0000006f33000000,0x0000006f33100000)]
  0x00000217fcb0f5f0 JavaThread "jar transforms" [_thread_blocked, id=21384, stack(0x0000006f33100000,0x0000006f33200000)]
  0x00000217ff1f9590 JavaThread "jar transforms Thread 2" [_thread_blocked, id=8600, stack(0x0000006f33200000,0x0000006f33300000)]
  0x00000217ff1fcf50 JavaThread "Cache worker for kotlin-dsl (C:\Users\hachem safae\.gradle\caches\8.0\kotlin-dsl)" [_thread_blocked, id=18204, stack(0x0000006f33300000,0x0000006f33400000)]
  0x00000217ff1fddc0 JavaThread "jar transforms Thread 3" [_thread_blocked, id=19832, stack(0x0000006f33400000,0x0000006f33500000)]
  0x00000217ff1fe290 JavaThread "jar transforms Thread 4" [_thread_blocked, id=22036, stack(0x0000006f33500000,0x0000006f33600000)]
  0x00000217ff1fb740 JavaThread "Cache worker for dependencies-accessors (D:\App_Android studio\ControleFront\.gradle\8.0\dependencies-accessors)" [_thread_blocked, id=9320, stack(0x0000006f33600000,0x0000006f33700000)]
  0x00000217ff1fbc10 JavaThread "Cache worker for Build Output Cleanup Cache (D:\App_Android studio\ControleFront\.gradle\buildOutputCleanup)" [_thread_blocked, id=16984, stack(0x0000006f33700000,0x0000006f33800000)]
  0x00000217ff1f90c0 JavaThread "jar transforms Thread 5" [_thread_blocked, id=18696, stack(0x0000006f33800000,0x0000006f33900000)]
  0x00000217ff1fe760 JavaThread "Unconstrained build operations" [_thread_blocked, id=18988, stack(0x0000006f33900000,0x0000006f33a00000)]
  0x00000217ff1fec30 JavaThread "Unconstrained build operations Thread 2" [_thread_blocked, id=18196, stack(0x0000006f33a00000,0x0000006f33b00000)]
  0x00000217ff1f9a60 JavaThread "Unconstrained build operations Thread 3" [_thread_blocked, id=21288, stack(0x0000006f33b00000,0x0000006f33c00000)]
  0x00000217ff1ff100 JavaThread "Unconstrained build operations Thread 4" [_thread_blocked, id=20136, stack(0x0000006f33c00000,0x0000006f33d00000)]
  0x00000217ff1ff5d0 JavaThread "Unconstrained build operations Thread 5" [_thread_blocked, id=17936, stack(0x0000006f33d00000,0x0000006f33e00000)]
  0x00000217ff1ffaa0 JavaThread "Unconstrained build operations Thread 6" [_thread_blocked, id=6272, stack(0x0000006f33e00000,0x0000006f33f00000)]
  0x00000217ff1fff70 JavaThread "Unconstrained build operations Thread 7" [_thread_blocked, id=8424, stack(0x0000006f33f00000,0x0000006f34000000)]
  0x00000217ff1f8720 JavaThread "Unconstrained build operations Thread 8" [_thread_blocked, id=11932, stack(0x0000006f34000000,0x0000006f34100000)]
  0x00000217ff1fc5b0 JavaThread "Unconstrained build operations Thread 9" [_thread_blocked, id=20976, stack(0x0000006f34100000,0x0000006f34200000)]
  0x00000217ff1f8bf0 JavaThread "Unconstrained build operations Thread 10" [_thread_blocked, id=6280, stack(0x0000006f34200000,0x0000006f34300000)]
  0x00000217ff1f9f30 JavaThread "Unconstrained build operations Thread 11" [_thread_blocked, id=19008, stack(0x0000006f34300000,0x0000006f34400000)]
  0x00000217ff1fa8d0 JavaThread "Unconstrained build operations Thread 12" [_thread_blocked, id=8156, stack(0x0000006f34400000,0x0000006f34500000)]
  0x00000217ff1fca80 JavaThread "Unconstrained build operations Thread 13" [_thread_blocked, id=24268, stack(0x0000006f34500000,0x0000006f34600000)]
  0x00000217ff1fada0 JavaThread "Unconstrained build operations Thread 14" [_thread_blocked, id=19356, stack(0x0000006f34600000,0x0000006f34700000)]
  0x0000021783568f30 JavaThread "Unconstrained build operations Thread 15" [_thread_blocked, id=22332, stack(0x0000006f34700000,0x0000006f34800000)]
  0x0000021783569400 JavaThread "Unconstrained build operations Thread 16" [_thread_blocked, id=20876, stack(0x0000006f34800000,0x0000006f34900000)]
  0x000002178356a740 JavaThread "Unconstrained build operations Thread 17" [_thread_blocked, id=12268, stack(0x0000006f34900000,0x0000006f34a00000)]
  0x000002178356bf50 JavaThread "Unconstrained build operations Thread 18" [_thread_blocked, id=11660, stack(0x0000006f34a00000,0x0000006f34b00000)]
  0x000002178356c420 JavaThread "Unconstrained build operations Thread 19" [_thread_blocked, id=19800, stack(0x0000006f34b00000,0x0000006f34c00000)]
  0x000002178356ba80 JavaThread "Unconstrained build operations Thread 20" [_thread_blocked, id=10936, stack(0x0000006f34c00000,0x0000006f34d00000)]
  0x000002178356b0e0 JavaThread "Unconstrained build operations Thread 21" [_thread_blocked, id=20652, stack(0x0000006f34d00000,0x0000006f34e00000)]
  0x000002178356ac10 JavaThread "Unconstrained build operations Thread 22" [_thread_blocked, id=9188, stack(0x0000006f34e00000,0x0000006f34f00000)]
  0x000002178356b5b0 JavaThread "Unconstrained build operations Thread 23" [_thread_blocked, id=16280, stack(0x0000006f34f00000,0x0000006f35000000)]
  0x000002178356c8f0 JavaThread "Unconstrained build operations Thread 24" [_thread_blocked, id=2068, stack(0x0000006f35000000,0x0000006f35100000)]
  0x00000217835698d0 JavaThread "Unconstrained build operations Thread 25" [_thread_blocked, id=20532, stack(0x0000006f35100000,0x0000006f35200000)]
  0x0000021783569da0 JavaThread "Unconstrained build operations Thread 26" [_thread_blocked, id=4344, stack(0x0000006f35200000,0x0000006f35300000)]
  0x000002178356a270 JavaThread "Unconstrained build operations Thread 27" [_thread_blocked, id=16012, stack(0x0000006f35300000,0x0000006f35400000)]
  0x00000217ff9b6170 JavaThread "Unconstrained build operations Thread 28" [_thread_blocked, id=10396, stack(0x0000006f35400000,0x0000006f35500000)]
  0x00000217ff9bc680 JavaThread "Unconstrained build operations Thread 29" [_thread_blocked, id=22384, stack(0x0000006f35500000,0x0000006f35600000)]
  0x00000217ff9ba000 JavaThread "Unconstrained build operations Thread 30" [_thread_blocked, id=13276, stack(0x0000006f35600000,0x0000006f35700000)]
  0x00000217ff9b9660 JavaThread "Unconstrained build operations Thread 31" [_thread_blocked, id=5000, stack(0x0000006f35700000,0x0000006f35800000)]
  0x00000217ff9b87f0 JavaThread "Unconstrained build operations Thread 32" [_thread_blocked, id=1908, stack(0x0000006f35800000,0x0000006f35900000)]
  0x00000217ff9b9b30 JavaThread "Unconstrained build operations Thread 33" [_thread_blocked, id=16248, stack(0x0000006f35900000,0x0000006f35a00000)]
  0x00000217ff9ba4d0 JavaThread "Unconstrained build operations Thread 34" [_thread_blocked, id=21156, stack(0x0000006f35a00000,0x0000006f35b00000)]
  0x00000217ff9bbce0 JavaThread "Unconstrained build operations Thread 35" [_thread_blocked, id=18724, stack(0x0000006f35b00000,0x0000006f35c00000)]
  0x00000217ff9b8cc0 JavaThread "Unconstrained build operations Thread 36" [_thread_blocked, id=9344, stack(0x0000006f35c00000,0x0000006f35d00000)]
  0x00000217ff9bb340 JavaThread "Unconstrained build operations Thread 37" [_thread_blocked, id=900, stack(0x0000006f35d00000,0x0000006f35e00000)]
  0x00000217ff9bcb50 JavaThread "Unconstrained build operations Thread 38" [_thread_blocked, id=12312, stack(0x0000006f35e00000,0x0000006f35f00000)]
  0x00000217ff9b5ca0 JavaThread "Unconstrained build operations Thread 39" [_thread_blocked, id=24332, stack(0x0000006f35f00000,0x0000006f36000000)]
  0x00000217ff9b6640 JavaThread "Unconstrained build operations Thread 40" [_thread_blocked, id=20824, stack(0x0000006f36000000,0x0000006f36100000)]
  0x00000217ff9bd4f0 JavaThread "Unconstrained build operations Thread 41" [_thread_blocked, id=21264, stack(0x0000006f36100000,0x0000006f36200000)]
  0x00000217ff9ba9a0 JavaThread "Unconstrained build operations Thread 42" [_thread_blocked, id=22996, stack(0x0000006f36200000,0x0000006f36300000)]
  0x00000217ff9bb810 JavaThread "Unconstrained build operations Thread 43" [_thread_blocked, id=14384, stack(0x0000006f36300000,0x0000006f36400000)]
  0x00000217ff9b6fe0 JavaThread "Unconstrained build operations Thread 44" [_thread_blocked, id=6560, stack(0x0000006f36400000,0x0000006f36500000)]
  0x00000217ff9b9190 JavaThread "Unconstrained build operations Thread 45" [_thread_blocked, id=13744, stack(0x0000006f36500000,0x0000006f36600000)]
  0x00000217ff9b6b10 JavaThread "Unconstrained build operations Thread 46" [_thread_blocked, id=18328, stack(0x0000006f36600000,0x0000006f36700000)]
  0x00000217ff9bc1b0 JavaThread "Unconstrained build operations Thread 47" [_thread_blocked, id=13916, stack(0x0000006f36700000,0x0000006f36800000)]
  0x00000217ff9bae70 JavaThread "Unconstrained build operations Thread 48" [_thread_blocked, id=21720, stack(0x0000006f36800000,0x0000006f36900000)]
  0x00000217ff9bd020 JavaThread "Unconstrained build operations Thread 49" [_thread_blocked, id=9316, stack(0x0000006f36900000,0x0000006f36a00000)]
  0x00000217ff9b74b0 JavaThread "Unconstrained build operations Thread 50" [_thread_blocked, id=19000, stack(0x0000006f36a00000,0x0000006f36b00000)]
  0x00000217ff9b7980 JavaThread "Unconstrained build operations Thread 51" [_thread_blocked, id=24208, stack(0x0000006f36b00000,0x0000006f36c00000)]
  0x00000217ff9b7e50 JavaThread "Unconstrained build operations Thread 52" [_thread_blocked, id=19200, stack(0x0000006f36c00000,0x0000006f36d00000)]
  0x00000217ff9b8320 JavaThread "Unconstrained build operations Thread 53" [_thread_blocked, id=5724, stack(0x0000006f36d00000,0x0000006f36e00000)]
  0x0000021783b1ddf0 JavaThread "Unconstrained build operations Thread 54" [_thread_blocked, id=3036, stack(0x0000006f36e00000,0x0000006f36f00000)]
  0x0000021783b1ec60 JavaThread "Unconstrained build operations Thread 55" [_thread_blocked, id=18060, stack(0x0000006f36f00000,0x0000006f37000000)]
  0x0000021783b1c5e0 JavaThread "Unconstrained build operations Thread 56" [_thread_blocked, id=19272, stack(0x0000006f37000000,0x0000006f37100000)]
  0x0000021783b1bc40 JavaThread "Unconstrained build operations Thread 57" [_thread_blocked, id=20164, stack(0x0000006f37100000,0x0000006f37200000)]
  0x0000021783b1a430 JavaThread "Unconstrained build operations Thread 58" [_thread_blocked, id=24184, stack(0x0000006f37200000,0x0000006f37300000)]
  0x0000021783b17410 JavaThread "Unconstrained build operations Thread 59" [_thread_blocked, id=6796, stack(0x0000006f37300000,0x0000006f37400000)]
  0x0000021783b1d920 JavaThread "Unconstrained build operations Thread 60" [_thread_blocked, id=21592, stack(0x0000006f37400000,0x0000006f37500000)]
  0x0000021783b1e2c0 JavaThread "Unconstrained build operations Thread 61" [_thread_blocked, id=5680, stack(0x0000006f37500000,0x0000006f37600000)]
  0x0000021783b178e0 JavaThread "Unconstrained build operations Thread 62" [_thread_blocked, id=21840, stack(0x0000006f37600000,0x0000006f37700000)]
  0x0000021783b1e790 JavaThread "Unconstrained build operations Thread 63" [_thread_blocked, id=19728, stack(0x0000006f37700000,0x0000006f37800000)]
  0x0000021783b17db0 JavaThread "Unconstrained build operations Thread 64" [_thread_blocked, id=16852, stack(0x0000006f37800000,0x0000006f37900000)]
  0x0000021783b18750 JavaThread "Unconstrained build operations Thread 65" [_thread_blocked, id=6452, stack(0x0000006f37900000,0x0000006f37a00000)]
  0x0000021783b1a900 JavaThread "Unconstrained build operations Thread 66" [_thread_blocked, id=7460, stack(0x0000006f37a00000,0x0000006f37b00000)]
  0x0000021783b18280 JavaThread "Unconstrained build operations Thread 67" [_thread_blocked, id=14268, stack(0x0000006f37b00000,0x0000006f37c00000)]
  0x0000021783b1cab0 JavaThread "Unconstrained build operations Thread 68" [_thread_blocked, id=23060, stack(0x0000006f37c00000,0x0000006f37d00000)]
  0x0000021783b1b770 JavaThread "Unconstrained build operations Thread 69" [_thread_blocked, id=14720, stack(0x0000006f37d00000,0x0000006f37e00000)]
  0x0000021783b18c20 JavaThread "Unconstrained build operations Thread 70" [_thread_blocked, id=9248, stack(0x0000006f37e00000,0x0000006f37f00000)]
  0x0000021783b190f0 JavaThread "Unconstrained build operations Thread 71" [_thread_blocked, id=4592, stack(0x0000006f37f00000,0x0000006f38000000)]
  0x0000021783b195c0 JavaThread "Unconstrained build operations Thread 72" [_thread_blocked, id=12040, stack(0x0000006f38000000,0x0000006f38100000)]
  0x0000021783b19a90 JavaThread "Unconstrained build operations Thread 73" [_thread_blocked, id=21004, stack(0x0000006f38100000,0x0000006f38200000)]
  0x0000021783b1add0 JavaThread "Unconstrained build operations Thread 74" [_thread_blocked, id=8664, stack(0x0000006f38200000,0x0000006f38300000)]
  0x0000021783b19f60 JavaThread "Unconstrained build operations Thread 75" [_thread_blocked, id=12900, stack(0x0000006f38300000,0x0000006f38400000)]
  0x0000021783b1cf80 JavaThread "Unconstrained build operations Thread 76" [_thread_blocked, id=16592, stack(0x0000006f38400000,0x0000006f38500000)]
  0x0000021783b1c110 JavaThread "Unconstrained build operations Thread 77" [_thread_blocked, id=19044, stack(0x0000006f38500000,0x0000006f38600000)]
  0x0000021783b1b2a0 JavaThread "Unconstrained build operations Thread 78" [_thread_blocked, id=14012, stack(0x0000006f38600000,0x0000006f38700000)]
  0x0000021783b1d450 JavaThread "Unconstrained build operations Thread 79" [_thread_blocked, id=7440, stack(0x0000006f38700000,0x0000006f38800000)]
  0x00000217fc197b50 JavaThread "Unconstrained build operations Thread 80" [_thread_blocked, id=5320, stack(0x0000006f38800000,0x0000006f38900000)]
  0x00000217fc19eed0 JavaThread "jar transforms Thread 6" [_thread_blocked, id=10656, stack(0x0000006f38900000,0x0000006f38a00000)]
  0x00000217fc19e530 JavaThread "jar transforms Thread 7" [_thread_blocked, id=1652, stack(0x0000006f38a00000,0x0000006f38b00000)]
  0x00000217fc19f3a0 JavaThread "jar transforms Thread 8" [_thread_blocked, id=6412, stack(0x0000006f38b00000,0x0000006f38c00000)]
  0x00000217fc199830 JavaThread "build event listener" [_thread_blocked, id=13336, stack(0x0000006f31300000,0x0000006f31400000)]
  0x00000217fc19c380 JavaThread "Memory manager" [_thread_blocked, id=23132, stack(0x0000006f38d00000,0x0000006f38e00000)]
  0x00000217fc19e060 JavaThread "included builds" [_thread_blocked, id=19464, stack(0x0000006f38f00000,0x0000006f39000000)]
  0x00000217fc19ea00 JavaThread "Execution worker" [_thread_blocked, id=6972, stack(0x0000006f39000000,0x0000006f39100000)]
  0x00000217fc19d1f0 JavaThread "Execution worker Thread 2" [_thread_blocked, id=2052, stack(0x0000006f39100000,0x0000006f39200000)]
  0x00000217fc19beb0 JavaThread "Execution worker Thread 3" [_thread_blocked, id=5852, stack(0x0000006f39200000,0x0000006f39300000)]
  0x00000217fc19a1d0 JavaThread "Execution worker Thread 4" [_thread_blocked, id=19716, stack(0x0000006f39300000,0x0000006f39400000)]
  0x00000217fc19d6c0 JavaThread "Execution worker Thread 5" [_thread_blocked, id=18660, stack(0x0000006f39400000,0x0000006f39500000)]
  0x00000217fc198020 JavaThread "Execution worker Thread 6" [_thread_blocked, id=17712, stack(0x0000006f39500000,0x0000006f39600000)]
  0x00000217fc1984f0 JavaThread "Execution worker Thread 7" [_thread_blocked, id=19960, stack(0x0000006f39600000,0x0000006f39700000)]
  0x00000217fc1989c0 JavaThread "Cache worker for execution history cache (D:\App_Android studio\ControleFront\.gradle\8.0\executionHistory)" [_thread_blocked, id=1864, stack(0x0000006f39700000,0x0000006f39800000)]
  0x00000217fdd32de0 JavaThread "C2 CompilerThread2" daemon [_thread_blocked, id=13892, stack(0x0000006f38c00000,0x0000006f38d00000)]

Other Threads:
=>0x00000217f943e640 VMThread "VM Thread" [stack: 0x0000006f30500000,0x0000006f30600000] [id=24068]
  0x00000217f9619d70 WatcherThread [stack: 0x0000006f31100000,0x0000006f31200000] [id=168]
  0x00000217decea3c0 GCTaskThread "GC Thread#0" [stack: 0x0000006f30000000,0x0000006f30100000] [id=19984]
  0x00000217fa5e6f70 GCTaskThread "GC Thread#1" [stack: 0x0000006f31400000,0x0000006f31500000] [id=17164]
  0x00000217fa4702b0 GCTaskThread "GC Thread#2" [stack: 0x0000006f31500000,0x0000006f31600000] [id=6540]
  0x00000217fa683110 GCTaskThread "GC Thread#3" [stack: 0x0000006f31600000,0x0000006f31700000] [id=13308]
  0x00000217fa720900 GCTaskThread "GC Thread#4" [stack: 0x0000006f31700000,0x0000006f31800000] [id=22688]
  0x00000217fa7213c0 GCTaskThread "GC Thread#5" [stack: 0x0000006f31800000,0x0000006f31900000] [id=480]
  0x00000217fc46ffa0 GCTaskThread "GC Thread#6" [stack: 0x0000006f32300000,0x0000006f32400000] [id=24244]
  0x00000217fc6ad850 GCTaskThread "GC Thread#7" [stack: 0x0000006f32400000,0x0000006f32500000] [id=18072]
  0x00000217decfb300 ConcurrentGCThread "G1 Main Marker" [stack: 0x0000006f30100000,0x0000006f30200000] [id=4040]
  0x00000217decfc4b0 ConcurrentGCThread "G1 Conc#0" [stack: 0x0000006f30200000,0x0000006f30300000] [id=24200]
  0x00000217fc45c930 ConcurrentGCThread "G1 Conc#1" [stack: 0x0000006f32500000,0x0000006f32600000] [id=20252]
  0x00000217ded4df90 ConcurrentGCThread "G1 Refine#0" [stack: 0x0000006f30300000,0x0000006f30400000] [id=15072]
  0x0000021784fa0500 ConcurrentGCThread "G1 Refine#1" [stack: 0x0000006f38e00000,0x0000006f38f00000] [id=6536]
  0x00000217ded4e9b0 ConcurrentGCThread "G1 Service" [stack: 0x0000006f30400000,0x0000006f30500000] [id=23116]

Threads with active compile tasks:
C2 CompilerThread0    14745 11428   !   4       com.android.utils.PositionXmlParser$DomBuilder::startElement (272 bytes)
C2 CompilerThread1    14745 11350       4       org.apache.xerces.impl.XMLNSDocumentScannerImpl::scanStartElement (873 bytes)
C2 CompilerThread2    14745 11408       4       org.apache.xerces.dom.CoreDocumentImpl::createElementNS (11 bytes)

VM state: at safepoint (normal execution)

VM Mutex/Monitor currently owned by a thread:  ([mutex/lock_event])
[0x00000217dcb6b340] Threads_lock - owner thread: 0x00000217f943e640
[0x00000217dcb6a890] Heap_lock - owner thread: 0x00000217fc19e060

Heap address: 0x0000000080000000, size: 2048 MB, Compressed Oops mode: 32-bit

CDS archive(s) not mapped
Compressed class space mapped at: 0x0000000100000000-0x0000000140000000, reserved size: 1073741824
Narrow klass base: 0x0000000000000000, Narrow klass shift: 3, Narrow klass range: 0x140000000

GC Precious Log:
 CPUs: 8 total, 8 available
 Memory: 16194M
 Large Page Support: Disabled
 NUMA Support: Disabled
 Compressed Oops: Enabled (32-bit)
 Heap Region Size: 1M
 Heap Min Capacity: 8M
 Heap Initial Capacity: 254M
 Heap Max Capacity: 2G
 Pre-touch: Disabled
 Parallel Workers: 8
 Concurrent Workers: 2
 Concurrent Refinement Workers: 8
 Periodic GC: Disabled

Heap:
 garbage-first heap   total 155648K, used 111616K [0x0000000080000000, 0x0000000100000000)
  region size 1024K, 4 young (4096K), 4 survivors (4096K)
 Metaspace       used 94402K, committed 95104K, reserved 1138688K
  class space    used 12798K, committed 13120K, reserved 1048576K

Heap Regions: E=young(eden), S=young(survivor), O=old, HS=humongous(starts), HC=humongous(continues), CS=collection set, F=free, OA=open archive, CA=closed archive, TAMS=top-at-mark-start (previous, next)
|   0|0x0000000080000000, 0x0000000080100000, 0x0000000080100000|100%|HS|  |TAMS 0x0000000080100000, 0x0000000080000000| Complete 
|   1|0x0000000080100000, 0x0000000080200000, 0x0000000080200000|100%|HC|  |TAMS 0x0000000080200000, 0x0000000080100000| Complete 
|   2|0x0000000080200000, 0x0000000080300000, 0x0000000080300000|100%|HC|  |TAMS 0x0000000080300000, 0x0000000080200000| Complete 
|   3|0x0000000080300000, 0x0000000080400000, 0x0000000080400000|100%|HC|  |TAMS 0x0000000080400000, 0x0000000080300000| Complete 
|   4|0x0000000080400000, 0x0000000080500000, 0x0000000080500000|100%| O|  |TAMS 0x0000000080500000, 0x0000000080400000| Untracked 
|   5|0x0000000080500000, 0x0000000080600000, 0x0000000080600000|100%| O|  |TAMS 0x0000000080600000, 0x0000000080500000| Untracked 
|   6|0x0000000080600000, 0x0000000080700000, 0x0000000080700000|100%| O|  |TAMS 0x0000000080700000, 0x0000000080600000| Untracked 
|   7|0x0000000080700000, 0x0000000080800000, 0x0000000080800000|100%| O|  |TAMS 0x0000000080800000, 0x0000000080700000| Untracked 
|   8|0x0000000080800000, 0x0000000080900000, 0x0000000080900000|100%| O|  |TAMS 0x0000000080900000, 0x0000000080800000| Untracked 
|   9|0x0000000080900000, 0x0000000080a00000, 0x0000000080a00000|100%| O|  |TAMS 0x0000000080a00000, 0x0000000080900000| Untracked 
|  10|0x0000000080a00000, 0x0000000080b00000, 0x0000000080b00000|100%| O|  |TAMS 0x0000000080b00000, 0x0000000080a00000| Untracked 
|  11|0x0000000080b00000, 0x0000000080c00000, 0x0000000080c00000|100%| O|  |TAMS 0x0000000080c00000, 0x0000000080b00000| Untracked 
|  12|0x0000000080c00000, 0x0000000080d00000, 0x0000000080d00000|100%| O|  |TAMS 0x0000000080d00000, 0x0000000080c00000| Untracked 
|  13|0x0000000080d00000, 0x0000000080e00000, 0x0000000080e00000|100%| O|  |TAMS 0x0000000080e00000, 0x0000000080d00000| Untracked 
|  14|0x0000000080e00000, 0x0000000080f00000, 0x0000000080f00000|100%| O|  |TAMS 0x0000000080f00000, 0x0000000080e00000| Untracked 
|  15|0x0000000080f00000, 0x0000000081000000, 0x0000000081000000|100%| O|  |TAMS 0x0000000081000000, 0x0000000080f00000| Untracked 
|  16|0x0000000081000000, 0x0000000081100000, 0x0000000081100000|100%| O|  |TAMS 0x0000000081100000, 0x0000000081000000| Untracked 
|  17|0x0000000081100000, 0x0000000081200000, 0x0000000081200000|100%| O|  |TAMS 0x0000000081200000, 0x0000000081100000| Untracked 
|  18|0x0000000081200000, 0x0000000081300000, 0x0000000081300000|100%| O|  |TAMS 0x0000000081300000, 0x0000000081200000| Untracked 
|  19|0x0000000081300000, 0x0000000081400000, 0x0000000081400000|100%| O|  |TAMS 0x0000000081400000, 0x0000000081300000| Untracked 
|  20|0x0000000081400000, 0x0000000081500000, 0x0000000081500000|100%| O|  |TAMS 0x0000000081500000, 0x0000000081400000| Untracked 
|  21|0x0000000081500000, 0x0000000081600000, 0x0000000081600000|100%| O|  |TAMS 0x0000000081600000, 0x0000000081500000| Untracked 
|  22|0x0000000081600000, 0x0000000081700000, 0x0000000081700000|100%| O|  |TAMS 0x0000000081700000, 0x0000000081600000| Untracked 
|  23|0x0000000081700000, 0x0000000081800000, 0x0000000081800000|100%| O|  |TAMS 0x0000000081800000, 0x0000000081700000| Untracked 
|  24|0x0000000081800000, 0x0000000081900000, 0x0000000081900000|100%| O|  |TAMS 0x0000000081900000, 0x0000000081800000| Untracked 
|  25|0x0000000081900000, 0x0000000081a00000, 0x0000000081a00000|100%| O|  |TAMS 0x0000000081a00000, 0x0000000081900000| Untracked 
|  26|0x0000000081a00000, 0x0000000081b00000, 0x0000000081b00000|100%| O|  |TAMS 0x0000000081a00000, 0x0000000081a00000| Untracked 
|  27|0x0000000081b00000, 0x0000000081c00000, 0x0000000081c00000|100%| O|  |TAMS 0x0000000081c00000, 0x0000000081b00000| Untracked 
|  28|0x0000000081c00000, 0x0000000081d00000, 0x0000000081d00000|100%| O|  |TAMS 0x0000000081d00000, 0x0000000081c00000| Untracked 
|  29|0x0000000081d00000, 0x0000000081e00000, 0x0000000081e00000|100%| O|  |TAMS 0x0000000081e00000, 0x0000000081d00000| Untracked 
|  30|0x0000000081e00000, 0x0000000081f00000, 0x0000000081f00000|100%| O|  |TAMS 0x0000000081f00000, 0x0000000081e00000| Untracked 
|  31|0x0000000081f00000, 0x0000000082000000, 0x0000000082000000|100%|HS|  |TAMS 0x0000000082000000, 0x0000000081f00000| Complete 
|  32|0x0000000082000000, 0x0000000082100000, 0x0000000082100000|100%|HS|  |TAMS 0x0000000082100000, 0x0000000082000000| Complete 
|  33|0x0000000082100000, 0x0000000082200000, 0x0000000082200000|100%|HS|  |TAMS 0x0000000082200000, 0x0000000082100000| Complete 
|  34|0x0000000082200000, 0x0000000082300000, 0x0000000082300000|100%| O|  |TAMS 0x0000000082300000, 0x0000000082200000| Untracked 
|  35|0x0000000082300000, 0x0000000082400000, 0x0000000082400000|100%| O|  |TAMS 0x0000000082400000, 0x0000000082300000| Untracked 
|  36|0x0000000082400000, 0x0000000082500000, 0x0000000082500000|100%| O|  |TAMS 0x0000000082500000, 0x0000000082400000| Untracked 
|  37|0x0000000082500000, 0x0000000082600000, 0x0000000082600000|100%| O|  |TAMS 0x0000000082600000, 0x0000000082500000| Untracked 
|  38|0x0000000082600000, 0x0000000082700000, 0x0000000082700000|100%| O|  |TAMS 0x0000000082700000, 0x0000000082600000| Untracked 
|  39|0x0000000082700000, 0x0000000082800000, 0x0000000082800000|100%| O|  |TAMS 0x0000000082800000, 0x0000000082700000| Untracked 
|  40|0x0000000082800000, 0x0000000082900000, 0x0000000082900000|100%| O|  |TAMS 0x0000000082900000, 0x0000000082800000| Untracked 
|  41|0x0000000082900000, 0x0000000082a00000, 0x0000000082a00000|100%| O|  |TAMS 0x0000000082a00000, 0x0000000082900000| Untracked 
|  42|0x0000000082a00000, 0x0000000082b00000, 0x0000000082b00000|100%| O|  |TAMS 0x0000000082b00000, 0x0000000082a00000| Untracked 
|  43|0x0000000082b00000, 0x0000000082c00000, 0x0000000082c00000|100%| O|  |TAMS 0x0000000082c00000, 0x0000000082b00000| Untracked 
|  44|0x0000000082c00000, 0x0000000082d00000, 0x0000000082d00000|100%| O|  |TAMS 0x0000000082d00000, 0x0000000082c00000| Untracked 
|  45|0x0000000082d00000, 0x0000000082e00000, 0x0000000082e00000|100%| O|  |TAMS 0x0000000082e00000, 0x0000000082d00000| Untracked 
|  46|0x0000000082e00000, 0x0000000082f00000, 0x0000000082f00000|100%| O|  |TAMS 0x0000000082f00000, 0x0000000082e00000| Untracked 
|  47|0x0000000082f00000, 0x0000000083000000, 0x0000000083000000|100%| O|  |TAMS 0x0000000083000000, 0x0000000082f00000| Untracked 
|  48|0x0000000083000000, 0x0000000083100000, 0x0000000083100000|100%| O|  |TAMS 0x0000000083100000, 0x0000000083000000| Untracked 
|  49|0x0000000083100000, 0x0000000083200000, 0x0000000083200000|100%| O|  |TAMS 0x0000000083200000, 0x0000000083100000| Untracked 
|  50|0x0000000083200000, 0x0000000083300000, 0x0000000083300000|100%| O|  |TAMS 0x0000000083300000, 0x0000000083200000| Untracked 
|  51|0x0000000083300000, 0x0000000083400000, 0x0000000083400000|100%| O|  |TAMS 0x0000000083400000, 0x0000000083300000| Untracked 
|  52|0x0000000083400000, 0x0000000083500000, 0x0000000083500000|100%| O|  |TAMS 0x0000000083500000, 0x0000000083400000| Untracked 
|  53|0x0000000083500000, 0x0000000083600000, 0x0000000083600000|100%| O|  |TAMS 0x0000000083600000, 0x0000000083500000| Untracked 
|  54|0x0000000083600000, 0x0000000083700000, 0x0000000083700000|100%| O|  |TAMS 0x0000000083700000, 0x0000000083600000| Untracked 
|  55|0x0000000083700000, 0x0000000083800000, 0x0000000083800000|100%| O|  |TAMS 0x0000000083800000, 0x0000000083700000| Untracked 
|  56|0x0000000083800000, 0x0000000083900000, 0x0000000083900000|100%| O|  |TAMS 0x0000000083874a00, 0x0000000083800000| Untracked 
|  57|0x0000000083900000, 0x0000000083a00000, 0x0000000083a00000|100%| O|  |TAMS 0x0000000083900000, 0x0000000083900000| Untracked 
|  58|0x0000000083a00000, 0x0000000083b00000, 0x0000000083b00000|100%| O|  |TAMS 0x0000000083a00000, 0x0000000083a00000| Untracked 
|  59|0x0000000083b00000, 0x0000000083c00000, 0x0000000083c00000|100%| O|  |TAMS 0x0000000083b00000, 0x0000000083b00000| Untracked 
|  60|0x0000000083c00000, 0x0000000083d00000, 0x0000000083d00000|100%| O|  |TAMS 0x0000000083c00000, 0x0000000083c00000| Untracked 
|  61|0x0000000083d00000, 0x0000000083e00000, 0x0000000083e00000|100%| O|  |TAMS 0x0000000083d00000, 0x0000000083d00000| Untracked 
|  62|0x0000000083e00000, 0x0000000083f00000, 0x0000000083f00000|100%| O|  |TAMS 0x0000000083e00000, 0x0000000083e00000| Untracked 
|  63|0x0000000083f00000, 0x0000000084000000, 0x0000000084000000|100%| O|  |TAMS 0x0000000083f00000, 0x0000000083f00000| Untracked 
|  64|0x0000000084000000, 0x0000000084100000, 0x0000000084100000|100%| O|  |TAMS 0x0000000084000000, 0x0000000084000000| Untracked 
|  65|0x0000000084100000, 0x0000000084200000, 0x0000000084200000|100%| O|  |TAMS 0x0000000084100000, 0x0000000084100000| Untracked 
|  66|0x0000000084200000, 0x0000000084300000, 0x0000000084300000|100%| O|  |TAMS 0x0000000084200000, 0x0000000084200000| Untracked 
|  67|0x0000000084300000, 0x0000000084400000, 0x0000000084400000|100%| O|  |TAMS 0x0000000084300000, 0x0000000084300000| Untracked 
|  68|0x0000000084400000, 0x0000000084500000, 0x0000000084500000|100%| O|  |TAMS 0x0000000084400000, 0x0000000084400000| Untracked 
|  69|0x0000000084500000, 0x0000000084600000, 0x0000000084600000|100%| O|  |TAMS 0x0000000084500000, 0x0000000084500000| Untracked 
|  70|0x0000000084600000, 0x0000000084700000, 0x0000000084700000|100%| O|  |TAMS 0x0000000084600000, 0x0000000084600000| Untracked 
|  71|0x0000000084700000, 0x0000000084800000, 0x0000000084800000|100%| O|  |TAMS 0x0000000084700000, 0x0000000084700000| Untracked 
|  72|0x0000000084800000, 0x0000000084900000, 0x0000000084900000|100%| O|  |TAMS 0x0000000084800000, 0x0000000084800000| Untracked 
|  73|0x0000000084900000, 0x0000000084a00000, 0x0000000084a00000|100%| O|  |TAMS 0x0000000084900000, 0x0000000084900000| Untracked 
|  74|0x0000000084a00000, 0x0000000084b00000, 0x0000000084b00000|100%| O|  |TAMS 0x0000000084a00000, 0x0000000084a00000| Untracked 
|  75|0x0000000084b00000, 0x0000000084c00000, 0x0000000084c00000|100%| O|  |TAMS 0x0000000084b00000, 0x0000000084b00000| Untracked 
|  76|0x0000000084c00000, 0x0000000084d00000, 0x0000000084d00000|100%| O|  |TAMS 0x0000000084c00000, 0x0000000084c00000| Untracked 
|  77|0x0000000084d00000, 0x0000000084e00000, 0x0000000084e00000|100%| O|  |TAMS 0x0000000084d00000, 0x0000000084d00000| Untracked 
|  78|0x0000000084e00000, 0x0000000084f00000, 0x0000000084f00000|100%| O|  |TAMS 0x0000000084e00000, 0x0000000084e00000| Untracked 
|  79|0x0000000084f00000, 0x0000000085000000, 0x0000000085000000|100%| O|  |TAMS 0x0000000084f00000, 0x0000000084f00000| Untracked 
|  80|0x0000000085000000, 0x0000000085100000, 0x0000000085100000|100%| O|  |TAMS 0x0000000085000000, 0x0000000085000000| Untracked 
|  81|0x0000000085100000, 0x0000000085200000, 0x0000000085200000|100%| O|  |TAMS 0x0000000085100000, 0x0000000085100000| Untracked 
|  82|0x0000000085200000, 0x0000000085300000, 0x0000000085300000|100%| O|  |TAMS 0x0000000085200000, 0x0000000085200000| Untracked 
|  83|0x0000000085300000, 0x0000000085400000, 0x0000000085400000|100%| O|  |TAMS 0x0000000085300000, 0x0000000085300000| Untracked 
|  84|0x0000000085400000, 0x0000000085500000, 0x0000000085500000|100%| O|  |TAMS 0x0000000085400000, 0x0000000085400000| Untracked 
|  85|0x0000000085500000, 0x0000000085600000, 0x0000000085600000|100%| O|  |TAMS 0x0000000085500000, 0x0000000085500000| Untracked 
|  86|0x0000000085600000, 0x0000000085700000, 0x0000000085700000|100%|HS|  |TAMS 0x0000000085600000, 0x0000000085600000| Complete 
|  87|0x0000000085700000, 0x0000000085800000, 0x0000000085800000|100%|HC|  |TAMS 0x0000000085700000, 0x0000000085700000| Complete 
|  88|0x0000000085800000, 0x0000000085900000, 0x0000000085900000|100%| O|  |TAMS 0x0000000085800000, 0x0000000085800000| Untracked 
|  89|0x0000000085900000, 0x0000000085a00000, 0x0000000085a00000|100%| O|  |TAMS 0x0000000085900000, 0x0000000085900000| Untracked 
|  90|0x0000000085a00000, 0x0000000085b00000, 0x0000000085b00000|100%| O|  |TAMS 0x0000000085a00000, 0x0000000085a00000| Untracked 
|  91|0x0000000085b00000, 0x0000000085c00000, 0x0000000085c00000|100%| O|  |TAMS 0x0000000085b00000, 0x0000000085b00000| Untracked 
|  92|0x0000000085c00000, 0x0000000085d00000, 0x0000000085d00000|100%| O|  |TAMS 0x0000000085c00000, 0x0000000085c00000| Untracked 
|  93|0x0000000085d00000, 0x0000000085e00000, 0x0000000085e00000|100%| O|  |TAMS 0x0000000085d00000, 0x0000000085d00000| Untracked 
|  94|0x0000000085e00000, 0x0000000085f00000, 0x0000000085f00000|100%| O|  |TAMS 0x0000000085e00000, 0x0000000085e00000| Untracked 
|  95|0x0000000085f00000, 0x0000000086000000, 0x0000000086000000|100%| O|  |TAMS 0x0000000085f00000, 0x0000000085f00000| Untracked 
|  96|0x0000000086000000, 0x0000000086100000, 0x0000000086100000|100%| O|  |TAMS 0x0000000086000000, 0x0000000086000000| Untracked 
|  97|0x0000000086100000, 0x0000000086200000, 0x0000000086200000|100%| O|  |TAMS 0x0000000086100000, 0x0000000086100000| Untracked 
|  98|0x0000000086200000, 0x0000000086300000, 0x0000000086300000|100%| O|  |TAMS 0x0000000086200000, 0x0000000086200000| Untracked 
|  99|0x0000000086300000, 0x0000000086400000, 0x0000000086400000|100%| O|  |TAMS 0x0000000086300000, 0x0000000086300000| Untracked 
| 100|0x0000000086400000, 0x0000000086500000, 0x0000000086500000|100%| O|  |TAMS 0x0000000086400000, 0x0000000086400000| Untracked 
| 101|0x0000000086500000, 0x0000000086600000, 0x0000000086600000|100%| O|  |TAMS 0x0000000086500000, 0x0000000086500000| Untracked 
| 102|0x0000000086600000, 0x0000000086600000, 0x0000000086700000|  0%| F|  |TAMS 0x0000000086600000, 0x0000000086600000| Untracked 
| 103|0x0000000086700000, 0x0000000086700000, 0x0000000086800000|  0%| F|  |TAMS 0x0000000086700000, 0x0000000086700000| Untracked 
| 104|0x0000000086800000, 0x0000000086800000, 0x0000000086900000|  0%| F|  |TAMS 0x0000000086800000, 0x0000000086800000| Untracked 
| 105|0x0000000086900000, 0x0000000086900000, 0x0000000086a00000|  0%| F|  |TAMS 0x0000000086900000, 0x0000000086900000| Untracked 
| 106|0x0000000086a00000, 0x0000000086b00000, 0x0000000086b00000|100%| O|  |TAMS 0x0000000086a00000, 0x0000000086a00000| Untracked 
| 107|0x0000000086b00000, 0x0000000086c00000, 0x0000000086c00000|100%| O|  |TAMS 0x0000000086b00000, 0x0000000086b00000| Untracked 
| 108|0x0000000086c00000, 0x0000000086d00000, 0x0000000086d00000|100%| O|  |TAMS 0x0000000086c00000, 0x0000000086c00000| Untracked 
| 109|0x0000000086d00000, 0x0000000086d00000, 0x0000000086e00000|  0%| F|  |TAMS 0x0000000086d00000, 0x0000000086d00000| Untracked 
| 110|0x0000000086e00000, 0x0000000086e00000, 0x0000000086f00000|  0%| F|  |TAMS 0x0000000086e00000, 0x0000000086e00000| Untracked 
| 111|0x0000000086f00000, 0x0000000086f00000, 0x0000000087000000|  0%| F|  |TAMS 0x0000000086f00000, 0x0000000086f00000| Untracked 
| 112|0x0000000087000000, 0x0000000087000000, 0x0000000087100000|  0%| F|  |TAMS 0x0000000087000000, 0x0000000087000000| Untracked 
| 113|0x0000000087100000, 0x0000000087100000, 0x0000000087200000|  0%| F|  |TAMS 0x0000000087100000, 0x0000000087100000| Untracked 
| 114|0x0000000087200000, 0x0000000087200000, 0x0000000087300000|  0%| F|  |TAMS 0x0000000087200000, 0x0000000087200000| Untracked 
| 115|0x0000000087300000, 0x0000000087300000, 0x0000000087400000|  0%| F|  |TAMS 0x0000000087300000, 0x0000000087300000| Untracked 
| 116|0x0000000087400000, 0x0000000087400000, 0x0000000087500000|  0%| F|  |TAMS 0x0000000087400000, 0x0000000087400000| Untracked 
| 117|0x0000000087500000, 0x0000000087500000, 0x0000000087600000|  0%| F|  |TAMS 0x0000000087500000, 0x0000000087500000| Untracked 
| 118|0x0000000087600000, 0x0000000087600000, 0x0000000087700000|  0%| F|  |TAMS 0x0000000087600000, 0x0000000087600000| Untracked 
| 119|0x0000000087700000, 0x0000000087700000, 0x0000000087800000|  0%| F|  |TAMS 0x0000000087700000, 0x0000000087700000| Untracked 
| 120|0x0000000087800000, 0x0000000087800000, 0x0000000087900000|  0%| F|  |TAMS 0x0000000087800000, 0x0000000087800000| Untracked 
| 121|0x0000000087900000, 0x0000000087900000, 0x0000000087a00000|  0%| F|  |TAMS 0x0000000087900000, 0x0000000087900000| Untracked 
| 122|0x0000000087a00000, 0x0000000087b00000, 0x0000000087b00000|100%| S|CS|TAMS 0x0000000087a00000, 0x0000000087a00000| Complete 
| 123|0x0000000087b00000, 0x0000000087c00000, 0x0000000087c00000|100%| S|CS|TAMS 0x0000000087b00000, 0x0000000087b00000| Complete 
| 124|0x0000000087c00000, 0x0000000087d00000, 0x0000000087d00000|100%| S|CS|TAMS 0x0000000087c00000, 0x0000000087c00000| Complete 
| 125|0x0000000087d00000, 0x0000000087e00000, 0x0000000087e00000|100%| S|CS|TAMS 0x0000000087d00000, 0x0000000087d00000| Complete 
| 126|0x0000000087e00000, 0x0000000087e00000, 0x0000000087f00000|  0%| F|  |TAMS 0x0000000087e00000, 0x0000000087e00000| Untracked 
| 127|0x0000000087f00000, 0x0000000087f00000, 0x0000000088000000|  0%| F|  |TAMS 0x0000000087f00000, 0x0000000087f00000| Untracked 
| 128|0x0000000088000000, 0x0000000088000000, 0x0000000088100000|  0%| F|  |TAMS 0x0000000088000000, 0x0000000088000000| Untracked 
| 129|0x0000000088100000, 0x0000000088100000, 0x0000000088200000|  0%| F|  |TAMS 0x0000000088100000, 0x0000000088100000| Untracked 
| 130|0x0000000088200000, 0x0000000088200000, 0x0000000088300000|  0%| F|  |TAMS 0x0000000088200000, 0x0000000088200000| Untracked 
| 131|0x0000000088300000, 0x0000000088300000, 0x0000000088400000|  0%| F|  |TAMS 0x0000000088300000, 0x0000000088300000| Untracked 
| 132|0x0000000088400000, 0x0000000088400000, 0x0000000088500000|  0%| F|  |TAMS 0x0000000088400000, 0x0000000088400000| Untracked 
| 133|0x0000000088500000, 0x0000000088500000, 0x0000000088600000|  0%| F|  |TAMS 0x0000000088500000, 0x0000000088500000| Untracked 
| 134|0x0000000088600000, 0x0000000088600000, 0x0000000088700000|  0%| F|  |TAMS 0x0000000088600000, 0x0000000088600000| Untracked 
| 135|0x0000000088700000, 0x0000000088700000, 0x0000000088800000|  0%| F|  |TAMS 0x0000000088700000, 0x0000000088700000| Untracked 
| 136|0x0000000088800000, 0x0000000088800000, 0x0000000088900000|  0%| F|  |TAMS 0x0000000088800000, 0x0000000088800000| Untracked 
| 137|0x0000000088900000, 0x0000000088900000, 0x0000000088a00000|  0%| F|  |TAMS 0x0000000088900000, 0x0000000088900000| Untracked 
| 138|0x0000000088a00000, 0x0000000088a00000, 0x0000000088b00000|  0%| F|  |TAMS 0x0000000088a00000, 0x0000000088a00000| Untracked 
| 139|0x0000000088b00000, 0x0000000088b00000, 0x0000000088c00000|  0%| F|  |TAMS 0x0000000088b00000, 0x0000000088b00000| Untracked 
| 140|0x0000000088c00000, 0x0000000088c00000, 0x0000000088d00000|  0%| F|  |TAMS 0x0000000088c00000, 0x0000000088c00000| Untracked 
| 141|0x0000000088d00000, 0x0000000088d00000, 0x0000000088e00000|  0%| F|  |TAMS 0x0000000088d00000, 0x0000000088d00000| Untracked 
| 203|0x000000008cb00000, 0x000000008cb00000, 0x000000008cc00000|  0%| F|  |TAMS 0x000000008cb00000, 0x000000008cb00000| Untracked 
| 204|0x000000008cc00000, 0x000000008cc00000, 0x000000008cd00000|  0%| F|  |TAMS 0x000000008cc00000, 0x000000008cc00000| Untracked 
| 205|0x000000008cd00000, 0x000000008cd00000, 0x000000008ce00000|  0%| F|  |TAMS 0x000000008cd00000, 0x000000008cd00000| Untracked 
| 206|0x000000008ce00000, 0x000000008ce00000, 0x000000008cf00000|  0%| F|  |TAMS 0x000000008ce00000, 0x000000008ce00000| Untracked 
| 207|0x000000008cf00000, 0x000000008cf00000, 0x000000008d000000|  0%| F|  |TAMS 0x000000008cf00000, 0x000000008cf00000| Untracked 
| 208|0x000000008d000000, 0x000000008d000000, 0x000000008d100000|  0%| F|  |TAMS 0x000000008d000000, 0x000000008d000000| Untracked 
| 209|0x000000008d100000, 0x000000008d100000, 0x000000008d200000|  0%| F|  |TAMS 0x000000008d100000, 0x000000008d100000| Untracked 
| 210|0x000000008d200000, 0x000000008d200000, 0x000000008d300000|  0%| F|  |TAMS 0x000000008d200000, 0x000000008d200000| Untracked 
| 211|0x000000008d300000, 0x000000008d300000, 0x000000008d400000|  0%| F|  |TAMS 0x000000008d300000, 0x000000008d300000| Untracked 
| 253|0x000000008fd00000, 0x000000008fd00000, 0x000000008fe00000|  0%| F|  |TAMS 0x000000008fd00000, 0x000000008fd00000| Untracked 

Card table byte_map: [0x00000217f1880000,0x00000217f1c80000] _byte_map_base: 0x00000217f1480000

Marking Bits (Prev, Next): (CMBitMap*) 0x00000217decea9d0, (CMBitMap*) 0x00000217deceaa10
 Prev Bits: [0x00000217f2080000, 0x00000217f4080000)
 Next Bits: [0x00000217f4080000, 0x00000217f6080000)

Polling page: 0x00000217de450000

Metaspace:

Usage:
  Non-class:     79.69 MB used.
      Class:     12.50 MB used.
       Both:     92.19 MB used.

Virtual space:
  Non-class space:       88.00 MB reserved,      80.06 MB ( 91%) committed,  11 nodes.
      Class space:        1.00 GB reserved,      12.81 MB (  1%) committed,  1 nodes.
             Both:        1.09 GB reserved,      92.88 MB (  8%) committed. 

Chunk freelists:
   Non-Class:  3.23 MB
       Class:  3.13 MB
        Both:  6.36 MB

MaxMetaspaceSize: unlimited
CompressedClassSpaceSize: 1.00 GB
Initial GC threshold: 21.00 MB
Current GC threshold: 142.31 MB
CDS: off
MetaspaceReclaimPolicy: balanced
 - commit_granule_bytes: 65536.
 - commit_granule_words: 8192.
 - virtual_space_node_default_size: 1048576.
 - enlarge_chunks_in_place: 1.
 - new_chunks_are_fully_committed: 0.
 - uncommit_free_chunks: 1.
 - use_allocation_guard: 0.
 - handle_deallocations: 1.


Internal statistics:

num_allocs_failed_limit: 9.
num_arena_births: 990.
num_arena_deaths: 0.
num_vsnodes_births: 12.
num_vsnodes_deaths: 0.
num_space_committed: 1485.
num_space_uncommitted: 0.
num_chunks_returned_to_freelist: 9.
num_chunks_taken_from_freelist: 4403.
num_chunk_merges: 9.
num_chunk_splits: 2941.
num_chunks_enlarged: 2023.
num_purges: 0.
num_inconsistent_stats: 0.

CodeHeap 'non-profiled nmethods': size=120000Kb used=5967Kb max_used=5967Kb free=114032Kb
 bounds [0x00000217e9c20000, 0x00000217ea200000, 0x00000217f1150000]
CodeHeap 'profiled nmethods': size=120000Kb used=19346Kb max_used=19346Kb free=100653Kb
 bounds [0x00000217e2150000, 0x00000217e3440000, 0x00000217e9680000]
CodeHeap 'non-nmethods': size=5760Kb used=2382Kb max_used=2498Kb free=3377Kb
 bounds [0x00000217e9680000, 0x00000217e9900000, 0x00000217e9c20000]
 total_blobs=10886 nmethods=9967 adapters=831
 compilation: enabled
              stopped_count=0, restarted_count=0
 full_count=0

Compilation events (20 events):
Event: 14.680 Thread 0x00000217f949a240 11499       2       java.lang.invoke.MethodHandles::argumentsWithCombinerChecks (197 bytes)
Event: 14.682 Thread 0x00000217f949a240 nmethod 11499 0x00000217e3430690 code [0x00000217e3430960, 0x00000217e3431198]
Event: 14.682 Thread 0x00000217f949a240 11498       2       java.lang.invoke.MethodHandles::argumentsWithCombiner (130 bytes)
Event: 14.683 Thread 0x00000217f949a240 nmethod 11498 0x00000217e3431890 code [0x00000217e3431aa0, 0x00000217e3431fb8]
Event: 14.683 Thread 0x00000217f949a240 11501       1       kotlin.Pair::getFirst (5 bytes)
Event: 14.683 Thread 0x00000217f949a240 nmethod 11501 0x00000217ea1f3690 code [0x00000217ea1f3820, 0x00000217ea1f38f8]
Event: 14.683 Thread 0x00000217f949a240 11502       1       kotlin.Pair::getSecond (5 bytes)
Event: 14.683 Thread 0x00000217f949a240 nmethod 11502 0x00000217ea1f3990 code [0x00000217ea1f3b20, 0x00000217ea1f3bf8]
Event: 14.690 Thread 0x00000217f949a240 11503       2       com.google.common.collect.AbstractMultimap::keySet (23 bytes)
Event: 14.690 Thread 0x00000217f949a240 nmethod 11503 0x00000217e3432510 code [0x00000217e34326c0, 0x00000217e3432888]
Event: 14.690 Thread 0x00000217f949a240 11504       2       com.google.common.collect.LinkedListMultimap::keySet (5 bytes)
Event: 14.691 Thread 0x00000217f949a240 nmethod 11504 0x00000217e3432910 code [0x00000217e3432ac0, 0x00000217e3432d18]
Event: 14.691 Thread 0x00000217f949a240 11506       2       com.google.common.collect.CollectPreconditions::checkNonnegative (48 bytes)
Event: 14.691 Thread 0x00000217f949a240 nmethod 11506 0x00000217e3432e10 code [0x00000217e3433000, 0x00000217e3433368]
Event: 14.691 Thread 0x00000217f949a240 11505       1       com.google.common.collect.LinkedListMultimap::access$200 (5 bytes)
Event: 14.691 Thread 0x00000217f949a240 nmethod 11505 0x00000217ea1f3c90 code [0x00000217ea1f3e20, 0x00000217ea1f3ed8]
Event: 14.691 Thread 0x00000217f949a240 11507       2       com.android.ide.common.resources.DataSet::checkItems (157 bytes)
Event: 14.693 Thread 0x00000217f949a240 nmethod 11507 0x00000217e3433610 code [0x00000217e34338a0, 0x00000217e34340b8]
Event: 14.694 Thread 0x00000217f949a240 11509       2       com.google.common.collect.Sets::newHashSetWithExpectedSize (12 bytes)
Event: 14.694 Thread 0x00000217f949a240 nmethod 11509 0x00000217e3434590 code [0x00000217e3434760, 0x00000217e34349b8]

GC Heap History (20 events):
Event: 8.773 GC heap after
{Heap after GC invocations=19 (full 0):
 garbage-first heap   total 129024K, used 54323K [0x0000000080000000, 0x0000000100000000)
  region size 1024K, 4 young (4096K), 4 survivors (4096K)
 Metaspace       used 71857K, committed 72512K, reserved 1114112K
  class space    used 9552K, committed 9856K, reserved 1048576K
}
Event: 9.433 GC heap before
{Heap before GC invocations=19 (full 0):
 garbage-first heap   total 129024K, used 102451K [0x0000000080000000, 0x0000000100000000)
  region size 1024K, 50 young (51200K), 4 survivors (4096K)
 Metaspace       used 76091K, committed 76736K, reserved 1122304K
  class space    used 10214K, committed 10496K, reserved 1048576K
}
Event: 9.440 GC heap after
{Heap after GC invocations=20 (full 0):
 garbage-first heap   total 129024K, used 58089K [0x0000000080000000, 0x0000000100000000)
  region size 1024K, 7 young (7168K), 7 survivors (7168K)
 Metaspace       used 76091K, committed 76736K, reserved 1122304K
  class space    used 10214K, committed 10496K, reserved 1048576K
}
Event: 10.124 GC heap before
{Heap before GC invocations=20 (full 0):
 garbage-first heap   total 129024K, used 102121K [0x0000000080000000, 0x0000000100000000)
  region size 1024K, 50 young (51200K), 7 survivors (7168K)
 Metaspace       used 81051K, committed 81664K, reserved 1122304K
  class space    used 11027K, committed 11328K, reserved 1048576K
}
Event: 10.133 GC heap after
{Heap after GC invocations=21 (full 0):
 garbage-first heap   total 129024K, used 61595K [0x0000000080000000, 0x0000000100000000)
  region size 1024K, 4 young (4096K), 4 survivors (4096K)
 Metaspace       used 81051K, committed 81664K, reserved 1122304K
  class space    used 11027K, committed 11328K, reserved 1048576K
}
Event: 10.878 GC heap before
{Heap before GC invocations=21 (full 0):
 garbage-first heap   total 129024K, used 103579K [0x0000000080000000, 0x0000000100000000)
  region size 1024K, 45 young (46080K), 4 survivors (4096K)
 Metaspace       used 86449K, committed 87040K, reserved 1130496K
  class space    used 11815K, committed 12096K, reserved 1048576K
}
Event: 10.885 GC heap after
{Heap after GC invocations=22 (full 0):
 garbage-first heap   total 129024K, used 64895K [0x0000000080000000, 0x0000000100000000)
  region size 1024K, 4 young (4096K), 4 survivors (4096K)
 Metaspace       used 86449K, committed 87040K, reserved 1130496K
  class space    used 11815K, committed 12096K, reserved 1048576K
}
Event: 11.308 GC heap before
{Heap before GC invocations=23 (full 0):
 garbage-first heap   total 129024K, used 103807K [0x0000000080000000, 0x0000000100000000)
  region size 1024K, 42 young (43008K), 4 survivors (4096K)
 Metaspace       used 87957K, committed 88576K, reserved 1130496K
  class space    used 12013K, committed 12288K, reserved 1048576K
}
Event: 11.316 GC heap after
{Heap after GC invocations=24 (full 0):
 garbage-first heap   total 129024K, used 69632K [0x0000000080000000, 0x0000000100000000)
  region size 1024K, 6 young (6144K), 6 survivors (6144K)
 Metaspace       used 87957K, committed 88576K, reserved 1130496K
  class space    used 12013K, committed 12288K, reserved 1048576K
}
Event: 11.325 GC heap before
{Heap before GC invocations=24 (full 0):
 garbage-first heap   total 129024K, used 70656K [0x0000000080000000, 0x0000000100000000)
  region size 1024K, 7 young (7168K), 6 survivors (6144K)
 Metaspace       used 87966K, committed 88576K, reserved 1130496K
  class space    used 12014K, committed 12288K, reserved 1048576K
}
Event: 11.332 GC heap after
{Heap after GC invocations=25 (full 0):
 garbage-first heap   total 155648K, used 70227K [0x0000000080000000, 0x0000000100000000)
  region size 1024K, 1 young (1024K), 1 survivors (1024K)
 Metaspace       used 87966K, committed 88576K, reserved 1130496K
  class space    used 12014K, committed 12288K, reserved 1048576K
}
Event: 11.956 GC heap before
{Heap before GC invocations=25 (full 0):
 garbage-first heap   total 155648K, used 123475K [0x0000000080000000, 0x0000000100000000)
  region size 1024K, 54 young (55296K), 1 survivors (1024K)
 Metaspace       used 90059K, committed 90688K, reserved 1130496K
  class space    used 12420K, committed 12736K, reserved 1048576K
}
Event: 11.966 GC heap after
{Heap after GC invocations=26 (full 0):
 garbage-first heap   total 155648K, used 77335K [0x0000000080000000, 0x0000000100000000)
  region size 1024K, 7 young (7168K), 7 survivors (7168K)
 Metaspace       used 90059K, committed 90688K, reserved 1130496K
  class space    used 12420K, committed 12736K, reserved 1048576K
}
Event: 12.818 GC heap before
{Heap before GC invocations=26 (full 0):
 garbage-first heap   total 155648K, used 123415K [0x0000000080000000, 0x0000000100000000)
  region size 1024K, 53 young (54272K), 7 survivors (7168K)
 Metaspace       used 90285K, committed 90944K, reserved 1130496K
  class space    used 12429K, committed 12736K, reserved 1048576K
}
Event: 12.829 GC heap after
{Heap after GC invocations=27 (full 0):
 garbage-first heap   total 155648K, used 81524K [0x0000000080000000, 0x0000000100000000)
  region size 1024K, 5 young (5120K), 5 survivors (5120K)
 Metaspace       used 90285K, committed 90944K, reserved 1130496K
  class space    used 12429K, committed 12736K, reserved 1048576K
}
Event: 13.697 GC heap before
{Heap before GC invocations=27 (full 0):
 garbage-first heap   total 155648K, used 124532K [0x0000000080000000, 0x0000000100000000)
  region size 1024K, 47 young (48128K), 5 survivors (5120K)
 Metaspace       used 93616K, committed 94272K, reserved 1138688K
  class space    used 12768K, committed 13056K, reserved 1048576K
}
Event: 13.702 GC heap after
{Heap after GC invocations=28 (full 0):
 garbage-first heap   total 155648K, used 84626K [0x0000000080000000, 0x0000000100000000)
  region size 1024K, 5 young (5120K), 5 survivors (5120K)
 Metaspace       used 93616K, committed 94272K, reserved 1138688K
  class space    used 12768K, committed 13056K, reserved 1048576K
}
Event: 14.433 GC heap before
{Heap before GC invocations=28 (full 0):
 garbage-first heap   total 155648K, used 133778K [0x0000000080000000, 0x0000000100000000)
  region size 1024K, 45 young (46080K), 5 survivors (5120K)
 Metaspace       used 94122K, committed 94720K, reserved 1138688K
  class space    used 12769K, committed 13056K, reserved 1048576K
}
Event: 14.443 GC heap after
{Heap after GC invocations=29 (full 0):
 garbage-first heap   total 155648K, used 97445K [0x0000000080000000, 0x0000000100000000)
  region size 1024K, 6 young (6144K), 6 survivors (6144K)
 Metaspace       used 94122K, committed 94720K, reserved 1138688K
  class space    used 12769K, committed 13056K, reserved 1048576K
}
Event: 14.695 GC heap before
{Heap before GC invocations=29 (full 0):
 garbage-first heap   total 155648K, used 124069K [0x0000000080000000, 0x0000000100000000)
  region size 1024K, 32 young (32768K), 6 survivors (6144K)
 Metaspace       used 94402K, committed 95104K, reserved 1138688K
  class space    used 12798K, committed 13120K, reserved 1048576K
}

Dll operation events (2 events):
Event: 0.008 Loaded shared library D:\android studio\jbr\bin\java.dll
Event: 0.538 Loaded shared library D:\android studio\jbr\bin\verify.dll

Deoptimization events (20 events):
Event: 14.545 Thread 0x00000217fc19e060 DEOPT PACKING pc=0x00000217e9fe2510 sp=0x0000006f38ff90d0
Event: 14.545 Thread 0x00000217fc19e060 DEOPT UNPACKING pc=0x00000217e96d69a3 sp=0x0000006f38ff9000 mode 2
Event: 14.611 Thread 0x00000217fc19e060 DEOPT PACKING pc=0x00000217e341483a sp=0x0000006f38ff90a0
Event: 14.611 Thread 0x00000217fc19e060 DEOPT UNPACKING pc=0x00000217e96d7143 sp=0x0000006f38ff8560 mode 0
Event: 14.615 Thread 0x00000217fc19e060 DEOPT PACKING pc=0x00000217e341483a sp=0x0000006f38ff90a0
Event: 14.615 Thread 0x00000217fc19e060 DEOPT UNPACKING pc=0x00000217e96d7143 sp=0x0000006f38ff8560 mode 0
Event: 14.619 Thread 0x00000217fc19e060 DEOPT PACKING pc=0x00000217e341483a sp=0x0000006f38ff90a0
Event: 14.619 Thread 0x00000217fc19e060 DEOPT UNPACKING pc=0x00000217e96d7143 sp=0x0000006f38ff8560 mode 0
Event: 14.659 Thread 0x00000217fc19e060 Uncommon trap: trap_request=0xffffff45 fr.pc=0x00000217ea1e1778 relative=0x0000000000000518
Event: 14.659 Thread 0x00000217fc19e060 Uncommon trap: reason=unstable_if action=reinterpret pc=0x00000217ea1e1778 method=org.apache.xerces.impl.XMLEntityScanner.skipString(Ljava/lang/String;)Z @ 65 c2
Event: 14.659 Thread 0x00000217fc19e060 DEOPT PACKING pc=0x00000217ea1e1778 sp=0x0000006f38ff8d20
Event: 14.659 Thread 0x00000217fc19e060 DEOPT UNPACKING pc=0x00000217e96d69a3 sp=0x0000006f38ff8cd0 mode 2
Event: 14.659 Thread 0x00000217fc19e060 Uncommon trap: trap_request=0xffffff45 fr.pc=0x00000217ea19fe0c relative=0x00000000000008ec
Event: 14.659 Thread 0x00000217fc19e060 Uncommon trap: reason=unstable_if action=reinterpret pc=0x00000217ea19fe0c method=com.android.utils.PositionXmlParser$DomBuilder.findOpeningTag(Lcom/android/utils/PositionXmlParser$Position;)Lcom/android/utils/PositionXmlParser$Position; @ 81 c2
Event: 14.659 Thread 0x00000217fc19e060 DEOPT PACKING pc=0x00000217ea19fe0c sp=0x0000006f38ff8a10
Event: 14.659 Thread 0x00000217fc19e060 DEOPT UNPACKING pc=0x00000217e96d69a3 sp=0x0000006f38ff8988 mode 2
Event: 14.661 Thread 0x00000217fc19e060 Uncommon trap: trap_request=0xffffff45 fr.pc=0x00000217e9fea0f4 relative=0x0000000000000754
Event: 14.661 Thread 0x00000217fc19e060 Uncommon trap: reason=unstable_if action=reinterpret pc=0x00000217e9fea0f4 method=com.android.utils.PositionXmlParser$DomBuilder.findOpeningTag(Lcom/android/utils/PositionXmlParser$Position;)Lcom/android/utils/PositionXmlParser$Position; @ 81 c2
Event: 14.661 Thread 0x00000217fc19e060 DEOPT PACKING pc=0x00000217e9fea0f4 sp=0x0000006f38ff89e0
Event: 14.662 Thread 0x00000217fc19e060 DEOPT UNPACKING pc=0x00000217e96d69a3 sp=0x0000006f38ff8988 mode 2

Classes unloaded (0 events):
No events

Classes redefined (0 events):
No events

Internal exceptions (20 events):
Event: 11.637 Thread 0x00000217fc199830 Exception <a 'java/lang/NoSuchMethodError'{0x00000000878fd268}: static [Ljava/lang/String;.<clinit>()V> (0x00000000878fd268) 
thrown [s\src\hotspot\share\prims\jni.cpp, line 1108]
Event: 11.641 Thread 0x00000217fc199830 Exception <a 'java/lang/NoSuchMethodError'{0x000000008770c110}: static Lcom/android/buildanalyzer/common/AndroidGradlePluginAttributionData$TaskInfo;.<clinit>()V> (0x000000008770c110) 
thrown [s\src\hotspot\share\prims\jni.cpp, line 1108]
Event: 11.642 Thread 0x00000217fc199830 Exception <a 'java/lang/NoSuchMethodError'{0x0000000087718d30}: static Lcom/android/buildanalyzer/common/AndroidGradlePluginAttributionData$TaskCategoryInfo;.<clinit>()V> (0x0000000087718d30) 
thrown [s\src\hotspot\share\prims\jni.cpp, line 1108]
Event: 11.651 Thread 0x00000217fc199830 Exception <a 'java/lang/NoSuchMethodError'{0x000000008779d218}: 'void java.lang.invoke.DirectMethodHandle$Holder.invokeSpecial(java.lang.Object, java.lang.Object, java.lang.Object, int)'> (0x000000008779d218) 
thrown [s\src\hotspot\share\interpreter\linkResolver.cpp, line 771]
Event: 11.857 Thread 0x00000217fc19beb0 Exception <a 'java/lang/NoSuchMethodError'{0x0000000086da2198}: 'void java.lang.invoke.DirectMethodHandle$Holder.invokeStatic(java.lang.Object, java.lang.Object, java.lang.Object, java.lang.Object, int, java.lang.Object, java.lang.Object)'> (0x0000000086da2198) 
thrown [s\src\hotspot\share\interpreter\linkResolver.cpp, line 771]
Event: 11.896 Thread 0x00000217ff9bcb50 Exception <a 'java/lang/NoSuchMethodError'{0x0000000086605d30}: 'java.lang.Object java.lang.invoke.DirectMethodHandle$Holder.invokeSpecialIFC(java.lang.Object, java.lang.Object, java.lang.Object)'> (0x0000000086605d30) 
thrown [s\src\hotspot\share\interpreter\linkResolver.cpp, line 771]
Event: 11.897 Thread 0x0000021783b18280 Exception <a 'java/lang/NoSuchMethodError'{0x000000008679af88}: 'java.lang.Object java.lang.invoke.DirectMethodHandle$Holder.invokeSpecialIFC(java.lang.Object, java.lang.Object, java.lang.Object)'> (0x000000008679af88) 
thrown [s\src\hotspot\share\interpreter\linkResolver.cpp, line 771]
Event: 11.897 Thread 0x0000021783b19f60 Exception <a 'java/lang/NoSuchMethodError'{0x000000008664cc58}: 'java.lang.Object java.lang.invoke.DirectMethodHandle$Holder.invokeSpecialIFC(java.lang.Object, java.lang.Object, java.lang.Object)'> (0x000000008664cc58) 
thrown [s\src\hotspot\share\interpreter\linkResolver.cpp, line 771]
Event: 11.897 Thread 0x00000217ff9b87f0 Exception <a 'java/lang/NoSuchMethodError'{0x00000000867c6670}: 'java.lang.Object java.lang.invoke.DirectMethodHandle$Holder.invokeSpecialIFC(java.lang.Object, java.lang.Object, java.lang.Object)'> (0x00000000867c6670) 
thrown [s\src\hotspot\share\interpreter\linkResolver.cpp, line 771]
Event: 11.897 Thread 0x00000217fc19beb0 Exception <a 'java/lang/NoSuchMethodError'{0x0000000086612c68}: 'java.lang.Object java.lang.invoke.DirectMethodHandle$Holder.invokeSpecialIFC(java.lang.Object, java.lang.Object, java.lang.Object)'> (0x0000000086612c68) 
thrown [s\src\hotspot\share\interpreter\linkResolver.cpp, line 771]
Event: 11.897 Thread 0x0000021783b1c110 Exception <a 'java/lang/NoSuchMethodError'{0x0000000086648510}: 'java.lang.Object java.lang.invoke.DirectMethodHandle$Holder.invokeSpecialIFC(java.lang.Object, java.lang.Object, java.lang.Object)'> (0x0000000086648510) 
thrown [s\src\hotspot\share\interpreter\linkResolver.cpp, line 771]
Event: 11.897 Thread 0x00000217ff1fa8d0 Exception <a 'java/lang/NoSuchMethodError'{0x00000000867dec88}: 'java.lang.Object java.lang.invoke.DirectMethodHandle$Holder.invokeSpecialIFC(java.lang.Object, java.lang.Object, java.lang.Object)'> (0x00000000867dec88) 
thrown [s\src\hotspot\share\interpreter\linkResolver.cpp, line 771]
Event: 11.897 Thread 0x00000217ff1f9a60 Exception <a 'java/lang/NoSuchMethodError'{0x00000000867ed240}: 'java.lang.Object java.lang.invoke.DirectMethodHandle$Holder.invokeSpecialIFC(java.lang.Object, java.lang.Object, java.lang.Object)'> (0x00000000867ed240) 
thrown [s\src\hotspot\share\interpreter\linkResolver.cpp, line 771]
Event: 12.813 Thread 0x0000021783b1a430 Implicit null exception at 0x00000217e9cd36d2 to 0x00000217e9cd3f94
Event: 12.813 Thread 0x0000021783b1a430 Implicit null exception at 0x00000217e9cd36d2 to 0x00000217e9cd3f94
Event: 12.813 Thread 0x00000217ff1f8bf0 Implicit null exception at 0x00000217e9cd36d2 to 0x00000217e9cd3f94
Event: 12.813 Thread 0x0000021783b1bc40 Implicit null exception at 0x00000217e9cd36d2 to 0x00000217e9cd3f94
Event: 12.887 Thread 0x00000217ff1f9f30 Implicit null exception at 0x00000217e9e87700 to 0x00000217e9e87fa4
Event: 12.888 Thread 0x00000217ff1f9f30 Implicit null exception at 0x00000217e9e86c60 to 0x00000217e9e86cec
Event: 13.412 Thread 0x00000217fc19e060 Exception <a 'java/lang/NoSuchMethodError'{0x0000000087b40368}: 'void java.lang.invoke.DirectMethodHandle$Holder.invokeVirtual(java.lang.Object, java.lang.Object)'> (0x0000000087b40368) 
thrown [s\src\hotspot\share\interpreter\linkResolver.cpp, line 771]

VM Operations (20 events):
Event: 11.966 Executing VM operation: G1CollectForAllocation done
Event: 12.388 Executing VM operation: HandshakeAllThreads
Event: 12.388 Executing VM operation: HandshakeAllThreads done
Event: 12.538 Executing VM operation: ICBufferFull
Event: 12.539 Executing VM operation: ICBufferFull done
Event: 12.818 Executing VM operation: G1CollectForAllocation
Event: 12.829 Executing VM operation: G1CollectForAllocation done
Event: 13.030 Executing VM operation: ICBufferFull
Event: 13.030 Executing VM operation: ICBufferFull done
Event: 13.139 Executing VM operation: HandshakeAllThreads
Event: 13.139 Executing VM operation: HandshakeAllThreads done
Event: 13.418 Executing VM operation: ICBufferFull
Event: 13.418 Executing VM operation: ICBufferFull done
Event: 13.697 Executing VM operation: G1CollectForAllocation
Event: 13.702 Executing VM operation: G1CollectForAllocation done
Event: 14.183 Executing VM operation: ICBufferFull
Event: 14.183 Executing VM operation: ICBufferFull done
Event: 14.433 Executing VM operation: G1CollectForAllocation
Event: 14.443 Executing VM operation: G1CollectForAllocation done
Event: 14.695 Executing VM operation: G1CollectForAllocation

Events (20 events):
Event: 13.608 loading class org/w3c/dom/traversal/NodeIterator done
Event: 13.608 loading class org/w3c/dom/traversal/TreeWalker
Event: 13.608 loading class org/w3c/dom/traversal/TreeWalker done
Event: 13.608 loading class org/w3c/dom/events/MutationEvent
Event: 13.608 loading class org/w3c/dom/events/MutationEvent done
Event: 13.608 loading class org/w3c/dom/ranges/Range
Event: 13.608 loading class org/w3c/dom/ranges/Range done
Event: 13.609 loading class org/w3c/dom/events/EventException
Event: 13.609 loading class org/w3c/dom/events/EventException done
Event: 13.931 Thread 0x00000217fdd32de0 Thread added: 0x00000217fdd32de0
Event: 14.653 loading class java/util/stream/Nodes$IntFixedNodeBuilder
Event: 14.654 loading class java/util/stream/Node$Builder$OfInt
Event: 14.654 loading class java/util/stream/Node$Builder$OfInt done
Event: 14.654 loading class java/util/stream/Nodes$IntArrayNode
Event: 14.654 loading class java/util/stream/Nodes$IntArrayNode done
Event: 14.654 loading class java/util/stream/Nodes$IntFixedNodeBuilder done
Event: 14.688 loading class java/util/concurrent/ConcurrentLinkedDeque
Event: 14.688 loading class java/util/concurrent/ConcurrentLinkedDeque done
Event: 14.688 loading class java/util/concurrent/ConcurrentLinkedDeque$Node
Event: 14.689 loading class java/util/concurrent/ConcurrentLinkedDeque$Node done


Dynamic libraries:
0x00007ff7902f0000 - 0x00007ff7902fa000 	D:\android studio\jbr\bin\java.exe
0x00007ff8cc270000 - 0x00007ff8cc487000 	C:\WINDOWS\SYSTEM32\ntdll.dll
0x00007ff8cba10000 - 0x00007ff8cbad4000 	C:\WINDOWS\System32\KERNEL32.DLL
0x00007ff8c9b00000 - 0x00007ff8c9ea6000 	C:\WINDOWS\System32\KERNELBASE.dll
0x00007ff8c97d0000 - 0x00007ff8c98e1000 	C:\WINDOWS\System32\ucrtbase.dll
0x00007ff8a0560000 - 0x00007ff8a0577000 	D:\android studio\jbr\bin\jli.dll
0x00007ff8b7a80000 - 0x00007ff8b7a9b000 	D:\android studio\jbr\bin\VCRUNTIME140.dll
0x00007ff8cb640000 - 0x00007ff8cb7ed000 	C:\WINDOWS\System32\USER32.dll
0x00007ff8c95f0000 - 0x00007ff8c9616000 	C:\WINDOWS\System32\win32u.dll
0x00007ff8b2a00000 - 0x00007ff8b2c93000 	C:\WINDOWS\WinSxS\amd64_microsoft.windows.common-controls_6595b64144ccf1df_6.0.22621.2361_none_2712ced57382f843\COMCTL32.dll
0x00007ff8cc110000 - 0x00007ff8cc139000 	C:\WINDOWS\System32\GDI32.dll
0x00007ff8cbae0000 - 0x00007ff8cbb87000 	C:\WINDOWS\System32\msvcrt.dll
0x00007ff8c9eb0000 - 0x00007ff8c9fc8000 	C:\WINDOWS\System32\gdi32full.dll
0x00007ff8c9a60000 - 0x00007ff8c9afa000 	C:\WINDOWS\System32\msvcp_win.dll
0x00007ff8cc1f0000 - 0x00007ff8cc221000 	C:\WINDOWS\System32\IMM32.DLL
0x00007ff8b7a70000 - 0x00007ff8b7a7c000 	D:\android studio\jbr\bin\vcruntime140_1.dll
0x00007ff89c300000 - 0x00007ff89c38d000 	D:\android studio\jbr\bin\msvcp140.dll
0x00007ff852be0000 - 0x00007ff85384e000 	D:\android studio\jbr\bin\server\jvm.dll
0x00007ff8ca040000 - 0x00007ff8ca0f0000 	C:\WINDOWS\System32\ADVAPI32.dll
0x00007ff8cc140000 - 0x00007ff8cc1e6000 	C:\WINDOWS\System32\sechost.dll
0x00007ff8caac0000 - 0x00007ff8cabd7000 	C:\WINDOWS\System32\RPCRT4.dll
0x00007ff8acb90000 - 0x00007ff8acb99000 	C:\WINDOWS\SYSTEM32\WSOCK32.dll
0x00007ff8cad20000 - 0x00007ff8cad91000 	C:\WINDOWS\System32\WS2_32.dll
0x00007ff8c3100000 - 0x00007ff8c310a000 	C:\WINDOWS\SYSTEM32\VERSION.dll
0x00007ff8c2c40000 - 0x00007ff8c2c74000 	C:\WINDOWS\SYSTEM32\WINMM.dll
0x00007ff8c8630000 - 0x00007ff8c8648000 	C:\WINDOWS\SYSTEM32\kernel.appcore.dll
0x00007ff8c3aa0000 - 0x00007ff8c3aaa000 	D:\android studio\jbr\bin\jimage.dll
0x00007ff8c6f40000 - 0x00007ff8c716e000 	C:\WINDOWS\SYSTEM32\DBGHELP.DLL
0x00007ff8caff0000 - 0x00007ff8cb37a000 	C:\WINDOWS\System32\combase.dll
0x00007ff8cabe0000 - 0x00007ff8cacb7000 	C:\WINDOWS\System32\OLEAUT32.dll
0x00007ff8aafc0000 - 0x00007ff8aaff2000 	C:\WINDOWS\SYSTEM32\dbgcore.DLL
0x00007ff8c9750000 - 0x00007ff8c97ca000 	C:\WINDOWS\System32\bcryptPrimitives.dll
0x00007ff8a7fd0000 - 0x00007ff8a7ff5000 	D:\android studio\jbr\bin\java.dll
0x00007ff8b19e0000 - 0x00007ff8b19f8000 	D:\android studio\jbr\bin\zip.dll
0x00007ff8ca160000 - 0x00007ff8ca9b8000 	C:\WINDOWS\System32\SHELL32.dll
0x00007ff8c7550000 - 0x00007ff8c7e42000 	C:\WINDOWS\SYSTEM32\windows.storage.dll
0x00007ff8c7410000 - 0x00007ff8c754e000 	C:\WINDOWS\SYSTEM32\wintypes.dll
0x00007ff8ca9c0000 - 0x00007ff8caab3000 	C:\WINDOWS\System32\SHCORE.dll
0x00007ff8ca100000 - 0x00007ff8ca15e000 	C:\WINDOWS\System32\shlwapi.dll
0x00007ff8c9520000 - 0x00007ff8c9546000 	C:\WINDOWS\SYSTEM32\profapi.dll
0x00007ff8aa640000 - 0x00007ff8aa659000 	D:\android studio\jbr\bin\net.dll
0x00007ff8c2b00000 - 0x00007ff8c2c37000 	C:\WINDOWS\SYSTEM32\WINHTTP.dll
0x00007ff8c8ab0000 - 0x00007ff8c8b19000 	C:\WINDOWS\system32\mswsock.dll
0x00007ff8a0f30000 - 0x00007ff8a0f46000 	D:\android studio\jbr\bin\nio.dll
0x00007ff8c2e50000 - 0x00007ff8c2e60000 	D:\android studio\jbr\bin\verify.dll
0x00007ff8b5160000 - 0x00007ff8b5187000 	C:\Users\hachem safae\.gradle\native\68d5fa5c4cc2d200863cafc0d521ce42e7d3e7ee720ec0a83991735586a16f82\windows-amd64\native-platform.dll
0x00007ff892f00000 - 0x00007ff893044000 	C:\Users\hachem safae\.gradle\native\e376f236ea51e6404a007f0833ffe2c6e607c4080706a723a18a27aeea778392\windows-amd64\native-platform-file-events.dll
0x00007ff8b3250000 - 0x00007ff8b3259000 	D:\android studio\jbr\bin\management.dll
0x00007ff8b1aa0000 - 0x00007ff8b1aab000 	D:\android studio\jbr\bin\management_ext.dll
0x00007ff8cbb90000 - 0x00007ff8cbb98000 	C:\WINDOWS\System32\PSAPI.DLL
0x00007ff8c8d00000 - 0x00007ff8c8d1b000 	C:\WINDOWS\SYSTEM32\CRYPTSP.dll
0x00007ff8c8590000 - 0x00007ff8c85c5000 	C:\WINDOWS\system32\rsaenh.dll
0x00007ff8c8ba0000 - 0x00007ff8c8bcc000 	C:\WINDOWS\SYSTEM32\USERENV.dll
0x00007ff8c8ec0000 - 0x00007ff8c8ee8000 	C:\WINDOWS\SYSTEM32\bcrypt.dll
0x00007ff8c8d20000 - 0x00007ff8c8d2c000 	C:\WINDOWS\SYSTEM32\CRYPTBASE.dll
0x00007ff8c80b0000 - 0x00007ff8c80dd000 	C:\WINDOWS\SYSTEM32\IPHLPAPI.DLL
0x00007ff8cad10000 - 0x00007ff8cad19000 	C:\WINDOWS\System32\NSI.dll
0x00007ff8c2950000 - 0x00007ff8c2969000 	C:\WINDOWS\SYSTEM32\dhcpcsvc6.DLL
0x00007ff8c2830000 - 0x00007ff8c284f000 	C:\WINDOWS\SYSTEM32\dhcpcsvc.DLL
0x00007ff8c8120000 - 0x00007ff8c8219000 	C:\WINDOWS\SYSTEM32\DNSAPI.dll
0x00007ff8af560000 - 0x00007ff8af568000 	C:\WINDOWS\system32\wshunix.dll

dbghelp: loaded successfully - version: 4.0.5 - missing functions: none
symbol engine: initialized successfully - sym options: 0x614 - pdb path: .;D:\android studio\jbr\bin;C:\WINDOWS\SYSTEM32;C:\WINDOWS\WinSxS\amd64_microsoft.windows.common-controls_6595b64144ccf1df_6.0.22621.2361_none_2712ced57382f843;D:\android studio\jbr\bin\server;C:\Users\hachem safae\.gradle\native\68d5fa5c4cc2d200863cafc0d521ce42e7d3e7ee720ec0a83991735586a16f82\windows-amd64;C:\Users\hachem safae\.gradle\native\e376f236ea51e6404a007f0833ffe2c6e607c4080706a723a18a27aeea778392\windows-amd64

VM Arguments:
jvm_args: --add-opens=java.base/java.util=ALL-UNNAMED --add-opens=java.base/java.lang=ALL-UNNAMED --add-opens=java.base/java.lang.invoke=ALL-UNNAMED --add-opens=java.prefs/java.util.prefs=ALL-UNNAMED --add-opens=java.base/java.nio.charset=ALL-UNNAMED --add-opens=java.base/java.net=ALL-UNNAMED --add-opens=java.base/java.util.concurrent.atomic=ALL-UNNAMED -Xmx2048m -Dfile.encoding=UTF-8 -Duser.country=FR -Duser.language=fr -Duser.variant 
java_command: org.gradle.launcher.daemon.bootstrap.GradleDaemon 8.0
java_class_path (initial): C:\Users\hachem safae\.gradle\wrapper\dists\gradle-8.0-bin\ca5e32bp14vu59qr306oxotwh\gradle-8.0\lib\gradle-launcher-8.0.jar
Launcher Type: SUN_STANDARD

[Global flags]
     intx CICompilerCount                          = 4                                         {product} {ergonomic}
     uint ConcGCThreads                            = 2                                         {product} {ergonomic}
     uint G1ConcRefinementThreads                  = 8                                         {product} {ergonomic}
   size_t G1HeapRegionSize                         = 1048576                                   {product} {ergonomic}
    uintx GCDrainStackTargetSize                   = 64                                        {product} {ergonomic}
   size_t InitialHeapSize                          = 266338304                                 {product} {ergonomic}
   size_t MarkStackSize                            = 4194304                                   {product} {ergonomic}
   size_t MaxHeapSize                              = 2147483648                                {product} {command line}
   size_t MaxNewSize                               = 1287651328                                {product} {ergonomic}
   size_t MinHeapDeltaBytes                        = 1048576                                   {product} {ergonomic}
   size_t MinHeapSize                              = 8388608                                   {product} {ergonomic}
    uintx NonNMethodCodeHeapSize                   = 5839372                                {pd product} {ergonomic}
    uintx NonProfiledCodeHeapSize                  = 122909434                              {pd product} {ergonomic}
    uintx ProfiledCodeHeapSize                     = 122909434                              {pd product} {ergonomic}
    uintx ReservedCodeCacheSize                    = 251658240                              {pd product} {ergonomic}
     bool SegmentedCodeCache                       = true                                      {product} {ergonomic}
   size_t SoftMaxHeapSize                          = 2147483648                             {manageable} {ergonomic}
     bool UseCompressedClassPointers               = true                           {product lp64_product} {ergonomic}
     bool UseCompressedOops                        = true                           {product lp64_product} {ergonomic}
     bool UseG1GC                                  = true                                      {product} {ergonomic}
     bool UseLargePagesIndividualAllocation        = false                                  {pd product} {ergonomic}

Logging:
Log output configuration:
 #0: stdout all=warning uptime,level,tags
 #1: stderr all=off uptime,level,tags

Environment Variables:
JAVA_HOME=C:\Program Files\Java\jdk-17
PATH=C:\Program Files (x86)\Common Files\Oracle\Java\javapath;C:\Program Files (x86)\VMware\VMware Workstation\bin\;D:\oraclexe\app\oracle\product\11.2.0\server\bin;C:\Program Files\Common Files\Oracle\Java\javapath;C:\WINDOWS\system32;C:\WINDOWS;C:\WINDOWS\System32\Wbem;C:\WINDOWS\System32\WindowsPowerShell\v1.0\;C:\WINDOWS\System32\OpenSSH\;c:\Program Files (x86)\Microsoft SQL Server\100\Tools\Binn\;c:\Program Files\Microsoft SQL Server\100\Tools\Binn\;c:\Program Files\Microsoft SQL Server\100\DTS\Binn\;D:\java_jdk 8\bin;C:\Program Files\Java\jdk-17\bin;C:\Program Files\Java\jdk-11\bin;C:\Program Files\Java\jdk-19\bin;C:\Program Files\Common Files\Oracle\Java\javapath;C:\ProgramData\ComposerSetup\bin;D:\XAAMP\php\php.exe;D:\xamp\php;C:\Program Files\wkhtmltopdf\bin;D:\node;C:\Program Files\Git\cmd;C:\Program Files\nodejs\;C:\Program Files\MongoDB\Server\6.0\bin;D:\XAAMP\php;C:\Program Files\Java\apache-maven-3.9.5\bin;C:\Users\hachem safae\AppData\Local\Programs\Python\Python310\Scripts\;C:\Users\hachem safae\AppData\Local\Programs\Python\Python310\;C:\Program Files\MySQL\MySQL Shell 8.0\bin\;C:\Users\hachem safae\AppData\Local\Microsoft\WindowsApps;C:\Users\hachem safae\AppData\Roaming\Dashlane\6.2007.0.32704\bin\Firefox_Extension\{442718d9-475e-452a-b3e1-fb1ee16b8e9f}\components;C:\Users\hachem safae\AppData\Roaming\Dashlane\6.2007.0.32704\ucrt;C:\Users\hachem safae\AppData\Roaming\Dashlane\6.2007.0.32704\bin\Qt;C:\Users\hachem safae\AppData\Roaming\Dashlane\6.2007.0.32704\bin\Ssl;C:\Program Files\JetBrains\IntelliJ IDEA Community Edition 2020.2.2\bin;C:\Users\hachem safae\AppData\Local\Microsoft\WindowsApps;C:\Users\hachem safae\AppData\Local\Programs\Microsoft VS Code\bin;C:\Program Files\IntelliJ IDEA Community Edition 2022.3.2\bin;;C:\Users\hachem safae\AppData\Local\ComposerSetup\bin;C:\Users\hachem safae\AppData\Roaming\Composer\vendor\bin;C:\Users\hachem safae\AppData\Roaming\npm;D:\android2\platform-tools;D:\XAAMP\php;C:\wamp64\bin\php\php5.6.40;C:\
USERNAME=hachem safae
OS=Windows_NT
PROCESSOR_IDENTIFIER=Intel64 Family 6 Model 142 Stepping 12, GenuineIntel
TMP=C:\Users\HACHEM~1\AppData\Local\Temp
TEMP=C:\Users\HACHEM~1\AppData\Local\Temp


JNI global refs:
JNI global refs: 29, weak refs: 22

JNI global refs memory usage: 843, weak refs: 841


---------------  S Y S T E M  ---------------

OS:
 Windows 11 , 64 bit Build 22621 (10.0.22621.2428)
OS uptime: 0 days 6:01 hours

CPU: total 8 (initial active 8) (4 cores per cpu, 2 threads per core) family 6 model 142 stepping 12 microcode 0xf6, cx8, cmov, fxsr, ht, mmx, 3dnowpref, sse, sse2, sse3, ssse3, sse4.1, sse4.2, popcnt, lzcnt, tsc, tscinvbit, avx, avx2, aes, erms, clmul, bmi1, bmi2, adx, fma, vzeroupper, clflush, clflushopt

Memory: 4k page, system-wide physical 16194M (1816M free)
TotalPageFile size 18242M (AvailPageFile size 56M)
current process WorkingSet (physical memory assigned to process): 431M, peak: 432M
current process commit charge ("private bytes"): 465M, peak: 526M

vm_info: OpenJDK 64-Bit Server VM (17.0.6+0-b2043.56-10027231) for windows-amd64 JRE (17.0.6+0-b2043.56-10027231), built on Apr 28 2023 00:43:19 by "androidbuild" with MS VC++ 16.10 / 16.11 (VS2019)

END.
