#
# There is insufficient memory for the Java Runtime Environment to continue.
# Native memory allocation (malloc) failed to allocate 1157040 bytes for Chunk::new
# Possible reasons:
#   The system is out of physical RAM or swap space
#   The process is running with CompressedOops enabled, and the Java Heap may be blocking the growth of the native heap
# Possible solutions:
#   Reduce memory load on the system
#   Increase physical memory or swap space
#   Check if swap backing store is full
#   Decrease Java heap size (-Xmx/-Xms)
#   Decrease number of Java threads
#   Decrease Java thread stack sizes (-Xss)
#   Set larger code cache with -XX:ReservedCodeCacheSize=
#   JVM is running with Unscaled Compressed Oops mode in which the Java heap is
#     placed in the first 4GB address space. The Java Heap base address is the
#     maximum limit for the native heap growth. Please use -XX:HeapBaseMinAddress
#     to set the Java Heap base and to place the Java Heap above 4GB virtual address.
# This output file may be truncated or incomplete.
#
#  Out of Memory Error (arena.cpp:189), pid=6272, tid=11648
#
# JRE version: OpenJDK Runtime Environment (17.0.6) (build 17.0.6+0-b2043.56-10027231)
# Java VM: OpenJDK 64-Bit Server VM (17.0.6+0-b2043.56-10027231, mixed mode, tiered, compressed oops, compressed class ptrs, g1 gc, windows-amd64)
# No core dump will be written. Minidumps are not enabled by default on client versions of Windows
#

---------------  S U M M A R Y ------------

Command Line: --add-opens=java.base/java.util=ALL-UNNAMED --add-opens=java.base/java.lang=ALL-UNNAMED --add-opens=java.base/java.lang.invoke=ALL-UNNAMED --add-opens=java.prefs/java.util.prefs=ALL-UNNAMED --add-opens=java.base/java.nio.charset=ALL-UNNAMED --add-opens=java.base/java.net=ALL-UNNAMED --add-opens=java.base/java.util.concurrent.atomic=ALL-UNNAMED -Xmx2048m -Dfile.encoding=UTF-8 -Duser.country=FR -Duser.language=fr -Duser.variant org.gradle.launcher.daemon.bootstrap.GradleDaemon 8.0

Host: Intel(R) Core(TM) i7-8565U CPU @ 1.80GHz, 8 cores, 15G,  Windows 11 , 64 bit Build 22621 (10.0.22621.2428)
Time: Wed Nov 15 16:51:53 2023 Maroc (heure d64 bit Build 22621 (10.0.22621.2428) elapsed time: 13.864496 seconds (0d 0h 0m 13s)

---------------  T H R E A D  ---------------

Current thread (0x00000115a5ea4010):  JavaThread "C2 CompilerThread2" daemon [_thread_in_native, id=11648, stack(0x0000000d85200000,0x0000000d85300000)]


Current CompileTask:
C2:  13864 11885       4       com.android.ide.common.blame.MergingLogPersistUtil$$Lambda$1290/0x0000000100ce4550::accept (12 bytes)

Stack: [0x0000000d85200000,0x0000000d85300000]
Native frames: (J=compiled Java code, j=interpreted, Vv=VM code, C=native code)
V  [jvm.dll+0x683c9a]
V  [jvm.dll+0x8427a4]
V  [jvm.dll+0x843f9e]
V  [jvm.dll+0x844603]
V  [jvm.dll+0x249b75]
V  [jvm.dll+0xabcac]
V  [jvm.dll+0xac27c]
V  [jvm.dll+0x368857]
V  [jvm.dll+0x1bd0b8]
V  [jvm.dll+0x21c359]
V  [jvm.dll+0x21b621]
V  [jvm.dll+0x1a4fdd]
V  [jvm.dll+0x22b098]
V  [jvm.dll+0x229159]
V  [jvm.dll+0x7f81ec]
V  [jvm.dll+0x7f274a]
V  [jvm.dll+0x682ad5]
C  [ucrtbase.dll+0x29363]
C  [KERNEL32.DLL+0x1257d]
C  [ntdll.dll+0x5aa78]


---------------  P R O C E S S  ---------------

Threads class SMR info:
_java_thread_list=0x00000115a29affc0, length=137, elements={
0x0000011583eedea0, 0x000001159e8744d0, 0x000001159e875340, 0x000001159e8bd4d0,
0x000001159e8be080, 0x000001159e8bec30, 0x000001159e8c1900, 0x000001159e8c29f0,
0x000001159e8c38a0, 0x000001159e8c66a0, 0x000001159ea2ffd0, 0x000001159ea481a0,
0x000001159eb22dc0, 0x000001159f5b49b0, 0x000001159f5b44e0, 0x000001159f5b61c0,
0x000001159f5b5cf0, 0x000001159f5b5820, 0x000001159f5b4010, 0x000001159f5b6b60,
0x000001159f5b7030, 0x000001159f5b7500, 0x000001159f5b4e80, 0x000001159f5b79d0,
0x00000115a1f67790, 0x00000115a1f63900, 0x00000115a1f63dd0, 0x00000115a1f655e0,
0x00000115a1f65ab0, 0x00000115a1f61c20, 0x00000115a1f65110, 0x00000115a1f66450,
0x00000115a1f620f0, 0x00000115a1f642a0, 0x00000115a1f60db0, 0x00000115a1f64770,
0x00000115a1f62a90, 0x00000115a1f672c0, 0x00000115a1f64c40, 0x00000115a1f61280,
0x00000115a1f65f80, 0x00000115a1f60410, 0x00000115a1f63430, 0x00000115a1f608e0,
0x00000115a5a351a0, 0x00000115a5a37cf0, 0x00000115a5a37350, 0x00000115a5a34800,
0x00000115a5a37820, 0x00000115a5a39030, 0x00000115a5a3a370, 0x00000115a5a36e80,
0x00000115a5a381c0, 0x00000115a5a3b1e0, 0x00000115a5a38690, 0x00000115a5a3a840,
0x00000115a5a38b60, 0x00000115a5a39500, 0x00000115a5a3ad10, 0x00000115a5a3b6b0,
0x00000115a5a34cd0, 0x00000115a5a399d0, 0x00000115a5a364e0, 0x00000115a5a369b0,
0x00000115a5a39ea0, 0x00000115a5a3bb80, 0x00000115a5a36010, 0x00000115a5a3c050,
0x00000115a5a35670, 0x00000115a5a35b40, 0x00000115a8139d30, 0x00000115a813bee0,
0x00000115a81389f0, 0x00000115a813ea30, 0x00000115a813dbc0, 0x00000115a8137b80,
0x00000115a813ef00, 0x00000115a813b540, 0x00000115a813e090, 0x00000115a8138050,
0x00000115a813a200, 0x00000115a813cd50, 0x00000115a8138ec0, 0x00000115a8138520,
0x00000115a813c3b0, 0x00000115a813e560, 0x00000115a813c880, 0x00000115a813a6d0,
0x00000115a813f3d0, 0x00000115a8139390, 0x00000115a8139860, 0x00000115a813aba0,
0x00000115a813b070, 0x00000115a813ba10, 0x00000115a813d220, 0x00000115a813d6f0,
0x00000115a5ef0500, 0x00000115a5eebcd0, 0x00000115a5eee350, 0x00000115a5eee820,
0x00000115a5eeecf0, 0x00000115a5eed9b0, 0x00000115a5eede80, 0x00000115a5eeb800,
0x00000115a5eef1c0, 0x00000115a5eea4c0, 0x00000115a5eef690, 0x00000115a5eefb60,
0x00000115a5ef0030, 0x00000115a5eeae60, 0x00000115a5ee9ff0, 0x00000115a5eec1a0,
0x00000115a5ee9180, 0x00000115a5eea990, 0x00000115a5eeb330, 0x00000115a5ee8cb0,
0x00000115a5eec670, 0x00000115a5eed4e0, 0x00000115a5ee9650, 0x00000115a5ee9b20,
0x00000115a5eecb40, 0x00000115a5eed010, 0x00000115a64d3880, 0x00000115a64d7be0,
0x00000115a64d3d50, 0x00000115a64d4bc0, 0x00000115a64d8580, 0x00000115a5ea4010,
0x00000115a64d93f0, 0x00000115a64d5f00, 0x00000115a64d1ba0, 0x00000115a64d2ee0,
0x00000115a64d2070, 0x00000115a64d2540, 0x00000115a64d46f0, 0x00000115a64d33b0,
0x00000115a64d5560
}

Java Threads: ( => current thread )
  0x0000011583eedea0 JavaThread "main" [_thread_blocked, id=20652, stack(0x0000000dfc200000,0x0000000dfc300000)]
  0x000001159e8744d0 JavaThread "Reference Handler" daemon [_thread_blocked, id=10396, stack(0x0000000dfc900000,0x0000000dfca00000)]
  0x000001159e875340 JavaThread "Finalizer" daemon [_thread_blocked, id=22384, stack(0x0000000dfca00000,0x0000000dfcb00000)]
  0x000001159e8bd4d0 JavaThread "Signal Dispatcher" daemon [_thread_blocked, id=13276, stack(0x0000000dfcb00000,0x0000000dfcc00000)]
  0x000001159e8be080 JavaThread "Attach Listener" daemon [_thread_blocked, id=5000, stack(0x0000000dfcc00000,0x0000000dfcd00000)]
  0x000001159e8bec30 JavaThread "Service Thread" daemon [_thread_blocked, id=1908, stack(0x0000000dfcd00000,0x0000000dfce00000)]
  0x000001159e8c1900 JavaThread "Monitor Deflation Thread" daemon [_thread_blocked, id=16248, stack(0x0000000dfce00000,0x0000000dfcf00000)]
  0x000001159e8c29f0 JavaThread "C2 CompilerThread0" daemon [_thread_in_native, id=21156, stack(0x0000000dfcf00000,0x0000000dfd000000)]
  0x000001159e8c38a0 JavaThread "C1 CompilerThread0" daemon [_thread_blocked, id=10156, stack(0x0000000dfd000000,0x0000000dfd100000)]
  0x000001159e8c66a0 JavaThread "Sweeper thread" daemon [_thread_blocked, id=18724, stack(0x0000000dfd100000,0x0000000dfd200000)]
  0x000001159ea2ffd0 JavaThread "Common-Cleaner" daemon [_thread_blocked, id=9344, stack(0x0000000dfd200000,0x0000000dfd300000)]
  0x000001159ea481a0 JavaThread "Notification Thread" daemon [_thread_blocked, id=900, stack(0x0000000dfd300000,0x0000000dfd400000)]
  0x000001159eb22dc0 JavaThread "C2 CompilerThread1" daemon [_thread_in_native, id=21264, stack(0x0000000dfd500000,0x0000000dfd600000)]
  0x000001159f5b49b0 JavaThread "Daemon health stats" [_thread_blocked, id=14012, stack(0x0000000dfdc00000,0x0000000dfdd00000)]
  0x000001159f5b44e0 JavaThread "Incoming local TCP Connector on port 62012" [_thread_in_native, id=10656, stack(0x0000000dfdd00000,0x0000000dfde00000)]
  0x000001159f5b61c0 JavaThread "Daemon periodic checks" [_thread_blocked, id=5852, stack(0x0000000dfde00000,0x0000000dfdf00000)]
  0x000001159f5b5cf0 JavaThread "Daemon" [_thread_blocked, id=2228, stack(0x0000000dfdf00000,0x0000000dfe000000)]
  0x000001159f5b5820 JavaThread "Handler for socket connection from /127.0.0.1:62012 to /127.0.0.1:62013" [_thread_in_native, id=18540, stack(0x0000000dfe000000,0x0000000dfe100000)]
  0x000001159f5b4010 JavaThread "Cancel handler" [_thread_blocked, id=8408, stack(0x0000000dfe100000,0x0000000dfe200000)]
  0x000001159f5b6b60 JavaThread "Daemon worker" [_thread_blocked, id=7140, stack(0x0000000dfe200000,0x0000000dfe300000)]
  0x000001159f5b7030 JavaThread "Asynchronous log dispatcher for DefaultDaemonConnection: socket connection from /127.0.0.1:62012 to /127.0.0.1:62013" [_thread_blocked, id=11084, stack(0x0000000dfe300000,0x0000000dfe400000)]
  0x000001159f5b7500 JavaThread "Stdin handler" [_thread_blocked, id=20796, stack(0x0000000dfe400000,0x0000000dfe500000)]
  0x000001159f5b4e80 JavaThread "Daemon client event forwarder" [_thread_blocked, id=21352, stack(0x0000000dfe500000,0x0000000dfe600000)]
  0x000001159f5b79d0 JavaThread "Cache worker for journal cache (C:\Users\hachem safae\.gradle\caches\journal-1)" [_thread_blocked, id=18364, stack(0x0000000dfe800000,0x0000000dfe900000)]
  0x00000115a1f67790 JavaThread "File lock request listener" [_thread_in_native, id=4380, stack(0x0000000dfe900000,0x0000000dfea00000)]
  0x00000115a1f63900 JavaThread "Cache worker for file hash cache (C:\Users\hachem safae\.gradle\caches\8.0\fileHashes)" [_thread_blocked, id=9436, stack(0x0000000dfea00000,0x0000000dfeb00000)]
  0x00000115a1f63dd0 JavaThread "File watcher server" daemon [_thread_in_native, id=1536, stack(0x0000000dfec00000,0x0000000dfed00000)]
  0x00000115a1f655e0 JavaThread "File watcher consumer" daemon [_thread_blocked, id=10992, stack(0x0000000dfed00000,0x0000000dfee00000)]
  0x00000115a1f65ab0 JavaThread "Cache worker for checksums cache (D:\App_Android studio\ControleFront\.gradle\8.0\checksums)" [_thread_blocked, id=20816, stack(0x0000000dfee00000,0x0000000dfef00000)]
  0x00000115a1f61c20 JavaThread "Cache worker for cache directory md-rule (C:\Users\hachem safae\.gradle\caches\8.0\md-rule)" [_thread_blocked, id=21980, stack(0x0000000dfef00000,0x0000000dff000000)]
  0x00000115a1f65110 JavaThread "Cache worker for file content cache (C:\Users\hachem safae\.gradle\caches\8.0\fileContent)" [_thread_blocked, id=9616, stack(0x0000000dff000000,0x0000000dff100000)]
  0x00000115a1f66450 JavaThread "Cache worker for file hash cache (D:\App_Android studio\ControleFront\.gradle\8.0\fileHashes)" [_thread_blocked, id=24260, stack(0x0000000dff100000,0x0000000dff200000)]
  0x00000115a1f620f0 JavaThread "Cache worker for cache directory md-supplier (C:\Users\hachem safae\.gradle\caches\8.0\md-supplier)" [_thread_blocked, id=8796, stack(0x0000000dff200000,0x0000000dff300000)]
  0x00000115a1f642a0 JavaThread "Cache worker for execution history cache (C:\Users\hachem safae\.gradle\caches\8.0\executionHistory)" [_thread_blocked, id=20144, stack(0x0000000dff300000,0x0000000dff400000)]
  0x00000115a1f60db0 JavaThread "jar transforms" [_thread_blocked, id=19616, stack(0x0000000dfeb00000,0x0000000dfec00000)]
  0x00000115a1f64770 JavaThread "jar transforms Thread 2" [_thread_blocked, id=15528, stack(0x0000000dff400000,0x0000000dff500000)]
  0x00000115a1f62a90 JavaThread "Cache worker for kotlin-dsl (C:\Users\hachem safae\.gradle\caches\8.0\kotlin-dsl)" [_thread_blocked, id=6724, stack(0x0000000dff700000,0x0000000dff800000)]
  0x00000115a1f672c0 JavaThread "jar transforms Thread 3" [_thread_blocked, id=10876, stack(0x0000000dff800000,0x0000000dff900000)]
  0x00000115a1f64c40 JavaThread "jar transforms Thread 4" [_thread_blocked, id=22392, stack(0x0000000dff900000,0x0000000dffa00000)]
  0x00000115a1f61280 JavaThread "Cache worker for dependencies-accessors (D:\App_Android studio\ControleFront\.gradle\8.0\dependencies-accessors)" [_thread_blocked, id=21792, stack(0x0000000dffa00000,0x0000000dffb00000)]
  0x00000115a1f65f80 JavaThread "Cache worker for Build Output Cleanup Cache (D:\App_Android studio\ControleFront\.gradle\buildOutputCleanup)" [_thread_blocked, id=6148, stack(0x0000000dffb00000,0x0000000dffc00000)]
  0x00000115a1f60410 JavaThread "jar transforms Thread 5" [_thread_blocked, id=16888, stack(0x0000000dffc00000,0x0000000dffd00000)]
  0x00000115a1f63430 JavaThread "Unconstrained build operations" [_thread_blocked, id=14088, stack(0x0000000dffd00000,0x0000000dffe00000)]
  0x00000115a1f608e0 JavaThread "Unconstrained build operations Thread 2" [_thread_blocked, id=10088, stack(0x0000000dffe00000,0x0000000dfff00000)]
  0x00000115a5a351a0 JavaThread "Unconstrained build operations Thread 3" [_thread_blocked, id=18036, stack(0x0000000dfff00000,0x0000000e00000000)]
  0x00000115a5a37cf0 JavaThread "Unconstrained build operations Thread 4" [_thread_blocked, id=10496, stack(0x0000000d80000000,0x0000000d80100000)]
  0x00000115a5a37350 JavaThread "Unconstrained build operations Thread 5" [_thread_blocked, id=21740, stack(0x0000000d80100000,0x0000000d80200000)]
  0x00000115a5a34800 JavaThread "Unconstrained build operations Thread 6" [_thread_blocked, id=20660, stack(0x0000000d80200000,0x0000000d80300000)]
  0x00000115a5a37820 JavaThread "Unconstrained build operations Thread 7" [_thread_blocked, id=17188, stack(0x0000000d80300000,0x0000000d80400000)]
  0x00000115a5a39030 JavaThread "Unconstrained build operations Thread 8" [_thread_blocked, id=1404, stack(0x0000000d80400000,0x0000000d80500000)]
  0x00000115a5a3a370 JavaThread "Unconstrained build operations Thread 9" [_thread_blocked, id=22808, stack(0x0000000d80500000,0x0000000d80600000)]
  0x00000115a5a36e80 JavaThread "Unconstrained build operations Thread 10" [_thread_blocked, id=21552, stack(0x0000000d80600000,0x0000000d80700000)]
  0x00000115a5a381c0 JavaThread "Unconstrained build operations Thread 11" [_thread_blocked, id=3756, stack(0x0000000d80700000,0x0000000d80800000)]
  0x00000115a5a3b1e0 JavaThread "Unconstrained build operations Thread 12" [_thread_blocked, id=21000, stack(0x0000000d80800000,0x0000000d80900000)]
  0x00000115a5a38690 JavaThread "Unconstrained build operations Thread 13" [_thread_blocked, id=6184, stack(0x0000000d80900000,0x0000000d80a00000)]
  0x00000115a5a3a840 JavaThread "Unconstrained build operations Thread 14" [_thread_blocked, id=19336, stack(0x0000000d80a00000,0x0000000d80b00000)]
  0x00000115a5a38b60 JavaThread "Unconstrained build operations Thread 15" [_thread_blocked, id=21800, stack(0x0000000d80b00000,0x0000000d80c00000)]
  0x00000115a5a39500 JavaThread "Unconstrained build operations Thread 16" [_thread_blocked, id=16380, stack(0x0000000d80c00000,0x0000000d80d00000)]
  0x00000115a5a3ad10 JavaThread "Unconstrained build operations Thread 17" [_thread_blocked, id=22820, stack(0x0000000d80d00000,0x0000000d80e00000)]
  0x00000115a5a3b6b0 JavaThread "Unconstrained build operations Thread 18" [_thread_blocked, id=1844, stack(0x0000000d80e00000,0x0000000d80f00000)]
  0x00000115a5a34cd0 JavaThread "Unconstrained build operations Thread 19" [_thread_blocked, id=17992, stack(0x0000000d80f00000,0x0000000d81000000)]
  0x00000115a5a399d0 JavaThread "Unconstrained build operations Thread 20" [_thread_blocked, id=68, stack(0x0000000d81000000,0x0000000d81100000)]
  0x00000115a5a364e0 JavaThread "Unconstrained build operations Thread 21" [_thread_blocked, id=5020, stack(0x0000000d81100000,0x0000000d81200000)]
  0x00000115a5a369b0 JavaThread "Unconstrained build operations Thread 22" [_thread_blocked, id=17700, stack(0x0000000d81200000,0x0000000d81300000)]
  0x00000115a5a39ea0 JavaThread "Unconstrained build operations Thread 23" [_thread_blocked, id=19344, stack(0x0000000d81300000,0x0000000d81400000)]
  0x00000115a5a3bb80 JavaThread "Unconstrained build operations Thread 24" [_thread_blocked, id=21832, stack(0x0000000d81400000,0x0000000d81500000)]
  0x00000115a5a36010 JavaThread "Unconstrained build operations Thread 25" [_thread_blocked, id=6320, stack(0x0000000d81500000,0x0000000d81600000)]
  0x00000115a5a3c050 JavaThread "Unconstrained build operations Thread 26" [_thread_blocked, id=7624, stack(0x0000000d81600000,0x0000000d81700000)]
  0x00000115a5a35670 JavaThread "Unconstrained build operations Thread 27" [_thread_blocked, id=14492, stack(0x0000000d81700000,0x0000000d81800000)]
  0x00000115a5a35b40 JavaThread "Unconstrained build operations Thread 28" [_thread_blocked, id=5708, stack(0x0000000d81800000,0x0000000d81900000)]
  0x00000115a8139d30 JavaThread "Unconstrained build operations Thread 29" [_thread_blocked, id=22144, stack(0x0000000d81900000,0x0000000d81a00000)]
  0x00000115a813bee0 JavaThread "Unconstrained build operations Thread 30" [_thread_blocked, id=22768, stack(0x0000000d81a00000,0x0000000d81b00000)]
  0x00000115a81389f0 JavaThread "Unconstrained build operations Thread 31" [_thread_blocked, id=21820, stack(0x0000000d81b00000,0x0000000d81c00000)]
  0x00000115a813ea30 JavaThread "Unconstrained build operations Thread 32" [_thread_blocked, id=11984, stack(0x0000000d81c00000,0x0000000d81d00000)]
  0x00000115a813dbc0 JavaThread "Unconstrained build operations Thread 33" [_thread_blocked, id=16868, stack(0x0000000d81d00000,0x0000000d81e00000)]
  0x00000115a8137b80 JavaThread "Unconstrained build operations Thread 34" [_thread_blocked, id=20356, stack(0x0000000d81e00000,0x0000000d81f00000)]
  0x00000115a813ef00 JavaThread "Unconstrained build operations Thread 35" [_thread_blocked, id=19424, stack(0x0000000d81f00000,0x0000000d82000000)]
  0x00000115a813b540 JavaThread "Unconstrained build operations Thread 36" [_thread_blocked, id=11192, stack(0x0000000d82000000,0x0000000d82100000)]
  0x00000115a813e090 JavaThread "Unconstrained build operations Thread 37" [_thread_blocked, id=10284, stack(0x0000000d82100000,0x0000000d82200000)]
  0x00000115a8138050 JavaThread "Unconstrained build operations Thread 38" [_thread_blocked, id=17112, stack(0x0000000d82200000,0x0000000d82300000)]
  0x00000115a813a200 JavaThread "Unconstrained build operations Thread 39" [_thread_blocked, id=20112, stack(0x0000000d82300000,0x0000000d82400000)]
  0x00000115a813cd50 JavaThread "Unconstrained build operations Thread 40" [_thread_blocked, id=20208, stack(0x0000000d82400000,0x0000000d82500000)]
  0x00000115a8138ec0 JavaThread "Unconstrained build operations Thread 41" [_thread_blocked, id=13200, stack(0x0000000d82500000,0x0000000d82600000)]
  0x00000115a8138520 JavaThread "Unconstrained build operations Thread 42" [_thread_blocked, id=21324, stack(0x0000000d82600000,0x0000000d82700000)]
  0x00000115a813c3b0 JavaThread "Unconstrained build operations Thread 43" [_thread_blocked, id=1548, stack(0x0000000d82700000,0x0000000d82800000)]
  0x00000115a813e560 JavaThread "Unconstrained build operations Thread 44" [_thread_blocked, id=2936, stack(0x0000000d82800000,0x0000000d82900000)]
  0x00000115a813c880 JavaThread "Unconstrained build operations Thread 45" [_thread_blocked, id=17496, stack(0x0000000d82900000,0x0000000d82a00000)]
  0x00000115a813a6d0 JavaThread "Unconstrained build operations Thread 46" [_thread_blocked, id=4284, stack(0x0000000d82a00000,0x0000000d82b00000)]
  0x00000115a813f3d0 JavaThread "Unconstrained build operations Thread 47" [_thread_blocked, id=7596, stack(0x0000000d82b00000,0x0000000d82c00000)]
  0x00000115a8139390 JavaThread "Unconstrained build operations Thread 48" [_thread_blocked, id=24532, stack(0x0000000d82c00000,0x0000000d82d00000)]
  0x00000115a8139860 JavaThread "Unconstrained build operations Thread 49" [_thread_blocked, id=22088, stack(0x0000000d82d00000,0x0000000d82e00000)]
  0x00000115a813aba0 JavaThread "Unconstrained build operations Thread 50" [_thread_blocked, id=21896, stack(0x0000000d82e00000,0x0000000d82f00000)]
  0x00000115a813b070 JavaThread "Unconstrained build operations Thread 51" [_thread_blocked, id=11236, stack(0x0000000d82f00000,0x0000000d83000000)]
  0x00000115a813ba10 JavaThread "Unconstrained build operations Thread 52" [_thread_blocked, id=21188, stack(0x0000000d83000000,0x0000000d83100000)]
  0x00000115a813d220 JavaThread "Unconstrained build operations Thread 53" [_thread_blocked, id=24192, stack(0x0000000d83100000,0x0000000d83200000)]
  0x00000115a813d6f0 JavaThread "Unconstrained build operations Thread 54" [_thread_blocked, id=15516, stack(0x0000000d83200000,0x0000000d83300000)]
  0x00000115a5ef0500 JavaThread "Unconstrained build operations Thread 55" [_thread_blocked, id=17060, stack(0x0000000d83300000,0x0000000d83400000)]
  0x00000115a5eebcd0 JavaThread "Unconstrained build operations Thread 56" [_thread_blocked, id=11052, stack(0x0000000d83400000,0x0000000d83500000)]
  0x00000115a5eee350 JavaThread "Unconstrained build operations Thread 57" [_thread_blocked, id=21940, stack(0x0000000d83500000,0x0000000d83600000)]
  0x00000115a5eee820 JavaThread "Unconstrained build operations Thread 58" [_thread_blocked, id=6844, stack(0x0000000d83600000,0x0000000d83700000)]
  0x00000115a5eeecf0 JavaThread "Unconstrained build operations Thread 59" [_thread_blocked, id=19220, stack(0x0000000d83700000,0x0000000d83800000)]
  0x00000115a5eed9b0 JavaThread "Unconstrained build operations Thread 60" [_thread_blocked, id=16416, stack(0x0000000d83800000,0x0000000d83900000)]
  0x00000115a5eede80 JavaThread "Unconstrained build operations Thread 61" [_thread_blocked, id=18440, stack(0x0000000d83900000,0x0000000d83a00000)]
  0x00000115a5eeb800 JavaThread "Unconstrained build operations Thread 62" [_thread_blocked, id=22308, stack(0x0000000d83a00000,0x0000000d83b00000)]
  0x00000115a5eef1c0 JavaThread "Unconstrained build operations Thread 63" [_thread_blocked, id=24512, stack(0x0000000d83b00000,0x0000000d83c00000)]
  0x00000115a5eea4c0 JavaThread "Unconstrained build operations Thread 64" [_thread_blocked, id=24032, stack(0x0000000d83c00000,0x0000000d83d00000)]
  0x00000115a5eef690 JavaThread "Unconstrained build operations Thread 65" [_thread_blocked, id=14752, stack(0x0000000d83d00000,0x0000000d83e00000)]
  0x00000115a5eefb60 JavaThread "Unconstrained build operations Thread 66" [_thread_blocked, id=4940, stack(0x0000000d83e00000,0x0000000d83f00000)]
  0x00000115a5ef0030 JavaThread "Unconstrained build operations Thread 67" [_thread_blocked, id=18140, stack(0x0000000d83f00000,0x0000000d84000000)]
  0x00000115a5eeae60 JavaThread "Unconstrained build operations Thread 68" [_thread_blocked, id=13872, stack(0x0000000d84000000,0x0000000d84100000)]
  0x00000115a5ee9ff0 JavaThread "Unconstrained build operations Thread 69" [_thread_blocked, id=19624, stack(0x0000000d84100000,0x0000000d84200000)]
  0x00000115a5eec1a0 JavaThread "Unconstrained build operations Thread 70" [_thread_blocked, id=21296, stack(0x0000000d84200000,0x0000000d84300000)]
  0x00000115a5ee9180 JavaThread "Unconstrained build operations Thread 71" [_thread_blocked, id=6568, stack(0x0000000d84300000,0x0000000d84400000)]
  0x00000115a5eea990 JavaThread "Unconstrained build operations Thread 72" [_thread_blocked, id=20392, stack(0x0000000d84400000,0x0000000d84500000)]
  0x00000115a5eeb330 JavaThread "Unconstrained build operations Thread 73" [_thread_blocked, id=10676, stack(0x0000000d84500000,0x0000000d84600000)]
  0x00000115a5ee8cb0 JavaThread "Unconstrained build operations Thread 74" [_thread_blocked, id=18796, stack(0x0000000d84600000,0x0000000d84700000)]
  0x00000115a5eec670 JavaThread "Unconstrained build operations Thread 75" [_thread_blocked, id=6312, stack(0x0000000d84700000,0x0000000d84800000)]
  0x00000115a5eed4e0 JavaThread "Unconstrained build operations Thread 76" [_thread_blocked, id=23120, stack(0x0000000d84800000,0x0000000d84900000)]
  0x00000115a5ee9650 JavaThread "Unconstrained build operations Thread 77" [_thread_blocked, id=22804, stack(0x0000000d84900000,0x0000000d84a00000)]
  0x00000115a5ee9b20 JavaThread "Unconstrained build operations Thread 78" [_thread_blocked, id=22040, stack(0x0000000d84a00000,0x0000000d84b00000)]
  0x00000115a5eecb40 JavaThread "Unconstrained build operations Thread 79" [_thread_blocked, id=22716, stack(0x0000000d84b00000,0x0000000d84c00000)]
  0x00000115a5eed010 JavaThread "Unconstrained build operations Thread 80" [_thread_blocked, id=21292, stack(0x0000000d84c00000,0x0000000d84d00000)]
  0x00000115a64d3880 JavaThread "jar transforms Thread 6" [_thread_blocked, id=22672, stack(0x0000000d84d00000,0x0000000d84e00000)]
  0x00000115a64d7be0 JavaThread "jar transforms Thread 7" [_thread_blocked, id=19104, stack(0x0000000d84e00000,0x0000000d84f00000)]
  0x00000115a64d3d50 JavaThread "jar transforms Thread 8" [_thread_blocked, id=24352, stack(0x0000000d84f00000,0x0000000d85000000)]
  0x00000115a64d4bc0 JavaThread "build event listener" [_thread_blocked, id=22024, stack(0x0000000d85000000,0x0000000d85100000)]
  0x00000115a64d8580 JavaThread "Memory manager" [_thread_blocked, id=20872, stack(0x0000000d85100000,0x0000000d85200000)]
=>0x00000115a5ea4010 JavaThread "C2 CompilerThread2" daemon [_thread_in_native, id=11648, stack(0x0000000d85200000,0x0000000d85300000)]
  0x00000115a64d93f0 JavaThread "included builds" [_thread_blocked, id=6928, stack(0x0000000d85300000,0x0000000d85400000)]
  0x00000115a64d5f00 JavaThread "Execution worker" [_thread_blocked, id=16372, stack(0x0000000d85400000,0x0000000d85500000)]
  0x00000115a64d1ba0 JavaThread "Execution worker Thread 2" [_thread_blocked, id=148, stack(0x0000000d85500000,0x0000000d85600000)]
  0x00000115a64d2ee0 JavaThread "Execution worker Thread 3" [_thread_in_vm, id=10012, stack(0x0000000d85600000,0x0000000d85700000)]
  0x00000115a64d2070 JavaThread "Execution worker Thread 4" [_thread_blocked, id=13868, stack(0x0000000d85700000,0x0000000d85800000)]
  0x00000115a64d2540 JavaThread "Execution worker Thread 5" [_thread_blocked, id=21340, stack(0x0000000d85800000,0x0000000d85900000)]
  0x00000115a64d46f0 JavaThread "Execution worker Thread 6" [_thread_blocked, id=14804, stack(0x0000000d85900000,0x0000000d85a00000)]
  0x00000115a64d33b0 JavaThread "Execution worker Thread 7" [_thread_blocked, id=20572, stack(0x0000000d85a00000,0x0000000d85b00000)]
  0x00000115a64d5560 JavaThread "Cache worker for execution history cache (D:\App_Android studio\ControleFront\.gradle\8.0\executionHistory)" [_thread_blocked, id=3056, stack(0x0000000d85b00000,0x0000000d85c00000)]

Other Threads:
  0x000001159e8727d0 VMThread "VM Thread" [stack: 0x0000000dfc800000,0x0000000dfc900000] [id=16012]
  0x0000011583f62ae0 WatcherThread [stack: 0x0000000dfd400000,0x0000000dfd500000] [id=12312]
  0x0000011583f48c00 GCTaskThread "GC Thread#0" [stack: 0x0000000dfc300000,0x0000000dfc400000] [id=9188]
  0x000001159f5ab7d0 GCTaskThread "GC Thread#1" [stack: 0x0000000dfd700000,0x0000000dfd800000] [id=4592]
  0x000001159f5aba80 GCTaskThread "GC Thread#2" [stack: 0x0000000dfd800000,0x0000000dfd900000] [id=12040]
  0x000001159f6c0390 GCTaskThread "GC Thread#3" [stack: 0x0000000dfd900000,0x0000000dfda00000] [id=21004]
  0x000001159f6c0640 GCTaskThread "GC Thread#4" [stack: 0x0000000dfda00000,0x0000000dfdb00000] [id=8664]
  0x000001159f6c08f0 GCTaskThread "GC Thread#5" [stack: 0x0000000dfdb00000,0x0000000dfdc00000] [id=12900]
  0x00000115a16c8050 GCTaskThread "GC Thread#6" [stack: 0x0000000dfd600000,0x0000000dfd700000] [id=2320]
  0x00000115a1702fb0 GCTaskThread "GC Thread#7" [stack: 0x0000000dfe600000,0x0000000dfe700000] [id=20792]
  0x0000011583f59b40 ConcurrentGCThread "G1 Main Marker" [stack: 0x0000000dfc400000,0x0000000dfc500000] [id=16280]
  0x0000011583f5a550 ConcurrentGCThread "G1 Conc#0" [stack: 0x0000000dfc500000,0x0000000dfc600000] [id=2068]
  0x00000115a1bbc510 ConcurrentGCThread "G1 Conc#1" [stack: 0x0000000dfe700000,0x0000000dfe800000] [id=10944]
  0x0000011583fada40 ConcurrentGCThread "G1 Refine#0" [stack: 0x0000000dfc600000,0x0000000dfc700000] [id=20532]
  0x00000115a4d87340 ConcurrentGCThread "G1 Refine#1" [stack: 0x0000000dff600000,0x0000000dff700000] [id=20836]
  0x00000115a14a3a00 ConcurrentGCThread "G1 Refine#2" [stack: 0x0000000d85c00000,0x0000000d85d00000] [id=22800]
  0x0000011583fae460 ConcurrentGCThread "G1 Service" [stack: 0x0000000dfc700000,0x0000000dfc800000] [id=4344]

Threads with active compile tasks:
C2 CompilerThread0    13906 11907       4       com.android.ide.common.resources.NodeUtils::updateNamespace (167 bytes)
C2 CompilerThread1    13906 11886       4       com.android.ide.common.blame.MergingLogPersistUtil::lambda$normalize$0 (107 bytes)
C2 CompilerThread2    13906 11885       4       com.android.ide.common.blame.MergingLogPersistUtil$$Lambda$1290/0x0000000100ce4550::accept (12 bytes)

VM state: not at safepoint (normal execution)

VM Mutex/Monitor currently owned by a thread: None

Heap address: 0x0000000080000000, size: 2048 MB, Compressed Oops mode: 32-bit

CDS archive(s) not mapped
Compressed class space mapped at: 0x0000000100000000-0x0000000140000000, reserved size: 1073741824
Narrow klass base: 0x0000000000000000, Narrow klass shift: 3, Narrow klass range: 0x140000000

GC Precious Log:
 CPUs: 8 total, 8 available
 Memory: 16194M
 Large Page Support: Disabled
 NUMA Support: Disabled
 Compressed Oops: Enabled (32-bit)
 Heap Region Size: 1M
 Heap Min Capacity: 8M
 Heap Initial Capacity: 254M
 Heap Max Capacity: 2G
 Pre-touch: Disabled
 Parallel Workers: 8
 Concurrent Workers: 2
 Concurrent Refinement Workers: 8
 Periodic GC: Disabled

Heap:
 garbage-first heap   total 201728K, used 120159K [0x0000000080000000, 0x0000000100000000)
  region size 1024K, 8 young (8192K), 6 survivors (6144K)
 Metaspace       used 94891K, committed 95616K, reserved 1138688K
  class space    used 12833K, committed 13184K, reserved 1048576K

Heap Regions: E=young(eden), S=young(survivor), O=old, HS=humongous(starts), HC=humongous(continues), CS=collection set, F=free, OA=open archive, CA=closed archive, TAMS=top-at-mark-start (previous, next)
|   0|0x0000000080000000, 0x0000000080100000, 0x0000000080100000|100%|HS|  |TAMS 0x0000000080100000, 0x0000000080000000| Complete 
|   1|0x0000000080100000, 0x0000000080200000, 0x0000000080200000|100%|HC|  |TAMS 0x0000000080200000, 0x0000000080100000| Complete 
|   2|0x0000000080200000, 0x0000000080300000, 0x0000000080300000|100%|HC|  |TAMS 0x0000000080300000, 0x0000000080200000| Complete 
|   3|0x0000000080300000, 0x0000000080400000, 0x0000000080400000|100%|HC|  |TAMS 0x0000000080400000, 0x0000000080300000| Complete 
|   4|0x0000000080400000, 0x0000000080500000, 0x0000000080500000|100%| O|  |TAMS 0x0000000080500000, 0x0000000080400000| Untracked 
|   5|0x0000000080500000, 0x0000000080600000, 0x0000000080600000|100%| O|  |TAMS 0x0000000080600000, 0x0000000080500000| Untracked 
|   6|0x0000000080600000, 0x0000000080700000, 0x0000000080700000|100%| O|  |TAMS 0x0000000080700000, 0x0000000080600000| Untracked 
|   7|0x0000000080700000, 0x0000000080800000, 0x0000000080800000|100%| O|  |TAMS 0x0000000080800000, 0x0000000080700000| Untracked 
|   8|0x0000000080800000, 0x0000000080900000, 0x0000000080900000|100%| O|  |TAMS 0x0000000080900000, 0x0000000080800000| Untracked 
|   9|0x0000000080900000, 0x0000000080a00000, 0x0000000080a00000|100%| O|  |TAMS 0x0000000080a00000, 0x0000000080900000| Untracked 
|  10|0x0000000080a00000, 0x0000000080b00000, 0x0000000080b00000|100%| O|  |TAMS 0x0000000080b00000, 0x0000000080a00000| Untracked 
|  11|0x0000000080b00000, 0x0000000080c00000, 0x0000000080c00000|100%| O|  |TAMS 0x0000000080c00000, 0x0000000080b00000| Untracked 
|  12|0x0000000080c00000, 0x0000000080d00000, 0x0000000080d00000|100%| O|  |TAMS 0x0000000080d00000, 0x0000000080c00000| Untracked 
|  13|0x0000000080d00000, 0x0000000080e00000, 0x0000000080e00000|100%| O|  |TAMS 0x0000000080e00000, 0x0000000080d00000| Untracked 
|  14|0x0000000080e00000, 0x0000000080f00000, 0x0000000080f00000|100%| O|  |TAMS 0x0000000080f00000, 0x0000000080e00000| Untracked 
|  15|0x0000000080f00000, 0x0000000081000000, 0x0000000081000000|100%| O|  |TAMS 0x0000000081000000, 0x0000000080f00000| Untracked 
|  16|0x0000000081000000, 0x0000000081100000, 0x0000000081100000|100%| O|  |TAMS 0x0000000081100000, 0x0000000081000000| Untracked 
|  17|0x0000000081100000, 0x0000000081200000, 0x0000000081200000|100%| O|  |TAMS 0x0000000081200000, 0x0000000081100000| Untracked 
|  18|0x0000000081200000, 0x0000000081300000, 0x0000000081300000|100%| O|  |TAMS 0x0000000081300000, 0x0000000081200000| Untracked 
|  19|0x0000000081300000, 0x0000000081400000, 0x0000000081400000|100%| O|  |TAMS 0x0000000081400000, 0x0000000081300000| Untracked 
|  20|0x0000000081400000, 0x0000000081500000, 0x0000000081500000|100%| O|  |TAMS 0x0000000081500000, 0x0000000081400000| Untracked 
|  21|0x0000000081500000, 0x0000000081600000, 0x0000000081600000|100%| O|  |TAMS 0x0000000081600000, 0x0000000081500000| Untracked 
|  22|0x0000000081600000, 0x0000000081700000, 0x0000000081700000|100%| O|  |TAMS 0x0000000081700000, 0x0000000081600000| Untracked 
|  23|0x0000000081700000, 0x0000000081800000, 0x0000000081800000|100%| O|  |TAMS 0x0000000081800000, 0x0000000081700000| Untracked 
|  24|0x0000000081800000, 0x0000000081900000, 0x0000000081900000|100%| O|  |TAMS 0x0000000081900000, 0x0000000081800000| Untracked 
|  25|0x0000000081900000, 0x0000000081a00000, 0x0000000081a00000|100%| O|  |TAMS 0x0000000081a00000, 0x0000000081900000| Untracked 
|  26|0x0000000081a00000, 0x0000000081b00000, 0x0000000081b00000|100%| O|  |TAMS 0x0000000081b00000, 0x0000000081a00000| Untracked 
|  27|0x0000000081b00000, 0x0000000081c00000, 0x0000000081c00000|100%| O|  |TAMS 0x0000000081c00000, 0x0000000081b00000| Untracked 
|  28|0x0000000081c00000, 0x0000000081d00000, 0x0000000081d00000|100%| O|  |TAMS 0x0000000081d00000, 0x0000000081c00000| Untracked 
|  29|0x0000000081d00000, 0x0000000081e00000, 0x0000000081e00000|100%| O|  |TAMS 0x0000000081e00000, 0x0000000081d00000| Untracked 
|  30|0x0000000081e00000, 0x0000000081f00000, 0x0000000081f00000|100%| O|  |TAMS 0x0000000081f00000, 0x0000000081e00000| Untracked 
|  31|0x0000000081f00000, 0x0000000082000000, 0x0000000082000000|100%|HS|  |TAMS 0x0000000082000000, 0x0000000081f00000| Complete 
|  32|0x0000000082000000, 0x0000000082100000, 0x0000000082100000|100%|HS|  |TAMS 0x0000000082100000, 0x0000000082000000| Complete 
|  33|0x0000000082100000, 0x0000000082200000, 0x0000000082200000|100%|HS|  |TAMS 0x0000000082200000, 0x0000000082100000| Complete 
|  34|0x0000000082200000, 0x0000000082300000, 0x0000000082300000|100%| O|  |TAMS 0x0000000082300000, 0x0000000082200000| Untracked 
|  35|0x0000000082300000, 0x0000000082400000, 0x0000000082400000|100%| O|  |TAMS 0x0000000082400000, 0x0000000082300000| Untracked 
|  36|0x0000000082400000, 0x0000000082500000, 0x0000000082500000|100%| O|  |TAMS 0x0000000082500000, 0x0000000082400000| Untracked 
|  37|0x0000000082500000, 0x0000000082600000, 0x0000000082600000|100%| O|  |TAMS 0x0000000082600000, 0x0000000082500000| Untracked 
|  38|0x0000000082600000, 0x0000000082700000, 0x0000000082700000|100%| O|  |TAMS 0x0000000082700000, 0x0000000082600000| Untracked 
|  39|0x0000000082700000, 0x0000000082800000, 0x0000000082800000|100%| O|  |TAMS 0x0000000082800000, 0x0000000082700000| Untracked 
|  40|0x0000000082800000, 0x0000000082900000, 0x0000000082900000|100%| O|  |TAMS 0x0000000082900000, 0x0000000082800000| Complete 
|  41|0x0000000082900000, 0x0000000082a00000, 0x0000000082a00000|100%| O|  |TAMS 0x0000000082a00000, 0x0000000082900000| Untracked 
|  42|0x0000000082a00000, 0x0000000082b00000, 0x0000000082b00000|100%| O|  |TAMS 0x0000000082b00000, 0x0000000082a00000| Untracked 
|  43|0x0000000082b00000, 0x0000000082c00000, 0x0000000082c00000|100%| O|  |TAMS 0x0000000082c00000, 0x0000000082b00000| Untracked 
|  44|0x0000000082c00000, 0x0000000082d00000, 0x0000000082d00000|100%| O|  |TAMS 0x0000000082d00000, 0x0000000082c00000| Untracked 
|  45|0x0000000082d00000, 0x0000000082e00000, 0x0000000082e00000|100%| O|  |TAMS 0x0000000082e00000, 0x0000000082d00000| Untracked 
|  46|0x0000000082e00000, 0x0000000082f00000, 0x0000000082f00000|100%| O|  |TAMS 0x0000000082f00000, 0x0000000082e00000| Untracked 
|  47|0x0000000082f00000, 0x0000000083000000, 0x0000000083000000|100%| O|  |TAMS 0x0000000083000000, 0x0000000082f00000| Untracked 
|  48|0x0000000083000000, 0x0000000083100000, 0x0000000083100000|100%| O|  |TAMS 0x0000000083100000, 0x0000000083000000| Untracked 
|  49|0x0000000083100000, 0x0000000083200000, 0x0000000083200000|100%| O|  |TAMS 0x0000000083200000, 0x0000000083100000| Untracked 
|  50|0x0000000083200000, 0x0000000083300000, 0x0000000083300000|100%| O|  |TAMS 0x0000000083300000, 0x0000000083200000| Untracked 
|  51|0x0000000083300000, 0x0000000083400000, 0x0000000083400000|100%| O|  |TAMS 0x0000000083400000, 0x0000000083300000| Untracked 
|  52|0x0000000083400000, 0x0000000083500000, 0x0000000083500000|100%| O|  |TAMS 0x0000000083500000, 0x0000000083400000| Untracked 
|  53|0x0000000083500000, 0x0000000083600000, 0x0000000083600000|100%| O|  |TAMS 0x0000000083600000, 0x0000000083500000| Untracked 
|  54|0x0000000083600000, 0x0000000083700000, 0x0000000083700000|100%| O|  |TAMS 0x0000000083700000, 0x0000000083600000| Complete 
|  55|0x0000000083700000, 0x0000000083800000, 0x0000000083800000|100%| O|  |TAMS 0x0000000083800000, 0x0000000083700000| Untracked 
|  56|0x0000000083800000, 0x0000000083900000, 0x0000000083900000|100%| O|  |TAMS 0x0000000083900000, 0x0000000083800000| Untracked 
|  57|0x0000000083900000, 0x0000000083a00000, 0x0000000083a00000|100%| O|  |TAMS 0x0000000083a00000, 0x0000000083900000| Untracked 
|  58|0x0000000083a00000, 0x0000000083b00000, 0x0000000083b00000|100%| O|  |TAMS 0x0000000083b00000, 0x0000000083a00000| Untracked 
|  59|0x0000000083b00000, 0x0000000083c00000, 0x0000000083c00000|100%| O|  |TAMS 0x0000000083c00000, 0x0000000083b00000| Untracked 
|  60|0x0000000083c00000, 0x0000000083d00000, 0x0000000083d00000|100%| O|  |TAMS 0x0000000083d00000, 0x0000000083c00000| Untracked 
|  61|0x0000000083d00000, 0x0000000083e00000, 0x0000000083e00000|100%| O|  |TAMS 0x0000000083e00000, 0x0000000083d00000| Untracked 
|  62|0x0000000083e00000, 0x0000000083f00000, 0x0000000083f00000|100%| O|  |TAMS 0x0000000083f00000, 0x0000000083e00000| Untracked 
|  63|0x0000000083f00000, 0x0000000084000000, 0x0000000084000000|100%| O|  |TAMS 0x0000000084000000, 0x0000000083f00000| Untracked 
|  64|0x0000000084000000, 0x0000000084100000, 0x0000000084100000|100%| O|  |TAMS 0x0000000084100000, 0x0000000084000000| Untracked 
|  65|0x0000000084100000, 0x0000000084200000, 0x0000000084200000|100%| O|  |TAMS 0x0000000084200000, 0x0000000084100000| Untracked 
|  66|0x0000000084200000, 0x0000000084300000, 0x0000000084300000|100%| O|  |TAMS 0x0000000084300000, 0x0000000084200000| Untracked 
|  67|0x0000000084300000, 0x0000000084400000, 0x0000000084400000|100%| O|  |TAMS 0x0000000084400000, 0x0000000084300000| Untracked 
|  68|0x0000000084400000, 0x0000000084500000, 0x0000000084500000|100%| O|  |TAMS 0x0000000084500000, 0x0000000084400000| Untracked 
|  69|0x0000000084500000, 0x0000000084600000, 0x0000000084600000|100%| O|  |TAMS 0x0000000084600000, 0x0000000084500000| Untracked 
|  70|0x0000000084600000, 0x0000000084700000, 0x0000000084700000|100%| O|  |TAMS 0x0000000084700000, 0x0000000084600000| Untracked 
|  71|0x0000000084700000, 0x0000000084800000, 0x0000000084800000|100%| O|  |TAMS 0x0000000084800000, 0x0000000084700000| Untracked 
|  72|0x0000000084800000, 0x0000000084900000, 0x0000000084900000|100%| O|  |TAMS 0x0000000084900000, 0x0000000084800000| Untracked 
|  73|0x0000000084900000, 0x0000000084a00000, 0x0000000084a00000|100%| O|  |TAMS 0x0000000084a00000, 0x0000000084900000| Untracked 
|  74|0x0000000084a00000, 0x0000000084b00000, 0x0000000084b00000|100%| O|  |TAMS 0x0000000084a00000, 0x0000000084a00000| Untracked 
|  75|0x0000000084b00000, 0x0000000084c00000, 0x0000000084c00000|100%| O|  |TAMS 0x0000000084c00000, 0x0000000084b00000| Untracked 
|  76|0x0000000084c00000, 0x0000000084d00000, 0x0000000084d00000|100%| O|  |TAMS 0x0000000084d00000, 0x0000000084c00000| Untracked 
|  77|0x0000000084d00000, 0x0000000084e00000, 0x0000000084e00000|100%| O|  |TAMS 0x0000000084e00000, 0x0000000084d00000| Untracked 
|  78|0x0000000084e00000, 0x0000000084f00000, 0x0000000084f00000|100%| O|  |TAMS 0x0000000084f00000, 0x0000000084e00000| Untracked 
|  79|0x0000000084f00000, 0x0000000085000000, 0x0000000085000000|100%| O|  |TAMS 0x0000000085000000, 0x0000000084f00000| Untracked 
|  80|0x0000000085000000, 0x0000000085100000, 0x0000000085100000|100%| O|  |TAMS 0x0000000085100000, 0x0000000085000000| Untracked 
|  81|0x0000000085100000, 0x0000000085200000, 0x0000000085200000|100%| O|  |TAMS 0x0000000085200000, 0x0000000085100000| Untracked 
|  82|0x0000000085200000, 0x0000000085300000, 0x0000000085300000|100%| O|  |TAMS 0x0000000085236e00, 0x0000000085200000| Untracked 
|  83|0x0000000085300000, 0x0000000085300000, 0x0000000085400000|  0%| F|  |TAMS 0x0000000085300000, 0x0000000085300000| Untracked 
|  84|0x0000000085400000, 0x0000000085400000, 0x0000000085500000|  0%| F|  |TAMS 0x0000000085400000, 0x0000000085400000| Untracked 
|  85|0x0000000085500000, 0x0000000085600000, 0x0000000085600000|100%| O|  |TAMS 0x0000000085500000, 0x0000000085500000| Untracked 
|  86|0x0000000085600000, 0x0000000085700000, 0x0000000085700000|100%| O|  |TAMS 0x0000000085600000, 0x0000000085600000| Untracked 
|  87|0x0000000085700000, 0x0000000085800000, 0x0000000085800000|100%| O|  |TAMS 0x0000000085700000, 0x0000000085700000| Untracked 
|  88|0x0000000085800000, 0x0000000085900000, 0x0000000085900000|100%| O|  |TAMS 0x0000000085800000, 0x0000000085800000| Untracked 
|  89|0x0000000085900000, 0x0000000085a00000, 0x0000000085a00000|100%|HS|  |TAMS 0x0000000085a00000, 0x0000000085900000| Complete 
|  90|0x0000000085a00000, 0x0000000085b00000, 0x0000000085b00000|100%|HC|  |TAMS 0x0000000085b00000, 0x0000000085a00000| Complete 
|  91|0x0000000085b00000, 0x0000000085c00000, 0x0000000085c00000|100%| O|  |TAMS 0x0000000085b00000, 0x0000000085b00000| Untracked 
|  92|0x0000000085c00000, 0x0000000085d00000, 0x0000000085d00000|100%| O|  |TAMS 0x0000000085c00000, 0x0000000085c00000| Untracked 
|  93|0x0000000085d00000, 0x0000000085e00000, 0x0000000085e00000|100%| O|  |TAMS 0x0000000085d00000, 0x0000000085d00000| Untracked 
|  94|0x0000000085e00000, 0x0000000085f00000, 0x0000000085f00000|100%| O|  |TAMS 0x0000000085e00000, 0x0000000085e00000| Untracked 
|  95|0x0000000085f00000, 0x0000000085f00000, 0x0000000086000000|  0%| F|  |TAMS 0x0000000085f00000, 0x0000000085f00000| Untracked 
|  96|0x0000000086000000, 0x0000000086000000, 0x0000000086100000|  0%| F|  |TAMS 0x0000000086000000, 0x0000000086000000| Untracked 
|  97|0x0000000086100000, 0x0000000086200000, 0x0000000086200000|100%| O|  |TAMS 0x0000000086100000, 0x0000000086100000| Untracked 
|  98|0x0000000086200000, 0x0000000086300000, 0x0000000086300000|100%| O|  |TAMS 0x0000000086200000, 0x0000000086200000| Untracked 
|  99|0x0000000086300000, 0x0000000086400000, 0x0000000086400000|100%| O|  |TAMS 0x0000000086300000, 0x0000000086300000| Untracked 
| 100|0x0000000086400000, 0x0000000086500000, 0x0000000086500000|100%| O|  |TAMS 0x0000000086400000, 0x0000000086400000| Untracked 
| 101|0x0000000086500000, 0x0000000086600000, 0x0000000086600000|100%| O|  |TAMS 0x0000000086500000, 0x0000000086500000| Untracked 
| 102|0x0000000086600000, 0x0000000086700000, 0x0000000086700000|100%| O|  |TAMS 0x0000000086600000, 0x0000000086600000| Untracked 
| 103|0x0000000086700000, 0x0000000086800000, 0x0000000086800000|100%| O|  |TAMS 0x0000000086700000, 0x0000000086700000| Untracked 
| 104|0x0000000086800000, 0x0000000086900000, 0x0000000086900000|100%| O|  |TAMS 0x0000000086800000, 0x0000000086800000| Untracked 
| 105|0x0000000086900000, 0x0000000086a00000, 0x0000000086a00000|100%| O|  |TAMS 0x0000000086900000, 0x0000000086900000| Untracked 
| 106|0x0000000086a00000, 0x0000000086a57c00, 0x0000000086b00000| 34%| O|  |TAMS 0x0000000086a00000, 0x0000000086a00000| Untracked 
| 107|0x0000000086b00000, 0x0000000086b00000, 0x0000000086c00000|  0%| F|  |TAMS 0x0000000086b00000, 0x0000000086b00000| Untracked 
| 108|0x0000000086c00000, 0x0000000086c00000, 0x0000000086d00000|  0%| F|  |TAMS 0x0000000086c00000, 0x0000000086c00000| Untracked 
| 109|0x0000000086d00000, 0x0000000086d00000, 0x0000000086e00000|  0%| F|  |TAMS 0x0000000086d00000, 0x0000000086d00000| Untracked 
| 110|0x0000000086e00000, 0x0000000086e00000, 0x0000000086f00000|  0%| F|  |TAMS 0x0000000086e00000, 0x0000000086e00000| Untracked 
| 111|0x0000000086f00000, 0x0000000086f00000, 0x0000000087000000|  0%| F|  |TAMS 0x0000000086f00000, 0x0000000086f00000| Untracked 
| 112|0x0000000087000000, 0x0000000087000000, 0x0000000087100000|  0%| F|  |TAMS 0x0000000087000000, 0x0000000087000000| Untracked 
| 113|0x0000000087100000, 0x0000000087100000, 0x0000000087200000|  0%| F|  |TAMS 0x0000000087100000, 0x0000000087100000| Untracked 
| 114|0x0000000087200000, 0x0000000087300000, 0x0000000087300000|100%| O|  |TAMS 0x0000000087200000, 0x0000000087200000| Untracked 
| 115|0x0000000087300000, 0x0000000087400000, 0x0000000087400000|100%| O|  |TAMS 0x0000000087300000, 0x0000000087300000| Untracked 
| 116|0x0000000087400000, 0x0000000087500000, 0x0000000087500000|100%| O|  |TAMS 0x0000000087400000, 0x0000000087400000| Untracked 
| 117|0x0000000087500000, 0x0000000087600000, 0x0000000087600000|100%| O|  |TAMS 0x0000000087500000, 0x0000000087500000| Untracked 
| 118|0x0000000087600000, 0x0000000087700000, 0x0000000087700000|100%| O|  |TAMS 0x0000000087600000, 0x0000000087600000| Untracked 
| 119|0x0000000087700000, 0x0000000087800000, 0x0000000087800000|100%| O|  |TAMS 0x0000000087700000, 0x0000000087700000| Untracked 
| 120|0x0000000087800000, 0x0000000087900000, 0x0000000087900000|100%| O|  |TAMS 0x0000000087800000, 0x0000000087800000| Untracked 
| 121|0x0000000087900000, 0x0000000087900000, 0x0000000087a00000|  0%| F|  |TAMS 0x0000000087900000, 0x0000000087900000| Untracked 
| 122|0x0000000087a00000, 0x0000000087a00000, 0x0000000087b00000|  0%| F|  |TAMS 0x0000000087a00000, 0x0000000087a00000| Untracked 
| 123|0x0000000087b00000, 0x0000000087c00000, 0x0000000087c00000|100%| O|  |TAMS 0x0000000087b00000, 0x0000000087b00000| Untracked 
| 124|0x0000000087c00000, 0x0000000087c00000, 0x0000000087d00000|  0%| F|  |TAMS 0x0000000087c00000, 0x0000000087c00000| Untracked 
| 125|0x0000000087d00000, 0x0000000087d00000, 0x0000000087e00000|  0%| F|  |TAMS 0x0000000087d00000, 0x0000000087d00000| Untracked 
| 126|0x0000000087e00000, 0x0000000087e00000, 0x0000000087f00000|  0%| F|  |TAMS 0x0000000087e00000, 0x0000000087e00000| Untracked 
| 127|0x0000000087f00000, 0x0000000087f00000, 0x0000000088000000|  0%| F|  |TAMS 0x0000000087f00000, 0x0000000087f00000| Untracked 
| 128|0x0000000088000000, 0x0000000088000000, 0x0000000088100000|  0%| F|  |TAMS 0x0000000088000000, 0x0000000088000000| Untracked 
| 129|0x0000000088100000, 0x0000000088100000, 0x0000000088200000|  0%| F|  |TAMS 0x0000000088100000, 0x0000000088100000| Untracked 
| 130|0x0000000088200000, 0x0000000088200000, 0x0000000088300000|  0%| F|  |TAMS 0x0000000088200000, 0x0000000088200000| Untracked 
| 131|0x0000000088300000, 0x0000000088300000, 0x0000000088400000|  0%| F|  |TAMS 0x0000000088300000, 0x0000000088300000| Untracked 
| 132|0x0000000088400000, 0x0000000088400000, 0x0000000088500000|  0%| F|  |TAMS 0x0000000088400000, 0x0000000088400000| Untracked 
| 133|0x0000000088500000, 0x0000000088500000, 0x0000000088600000|  0%| F|  |TAMS 0x0000000088500000, 0x0000000088500000| Untracked 
| 134|0x0000000088600000, 0x0000000088600000, 0x0000000088700000|  0%| F|  |TAMS 0x0000000088600000, 0x0000000088600000| Untracked 
| 135|0x0000000088700000, 0x0000000088700000, 0x0000000088800000|  0%| F|  |TAMS 0x0000000088700000, 0x0000000088700000| Untracked 
| 136|0x0000000088800000, 0x0000000088800000, 0x0000000088900000|  0%| F|  |TAMS 0x0000000088800000, 0x0000000088800000| Untracked 
| 137|0x0000000088900000, 0x0000000088900000, 0x0000000088a00000|  0%| F|  |TAMS 0x0000000088900000, 0x0000000088900000| Untracked 
| 138|0x0000000088a00000, 0x0000000088a00000, 0x0000000088b00000|  0%| F|  |TAMS 0x0000000088a00000, 0x0000000088a00000| Untracked 
| 139|0x0000000088b00000, 0x0000000088b00000, 0x0000000088c00000|  0%| F|  |TAMS 0x0000000088b00000, 0x0000000088b00000| Untracked 
| 140|0x0000000088c00000, 0x0000000088c00000, 0x0000000088d00000|  0%| F|  |TAMS 0x0000000088c00000, 0x0000000088c00000| Untracked 
| 141|0x0000000088d00000, 0x0000000088d00000, 0x0000000088e00000|  0%| F|  |TAMS 0x0000000088d00000, 0x0000000088d00000| Untracked 
| 142|0x0000000088e00000, 0x0000000088e00000, 0x0000000088f00000|  0%| F|  |TAMS 0x0000000088e00000, 0x0000000088e00000| Untracked 
| 143|0x0000000088f00000, 0x0000000088f00000, 0x0000000089000000|  0%| F|  |TAMS 0x0000000088f00000, 0x0000000088f00000| Untracked 
| 144|0x0000000089000000, 0x0000000089000000, 0x0000000089100000|  0%| F|  |TAMS 0x0000000089000000, 0x0000000089000000| Untracked 
| 145|0x0000000089100000, 0x0000000089100000, 0x0000000089200000|  0%| F|  |TAMS 0x0000000089100000, 0x0000000089100000| Untracked 
| 146|0x0000000089200000, 0x0000000089200000, 0x0000000089300000|  0%| F|  |TAMS 0x0000000089200000, 0x0000000089200000| Untracked 
| 147|0x0000000089300000, 0x0000000089300000, 0x0000000089400000|  0%| F|  |TAMS 0x0000000089300000, 0x0000000089300000| Untracked 
| 148|0x0000000089400000, 0x0000000089400000, 0x0000000089500000|  0%| F|  |TAMS 0x0000000089400000, 0x0000000089400000| Untracked 
| 149|0x0000000089500000, 0x0000000089500000, 0x0000000089600000|  0%| F|  |TAMS 0x0000000089500000, 0x0000000089500000| Untracked 
| 150|0x0000000089600000, 0x0000000089600000, 0x0000000089700000|  0%| F|  |TAMS 0x0000000089600000, 0x0000000089600000| Untracked 
| 151|0x0000000089700000, 0x0000000089700000, 0x0000000089800000|  0%| F|  |TAMS 0x0000000089700000, 0x0000000089700000| Untracked 
| 152|0x0000000089800000, 0x0000000089800000, 0x0000000089900000|  0%| F|  |TAMS 0x0000000089800000, 0x0000000089800000| Untracked 
| 153|0x0000000089900000, 0x0000000089900000, 0x0000000089a00000|  0%| F|  |TAMS 0x0000000089900000, 0x0000000089900000| Untracked 
| 154|0x0000000089a00000, 0x0000000089a00000, 0x0000000089b00000|  0%| F|  |TAMS 0x0000000089a00000, 0x0000000089a00000| Untracked 
| 155|0x0000000089b00000, 0x0000000089b00000, 0x0000000089c00000|  0%| F|  |TAMS 0x0000000089b00000, 0x0000000089b00000| Untracked 
| 156|0x0000000089c00000, 0x0000000089c00000, 0x0000000089d00000|  0%| F|  |TAMS 0x0000000089c00000, 0x0000000089c00000| Untracked 
| 157|0x0000000089d00000, 0x0000000089e00000, 0x0000000089e00000|100%| S|CS|TAMS 0x0000000089d00000, 0x0000000089d00000| Complete 
| 158|0x0000000089e00000, 0x0000000089f00000, 0x0000000089f00000|100%| S|CS|TAMS 0x0000000089e00000, 0x0000000089e00000| Complete 
| 159|0x0000000089f00000, 0x000000008a000000, 0x000000008a000000|100%| S|CS|TAMS 0x0000000089f00000, 0x0000000089f00000| Complete 
| 160|0x000000008a000000, 0x000000008a100000, 0x000000008a100000|100%| S|CS|TAMS 0x000000008a000000, 0x000000008a000000| Complete 
| 161|0x000000008a100000, 0x000000008a200000, 0x000000008a200000|100%| S|CS|TAMS 0x000000008a100000, 0x000000008a100000| Complete 
| 162|0x000000008a200000, 0x000000008a300000, 0x000000008a300000|100%| S|CS|TAMS 0x000000008a200000, 0x000000008a200000| Complete 
| 163|0x000000008a300000, 0x000000008a300000, 0x000000008a400000|  0%| F|  |TAMS 0x000000008a300000, 0x000000008a300000| Untracked 
| 164|0x000000008a400000, 0x000000008a400000, 0x000000008a500000|  0%| F|  |TAMS 0x000000008a400000, 0x000000008a400000| Untracked 
| 165|0x000000008a500000, 0x000000008a500000, 0x000000008a600000|  0%| F|  |TAMS 0x000000008a500000, 0x000000008a500000| Untracked 
| 166|0x000000008a600000, 0x000000008a600000, 0x000000008a700000|  0%| F|  |TAMS 0x000000008a600000, 0x000000008a600000| Untracked 
| 167|0x000000008a700000, 0x000000008a700000, 0x000000008a800000|  0%| F|  |TAMS 0x000000008a700000, 0x000000008a700000| Untracked 
| 168|0x000000008a800000, 0x000000008a800000, 0x000000008a900000|  0%| F|  |TAMS 0x000000008a800000, 0x000000008a800000| Untracked 
| 169|0x000000008a900000, 0x000000008a900000, 0x000000008aa00000|  0%| F|  |TAMS 0x000000008a900000, 0x000000008a900000| Untracked 
| 170|0x000000008aa00000, 0x000000008aa00000, 0x000000008ab00000|  0%| F|  |TAMS 0x000000008aa00000, 0x000000008aa00000| Untracked 
| 171|0x000000008ab00000, 0x000000008ab00000, 0x000000008ac00000|  0%| F|  |TAMS 0x000000008ab00000, 0x000000008ab00000| Untracked 
| 172|0x000000008ac00000, 0x000000008ac00000, 0x000000008ad00000|  0%| F|  |TAMS 0x000000008ac00000, 0x000000008ac00000| Untracked 
| 173|0x000000008ad00000, 0x000000008ad00000, 0x000000008ae00000|  0%| F|  |TAMS 0x000000008ad00000, 0x000000008ad00000| Untracked 
| 174|0x000000008ae00000, 0x000000008ae00000, 0x000000008af00000|  0%| F|  |TAMS 0x000000008ae00000, 0x000000008ae00000| Untracked 
| 175|0x000000008af00000, 0x000000008af00000, 0x000000008b000000|  0%| F|  |TAMS 0x000000008af00000, 0x000000008af00000| Untracked 
| 176|0x000000008b000000, 0x000000008b000000, 0x000000008b100000|  0%| F|  |TAMS 0x000000008b000000, 0x000000008b000000| Untracked 
| 177|0x000000008b100000, 0x000000008b100000, 0x000000008b200000|  0%| F|  |TAMS 0x000000008b100000, 0x000000008b100000| Untracked 
| 178|0x000000008b200000, 0x000000008b200000, 0x000000008b300000|  0%| F|  |TAMS 0x000000008b200000, 0x000000008b200000| Untracked 
| 179|0x000000008b300000, 0x000000008b300000, 0x000000008b400000|  0%| F|  |TAMS 0x000000008b300000, 0x000000008b300000| Untracked 
| 180|0x000000008b400000, 0x000000008b400000, 0x000000008b500000|  0%| F|  |TAMS 0x000000008b400000, 0x000000008b400000| Untracked 
| 181|0x000000008b500000, 0x000000008b500000, 0x000000008b600000|  0%| F|  |TAMS 0x000000008b500000, 0x000000008b500000| Untracked 
| 182|0x000000008b600000, 0x000000008b600000, 0x000000008b700000|  0%| F|  |TAMS 0x000000008b600000, 0x000000008b600000| Untracked 
| 183|0x000000008b700000, 0x000000008b700000, 0x000000008b800000|  0%| F|  |TAMS 0x000000008b700000, 0x000000008b700000| Untracked 
| 184|0x000000008b800000, 0x000000008b800000, 0x000000008b900000|  0%| F|  |TAMS 0x000000008b800000, 0x000000008b800000| Untracked 
| 185|0x000000008b900000, 0x000000008b900000, 0x000000008ba00000|  0%| F|  |TAMS 0x000000008b900000, 0x000000008b900000| Untracked 
| 186|0x000000008ba00000, 0x000000008ba00000, 0x000000008bb00000|  0%| F|  |TAMS 0x000000008ba00000, 0x000000008ba00000| Untracked 
| 187|0x000000008bb00000, 0x000000008bb00000, 0x000000008bc00000|  0%| F|  |TAMS 0x000000008bb00000, 0x000000008bb00000| Untracked 
| 188|0x000000008bc00000, 0x000000008bc00000, 0x000000008bd00000|  0%| F|  |TAMS 0x000000008bc00000, 0x000000008bc00000| Untracked 
| 189|0x000000008bd00000, 0x000000008bd00000, 0x000000008be00000|  0%| F|  |TAMS 0x000000008bd00000, 0x000000008bd00000| Untracked 
| 190|0x000000008be00000, 0x000000008be00000, 0x000000008bf00000|  0%| F|  |TAMS 0x000000008be00000, 0x000000008be00000| Untracked 
| 191|0x000000008bf00000, 0x000000008bf00000, 0x000000008c000000|  0%| F|  |TAMS 0x000000008bf00000, 0x000000008bf00000| Untracked 
| 192|0x000000008c000000, 0x000000008c000000, 0x000000008c100000|  0%| F|  |TAMS 0x000000008c000000, 0x000000008c000000| Untracked 
| 207|0x000000008cf00000, 0x000000008cf00000, 0x000000008d000000|  0%| F|  |TAMS 0x000000008cf00000, 0x000000008cf00000| Untracked 
| 208|0x000000008d000000, 0x000000008d000000, 0x000000008d100000|  0%| F|  |TAMS 0x000000008d000000, 0x000000008d000000| Untracked 
| 209|0x000000008d100000, 0x000000008d200000, 0x000000008d200000|100%| E|  |TAMS 0x000000008d100000, 0x000000008d100000| Complete 
| 253|0x000000008fd00000, 0x000000008fe00000, 0x000000008fe00000|100%| E|CS|TAMS 0x000000008fd00000, 0x000000008fd00000| Complete 

Card table byte_map: [0x0000011596ae0000,0x0000011596ee0000] _byte_map_base: 0x00000115966e0000

Marking Bits (Prev, Next): (CMBitMap*) 0x0000011583f49250, (CMBitMap*) 0x0000011583f49210
 Prev Bits: [0x00000115992e0000, 0x000001159b2e0000)
 Next Bits: [0x00000115972e0000, 0x00000115992e0000)

Polling page: 0x0000011581e50000

Metaspace:

Usage:
  Non-class:     80.14 MB used.
      Class:     12.53 MB used.
       Both:     92.67 MB used.

Virtual space:
  Non-class space:       88.00 MB reserved,      80.50 MB ( 91%) committed,  11 nodes.
      Class space:        1.00 GB reserved,      12.88 MB (  1%) committed,  1 nodes.
             Both:        1.09 GB reserved,      93.38 MB (  8%) committed. 

Chunk freelists:
   Non-Class:  2.84 MB
       Class:  3.10 MB
        Both:  5.94 MB

MaxMetaspaceSize: unlimited
CompressedClassSpaceSize: 1.00 GB
Initial GC threshold: 21.00 MB
Current GC threshold: 155.31 MB
CDS: off
MetaspaceReclaimPolicy: balanced
 - commit_granule_bytes: 65536.
 - commit_granule_words: 8192.
 - virtual_space_node_default_size: 1048576.
 - enlarge_chunks_in_place: 1.
 - new_chunks_are_fully_committed: 0.
 - uncommit_free_chunks: 1.
 - use_allocation_guard: 0.
 - handle_deallocations: 1.


Internal statistics:

num_allocs_failed_limit: 6.
num_arena_births: 994.
num_arena_deaths: 14.
num_vsnodes_births: 12.
num_vsnodes_deaths: 0.
num_space_committed: 1493.
num_space_uncommitted: 0.
num_chunks_returned_to_freelist: 26.
num_chunks_taken_from_freelist: 4434.
num_chunk_merges: 15.
num_chunk_splits: 2961.
num_chunks_enlarged: 2022.
num_purges: 2.
num_inconsistent_stats: 0.

CodeHeap 'non-profiled nmethods': size=120000Kb used=6478Kb max_used=6482Kb free=113521Kb
 bounds [0x000001158ee80000, 0x000001158f4e0000, 0x00000115963b0000]
CodeHeap 'profiled nmethods': size=120000Kb used=20036Kb max_used=20036Kb free=99963Kb
 bounds [0x00000115873b0000, 0x0000011588750000, 0x000001158e8e0000]
CodeHeap 'non-nmethods': size=5760Kb used=2394Kb max_used=2477Kb free=3366Kb
 bounds [0x000001158e8e0000, 0x000001158eb60000, 0x000001158ee80000]
 total_blobs=11246 nmethods=10323 adapters=834
 compilation: enabled
              stopped_count=0, restarted_count=0
 full_count=0

Compilation events (20 events):
Event: 13.668 Thread 0x000001159e8c38a0 11920       3       com.android.ide.common.resources.NodeUtils::addAttribute (71 bytes)
Event: 13.668 Thread 0x000001159e8c38a0 nmethod 11920 0x000001158873ad90 code [0x000001158873afc0, 0x000001158873b748]
Event: 13.673 Thread 0x000001159e8c38a0 11923       3       com.android.ide.common.resources.ResourceMergerItem::getDetailsXml (9 bytes)
Event: 13.673 Thread 0x000001159e8c38a0 nmethod 11923 0x0000011587c73590 code [0x0000011587c73740, 0x0000011587c73918]
Event: 13.690 Thread 0x000001159e8c38a0 11930       3       org.apache.xerces.dom.ElementNSImpl::setPrefix (222 bytes)
Event: 13.693 Thread 0x000001159e8c38a0 nmethod 11930 0x0000011587d79990 code [0x0000011587d79da0, 0x0000011587d7b9e8]
Event: 13.699 Thread 0x000001159e8c38a0 11931       3       com.android.ide.common.resources.DataFile::hasNotRemovedItems (48 bytes)
Event: 13.700 Thread 0x000001159e8c38a0 nmethod 11931 0x0000011587d3dd10 code [0x0000011587d3df20, 0x0000011587d3e658]
Event: 13.700 Thread 0x000001159e8c38a0 11932       3       com.android.ide.common.resources.DataSet::createFileElement (81 bytes)
Event: 13.701 Thread 0x000001159e8c38a0 nmethod 11932 0x0000011587cd7a10 code [0x0000011587cd7ca0, 0x0000011587cd87f8]
Event: 13.701 Thread 0x000001159e8c38a0 11933       3       com.google.common.base.Joiner::appendTo (73 bytes)
Event: 13.702 Thread 0x000001159e8c38a0 nmethod 11933 0x000001158873ba10 code [0x000001158873bce0, 0x000001158873d018]
Event: 13.713 Thread 0x000001159e8c38a0 11935       3       com.android.ide.common.resources.DataSet::appendToXml (390 bytes)
Event: 13.718 Thread 0x000001159e8c38a0 nmethod 11935 0x000001158873d410 code [0x000001158873d9e0, 0x00000115887410f8]
Event: 13.719 Thread 0x000001159e8c38a0 11936       3       org.apache.xerces.dom.CoreDocumentImpl::createElementNS (11 bytes)
Event: 13.720 Thread 0x000001159e8c38a0 nmethod 11936 0x0000011587d79010 code [0x0000011587d79200, 0x0000011587d79788]
Event: 13.733 Thread 0x000001159e8c38a0 11937       3       com.android.ide.common.resources.ResourceFile::addExtraAttributes (33 bytes)
Event: 13.733 Thread 0x000001159e8c38a0 nmethod 11937 0x0000011587cbe810 code [0x0000011587cbe9e0, 0x0000011587cbed28]
Event: 13.846 Thread 0x000001159e8c38a0 11942       2       org.apache.xerces.dom.AttrNSImpl::setPrefix (295 bytes)
Event: 13.848 Thread 0x000001159e8c38a0 nmethod 11942 0x0000011588742490 code [0x0000011588742820, 0x0000011588743898]

GC Heap History (20 events):
Event: 6.381 GC heap before
{Heap before GC invocations=25 (full 0):
 garbage-first heap   total 106496K, used 52730K [0x0000000080000000, 0x0000000100000000)
  region size 1024K, 5 young (5120K), 4 survivors (4096K)
 Metaspace       used 65702K, committed 66304K, reserved 1114112K
  class space    used 8736K, committed 9024K, reserved 1048576K
}
Event: 6.385 GC heap after
{Heap after GC invocations=26 (full 0):
 garbage-first heap   total 106496K, used 51855K [0x0000000080000000, 0x0000000100000000)
  region size 1024K, 1 young (1024K), 1 survivors (1024K)
 Metaspace       used 65702K, committed 66304K, reserved 1114112K
  class space    used 8736K, committed 9024K, reserved 1048576K
}
Event: 6.729 GC heap before
{Heap before GC invocations=26 (full 0):
 garbage-first heap   total 106496K, used 79503K [0x0000000080000000, 0x0000000100000000)
  region size 1024K, 28 young (28672K), 1 survivors (1024K)
 Metaspace       used 68603K, committed 69120K, reserved 1114112K
  class space    used 9136K, committed 9408K, reserved 1048576K
}
Event: 6.731 GC heap after
{Heap after GC invocations=27 (full 0):
 garbage-first heap   total 203776K, used 52929K [0x0000000080000000, 0x0000000100000000)
  region size 1024K, 2 young (2048K), 2 survivors (2048K)
 Metaspace       used 68603K, committed 69120K, reserved 1114112K
  class space    used 9136K, committed 9408K, reserved 1048576K
}
Event: 8.308 GC heap before
{Heap before GC invocations=28 (full 0):
 garbage-first heap   total 194560K, used 133825K [0x0000000080000000, 0x0000000100000000)
  region size 1024K, 81 young (82944K), 2 survivors (2048K)
 Metaspace       used 77419K, committed 78016K, reserved 1122304K
  class space    used 10496K, committed 10816K, reserved 1048576K
}
Event: 8.315 GC heap after
{Heap after GC invocations=29 (full 0):
 garbage-first heap   total 194560K, used 58863K [0x0000000080000000, 0x0000000100000000)
  region size 1024K, 8 young (8192K), 8 survivors (8192K)
 Metaspace       used 77419K, committed 78016K, reserved 1122304K
  class space    used 10496K, committed 10816K, reserved 1048576K
}
Event: 8.344 GC heap before
{Heap before GC invocations=29 (full 0):
 garbage-first heap   total 194560K, used 59887K [0x0000000080000000, 0x0000000100000000)
  region size 1024K, 9 young (9216K), 8 survivors (8192K)
 Metaspace       used 77552K, committed 78144K, reserved 1122304K
  class space    used 10520K, committed 10816K, reserved 1048576K
}
Event: 8.351 GC heap after
{Heap after GC invocations=30 (full 0):
 garbage-first heap   total 194560K, used 59901K [0x0000000080000000, 0x0000000100000000)
  region size 1024K, 2 young (2048K), 2 survivors (2048K)
 Metaspace       used 77552K, committed 78144K, reserved 1122304K
  class space    used 10520K, committed 10816K, reserved 1048576K
}
Event: 9.647 GC heap before
{Heap before GC invocations=30 (full 0):
 garbage-first heap   total 194560K, used 138749K [0x0000000080000000, 0x0000000100000000)
  region size 1024K, 79 young (80896K), 2 survivors (2048K)
 Metaspace       used 86650K, committed 87232K, reserved 1130496K
  class space    used 11837K, committed 12160K, reserved 1048576K
}
Event: 9.654 GC heap after
{Heap after GC invocations=31 (full 0):
 garbage-first heap   total 194560K, used 64874K [0x0000000080000000, 0x0000000100000000)
  region size 1024K, 6 young (6144K), 6 survivors (6144K)
 Metaspace       used 86650K, committed 87232K, reserved 1130496K
  class space    used 11837K, committed 12160K, reserved 1048576K
}
Event: 10.598 GC heap before
{Heap before GC invocations=31 (full 0):
 garbage-first heap   total 194560K, used 144746K [0x0000000080000000, 0x0000000100000000)
  region size 1024K, 84 young (86016K), 6 survivors (6144K)
 Metaspace       used 89698K, committed 90368K, reserved 1130496K
  class space    used 12292K, committed 12608K, reserved 1048576K
}
Event: 10.611 GC heap after
{Heap after GC invocations=32 (full 0):
 garbage-first heap   total 194560K, used 75492K [0x0000000080000000, 0x0000000100000000)
  region size 1024K, 11 young (11264K), 11 survivors (11264K)
 Metaspace       used 89698K, committed 90368K, reserved 1130496K
  class space    used 12292K, committed 12608K, reserved 1048576K
}
Event: 11.133 GC heap before
{Heap before GC invocations=32 (full 0):
 garbage-first heap   total 194560K, used 145124K [0x0000000080000000, 0x0000000100000000)
  region size 1024K, 80 young (81920K), 11 survivors (11264K)
 Metaspace       used 90397K, committed 91008K, reserved 1130496K
  class space    used 12418K, committed 12736K, reserved 1048576K
}
Event: 11.147 GC heap after
{Heap after GC invocations=33 (full 0):
 garbage-first heap   total 194560K, used 81801K [0x0000000080000000, 0x0000000100000000)
  region size 1024K, 7 young (7168K), 7 survivors (7168K)
 Metaspace       used 90397K, committed 91008K, reserved 1130496K
  class space    used 12418K, committed 12736K, reserved 1048576K
}
Event: 12.274 GC heap before
{Heap before GC invocations=33 (full 0):
 garbage-first heap   total 194560K, used 150409K [0x0000000080000000, 0x0000000100000000)
  region size 1024K, 74 young (75776K), 7 survivors (7168K)
 Metaspace       used 94076K, committed 94720K, reserved 1138688K
  class space    used 12762K, committed 13056K, reserved 1048576K
}
Event: 12.287 GC heap after
{Heap after GC invocations=34 (full 0):
 garbage-first heap   total 194560K, used 93403K [0x0000000080000000, 0x0000000100000000)
  region size 1024K, 10 young (10240K), 10 survivors (10240K)
 Metaspace       used 94076K, committed 94720K, reserved 1138688K
  class space    used 12762K, committed 13056K, reserved 1048576K
}
Event: 12.938 GC heap before
{Heap before GC invocations=34 (full 0):
 garbage-first heap   total 194560K, used 148699K [0x0000000080000000, 0x0000000100000000)
  region size 1024K, 51 young (52224K), 10 survivors (10240K)
 Metaspace       used 94700K, committed 95360K, reserved 1138688K
  class space    used 12824K, committed 13184K, reserved 1048576K
}
Event: 12.957 GC heap after
{Heap after GC invocations=35 (full 0):
 garbage-first heap   total 194560K, used 114039K [0x0000000080000000, 0x0000000100000000)
  region size 1024K, 9 young (9216K), 9 survivors (9216K)
 Metaspace       used 94700K, committed 95360K, reserved 1138688K
  class space    used 12824K, committed 13184K, reserved 1048576K
}
Event: 13.758 GC heap before
{Heap before GC invocations=36 (full 0):
 garbage-first heap   total 201728K, used 150903K [0x0000000080000000, 0x0000000100000000)
  region size 1024K, 43 young (44032K), 9 survivors (9216K)
 Metaspace       used 94889K, committed 95616K, reserved 1138688K
  class space    used 12833K, committed 13184K, reserved 1048576K
}
Event: 13.778 GC heap after
{Heap after GC invocations=37 (full 0):
 garbage-first heap   total 201728K, used 119135K [0x0000000080000000, 0x0000000100000000)
  region size 1024K, 6 young (6144K), 6 survivors (6144K)
 Metaspace       used 94889K, committed 95616K, reserved 1138688K
  class space    used 12833K, committed 13184K, reserved 1048576K
}

Dll operation events (2 events):
Event: 0.005 Loaded shared library D:\android studio\jbr\bin\java.dll
Event: 0.358 Loaded shared library D:\android studio\jbr\bin\verify.dll

Deoptimization events (20 events):
Event: 13.657 Thread 0x00000115a64d2ee0 Uncommon trap: trap_request=0xffffff76 fr.pc=0x000001158f485118 relative=0x0000000000000c58
Event: 13.657 Thread 0x00000115a64d2ee0 Uncommon trap: reason=predicate action=maybe_recompile pc=0x000001158f485118 method=com.android.ide.common.resources.NodeUtils.updateNamespace(Lorg/w3c/dom/Node;Lorg/w3c/dom/Document;)V @ 136 c2
Event: 13.657 Thread 0x00000115a64d2ee0 DEOPT PACKING pc=0x000001158f485118 sp=0x0000000d856fa840
Event: 13.657 Thread 0x00000115a64d2ee0 DEOPT UNPACKING pc=0x000001158e9369a3 sp=0x0000000d856fa810 mode 2
Event: 13.658 Thread 0x00000115a64d2ee0 Uncommon trap: trap_request=0xffffffc6 fr.pc=0x000001158f45e9fc relative=0x00000000000005fc
Event: 13.658 Thread 0x00000115a64d2ee0 Uncommon trap: reason=bimorphic_or_optimized_type_check action=maybe_recompile pc=0x000001158f45e9fc method=org.apache.xerces.dom.ParentNode.checkNormalizationAfterInsert(Lorg/apache/xerces/dom/ChildNode;)V @ 23 c2
Event: 13.658 Thread 0x00000115a64d2ee0 DEOPT PACKING pc=0x000001158f45e9fc sp=0x0000000d856fa770
Event: 13.658 Thread 0x00000115a64d2ee0 DEOPT UNPACKING pc=0x000001158e9369a3 sp=0x0000000d856fa6a0 mode 2
Event: 13.658 Thread 0x00000115a64d2ee0 Uncommon trap: trap_request=0xffffffc6 fr.pc=0x000001158f45e9fc relative=0x00000000000005fc
Event: 13.658 Thread 0x00000115a64d2ee0 Uncommon trap: reason=bimorphic_or_optimized_type_check action=maybe_recompile pc=0x000001158f45e9fc method=org.apache.xerces.dom.ParentNode.checkNormalizationAfterInsert(Lorg/apache/xerces/dom/ChildNode;)V @ 23 c2
Event: 13.658 Thread 0x00000115a64d2ee0 DEOPT PACKING pc=0x000001158f45e9fc sp=0x0000000d856fa770
Event: 13.658 Thread 0x00000115a64d2ee0 DEOPT UNPACKING pc=0x000001158e9369a3 sp=0x0000000d856fa6a0 mode 2
Event: 13.658 Thread 0x00000115a64d2ee0 Uncommon trap: trap_request=0xffffffc6 fr.pc=0x000001158f45e9fc relative=0x00000000000005fc
Event: 13.658 Thread 0x00000115a64d2ee0 Uncommon trap: reason=bimorphic_or_optimized_type_check action=maybe_recompile pc=0x000001158f45e9fc method=org.apache.xerces.dom.ParentNode.checkNormalizationAfterInsert(Lorg/apache/xerces/dom/ChildNode;)V @ 23 c2
Event: 13.658 Thread 0x00000115a64d2ee0 DEOPT PACKING pc=0x000001158f45e9fc sp=0x0000000d856fa770
Event: 13.658 Thread 0x00000115a64d2ee0 DEOPT UNPACKING pc=0x000001158e9369a3 sp=0x0000000d856fa6a0 mode 2
Event: 13.658 Thread 0x00000115a64d2ee0 Uncommon trap: trap_request=0xffffffc6 fr.pc=0x000001158f45e9fc relative=0x00000000000005fc
Event: 13.658 Thread 0x00000115a64d2ee0 Uncommon trap: reason=bimorphic_or_optimized_type_check action=maybe_recompile pc=0x000001158f45e9fc method=org.apache.xerces.dom.ParentNode.checkNormalizationAfterInsert(Lorg/apache/xerces/dom/ChildNode;)V @ 23 c2
Event: 13.658 Thread 0x00000115a64d2ee0 DEOPT PACKING pc=0x000001158f45e9fc sp=0x0000000d856fa770
Event: 13.658 Thread 0x00000115a64d2ee0 DEOPT UNPACKING pc=0x000001158e9369a3 sp=0x0000000d856fa6a0 mode 2

Classes unloaded (7 events):
Event: 13.099 Thread 0x000001159e8727d0 Unloading class 0x0000000100c75c00 'java/lang/invoke/LambdaForm$DMH+0x0000000100c75c00'
Event: 13.099 Thread 0x000001159e8727d0 Unloading class 0x0000000100c75800 'java/lang/invoke/LambdaForm$DMH+0x0000000100c75800'
Event: 13.099 Thread 0x000001159e8727d0 Unloading class 0x0000000100c75400 'java/lang/invoke/LambdaForm$DMH+0x0000000100c75400'
Event: 13.099 Thread 0x000001159e8727d0 Unloading class 0x0000000100c75000 'java/lang/invoke/LambdaForm$DMH+0x0000000100c75000'
Event: 13.099 Thread 0x000001159e8727d0 Unloading class 0x0000000100c74c00 'java/lang/invoke/LambdaForm$DMH+0x0000000100c74c00'
Event: 13.099 Thread 0x000001159e8727d0 Unloading class 0x0000000100c74800 'java/lang/invoke/LambdaForm$DMH+0x0000000100c74800'
Event: 13.099 Thread 0x000001159e8727d0 Unloading class 0x0000000100c74400 'java/lang/invoke/LambdaForm$DMH+0x0000000100c74400'

Classes redefined (0 events):
No events

Internal exceptions (20 events):
Event: 10.386 Thread 0x00000115a64d4bc0 Exception <a 'java/lang/NoSuchMethodError'{0x0000000087cae7a0}: static Lcom/android/buildanalyzer/common/AndroidGradlePluginAttributionData$TaskCategoryInfo;.<clinit>()V> (0x0000000087cae7a0) 
thrown [s\src\hotspot\share\prims\jni.cpp, line 1108]
Event: 10.398 Thread 0x00000115a64d4bc0 Exception <a 'java/lang/NoSuchMethodError'{0x0000000087b0a518}: 'void java.lang.invoke.DirectMethodHandle$Holder.invokeSpecial(java.lang.Object, java.lang.Object, java.lang.Object, int)'> (0x0000000087b0a518) 
thrown [s\src\hotspot\share\interpreter\linkResolver.cpp, line 771]
Event: 10.590 Thread 0x00000115a64d2ee0 Exception <a 'java/lang/NoSuchMethodError'{0x00000000872eb940}: 'void java.lang.invoke.DirectMethodHandle$Holder.invokeStatic(java.lang.Object, java.lang.Object, java.lang.Object, java.lang.Object, int, java.lang.Object, java.lang.Object)'> (0x00000000872eb940) 
thrown [s\src\hotspot\share\interpreter\linkResolver.cpp, line 771]
Event: 10.597 Thread 0x00000115a5eeb800 Implicit null exception at 0x000001158f3ce2c4 to 0x000001158f3cecb4
Event: 10.597 Thread 0x00000115a5eeb800 Implicit null exception at 0x000001158f3ce2c4 to 0x000001158f3cecb4
Event: 10.598 Thread 0x00000115a5a369b0 Implicit null exception at 0x000001158f3ce2c4 to 0x000001158f3cecb4
Event: 10.598 Thread 0x00000115a5a369b0 Implicit null exception at 0x000001158f3ce2c4 to 0x000001158f3cecb4
Event: 10.598 Thread 0x00000115a5a39030 Implicit null exception at 0x000001158f3ce2c4 to 0x000001158f3cecb4
Event: 10.627 Thread 0x00000115a5eeb800 Exception <a 'java/lang/NoSuchMethodError'{0x000000008b7bf468}: 'java.lang.Object java.lang.invoke.DirectMethodHandle$Holder.invokeSpecialIFC(java.lang.Object, java.lang.Object, java.lang.Object)'> (0x000000008b7bf468) 
thrown [s\src\hotspot\share\interpreter\linkResolver.cpp, line 771]
Event: 10.627 Thread 0x00000115a5eede80 Exception <a 'java/lang/NoSuchMethodError'{0x000000008b7b63a8}: 'java.lang.Object java.lang.invoke.DirectMethodHandle$Holder.invokeSpecialIFC(java.lang.Object, java.lang.Object, java.lang.Object)'> (0x000000008b7b63a8) 
thrown [s\src\hotspot\share\interpreter\linkResolver.cpp, line 771]
Event: 10.627 Thread 0x00000115a5a3ad10 Exception <a 'java/lang/NoSuchMethodError'{0x000000008b7e85b0}: 'java.lang.Object java.lang.invoke.DirectMethodHandle$Holder.invokeSpecialIFC(java.lang.Object, java.lang.Object, java.lang.Object)'> (0x000000008b7e85b0) 
thrown [s\src\hotspot\share\interpreter\linkResolver.cpp, line 771]
Event: 10.627 Thread 0x00000115a813c3b0 Exception <a 'java/lang/NoSuchMethodError'{0x000000008b7daea8}: 'java.lang.Object java.lang.invoke.DirectMethodHandle$Holder.invokeSpecialIFC(java.lang.Object, java.lang.Object, java.lang.Object)'> (0x000000008b7daea8) 
thrown [s\src\hotspot\share\interpreter\linkResolver.cpp, line 771]
Event: 10.627 Thread 0x00000115a64d2ee0 Exception <a 'java/lang/NoSuchMethodError'{0x000000008fd352d8}: 'java.lang.Object java.lang.invoke.DirectMethodHandle$Holder.invokeSpecialIFC(java.lang.Object, java.lang.Object, java.lang.Object)'> (0x000000008fd352d8) 
thrown [s\src\hotspot\share\interpreter\linkResolver.cpp, line 771]
Event: 10.627 Thread 0x00000115a5a39030 Exception <a 'java/lang/NoSuchMethodError'{0x000000008b7ccbb8}: 'java.lang.Object java.lang.invoke.DirectMethodHandle$Holder.invokeSpecialIFC(java.lang.Object, java.lang.Object, java.lang.Object)'> (0x000000008b7ccbb8) 
thrown [s\src\hotspot\share\interpreter\linkResolver.cpp, line 771]
Event: 10.627 Thread 0x00000115a5eef1c0 Exception <a 'java/lang/NoSuchMethodError'{0x000000008b6008b0}: 'java.lang.Object java.lang.invoke.DirectMethodHandle$Holder.invokeSpecialIFC(java.lang.Object, java.lang.Object, java.lang.Object)'> (0x000000008b6008b0) 
thrown [s\src\hotspot\share\interpreter\linkResolver.cpp, line 771]
Event: 10.627 Thread 0x00000115a5a369b0 Exception <a 'java/lang/NoSuchMethodError'{0x000000008b7f4fe0}: 'java.lang.Object java.lang.invoke.DirectMethodHandle$Holder.invokeSpecialIFC(java.lang.Object, java.lang.Object, java.lang.Object)'> (0x000000008b7f4fe0) 
thrown [s\src\hotspot\share\interpreter\linkResolver.cpp, line 771]
Event: 11.152 Thread 0x00000115a5eeb800 Implicit null exception at 0x000001158eef56e0 to 0x000001158eef576c
Event: 11.152 Thread 0x00000115a5a3ad10 Implicit null exception at 0x000001158eef56e0 to 0x000001158eef576c
Event: 11.277 Thread 0x00000115a64d2ee0 Exception <a 'java/lang/NoSuchMethodError'{0x000000008ae91fb8}: 'void java.lang.invoke.DirectMethodHandle$Holder.invokeVirtual(java.lang.Object, java.lang.Object)'> (0x000000008ae91fb8) 
thrown [s\src\hotspot\share\interpreter\linkResolver.cpp, line 771]
Event: 12.708 Thread 0x00000115a64d2ee0 Implicit null exception at 0x000001158f436220 to 0x000001158f438744

VM Operations (20 events):
Event: 11.501 Executing VM operation: HandshakeAllThreads
Event: 11.501 Executing VM operation: HandshakeAllThreads done
Event: 11.945 Executing VM operation: ICBufferFull
Event: 11.945 Executing VM operation: ICBufferFull done
Event: 12.274 Executing VM operation: G1CollectForAllocation
Event: 12.287 Executing VM operation: G1CollectForAllocation done
Event: 12.710 Executing VM operation: HandshakeAllThreads
Event: 12.711 Executing VM operation: HandshakeAllThreads done
Event: 12.783 Executing VM operation: HandshakeAllThreads
Event: 12.783 Executing VM operation: HandshakeAllThreads done
Event: 12.938 Executing VM operation: G1TryInitiateConcMark
Event: 12.959 Executing VM operation: G1TryInitiateConcMark done
Event: 13.099 Executing VM operation: G1Concurrent
Event: 13.111 Executing VM operation: G1Concurrent done
Event: 13.179 Executing VM operation: G1Concurrent
Event: 13.180 Executing VM operation: G1Concurrent done
Event: 13.658 Executing VM operation: HandshakeAllThreads
Event: 13.659 Executing VM operation: HandshakeAllThreads done
Event: 13.758 Executing VM operation: G1CollectForAllocation
Event: 13.778 Executing VM operation: G1CollectForAllocation done

Events (20 events):
Event: 12.786 loading class org/w3c/dom/ls/LSOutput
Event: 12.787 loading class org/w3c/dom/ls/LSOutput done
Event: 12.787 loading class org/w3c/dom/ls/LSInput
Event: 12.787 loading class org/w3c/dom/ls/LSInput done
Event: 12.787 loading class org/w3c/dom/ls/LSParser
Event: 12.787 loading class org/w3c/dom/ls/LSParser done
Event: 12.787 loading class org/w3c/dom/ls/LSSerializer
Event: 12.787 loading class org/w3c/dom/ls/LSSerializer done
Event: 13.662 Thread 0x000001159e8c66a0 flushing nmethod 0x000001158f284090
Event: 13.667 Thread 0x000001159e8c66a0 flushing nmethod 0x00000115876aa590
Event: 13.673 Thread 0x000001159e8c66a0 flushing nmethod 0x0000011587c73590
Event: 13.673 Thread 0x000001159e8c66a0 flushing nmethod 0x0000011587cbe810
Event: 13.673 Thread 0x000001159e8c66a0 flushing nmethod 0x0000011587cd7a10
Event: 13.673 Thread 0x000001159e8c66a0 flushing nmethod 0x0000011587d3d990
Event: 13.674 Thread 0x000001159e8c66a0 flushing nmethod 0x0000011587d79010
Event: 13.676 Thread 0x000001159e8c66a0 flushing nmethod 0x0000011587f28a90
Event: 13.676 Thread 0x000001159e8c66a0 flushing nmethod 0x0000011587f32210
Event: 13.677 Thread 0x000001159e8c66a0 flushing nmethod 0x000001158803f590
Event: 13.682 Thread 0x000001159e8c66a0 flushing nmethod 0x0000011588467c10
Event: 13.682 Thread 0x000001159e8c66a0 flushing nmethod 0x0000011588475790


Dynamic libraries:
0x00007ff7902f0000 - 0x00007ff7902fa000 	D:\android studio\jbr\bin\java.exe
0x00007ff8cc270000 - 0x00007ff8cc487000 	C:\WINDOWS\SYSTEM32\ntdll.dll
0x00007ff8cba10000 - 0x00007ff8cbad4000 	C:\WINDOWS\System32\KERNEL32.DLL
0x00007ff8c9b00000 - 0x00007ff8c9ea6000 	C:\WINDOWS\System32\KERNELBASE.dll
0x00007ff8c97d0000 - 0x00007ff8c98e1000 	C:\WINDOWS\System32\ucrtbase.dll
0x00007ff8a0560000 - 0x00007ff8a0577000 	D:\android studio\jbr\bin\jli.dll
0x00007ff8b7a80000 - 0x00007ff8b7a9b000 	D:\android studio\jbr\bin\VCRUNTIME140.dll
0x00007ff8cb640000 - 0x00007ff8cb7ed000 	C:\WINDOWS\System32\USER32.dll
0x00007ff8c95f0000 - 0x00007ff8c9616000 	C:\WINDOWS\System32\win32u.dll
0x00007ff8cc110000 - 0x00007ff8cc139000 	C:\WINDOWS\System32\GDI32.dll
0x00007ff8b2a00000 - 0x00007ff8b2c93000 	C:\WINDOWS\WinSxS\amd64_microsoft.windows.common-controls_6595b64144ccf1df_6.0.22621.2361_none_2712ced57382f843\COMCTL32.dll
0x00007ff8c9eb0000 - 0x00007ff8c9fc8000 	C:\WINDOWS\System32\gdi32full.dll
0x00007ff8cbae0000 - 0x00007ff8cbb87000 	C:\WINDOWS\System32\msvcrt.dll
0x00007ff8c9a60000 - 0x00007ff8c9afa000 	C:\WINDOWS\System32\msvcp_win.dll
0x00007ff8cc1f0000 - 0x00007ff8cc221000 	C:\WINDOWS\System32\IMM32.DLL
0x00007ff8b7a70000 - 0x00007ff8b7a7c000 	D:\android studio\jbr\bin\vcruntime140_1.dll
0x00007ff89c300000 - 0x00007ff89c38d000 	D:\android studio\jbr\bin\msvcp140.dll
0x00007ff852be0000 - 0x00007ff85384e000 	D:\android studio\jbr\bin\server\jvm.dll
0x00007ff8ca040000 - 0x00007ff8ca0f0000 	C:\WINDOWS\System32\ADVAPI32.dll
0x00007ff8cc140000 - 0x00007ff8cc1e6000 	C:\WINDOWS\System32\sechost.dll
0x00007ff8caac0000 - 0x00007ff8cabd7000 	C:\WINDOWS\System32\RPCRT4.dll
0x00007ff8acb90000 - 0x00007ff8acb99000 	C:\WINDOWS\SYSTEM32\WSOCK32.dll
0x00007ff8cad20000 - 0x00007ff8cad91000 	C:\WINDOWS\System32\WS2_32.dll
0x00007ff8c2c40000 - 0x00007ff8c2c74000 	C:\WINDOWS\SYSTEM32\WINMM.dll
0x00007ff8c3100000 - 0x00007ff8c310a000 	C:\WINDOWS\SYSTEM32\VERSION.dll
0x00007ff8c8630000 - 0x00007ff8c8648000 	C:\WINDOWS\SYSTEM32\kernel.appcore.dll
0x00007ff8c3aa0000 - 0x00007ff8c3aaa000 	D:\android studio\jbr\bin\jimage.dll
0x00007ff8c6f40000 - 0x00007ff8c716e000 	C:\WINDOWS\SYSTEM32\DBGHELP.DLL
0x00007ff8caff0000 - 0x00007ff8cb37a000 	C:\WINDOWS\System32\combase.dll
0x00007ff8cabe0000 - 0x00007ff8cacb7000 	C:\WINDOWS\System32\OLEAUT32.dll
0x00007ff8aafc0000 - 0x00007ff8aaff2000 	C:\WINDOWS\SYSTEM32\dbgcore.DLL
0x00007ff8c9750000 - 0x00007ff8c97ca000 	C:\WINDOWS\System32\bcryptPrimitives.dll
0x00007ff8a7fd0000 - 0x00007ff8a7ff5000 	D:\android studio\jbr\bin\java.dll
0x00007ff8b19e0000 - 0x00007ff8b19f8000 	D:\android studio\jbr\bin\zip.dll
0x00007ff8ca160000 - 0x00007ff8ca9b8000 	C:\WINDOWS\System32\SHELL32.dll
0x00007ff8c7550000 - 0x00007ff8c7e42000 	C:\WINDOWS\SYSTEM32\windows.storage.dll
0x00007ff8c7410000 - 0x00007ff8c754e000 	C:\WINDOWS\SYSTEM32\wintypes.dll
0x00007ff8ca9c0000 - 0x00007ff8caab3000 	C:\WINDOWS\System32\SHCORE.dll
0x00007ff8ca100000 - 0x00007ff8ca15e000 	C:\WINDOWS\System32\shlwapi.dll
0x00007ff8c9520000 - 0x00007ff8c9546000 	C:\WINDOWS\SYSTEM32\profapi.dll
0x00007ff8aa640000 - 0x00007ff8aa659000 	D:\android studio\jbr\bin\net.dll
0x00007ff8c2b00000 - 0x00007ff8c2c37000 	C:\WINDOWS\SYSTEM32\WINHTTP.dll
0x00007ff8c8ab0000 - 0x00007ff8c8b19000 	C:\WINDOWS\system32\mswsock.dll
0x00007ff8a0f30000 - 0x00007ff8a0f46000 	D:\android studio\jbr\bin\nio.dll
0x00007ff8c2e50000 - 0x00007ff8c2e60000 	D:\android studio\jbr\bin\verify.dll
0x00007ff8b5160000 - 0x00007ff8b5187000 	C:\Users\hachem safae\.gradle\native\68d5fa5c4cc2d200863cafc0d521ce42e7d3e7ee720ec0a83991735586a16f82\windows-amd64\native-platform.dll
0x00007ff892f00000 - 0x00007ff893044000 	C:\Users\hachem safae\.gradle\native\e376f236ea51e6404a007f0833ffe2c6e607c4080706a723a18a27aeea778392\windows-amd64\native-platform-file-events.dll
0x00007ff8b3250000 - 0x00007ff8b3259000 	D:\android studio\jbr\bin\management.dll
0x00007ff8b1aa0000 - 0x00007ff8b1aab000 	D:\android studio\jbr\bin\management_ext.dll
0x00007ff8cbb90000 - 0x00007ff8cbb98000 	C:\WINDOWS\System32\PSAPI.DLL
0x00007ff8c8d00000 - 0x00007ff8c8d1b000 	C:\WINDOWS\SYSTEM32\CRYPTSP.dll
0x00007ff8c8590000 - 0x00007ff8c85c5000 	C:\WINDOWS\system32\rsaenh.dll
0x00007ff8c8ba0000 - 0x00007ff8c8bcc000 	C:\WINDOWS\SYSTEM32\USERENV.dll
0x00007ff8c8ec0000 - 0x00007ff8c8ee8000 	C:\WINDOWS\SYSTEM32\bcrypt.dll
0x00007ff8c8d20000 - 0x00007ff8c8d2c000 	C:\WINDOWS\SYSTEM32\CRYPTBASE.dll
0x00007ff8c80b0000 - 0x00007ff8c80dd000 	C:\WINDOWS\SYSTEM32\IPHLPAPI.DLL
0x00007ff8cad10000 - 0x00007ff8cad19000 	C:\WINDOWS\System32\NSI.dll
0x00007ff8c2950000 - 0x00007ff8c2969000 	C:\WINDOWS\SYSTEM32\dhcpcsvc6.DLL
0x00007ff8c2830000 - 0x00007ff8c284f000 	C:\WINDOWS\SYSTEM32\dhcpcsvc.DLL
0x00007ff8c8120000 - 0x00007ff8c8219000 	C:\WINDOWS\SYSTEM32\DNSAPI.dll
0x00007ff8af560000 - 0x00007ff8af568000 	C:\WINDOWS\system32\wshunix.dll

dbghelp: loaded successfully - version: 4.0.5 - missing functions: none
symbol engine: initialized successfully - sym options: 0x614 - pdb path: .;D:\android studio\jbr\bin;C:\WINDOWS\SYSTEM32;C:\WINDOWS\WinSxS\amd64_microsoft.windows.common-controls_6595b64144ccf1df_6.0.22621.2361_none_2712ced57382f843;D:\android studio\jbr\bin\server;C:\Users\hachem safae\.gradle\native\68d5fa5c4cc2d200863cafc0d521ce42e7d3e7ee720ec0a83991735586a16f82\windows-amd64;C:\Users\hachem safae\.gradle\native\e376f236ea51e6404a007f0833ffe2c6e607c4080706a723a18a27aeea778392\windows-amd64

VM Arguments:
jvm_args: --add-opens=java.base/java.util=ALL-UNNAMED --add-opens=java.base/java.lang=ALL-UNNAMED --add-opens=java.base/java.lang.invoke=ALL-UNNAMED --add-opens=java.prefs/java.util.prefs=ALL-UNNAMED --add-opens=java.base/java.nio.charset=ALL-UNNAMED --add-opens=java.base/java.net=ALL-UNNAMED --add-opens=java.base/java.util.concurrent.atomic=ALL-UNNAMED -Xmx2048m -Dfile.encoding=UTF-8 -Duser.country=FR -Duser.language=fr -Duser.variant 
java_command: org.gradle.launcher.daemon.bootstrap.GradleDaemon 8.0
java_class_path (initial): C:\Users\hachem safae\.gradle\wrapper\dists\gradle-8.0-bin\ca5e32bp14vu59qr306oxotwh\gradle-8.0\lib\gradle-launcher-8.0.jar
Launcher Type: SUN_STANDARD

[Global flags]
     intx CICompilerCount                          = 4                                         {product} {ergonomic}
     uint ConcGCThreads                            = 2                                         {product} {ergonomic}
     uint G1ConcRefinementThreads                  = 8                                         {product} {ergonomic}
   size_t G1HeapRegionSize                         = 1048576                                   {product} {ergonomic}
    uintx GCDrainStackTargetSize                   = 64                                        {product} {ergonomic}
   size_t InitialHeapSize                          = 266338304                                 {product} {ergonomic}
   size_t MarkStackSize                            = 4194304                                   {product} {ergonomic}
   size_t MaxHeapSize                              = 2147483648                                {product} {command line}
   size_t MaxNewSize                               = 1287651328                                {product} {ergonomic}
   size_t MinHeapDeltaBytes                        = 1048576                                   {product} {ergonomic}
   size_t MinHeapSize                              = 8388608                                   {product} {ergonomic}
    uintx NonNMethodCodeHeapSize                   = 5839372                                {pd product} {ergonomic}
    uintx NonProfiledCodeHeapSize                  = 122909434                              {pd product} {ergonomic}
    uintx ProfiledCodeHeapSize                     = 122909434                              {pd product} {ergonomic}
    uintx ReservedCodeCacheSize                    = 251658240                              {pd product} {ergonomic}
     bool SegmentedCodeCache                       = true                                      {product} {ergonomic}
   size_t SoftMaxHeapSize                          = 2147483648                             {manageable} {ergonomic}
     bool UseCompressedClassPointers               = true                           {product lp64_product} {ergonomic}
     bool UseCompressedOops                        = true                           {product lp64_product} {ergonomic}
     bool UseG1GC                                  = true                                      {product} {ergonomic}
     bool UseLargePagesIndividualAllocation        = false                                  {pd product} {ergonomic}

Logging:
Log output configuration:
 #0: stdout all=warning uptime,level,tags
 #1: stderr all=off uptime,level,tags

Environment Variables:
JAVA_HOME=C:\Program Files\Java\jdk-17
PATH=C:\Program Files (x86)\Common Files\Oracle\Java\javapath;C:\Program Files (x86)\VMware\VMware Workstation\bin\;D:\oraclexe\app\oracle\product\11.2.0\server\bin;C:\Program Files\Common Files\Oracle\Java\javapath;C:\WINDOWS\system32;C:\WINDOWS;C:\WINDOWS\System32\Wbem;C:\WINDOWS\System32\WindowsPowerShell\v1.0\;C:\WINDOWS\System32\OpenSSH\;c:\Program Files (x86)\Microsoft SQL Server\100\Tools\Binn\;c:\Program Files\Microsoft SQL Server\100\Tools\Binn\;c:\Program Files\Microsoft SQL Server\100\DTS\Binn\;D:\java_jdk 8\bin;C:\Program Files\Java\jdk-17\bin;C:\Program Files\Java\jdk-11\bin;C:\Program Files\Java\jdk-19\bin;C:\Program Files\Common Files\Oracle\Java\javapath;C:\ProgramData\ComposerSetup\bin;D:\XAAMP\php\php.exe;D:\xamp\php;C:\Program Files\wkhtmltopdf\bin;D:\node;C:\Program Files\Git\cmd;C:\Program Files\nodejs\;C:\Program Files\MongoDB\Server\6.0\bin;D:\XAAMP\php;C:\Program Files\Java\apache-maven-3.9.5\bin;C:\Users\hachem safae\AppData\Local\Programs\Python\Python310\Scripts\;C:\Users\hachem safae\AppData\Local\Programs\Python\Python310\;C:\Program Files\MySQL\MySQL Shell 8.0\bin\;C:\Users\hachem safae\AppData\Local\Microsoft\WindowsApps;C:\Users\hachem safae\AppData\Roaming\Dashlane\6.2007.0.32704\bin\Firefox_Extension\{442718d9-475e-452a-b3e1-fb1ee16b8e9f}\components;C:\Users\hachem safae\AppData\Roaming\Dashlane\6.2007.0.32704\ucrt;C:\Users\hachem safae\AppData\Roaming\Dashlane\6.2007.0.32704\bin\Qt;C:\Users\hachem safae\AppData\Roaming\Dashlane\6.2007.0.32704\bin\Ssl;C:\Program Files\JetBrains\IntelliJ IDEA Community Edition 2020.2.2\bin;C:\Users\hachem safae\AppData\Local\Microsoft\WindowsApps;C:\Users\hachem safae\AppData\Local\Programs\Microsoft VS Code\bin;C:\Program Files\IntelliJ IDEA Community Edition 2022.3.2\bin;;C:\Users\hachem safae\AppData\Local\ComposerSetup\bin;C:\Users\hachem safae\AppData\Roaming\Composer\vendor\bin;C:\Users\hachem safae\AppData\Roaming\npm;D:\android2\platform-tools;D:\XAAMP\php;C:\wamp64\bin\php\php5.6.40;C:\
USERNAME=hachem safae
OS=Windows_NT
PROCESSOR_IDENTIFIER=Intel64 Family 6 Model 142 Stepping 12, GenuineIntel
TMP=C:\Users\HACHEM~1\AppData\Local\Temp
TEMP=C:\Users\HACHEM~1\AppData\Local\Temp


JNI global refs:
JNI global refs: 29, weak refs: 16

JNI global refs memory usage: 843, weak refs: 841


---------------  S Y S T E M  ---------------

OS:
 Windows 11 , 64 bit Build 22621 (10.0.22621.2428)
OS uptime: 0 days 6:02 hours

CPU: total 8 (initial active 8) (4 cores per cpu, 2 threads per core) family 6 model 142 stepping 12 microcode 0xf6, cx8, cmov, fxsr, ht, mmx, 3dnowpref, sse, sse2, sse3, ssse3, sse4.1, sse4.2, popcnt, lzcnt, tsc, tscinvbit, avx, avx2, aes, erms, clmul, bmi1, bmi2, adx, fma, vzeroupper, clflush, clflushopt

Memory: 4k page, system-wide physical 16194M (1778M free)
TotalPageFile size 18242M (AvailPageFile size 11M)
current process WorkingSet (physical memory assigned to process): 464M, peak: 467M
current process commit charge ("private bytes"): 501M, peak: 504M

vm_info: OpenJDK 64-Bit Server VM (17.0.6+0-b2043.56-10027231) for windows-amd64 JRE (17.0.6+0-b2043.56-10027231), built on Apr 28 2023 00:43:19 by "androidbuild" with MS VC++ 16.10 / 16.11 (VS2019)

END.
